<?xml version="1.0" encoding="UTF-8"?>
<testsuites name="dataDriven" time="1.046" tests="2" failures="0" errors="0">
   <testsuite name="dataDriven" tests="2" failures="0" errors="0" time="1.046" skipped="0" timestamp="22-10-2024T15:53:42" hostname="ranajit.vadar - CCE0231.accelya.local" id="Test Suites/dataDriven">
      <properties>
         <property name="deviceName" value=""/>
         <property name="devicePlatform"/>
         <property name="logFolder" value="C:\\Users\\ranjit.vadar\\Katalon Studio\\Mozart Emirates\\Reports\\20241022_155332\\dataDriven\\20241022_155332"/>
         <property name="logFiles" value="C:\\Users\\ranjit.vadar\\Katalon Studio\\Mozart Emirates\\Reports\\20241022_155332\\dataDriven\\20241022_155332\\execution0.log"/>
         <property name="attachments" value=""/>
         <property name="hostName" value="ranajit.vadar - CCE0231.accelya.local"/>
         <property name="hostAddress" value="192.168.18.4"/>
         <property name="os" value="Windows 11 64bit"/>
         <property name="katalonVersion" value="9.5.0.217"/>
      </properties>
      <testcase name="Test Cases/MOZ-99999/dataformat" time="0.266" classname="Test Cases/MOZ-99999/dataformat" status="PASSED">
         <system-out><![CDATA[22-10-2024T15:53:43 - [TEST_CASE][PASSED] - Test Cases/MOZ-99999/dataformat: Test Cases/MOZ-99999/dataformat

22-10-2024T15:53:43 - [TEST_STEP][PASSED] - username = <not implemented yet for class: org.codehaus.groovy.ast.expr.EmptyExpression>: null

22-10-2024T15:53:43 - [TEST_STEP][PASSED] - password = <not implemented yet for class: org.codehaus.groovy.ast.expr.EmptyExpression>: null

22-10-2024T15:53:43 - [TEST_STEP][PASSED] - println(username): null]]></system-out>
         <system-err><![CDATA[]]></system-err>
      </testcase>
      <testcase name="Test Cases/MOZ-99999/dataformat" time="0.056" classname="Test Cases/MOZ-99999/dataformat" status="PASSED">
         <system-out><![CDATA[22-10-2024T15:53:43 - [TEST_CASE][PASSED] - Test Cases/MOZ-99999/dataformat: Test Cases/MOZ-99999/dataformat

22-10-2024T15:53:43 - [TEST_STEP][PASSED] - username = <not implemented yet for class: org.codehaus.groovy.ast.expr.EmptyExpression>: null

22-10-2024T15:53:43 - [TEST_STEP][PASSED] - password = <not implemented yet for class: org.codehaus.groovy.ast.expr.EmptyExpression>: null

22-10-2024T15:53:43 - [TEST_STEP][PASSED] - println(username): null]]></system-out>
         <system-err><![CDATA[]]></system-err>
      </testcase>
      <system-out><![CDATA[22-10-2024T15:53:42 - [TEST_SUITE][PASSED] - dataDriven: Test Cases/MOZ-99999/dataformat]]></system-out>
      <system-err><![CDATA[]]></system-err>
   </testsuite>
</testsuites>
