<?xml version="1.0" encoding="UTF-8"?>
<testsuites name="demo" time="1.229" tests="2" failures="0" errors="0">
   <testsuite name="demo" tests="2" failures="0" errors="0" time="1.229" skipped="0" timestamp="22-10-2024T15:57:45" hostname="ranajit.vadar - CCE0231.accelya.local" id="Test Suites/demo">
      <properties>
         <property name="deviceName" value=""/>
         <property name="devicePlatform"/>
         <property name="logFolder" value="C:\\Users\\ranjit.vadar\\Katalon Studio\\Mozart Emirates\\Reports\\20241022_155736\\demo\\20241022_155736"/>
         <property name="logFiles" value="C:\\Users\\ranjit.vadar\\Katalon Studio\\Mozart Emirates\\Reports\\20241022_155736\\demo\\20241022_155736\\execution0.log"/>
         <property name="attachments" value=""/>
         <property name="hostName" value="ranajit.vadar - CCE0231.accelya.local"/>
         <property name="hostAddress" value="192.168.18.4"/>
         <property name="os" value="Windows 11 64bit"/>
         <property name="katalonVersion" value="9.5.0.217"/>
      </properties>
      <testcase name="Test Cases/MOZ-99999/dataformat" time="0.309" classname="Test Cases/MOZ-99999/dataformat" status="PASSED">
         <system-out><![CDATA[22-10-2024T15:57:46 - [TEST_CASE][PASSED] - Test Cases/MOZ-99999/dataformat: Test Cases/MOZ-99999/dataformat

22-10-2024T15:57:46 - [TEST_STEP][PASSED] - username = <not implemented yet for class: org.codehaus.groovy.ast.expr.EmptyExpression>: null

22-10-2024T15:57:46 - [TEST_STEP][PASSED] - password = <not implemented yet for class: org.codehaus.groovy.ast.expr.EmptyExpression>: null

22-10-2024T15:57:46 - [TEST_STEP][PASSED] - println(username): null

22-10-2024T15:57:46 - [TEST_STEP][PASSED] - println(password): null]]></system-out>
         <system-err><![CDATA[]]></system-err>
      </testcase>
      <testcase name="Test Cases/MOZ-99999/dataformat" time="0.063" classname="Test Cases/MOZ-99999/dataformat" status="PASSED">
         <system-out><![CDATA[22-10-2024T15:57:47 - [TEST_CASE][PASSED] - Test Cases/MOZ-99999/dataformat: Test Cases/MOZ-99999/dataformat

22-10-2024T15:57:47 - [TEST_STEP][PASSED] - username = <not implemented yet for class: org.codehaus.groovy.ast.expr.EmptyExpression>: null

22-10-2024T15:57:47 - [TEST_STEP][PASSED] - password = <not implemented yet for class: org.codehaus.groovy.ast.expr.EmptyExpression>: null

22-10-2024T15:57:47 - [TEST_STEP][PASSED] - println(username): null

22-10-2024T15:57:47 - [TEST_STEP][PASSED] - println(password): null]]></system-out>
         <system-err><![CDATA[]]></system-err>
      </testcase>
      <system-out><![CDATA[22-10-2024T15:57:45 - [TEST_SUITE][PASSED] - demo: Test Cases/MOZ-99999/dataformat]]></system-out>
      <system-err><![CDATA[]]></system-err>
   </testsuite>
</testsuites>
