<?xml version="1.0" encoding="UTF-8"?>
<testsuites name="TEST" time="888.115" tests="23" failures="3" errors="2">
   <testsuite name="TEST" tests="23" failures="3" errors="2" time="888.115" skipped="0" timestamp="15-10-2024T16:26:59" hostname="ranajit.vadar - CCE0231.accelya.local" id="Test Suites/MOZART/TEST">
      <properties>
         <property name="deviceName" value=""/>
         <property name="devicePlatform"/>
         <property name="logFolder" value="C:\\Users\\ranjit.vadar\\Katalon Studio\\Mozart Emirates\\Reports\\20241015_162639\\MOZART\\TEST\\20241015_162639"/>
         <property name="logFiles" value="C:\\Users\\ranjit.vadar\\Katalon Studio\\Mozart Emirates\\Reports\\20241015_162639\\MOZART\\TEST\\20241015_162639\\execution0.log"/>
         <property name="attachments" value="C:\\Users\\ranjit.vadar\\Katalon Studio\\Mozart Emirates\\Reports\\20241015_162639\\MOZART\\TEST\\20241015_162639\\1728990658050.png, C:\\Users\\ranjit.vadar\\Katalon Studio\\Mozart Emirates\\Reports\\20241015_162639\\MOZART\\TEST\\20241015_162639\\1728990658202.png"/>
         <property name="hostName" value="ranajit.vadar - CCE0231.accelya.local"/>
         <property name="os" value="Windows 11 64bit"/>
         <property name="katalonVersion" value="9.5.0.217"/>
         <property name="browser" value="Chrome 129.0.0.0"/>
         <property name="hostAddress" value="10.22.17.7"/>
         <property name="sessionId" value="d10407d299db36c661dfcc1467accbf3"/>
         <property name="seleniumVersion" value="3.141.59"/>
         <property name="proxyInformation" value="ProxyInformation { proxyOption=NO_PROXY, proxyServerType=HTTP, username=, password=********, proxyServerAddress=, proxyServerPort=0, executionList=&quot;&quot;, isApplyToDesiredCapabilities=true }"/>
         <property name="platform" value="Windows 11"/>
      </properties>
      <testcase name="Test Cases/MOZ-13515/New Test Case - Copy" time="119.345" classname="Test Cases/MOZ-13515/New Test Case - Copy" status="PASSED">
         <system-out><![CDATA[15-10-2024T16:27:00 - [TEST_CASE][PASSED] - Test Cases/MOZ-13515/New Test Case - Copy: Test Cases/MOZ-13515/New Test Case - Copy

15-10-2024T16:27:02 - [TEST_STEP][PASSED] - documentNumber = "6720801174": null

15-10-2024T16:27:02 - [TEST_STEP][PASSED] - uniqueNumber = utilityClass.GenericMethods.UniqueNumberGenerator(): utilityClass.GenericMethods.UniqueNumberGenerator is PASSED

15-10-2024T16:27:02 - [MESSAGE][PASSED] - utilityClass.GenericMethods.UniqueNumberGenerator is PASSED

15-10-2024T16:27:02 - [TEST_STEP][PASSED] - mozartLogin.Login.launchBrowser(): mozartLogin.Login.launchBrowser is PASSED

15-10-2024T16:27:09 - [MESSAGE][PASSED] - Delete all cookies successfully

15-10-2024T16:27:09 - [MESSAGE][PASSED] - Current window maximized

15-10-2024T16:27:21 - [MESSAGE][PASSED] - Navigate to 'https://accelyacomtest.accelya.local/MozartTest/AirlinesHub/Index' successfully

15-10-2024T16:27:21 - [MESSAGE][PASSED] - Keys 'supermozart' sent to object: 'Object Repository/EK_Objects/Page_Mozart - AirlinesHub/username_textBox'

15-10-2024T16:27:22 - [MESSAGE][PASSED] - Object: 'Object Repository/EK_Objects/Page_Mozart - AirlinesHub/next_button' is clicked on

15-10-2024T16:27:22 - [MESSAGE][PASSED] - Text ****** has been set on object 'Object Repository/EK_Objects/Page_Mozart - AirlinesHub/password_textBox'

15-10-2024T16:27:22 - [MESSAGE][PASSED] - Object: 'Object Repository/EK_Objects/Page_Mozart - AirlinesHub/signIn_button' is clicked on

15-10-2024T16:27:37 - [MESSAGE][PASSED] - Delayed 15 second(s)

15-10-2024T16:27:38 - [MESSAGE][PASSED] - 14 options of object 'Object Repository/EK_Objects/Page_Mozart - AirlinesHub/pleaseSelect_button_selectTag' counted

15-10-2024T16:27:38 - [MESSAGE][PASSED] - Object: 'Object Repository/EK_Objects/Page_Mozart - AirlinesHub/pleaseSelect_Button' is clicked on

15-10-2024T16:27:38 - [MESSAGE][PASSED] - Text of object '' is: '000 [StandardAirline]'

15-10-2024T16:27:38 - [MESSAGE][PASSED] - Text of object '' is: '027 [Alaska027]'

15-10-2024T16:27:38 - [MESSAGE][PASSED] - Text of object '' is: '030 [Vueling030]'

15-10-2024T16:27:38 - [MESSAGE][PASSED] - Text of object '' is: '081 [Qantas081]'

15-10-2024T16:27:39 - [MESSAGE][PASSED] - Text of object '' is: '082 [Brussels]'

15-10-2024T16:27:39 - [MESSAGE][PASSED] - Text of object '' is: '114 [ElAl]'

15-10-2024T16:27:39 - [MESSAGE][PASSED] - Text of object '' is: '134 [Avianca]'

15-10-2024T16:27:39 - [MESSAGE][PASSED] - Text of object '' is: '173 [Demo]'

15-10-2024T16:27:39 - [MESSAGE][PASSED] - Text of object '' is: '176 [Emirates]'

15-10-2024T16:27:39 - [MESSAGE][PASSED] - Object: '' is clicked on

15-10-2024T16:27:42 - [MESSAGE][PASSED] - Object: 'Object Repository/EK_Objects/Page_Mozart - AirlinesHub/btn_select' is clicked on

15-10-2024T16:27:42 - [MESSAGE][PASSED] - Actual text and expected text of test object 'Object Repository/EK_Objects/Page_Mozart - Dashboard/txt_dashboard' are matched.

15-10-2024T16:27:42 - [MESSAGE][PASSED] - mozartLogin.Login.launchBrowser is PASSED

15-10-2024T16:27:42 - [TEST_STEP][PASSED] - click(findTestObject("EK_Objects/Page_Mozart - Dashboard/a_Refunds")): Object: 'Object Repository/EK_Objects/Page_Mozart - Dashboard/a_Refunds' is clicked on

15-10-2024T16:27:45 - [MESSAGE][PASSED] - Object: 'Object Repository/EK_Objects/Page_Mozart - Dashboard/a_Refunds' is clicked on

15-10-2024T16:27:45 - [TEST_STEP][PASSED] - click(findTestObject("EK_Objects/Page_Mozart - Dashboard/a_Refund Capture")): Object: 'Object Repository/EK_Objects/Page_Mozart - Dashboard/a_Refund Capture' is clicked on

15-10-2024T16:27:47 - [MESSAGE][PASSED] - Object: 'Object Repository/EK_Objects/Page_Mozart - Dashboard/a_Refund Capture' is clicked on

15-10-2024T16:27:47 - [TEST_STEP][PASSED] - selectOptionByValue(findTestObject("EK_Objects/Page_Mozart - RefundsCapture/SelectRefundTypes"), "RF_Both", false): All options with value 'RF_Both' are selected in object 'Object Repository/EK_Objects/Page_Mozart - RefundsCapture/SelectRefundTypes' 

15-10-2024T16:27:47 - [MESSAGE][PASSED] - All options with value 'RF_Both' are selected in object 'Object Repository/EK_Objects/Page_Mozart - RefundsCapture/SelectRefundTypes' 

15-10-2024T16:27:47 - [TEST_STEP][PASSED] - sendKeys(findTestObject("EK_Objects/Page_Mozart - RefundsCapture/documentNumber_Textbox"), documentNumber): Keys '6720801174' sent to object: 'Object Repository/EK_Objects/Page_Mozart - RefundsCapture/documentNumber_Textbox'

15-10-2024T16:27:47 - [MESSAGE][PASSED] - Keys '6720801174' sent to object: 'Object Repository/EK_Objects/Page_Mozart - RefundsCapture/documentNumber_Textbox'

15-10-2024T16:27:47 - [TEST_STEP][PASSED] - click(findTestObject("EK_Objects/Page_Mozart - RefundsCapture/country_Button")): Object: 'Object Repository/EK_Objects/Page_Mozart - RefundsCapture/country_Button' is clicked on

15-10-2024T16:27:48 - [MESSAGE][PASSED] - Object: 'Object Repository/EK_Objects/Page_Mozart - RefundsCapture/country_Button' is clicked on

15-10-2024T16:27:48 - [TEST_STEP][PASSED] - sendKeys(findTestObject("EK_Objects/Page_Mozart - RefundsCapture/country_Button_Inside_TextBox"), "IN - India"): Keys 'IN - India' sent to object: 'Object Repository/EK_Objects/Page_Mozart - RefundsCapture/country_Button_Inside_TextBox'

15-10-2024T16:27:48 - [MESSAGE][PASSED] - Keys 'IN - India' sent to object: 'Object Repository/EK_Objects/Page_Mozart - RefundsCapture/country_Button_Inside_TextBox'

15-10-2024T16:27:48 - [TEST_STEP][PASSED] - sendKeys(findTestObject("EK_Objects/Page_Mozart - RefundsCapture/country_Button_Inside_TextBox"), Keys.chord(ENTER)): Keys 'ENTER + ' sent to object: 'Object Repository/EK_Objects/Page_Mozart - RefundsCapture/country_Button_Inside_TextBox'

15-10-2024T16:27:49 - [MESSAGE][PASSED] - Keys 'ENTER + ' sent to object: 'Object Repository/EK_Objects/Page_Mozart - RefundsCapture/country_Button_Inside_TextBox'

15-10-2024T16:27:49 - [TEST_STEP][PASSED] - selectOptionByValue(findTestObject("EK_Objects/Page_Mozart - RefundsCapture/requestedFOP_DropDown"), "CA", false): All options with value 'CA' are selected in object 'Object Repository/EK_Objects/Page_Mozart - RefundsCapture/requestedFOP_DropDown' 

15-10-2024T16:27:49 - [MESSAGE][PASSED] - All options with value 'CA' are selected in object 'Object Repository/EK_Objects/Page_Mozart - RefundsCapture/requestedFOP_DropDown' 

15-10-2024T16:27:49 - [TEST_STEP][PASSED] - sendKeys(findTestObject("EK_Objects/Page_Mozart - RefundsCapture/couponsRequested_TextBox"), "1"): Keys '1' sent to object: 'Object Repository/EK_Objects/Page_Mozart - RefundsCapture/couponsRequested_TextBox'

15-10-2024T16:27:49 - [MESSAGE][PASSED] - Keys '1' sent to object: 'Object Repository/EK_Objects/Page_Mozart - RefundsCapture/couponsRequested_TextBox'

15-10-2024T16:27:49 - [TEST_STEP][PASSED] - sendKeys(findTestObject("EK_Objects/Page_Mozart - RefundsCapture/passengerRemarks_TextBox"), uniqueNumber): Keys '20241015162702' sent to object: 'Object Repository/EK_Objects/Page_Mozart - RefundsCapture/passengerRemarks_TextBox'

15-10-2024T16:27:49 - [MESSAGE][PASSED] - Keys '20241015162702' sent to object: 'Object Repository/EK_Objects/Page_Mozart - RefundsCapture/passengerRemarks_TextBox'

15-10-2024T16:27:49 - [TEST_STEP][PASSED] - selectOptionByValue(findTestObject("EK_Objects/Page_Mozart - RefundsCapture/title_PassengerDetails_Select"), "Mr", false): All options with value 'Mr' are selected in object 'Object Repository/EK_Objects/Page_Mozart - RefundsCapture/title_PassengerDetails_Select' 

15-10-2024T16:27:49 - [MESSAGE][PASSED] - All options with value 'Mr' are selected in object 'Object Repository/EK_Objects/Page_Mozart - RefundsCapture/title_PassengerDetails_Select' 

15-10-2024T16:27:49 - [TEST_STEP][PASSED] - sendKeys(findTestObject("EK_Objects/Page_Mozart - RefundsCapture/passengerName_PassengerDetails_TextBox"), "automationTest"): Keys 'automationTest' sent to object: 'Object Repository/EK_Objects/Page_Mozart - RefundsCapture/passengerName_PassengerDetails_TextBox'

15-10-2024T16:27:50 - [MESSAGE][PASSED] - Keys 'automationTest' sent to object: 'Object Repository/EK_Objects/Page_Mozart - RefundsCapture/passengerName_PassengerDetails_TextBox'

15-10-2024T16:27:50 - [TEST_STEP][PASSED] - sendKeys(findTestObject("EK_Objects/Page_Mozart - RefundsCapture/emailAddress_PassengerDetails_TextBox"), "Katalon@studio.com"): Keys 'Katalon@studio.com' sent to object: 'Object Repository/EK_Objects/Page_Mozart - RefundsCapture/emailAddress_PassengerDetails_TextBox'

15-10-2024T16:27:50 - [MESSAGE][PASSED] - Keys 'Katalon@studio.com' sent to object: 'Object Repository/EK_Objects/Page_Mozart - RefundsCapture/emailAddress_PassengerDetails_TextBox'

15-10-2024T16:27:50 - [TEST_STEP][PASSED] - selectOptionByLabel(findTestObject("EK_Objects/Page_Mozart - RefundsCapture/select_Currency"), "INR", false): All options with label 'INR' are selected in object 'Object Repository/EK_Objects/Page_Mozart - RefundsCapture/select_Currency' 

15-10-2024T16:27:50 - [MESSAGE][PASSED] - All options with label 'INR' are selected in object 'Object Repository/EK_Objects/Page_Mozart - RefundsCapture/select_Currency' 

15-10-2024T16:27:50 - [TEST_STEP][PASSED] - click(findTestObject("Object Repository/EK_Objects/Page_Mozart - RefundsCapture/send_Button")): Object: 'Object Repository/EK_Objects/Page_Mozart - RefundsCapture/send_Button' is clicked on

15-10-2024T16:27:51 - [MESSAGE][PASSED] - Object: 'Object Repository/EK_Objects/Page_Mozart - RefundsCapture/send_Button' is clicked on

15-10-2024T16:27:51 - [TEST_STEP][PASSED] - Thread.sleep(3000): null

15-10-2024T16:27:54 - [TEST_STEP][PASSED] - requestID = <not implemented yet for class: org.codehaus.groovy.ast.expr.EmptyExpression>: null

15-10-2024T16:27:54 - [TEST_STEP][PASSED] - for ([i = 0, i <= 2, (i++)]): null

15-10-2024T16:27:54 - [TEST_STEP][PASSED] - requestID = database.DBConnection.SQL("select * from bdmozart.mi_refund_capture_main where agentremarks =" + uniqueNumber, "idrequest", 1): database.DBConnection.SQL is PASSED

15-10-2024T16:27:58 - [MESSAGE][PASSED] - database.DBConnection.SQL is PASSED

15-10-2024T16:27:58 - [TEST_STEP][PASSED] - if (requestID != null): null

15-10-2024T16:27:58 - [TEST_STEP][PASSED] - out.println("Request var is not null, breaking loop"): null

15-10-2024T16:27:58 - [TEST_STEP][PASSED] - out.println(requestID): null

15-10-2024T16:27:58 - [TEST_STEP][PASSED] - break: null

15-10-2024T16:27:58 - [TEST_STEP][PASSED] - requestID = "O101000003": null

15-10-2024T16:27:58 - [TEST_STEP][PASSED] - click(findTestObject("EK_Objects/Page_Mozart - Dashboard/a_Refunds")): Object: 'Object Repository/EK_Objects/Page_Mozart - Dashboard/a_Refunds' is clicked on

15-10-2024T16:27:58 - [MESSAGE][PASSED] - Object: 'Object Repository/EK_Objects/Page_Mozart - Dashboard/a_Refunds' is clicked on

15-10-2024T16:27:58 - [TEST_STEP][PASSED] - click(findTestObject("EK_Objects/Page_Mozart - Dashboard/click_on_refundSearch")): Object: 'Object Repository/EK_Objects/Page_Mozart - Dashboard/click_on_refundSearch' is clicked on

15-10-2024T16:27:59 - [MESSAGE][PASSED] - Object: 'Object Repository/EK_Objects/Page_Mozart - Dashboard/click_on_refundSearch' is clicked on

15-10-2024T16:27:59 - [TEST_STEP][PASSED] - click(findTestObject("EK_Objects/Page_Mozart - RefundsSearch/button_Search by ticket number")): Object: 'Object Repository/EK_Objects/Page_Mozart - RefundsSearch/button_Search by ticket number' is clicked on

15-10-2024T16:28:00 - [MESSAGE][PASSED] - Object: 'Object Repository/EK_Objects/Page_Mozart - RefundsSearch/button_Search by ticket number' is clicked on

15-10-2024T16:28:00 - [TEST_STEP][PASSED] - selectOptionByLabel(findTestObject("EK_Objects/Page_Mozart - RefundsSearch/search_type_selectTag"), "Search by request Id", false): All options with label 'Search by request Id' are selected in object 'Object Repository/EK_Objects/Page_Mozart - RefundsSearch/search_type_selectTag' 

15-10-2024T16:28:00 - [MESSAGE][PASSED] - All options with label 'Search by request Id' are selected in object 'Object Repository/EK_Objects/Page_Mozart - RefundsSearch/search_type_selectTag' 

15-10-2024T16:28:00 - [TEST_STEP][PASSED] - setText(findTestObject("EK_Objects/Page_Mozart - RefundsSearch/input_Value_advancedFilter.idrequest"), requestID): Text 'O101000003' is set on object 'Object Repository/EK_Objects/Page_Mozart - RefundsSearch/input_Value_advancedFilter.idrequest'

15-10-2024T16:28:00 - [MESSAGE][PASSED] - Text 'O101000003' is set on object 'Object Repository/EK_Objects/Page_Mozart - RefundsSearch/input_Value_advancedFilter.idrequest'

15-10-2024T16:28:00 - [TEST_STEP][PASSED] - click(findTestObject("EK_Objects/Page_Mozart - RefundsSearch/a_Apply")): Object: 'Object Repository/EK_Objects/Page_Mozart - RefundsSearch/a_Apply' is clicked on

15-10-2024T16:28:00 - [MESSAGE][PASSED] - Object: 'Object Repository/EK_Objects/Page_Mozart - RefundsSearch/a_Apply' is clicked on

15-10-2024T16:28:00 - [TEST_STEP][PASSED] - mi_nsf = select * from bdmozart.mi_nsf where document_number = '$documentNumber': null

15-10-2024T16:28:00 - [TEST_STEP][PASSED] - rowCount = database.DatabaseUtils.getRowCount(mi_nsf): database.DatabaseUtils.getRowCount is PASSED

15-10-2024T16:28:04 - [MESSAGE][PASSED] - database.DatabaseUtils.getRowCount is PASSED

15-10-2024T16:28:04 - [TEST_STEP][PASSED] - originalCouponData = new java.util.HashMap(): null

15-10-2024T16:28:04 - [TEST_STEP][PASSED] - NsfFileCouponData = new java.util.HashMap(): null

15-10-2024T16:28:04 - [TEST_STEP][PASSED] - NoShowDataMismatch = false: null

15-10-2024T16:28:04 - [TEST_STEP][PASSED] - for ([i = 1, i <= rowCount, (i++)]): Actual text '#ee1f25' and expected text '#ee1f25' are matched 

15-10-2024T16:28:04 - [TEST_STEP][PASSED] - couponNumber = database.DatabaseUtils.executeQuery(mi_nsf, "coupon_number", i): database.DatabaseUtils.executeQuery is PASSED

15-10-2024T16:28:07 - [MESSAGE][PASSED] - database.DatabaseUtils.executeQuery is PASSED

15-10-2024T16:28:07 - [TEST_STEP][PASSED] - md_ticket_coupons = select * from bdmozart.md_ticket_coupons where document = '$documentNumber' and coupon = '$couponNumber': null

15-10-2024T16:28:07 - [TEST_STEP][PASSED] - originalCouponData = database.DatabaseUtils.getColumnNamesAndValues(md_ticket_coupons): database.DatabaseUtils.getColumnNamesAndValues is PASSED

15-10-2024T16:28:10 - [MESSAGE][PASSED] - database.DatabaseUtils.getColumnNamesAndValues is PASSED

15-10-2024T16:28:10 - [TEST_STEP][PASSED] - md_ticket_coupon_nsf = "select * from bdmozart.md_ticket_coupon_nsf where id_tick_coupon = '" + originalCouponData.get("id") + "'": null

15-10-2024T16:28:10 - [TEST_STEP][PASSED] - println(md_ticket_coupon_nsf): null

15-10-2024T16:28:10 - [TEST_STEP][PASSED] - NsfFileCouponData = database.DatabaseUtils.getColumnNamesAndValues(md_ticket_coupon_nsf): database.DatabaseUtils.getColumnNamesAndValues is PASSED

15-10-2024T16:28:13 - [MESSAGE][PASSED] - database.DatabaseUtils.getColumnNamesAndValues is PASSED

15-10-2024T16:28:13 - [TEST_STEP][PASSED] - mc_airports_origin = "SELECT * FROM bdmozart.mc_airports WHERE id = '" + originalCouponData.get("origin") + "'": null

15-10-2024T16:28:13 - [TEST_STEP][PASSED] - mc_airports_dest = "SELECT * FROM bdmozart.mc_airports WHERE id = '" + originalCouponData.get("dest") + "'": null

15-10-2024T16:28:13 - [TEST_STEP][PASSED] - origin = database.DatabaseUtils.executeQuery(mc_airports_origin, "airportcode", 1): database.DatabaseUtils.executeQuery is PASSED

15-10-2024T16:28:16 - [MESSAGE][PASSED] - database.DatabaseUtils.executeQuery is PASSED

15-10-2024T16:28:16 - [TEST_STEP][PASSED] - dest = database.DatabaseUtils.executeQuery(mc_airports_dest, "airportcode", 1): database.DatabaseUtils.executeQuery is PASSED

15-10-2024T16:28:19 - [MESSAGE][PASSED] - database.DatabaseUtils.executeQuery is PASSED

15-10-2024T16:28:19 - [TEST_STEP][PASSED] - if (!(toString().equals(trim()).toString()) && get("flight_date").equals(NsfFileCouponData.get("flight_date")) && origin.equals(NsfFileCouponData.get("from_sector")) && dest.equals(NsfFileCouponData.get("to_sector")))): null

15-10-2024T16:28:19 - [TEST_STEP][PASSED] - baseXPath = "(//div[@class='col col-3 pl-0 ml-1']//span[@class='red-circle  no-seleccionable no-collapsable' and @data-toggle='popover'])[" + i + "]": null

15-10-2024T16:28:19 - [TEST_STEP][PASSED] - dynamicTestObject = new com.kms.katalon.core.testobject.TestObject(): null

15-10-2024T16:28:19 - [TEST_STEP][PASSED] - dynamicTestObject.addProperty("xpath", EQUALS, baseXPath): null

15-10-2024T16:28:19 - [TEST_STEP][PASSED] - tooltipData = getAttribute(dynamicTestObject, "data-content"): Attribute 'data-content' of object '' is: '<div><span class="text-nowrap">Status: NO-SHOW<br>Flight: <span class = >EK0231 DXB - IAD</span><br>Flight date: <span class = >16-OCT-2022</span><br></span></div>'

15-10-2024T16:28:19 - [MESSAGE][PASSED] - Attribute 'data-content' of object '' is: '<div><span class="text-nowrap">Status: NO-SHOW<br>Flight: <span class = >EK0231 DXB - IAD</span><br>Flight date: <span class = >16-OCT-2022</span><br></span></div>'

15-10-2024T16:28:19 - [TEST_STEP][PASSED] - NoShowCircleTextN = getText(dynamicTestObject): Text of object '' is: 'N'

15-10-2024T16:28:19 - [MESSAGE][PASSED] - Text of object '' is: 'N'

15-10-2024T16:28:19 - [TEST_STEP][PASSED] - println("=====================================================================" + NoShowCircleTextN): null

15-10-2024T16:28:19 - [TEST_STEP][PASSED] - baseXPath2 = "(//span[@class='red-circle  no-seleccionable no-collapsable'])[" + i + "]": null

15-10-2024T16:28:19 - [TEST_STEP][PASSED] - dynamicTestObject2 = new com.kms.katalon.core.testobject.TestObject(): null

15-10-2024T16:28:19 - [TEST_STEP][PASSED] - dynamicTestObject2.addProperty("xpath", EQUALS, baseXPath2): null

15-10-2024T16:28:19 - [TEST_STEP][PASSED] - redCircleNoShowBackgroundColor = getCSSValue(dynamicTestObject2, "background"): Get CSS 'background' value on '' successfully: 'rgb(220, 53, 69) none repeat scroll 0% 0% / auto padding-box border-box'.

15-10-2024T16:28:19 - [MESSAGE][PASSED] - Get CSS 'background' value on '' successfully: 'rgb(220, 53, 69) none repeat scroll 0% 0% / auto padding-box border-box'.

15-10-2024T16:28:19 - [TEST_STEP][PASSED] - redCircleBgColor = substring(0, 16)).asHex(): null

15-10-2024T16:28:19 - [TEST_STEP][PASSED] - println("From web = " + redCircleBgColor + ": From CSS = #dc3545"): null

15-10-2024T16:28:19 - [TEST_STEP][PASSED] - verifyMatch(redCircleBgColor, "#dc3545", false, CONTINUE_ON_FAILURE): Actual text '#dc3545' and expected text '#dc3545' are matched 

15-10-2024T16:28:19 - [MESSAGE][PASSED] - Actual text '#dc3545' and expected text '#dc3545' are matched 

15-10-2024T16:28:19 - [TEST_STEP][PASSED] - status = split("<br>")[0].trim(): null

15-10-2024T16:28:19 - [TEST_STEP][PASSED] - flight = split("<br>")[0].trim(): null

15-10-2024T16:28:19 - [TEST_STEP][PASSED] - flightDate = split("<br>")[0].trim(): null

15-10-2024T16:28:19 - [TEST_STEP][PASSED] - baseXPath1 = "//div[@class='facsimile']/table/tbody/tr[" + 6 + Integer.parseInt(couponNumber) + "]/td[4]": null

15-10-2024T16:28:19 - [TEST_STEP][PASSED] - dynamicTestObject.addProperty("xpath", EQUALS, baseXPath1): null

15-10-2024T16:28:19 - [TEST_STEP][PASSED] - Carrier = getText(dynamicTestObject): Text of object '' is: 'EK'

15-10-2024T16:28:19 - [MESSAGE][PASSED] - Text of object '' is: 'EK'

15-10-2024T16:28:19 - [TEST_STEP][PASSED] - StatusDB = status: null

15-10-2024T16:28:19 - [TEST_STEP][PASSED] - FlightNumberDB = Carrier + NsfFileCouponData.get("flight_number") + " " + NsfFileCouponData.get("from_sector") + " - " + NsfFileCouponData.get("to_sector"): null

15-10-2024T16:28:19 - [TEST_STEP][PASSED] - FlightDateDB = utilityClass.GenericMethods.DateFormatter(NsfFileCouponData.get("flight_date")): utilityClass.GenericMethods.DateFormatter is PASSED

15-10-2024T16:28:20 - [MESSAGE][PASSED] - utilityClass.GenericMethods.DateFormatter is PASSED

15-10-2024T16:28:20 - [TEST_STEP][PASSED] - verifyMatch(status, "NO-SHOW", false, CONTINUE_ON_FAILURE): Actual text 'NO-SHOW' and expected text 'NO-SHOW' are matched 

15-10-2024T16:28:20 - [MESSAGE][PASSED] - Actual text 'NO-SHOW' and expected text 'NO-SHOW' are matched 

15-10-2024T16:28:20 - [TEST_STEP][PASSED] - verifyMatch(replace("</span>", "").replace("<span class = text-danger>", ""), FlightNumberDB, false, CONTINUE_ON_FAILURE): Actual text 'EK0231 DXB - IAD' and expected text 'EK0231 DXB - IAD' are matched 

15-10-2024T16:28:20 - [MESSAGE][PASSED] - Actual text 'EK0231 DXB - IAD' and expected text 'EK0231 DXB - IAD' are matched 

15-10-2024T16:28:20 - [TEST_STEP][PASSED] - verifyMatch(replace("</span>", "").replace("<span class = text-danger>", ""), FlightDateDB.toUpperCase(), false, CONTINUE_ON_FAILURE): Actual text '16-OCT-2022' and expected text '16-OCT-2022' are matched 

15-10-2024T16:28:20 - [MESSAGE][PASSED] - Actual text '16-OCT-2022' and expected text '16-OCT-2022' are matched 

15-10-2024T16:28:20 - [TEST_STEP][PASSED] - md_ticket_coupon_flightstatus = "select * from bdmozart.md_ticket_coupon_flightstatus where id_tick_coupon = '" + originalCouponData.get("id") + "'": null

15-10-2024T16:28:20 - [TEST_STEP][PASSED] - flight_status = database.DatabaseUtils.executeQuery(md_ticket_coupon_flightstatus, "flight_status", 1): database.DatabaseUtils.executeQuery is PASSED

15-10-2024T16:28:23 - [MESSAGE][PASSED] - database.DatabaseUtils.executeQuery is PASSED

15-10-2024T16:28:23 - [TEST_STEP][PASSED] - baseXPath3 = "(//div[@class='facsimile']/table/tbody/tr[" + 6 + Integer.parseInt(couponNumber) + "]/td[4])[1]": null

15-10-2024T16:28:23 - [TEST_STEP][PASSED] - dynamicTestObject3 = new com.kms.katalon.core.testobject.TestObject(): null

15-10-2024T16:28:23 - [TEST_STEP][PASSED] - dynamicTestObject3.addProperty("xpath", EQUALS, baseXPath3): null

15-10-2024T16:28:23 - [TEST_STEP][PASSED] - flightDataTextColor = getCSSValue(dynamicTestObject3, "color"): Get CSS 'color' value on '' successfully: 'rgba(255, 130, 0, 1)'.

15-10-2024T16:28:23 - [MESSAGE][PASSED] - Get CSS 'color' value on '' successfully: 'rgba(255, 130, 0, 1)'.

15-10-2024T16:28:23 - [TEST_STEP][PASSED] - textColor = fromString(flightDataTextColor).asHex(): null

15-10-2024T16:28:23 - [TEST_STEP][PASSED] - if (flight_status == "D" || flight_status == "S"): Actual text '#ff8200' and expected text '#ff8200' are matched 

15-10-2024T16:28:23 - [TEST_STEP][PASSED] - verifyMatch(textColor, "#ff8200", false, CONTINUE_ON_FAILURE): Actual text '#ff8200' and expected text '#ff8200' are matched 

15-10-2024T16:28:23 - [MESSAGE][PASSED] - Actual text '#ff8200' and expected text '#ff8200' are matched 

15-10-2024T16:28:23 - [TEST_STEP][PASSED] - couponNumber = database.DatabaseUtils.executeQuery(mi_nsf, "coupon_number", i): database.DatabaseUtils.executeQuery is PASSED

15-10-2024T16:28:26 - [MESSAGE][PASSED] - database.DatabaseUtils.executeQuery is PASSED

15-10-2024T16:28:26 - [TEST_STEP][PASSED] - md_ticket_coupons = select * from bdmozart.md_ticket_coupons where document = '$documentNumber' and coupon = '$couponNumber': null

15-10-2024T16:28:26 - [TEST_STEP][PASSED] - originalCouponData = database.DatabaseUtils.getColumnNamesAndValues(md_ticket_coupons): database.DatabaseUtils.getColumnNamesAndValues is PASSED

15-10-2024T16:28:28 - [MESSAGE][PASSED] - database.DatabaseUtils.getColumnNamesAndValues is PASSED

15-10-2024T16:28:28 - [TEST_STEP][PASSED] - md_ticket_coupon_nsf = "select * from bdmozart.md_ticket_coupon_nsf where id_tick_coupon = '" + originalCouponData.get("id") + "'": null

15-10-2024T16:28:28 - [TEST_STEP][PASSED] - println(md_ticket_coupon_nsf): null

15-10-2024T16:28:28 - [TEST_STEP][PASSED] - NsfFileCouponData = database.DatabaseUtils.getColumnNamesAndValues(md_ticket_coupon_nsf): database.DatabaseUtils.getColumnNamesAndValues is PASSED

15-10-2024T16:28:31 - [MESSAGE][PASSED] - database.DatabaseUtils.getColumnNamesAndValues is PASSED

15-10-2024T16:28:31 - [TEST_STEP][PASSED] - mc_airports_origin = "SELECT * FROM bdmozart.mc_airports WHERE id = '" + originalCouponData.get("origin") + "'": null

15-10-2024T16:28:31 - [TEST_STEP][PASSED] - mc_airports_dest = "SELECT * FROM bdmozart.mc_airports WHERE id = '" + originalCouponData.get("dest") + "'": null

15-10-2024T16:28:31 - [TEST_STEP][PASSED] - origin = database.DatabaseUtils.executeQuery(mc_airports_origin, "airportcode", 1): database.DatabaseUtils.executeQuery is PASSED

15-10-2024T16:28:34 - [MESSAGE][PASSED] - database.DatabaseUtils.executeQuery is PASSED

15-10-2024T16:28:34 - [TEST_STEP][PASSED] - dest = database.DatabaseUtils.executeQuery(mc_airports_dest, "airportcode", 1): database.DatabaseUtils.executeQuery is PASSED

15-10-2024T16:28:38 - [MESSAGE][PASSED] - database.DatabaseUtils.executeQuery is PASSED

15-10-2024T16:28:38 - [TEST_STEP][PASSED] - if (!(toString().equals(trim()).toString()) && get("flight_date").equals(NsfFileCouponData.get("flight_date")) && origin.equals(NsfFileCouponData.get("from_sector")) && dest.equals(NsfFileCouponData.get("to_sector")))): null

15-10-2024T16:28:38 - [TEST_STEP][PASSED] - NoShowDataMismatch = true: null

15-10-2024T16:28:38 - [TEST_STEP][PASSED] - baseXPath = "(//div[@class='col col-3 pl-0 ml-1']//span[@class='red-circle  no-seleccionable no-collapsable' and @data-toggle='popover'])[" + i + "]": null

15-10-2024T16:28:38 - [TEST_STEP][PASSED] - dynamicTestObject = new com.kms.katalon.core.testobject.TestObject(): null

15-10-2024T16:28:38 - [TEST_STEP][PASSED] - dynamicTestObject.addProperty("xpath", EQUALS, baseXPath): null

15-10-2024T16:28:38 - [TEST_STEP][PASSED] - tooltipData = getAttribute(dynamicTestObject, "data-content"): Attribute 'data-content' of object '' is: '<div><span class="text-nowrap">Status: NO-SHOW<br>Flight: <span class = text-danger>EK0207 JFK - MXP</span><br>Flight date: <span class = text-danger>25-OCT-2022</span><br></span></div>'

15-10-2024T16:28:38 - [MESSAGE][PASSED] - Attribute 'data-content' of object '' is: '<div><span class="text-nowrap">Status: NO-SHOW<br>Flight: <span class = text-danger>EK0207 JFK - MXP</span><br>Flight date: <span class = text-danger>25-OCT-2022</span><br></span></div>'

15-10-2024T16:28:38 - [TEST_STEP][PASSED] - NoShowCircleTextN = getText(dynamicTestObject): Text of object '' is: 'N'

15-10-2024T16:28:38 - [MESSAGE][PASSED] - Text of object '' is: 'N'

15-10-2024T16:28:38 - [TEST_STEP][PASSED] - println("=====================================================================" + NoShowCircleTextN): null

15-10-2024T16:28:38 - [TEST_STEP][PASSED] - baseXPath2 = "(//span[@class='red-circle  no-seleccionable no-collapsable'])[" + i + "]": null

15-10-2024T16:28:38 - [TEST_STEP][PASSED] - dynamicTestObject2 = new com.kms.katalon.core.testobject.TestObject(): null

15-10-2024T16:28:38 - [TEST_STEP][PASSED] - dynamicTestObject2.addProperty("xpath", EQUALS, baseXPath2): null

15-10-2024T16:28:38 - [TEST_STEP][PASSED] - redCircleNoShowBackgroundColor = getCSSValue(dynamicTestObject2, "background"): Get CSS 'background' value on '' successfully: 'rgb(220, 53, 69) none repeat scroll 0% 0% / auto padding-box border-box'.

15-10-2024T16:28:38 - [MESSAGE][PASSED] - Get CSS 'background' value on '' successfully: 'rgb(220, 53, 69) none repeat scroll 0% 0% / auto padding-box border-box'.

15-10-2024T16:28:38 - [TEST_STEP][PASSED] - redCircleBgColor = substring(0, 16)).asHex(): null

15-10-2024T16:28:38 - [TEST_STEP][PASSED] - println("From web = " + redCircleBgColor + ": From CSS = #dc3545"): null

15-10-2024T16:28:38 - [TEST_STEP][PASSED] - verifyMatch(redCircleBgColor, "#dc3545", false, CONTINUE_ON_FAILURE): Actual text '#dc3545' and expected text '#dc3545' are matched 

15-10-2024T16:28:38 - [MESSAGE][PASSED] - Actual text '#dc3545' and expected text '#dc3545' are matched 

15-10-2024T16:28:38 - [TEST_STEP][PASSED] - status = split("<br>")[0].trim(): null

15-10-2024T16:28:38 - [TEST_STEP][PASSED] - flight = split("<br>")[0].trim(): null

15-10-2024T16:28:38 - [TEST_STEP][PASSED] - flightDate = split("<br>")[0].trim(): null

15-10-2024T16:28:38 - [TEST_STEP][PASSED] - baseXPath1 = "//div[@class='facsimile']/table/tbody/tr[" + 6 + Integer.parseInt(couponNumber) + "]/td[4]": null

15-10-2024T16:28:38 - [TEST_STEP][PASSED] - dynamicTestObject.addProperty("xpath", EQUALS, baseXPath1): null

15-10-2024T16:28:38 - [TEST_STEP][PASSED] - Carrier = getText(dynamicTestObject): Text of object '' is: 'EK'

15-10-2024T16:28:38 - [MESSAGE][PASSED] - Text of object '' is: 'EK'

15-10-2024T16:28:38 - [TEST_STEP][PASSED] - StatusDB = status: null

15-10-2024T16:28:38 - [TEST_STEP][PASSED] - FlightNumberDB = Carrier + NsfFileCouponData.get("flight_number") + " " + NsfFileCouponData.get("from_sector") + " - " + NsfFileCouponData.get("to_sector"): null

15-10-2024T16:28:38 - [TEST_STEP][PASSED] - FlightDateDB = utilityClass.GenericMethods.DateFormatter(NsfFileCouponData.get("flight_date")): utilityClass.GenericMethods.DateFormatter is PASSED

15-10-2024T16:28:38 - [MESSAGE][PASSED] - utilityClass.GenericMethods.DateFormatter is PASSED

15-10-2024T16:28:38 - [TEST_STEP][PASSED] - verifyMatch(status, "NO-SHOW", false, CONTINUE_ON_FAILURE): Actual text 'NO-SHOW' and expected text 'NO-SHOW' are matched 

15-10-2024T16:28:38 - [MESSAGE][PASSED] - Actual text 'NO-SHOW' and expected text 'NO-SHOW' are matched 

15-10-2024T16:28:38 - [TEST_STEP][PASSED] - verifyMatch(replace("</span>", "").replace("<span class = text-danger>", ""), FlightNumberDB, false, CONTINUE_ON_FAILURE): Actual text 'EK0207 JFK - MXP' and expected text 'EK0207 JFK - MXP' are matched 

15-10-2024T16:28:38 - [MESSAGE][PASSED] - Actual text 'EK0207 JFK - MXP' and expected text 'EK0207 JFK - MXP' are matched 

15-10-2024T16:28:38 - [TEST_STEP][PASSED] - verifyMatch(replace("</span>", "").replace("<span class = text-danger>", ""), FlightDateDB.toUpperCase(), false, CONTINUE_ON_FAILURE): Actual text '25-OCT-2022' and expected text '25-OCT-2022' are matched 

15-10-2024T16:28:38 - [MESSAGE][PASSED] - Actual text '25-OCT-2022' and expected text '25-OCT-2022' are matched 

15-10-2024T16:28:38 - [TEST_STEP][PASSED] - md_ticket_coupon_flightstatus = "select * from bdmozart.md_ticket_coupon_flightstatus where id_tick_coupon = '" + originalCouponData.get("id") + "'": null

15-10-2024T16:28:38 - [TEST_STEP][PASSED] - flight_status = database.DatabaseUtils.executeQuery(md_ticket_coupon_flightstatus, "flight_status", 1): database.DatabaseUtils.executeQuery is PASSED

15-10-2024T16:28:41 - [MESSAGE][PASSED] - database.DatabaseUtils.executeQuery is PASSED

15-10-2024T16:28:41 - [TEST_STEP][PASSED] - baseXPath3 = "(//div[@class='facsimile']/table/tbody/tr[" + 6 + Integer.parseInt(couponNumber) + "]/td[4])[1]": null

15-10-2024T16:28:41 - [TEST_STEP][PASSED] - dynamicTestObject3 = new com.kms.katalon.core.testobject.TestObject(): null

15-10-2024T16:28:41 - [TEST_STEP][PASSED] - dynamicTestObject3.addProperty("xpath", EQUALS, baseXPath3): null

15-10-2024T16:28:41 - [TEST_STEP][PASSED] - flightDataTextColor = getCSSValue(dynamicTestObject3, "color"): Get CSS 'color' value on '' successfully: 'rgba(151, 215, 0, 1)'.

15-10-2024T16:28:41 - [MESSAGE][PASSED] - Get CSS 'color' value on '' successfully: 'rgba(151, 215, 0, 1)'.

15-10-2024T16:28:41 - [TEST_STEP][PASSED] - textColor = fromString(flightDataTextColor).asHex(): null

15-10-2024T16:28:41 - [TEST_STEP][PASSED] - if (flight_status == "D" || flight_status == "S"): null

15-10-2024T16:28:41 - [TEST_STEP][PASSED] - else if (flight_status == "C"): Actual text '#97d700' and expected text '#97d700' are matched 

15-10-2024T16:28:41 - [TEST_STEP][PASSED] - verifyMatch(textColor, "#97d700", false, CONTINUE_ON_FAILURE): Actual text '#97d700' and expected text '#97d700' are matched 

15-10-2024T16:28:41 - [MESSAGE][PASSED] - Actual text '#97d700' and expected text '#97d700' are matched 

15-10-2024T16:28:41 - [TEST_STEP][PASSED] - couponNumber = database.DatabaseUtils.executeQuery(mi_nsf, "coupon_number", i): database.DatabaseUtils.executeQuery is PASSED

15-10-2024T16:28:44 - [MESSAGE][PASSED] - database.DatabaseUtils.executeQuery is PASSED

15-10-2024T16:28:44 - [TEST_STEP][PASSED] - md_ticket_coupons = select * from bdmozart.md_ticket_coupons where document = '$documentNumber' and coupon = '$couponNumber': null

15-10-2024T16:28:44 - [TEST_STEP][PASSED] - originalCouponData = database.DatabaseUtils.getColumnNamesAndValues(md_ticket_coupons): database.DatabaseUtils.getColumnNamesAndValues is PASSED

15-10-2024T16:28:47 - [MESSAGE][PASSED] - database.DatabaseUtils.getColumnNamesAndValues is PASSED

15-10-2024T16:28:47 - [TEST_STEP][PASSED] - md_ticket_coupon_nsf = "select * from bdmozart.md_ticket_coupon_nsf where id_tick_coupon = '" + originalCouponData.get("id") + "'": null

15-10-2024T16:28:47 - [TEST_STEP][PASSED] - println(md_ticket_coupon_nsf): null

15-10-2024T16:28:47 - [TEST_STEP][PASSED] - NsfFileCouponData = database.DatabaseUtils.getColumnNamesAndValues(md_ticket_coupon_nsf): database.DatabaseUtils.getColumnNamesAndValues is PASSED

15-10-2024T16:28:50 - [MESSAGE][PASSED] - database.DatabaseUtils.getColumnNamesAndValues is PASSED

15-10-2024T16:28:50 - [TEST_STEP][PASSED] - mc_airports_origin = "SELECT * FROM bdmozart.mc_airports WHERE id = '" + originalCouponData.get("origin") + "'": null

15-10-2024T16:28:50 - [TEST_STEP][PASSED] - mc_airports_dest = "SELECT * FROM bdmozart.mc_airports WHERE id = '" + originalCouponData.get("dest") + "'": null

15-10-2024T16:28:50 - [TEST_STEP][PASSED] - origin = database.DatabaseUtils.executeQuery(mc_airports_origin, "airportcode", 1): database.DatabaseUtils.executeQuery is PASSED

15-10-2024T16:28:53 - [MESSAGE][PASSED] - database.DatabaseUtils.executeQuery is PASSED

15-10-2024T16:28:53 - [TEST_STEP][PASSED] - dest = database.DatabaseUtils.executeQuery(mc_airports_dest, "airportcode", 1): database.DatabaseUtils.executeQuery is PASSED

15-10-2024T16:28:56 - [MESSAGE][PASSED] - database.DatabaseUtils.executeQuery is PASSED

15-10-2024T16:28:56 - [TEST_STEP][PASSED] - if (!(toString().equals(trim()).toString()) && get("flight_date").equals(NsfFileCouponData.get("flight_date")) && origin.equals(NsfFileCouponData.get("from_sector")) && dest.equals(NsfFileCouponData.get("to_sector")))): null

15-10-2024T16:28:56 - [TEST_STEP][PASSED] - NoShowDataMismatch = true: null

15-10-2024T16:28:56 - [TEST_STEP][PASSED] - baseXPath = "(//div[@class='col col-3 pl-0 ml-1']//span[@class='red-circle  no-seleccionable no-collapsable' and @data-toggle='popover'])[" + i + "]": null

15-10-2024T16:28:56 - [TEST_STEP][PASSED] - dynamicTestObject = new com.kms.katalon.core.testobject.TestObject(): null

15-10-2024T16:28:56 - [TEST_STEP][PASSED] - dynamicTestObject.addProperty("xpath", EQUALS, baseXPath): null

15-10-2024T16:28:56 - [TEST_STEP][PASSED] - tooltipData = getAttribute(dynamicTestObject, "data-content"): Attribute 'data-content' of object '' is: '<div><span class="text-nowrap">Status: NO-SHOW<br>Flight: <span class = text-danger>EK0176 MXP - DXB</span><br>Flight date: <span class = text-danger>30-OCT-2022</span><br></span></div>'

15-10-2024T16:28:56 - [MESSAGE][PASSED] - Attribute 'data-content' of object '' is: '<div><span class="text-nowrap">Status: NO-SHOW<br>Flight: <span class = text-danger>EK0176 MXP - DXB</span><br>Flight date: <span class = text-danger>30-OCT-2022</span><br></span></div>'

15-10-2024T16:28:56 - [TEST_STEP][PASSED] - NoShowCircleTextN = getText(dynamicTestObject): Text of object '' is: 'N'

15-10-2024T16:28:56 - [MESSAGE][PASSED] - Text of object '' is: 'N'

15-10-2024T16:28:56 - [TEST_STEP][PASSED] - println("=====================================================================" + NoShowCircleTextN): null

15-10-2024T16:28:56 - [TEST_STEP][PASSED] - baseXPath2 = "(//span[@class='red-circle  no-seleccionable no-collapsable'])[" + i + "]": null

15-10-2024T16:28:56 - [TEST_STEP][PASSED] - dynamicTestObject2 = new com.kms.katalon.core.testobject.TestObject(): null

15-10-2024T16:28:56 - [TEST_STEP][PASSED] - dynamicTestObject2.addProperty("xpath", EQUALS, baseXPath2): null

15-10-2024T16:28:56 - [TEST_STEP][PASSED] - redCircleNoShowBackgroundColor = getCSSValue(dynamicTestObject2, "background"): Get CSS 'background' value on '' successfully: 'rgb(220, 53, 69) none repeat scroll 0% 0% / auto padding-box border-box'.

15-10-2024T16:28:56 - [MESSAGE][PASSED] - Get CSS 'background' value on '' successfully: 'rgb(220, 53, 69) none repeat scroll 0% 0% / auto padding-box border-box'.

15-10-2024T16:28:56 - [TEST_STEP][PASSED] - redCircleBgColor = substring(0, 16)).asHex(): null

15-10-2024T16:28:56 - [TEST_STEP][PASSED] - println("From web = " + redCircleBgColor + ": From CSS = #dc3545"): null

15-10-2024T16:28:56 - [TEST_STEP][PASSED] - verifyMatch(redCircleBgColor, "#dc3545", false, CONTINUE_ON_FAILURE): Actual text '#dc3545' and expected text '#dc3545' are matched 

15-10-2024T16:28:56 - [MESSAGE][PASSED] - Actual text '#dc3545' and expected text '#dc3545' are matched 

15-10-2024T16:28:56 - [TEST_STEP][PASSED] - status = split("<br>")[0].trim(): null

15-10-2024T16:28:56 - [TEST_STEP][PASSED] - flight = split("<br>")[0].trim(): null

15-10-2024T16:28:56 - [TEST_STEP][PASSED] - flightDate = split("<br>")[0].trim(): null

15-10-2024T16:28:56 - [TEST_STEP][PASSED] - baseXPath1 = "//div[@class='facsimile']/table/tbody/tr[" + 6 + Integer.parseInt(couponNumber) + "]/td[4]": null

15-10-2024T16:28:56 - [TEST_STEP][PASSED] - dynamicTestObject.addProperty("xpath", EQUALS, baseXPath1): null

15-10-2024T16:28:56 - [TEST_STEP][PASSED] - Carrier = getText(dynamicTestObject): Text of object '' is: 'EK'

15-10-2024T16:28:56 - [MESSAGE][PASSED] - Text of object '' is: 'EK'

15-10-2024T16:28:56 - [TEST_STEP][PASSED] - StatusDB = status: null

15-10-2024T16:28:56 - [TEST_STEP][PASSED] - FlightNumberDB = Carrier + NsfFileCouponData.get("flight_number") + " " + NsfFileCouponData.get("from_sector") + " - " + NsfFileCouponData.get("to_sector"): null

15-10-2024T16:28:56 - [TEST_STEP][PASSED] - FlightDateDB = utilityClass.GenericMethods.DateFormatter(NsfFileCouponData.get("flight_date")): utilityClass.GenericMethods.DateFormatter is PASSED

15-10-2024T16:28:56 - [MESSAGE][PASSED] - utilityClass.GenericMethods.DateFormatter is PASSED

15-10-2024T16:28:56 - [TEST_STEP][PASSED] - verifyMatch(status, "NO-SHOW", false, CONTINUE_ON_FAILURE): Actual text 'NO-SHOW' and expected text 'NO-SHOW' are matched 

15-10-2024T16:28:56 - [MESSAGE][PASSED] - Actual text 'NO-SHOW' and expected text 'NO-SHOW' are matched 

15-10-2024T16:28:56 - [TEST_STEP][PASSED] - verifyMatch(replace("</span>", "").replace("<span class = text-danger>", ""), FlightNumberDB, false, CONTINUE_ON_FAILURE): Actual text 'EK0176 MXP - DXB' and expected text 'EK0176 MXP - DXB' are matched 

15-10-2024T16:28:56 - [MESSAGE][PASSED] - Actual text 'EK0176 MXP - DXB' and expected text 'EK0176 MXP - DXB' are matched 

15-10-2024T16:28:56 - [TEST_STEP][PASSED] - verifyMatch(replace("</span>", "").replace("<span class = text-danger>", ""), FlightDateDB.toUpperCase(), false, CONTINUE_ON_FAILURE): Actual text '30-OCT-2022' and expected text '30-OCT-2022' are matched 

15-10-2024T16:28:56 - [MESSAGE][PASSED] - Actual text '30-OCT-2022' and expected text '30-OCT-2022' are matched 

15-10-2024T16:28:56 - [TEST_STEP][PASSED] - md_ticket_coupon_flightstatus = "select * from bdmozart.md_ticket_coupon_flightstatus where id_tick_coupon = '" + originalCouponData.get("id") + "'": null

15-10-2024T16:28:56 - [TEST_STEP][PASSED] - flight_status = database.DatabaseUtils.executeQuery(md_ticket_coupon_flightstatus, "flight_status", 1): database.DatabaseUtils.executeQuery is PASSED

15-10-2024T16:28:59 - [MESSAGE][PASSED] - database.DatabaseUtils.executeQuery is PASSED

15-10-2024T16:28:59 - [TEST_STEP][PASSED] - baseXPath3 = "(//div[@class='facsimile']/table/tbody/tr[" + 6 + Integer.parseInt(couponNumber) + "]/td[4])[1]": null

15-10-2024T16:28:59 - [TEST_STEP][PASSED] - dynamicTestObject3 = new com.kms.katalon.core.testobject.TestObject(): null

15-10-2024T16:28:59 - [TEST_STEP][PASSED] - dynamicTestObject3.addProperty("xpath", EQUALS, baseXPath3): null

15-10-2024T16:28:59 - [TEST_STEP][PASSED] - flightDataTextColor = getCSSValue(dynamicTestObject3, "color"): Get CSS 'color' value on '' successfully: 'rgba(238, 31, 37, 1)'.

15-10-2024T16:28:59 - [MESSAGE][PASSED] - Get CSS 'color' value on '' successfully: 'rgba(238, 31, 37, 1)'.

15-10-2024T16:28:59 - [TEST_STEP][PASSED] - textColor = fromString(flightDataTextColor).asHex(): null

15-10-2024T16:28:59 - [TEST_STEP][PASSED] - if (flight_status == "D" || flight_status == "S"): null

15-10-2024T16:28:59 - [TEST_STEP][PASSED] - else if (flight_status == "C"): null

15-10-2024T16:28:59 - [TEST_STEP][PASSED] - else: Actual text '#ee1f25' and expected text '#ee1f25' are matched 

15-10-2024T16:28:59 - [TEST_STEP][PASSED] - verifyMatch(textColor, "#ee1f25", false, CONTINUE_ON_FAILURE): Actual text '#ee1f25' and expected text '#ee1f25' are matched 

15-10-2024T16:28:59 - [MESSAGE][PASSED] - Actual text '#ee1f25' and expected text '#ee1f25' are matched]]></system-out>
         <system-err><![CDATA[]]></system-err>
      </testcase>
      <testcase name="Test Cases/MOZ-10510/TC10_MOZ_11451 Display of Refundable Amount and FOP in the Grid" time="55.89" classname="Test Cases/MOZ-10510/TC10_MOZ_11451 Display of Refundable Amount and FOP in the Grid" status="PASSED">
         <system-out><![CDATA[15-10-2024T16:28:59 - [TEST_CASE][PASSED] - Test Cases/MOZ-10510/TC10_MOZ_11451 Display of Refundable Amount and FOP in the Grid: Test Cases/MOZ-10510/TC10_MOZ_11451 Display of Refundable Amount and FOP in the Grid

15-10-2024T16:29:00 - [TEST_STEP][PASSED] - requestIdValue = "O062400001": null

15-10-2024T16:29:00 - [TEST_STEP][PASSED] - sqlQuery = "select * from bdmozart.md_rfnd_local_settlement where idrequest = 'O062400001'": null

15-10-2024T16:29:00 - [TEST_STEP][PASSED] - fop_types_dbValue = database.DatabaseUtils.executeQuery(sqlQuery, "fop_types", 1): database.DatabaseUtils.executeQuery is PASSED

15-10-2024T16:29:03 - [MESSAGE][PASSED] - database.DatabaseUtils.executeQuery is PASSED

15-10-2024T16:29:03 - [TEST_STEP][PASSED] - paid_amount_dbValue = database.DatabaseUtils.executeQuery(sqlQuery, "balanceamounttotal", 1): database.DatabaseUtils.executeQuery is PASSED

15-10-2024T16:29:06 - [MESSAGE][PASSED] - database.DatabaseUtils.executeQuery is PASSED

15-10-2024T16:29:06 - [TEST_STEP][PASSED] - value = paid_amount_dbValue: null

15-10-2024T16:29:06 - [TEST_STEP][PASSED] - doubleValue = Double.parseDouble(value): null

15-10-2024T16:29:06 - [TEST_STEP][PASSED] - paid_amount_dbValue_int = doubleValue: null

15-10-2024T16:29:06 - [TEST_STEP][PASSED] - paid_amount_dbValue = paid_amount_dbValue_int.toString(): null

15-10-2024T16:29:06 - [TEST_STEP][PASSED] - out.println(paid_amount_dbValue): null

15-10-2024T16:29:06 - [TEST_STEP][PASSED] - demoPackage.MozartLogin.LoginWithChromeForEK(): demoPackage.MozartLogin.LoginWithChromeForEK is PASSED

15-10-2024T16:29:06 - [MESSAGE][WARNING] - A browser is already opened. Closing browser and opening a new one

15-10-2024T16:29:07 - [MESSAGE][INFO] - Starting 'Chrome' driver

15-10-2024T16:29:07 - [MESSAGE][INFO] - Action delay is set to 0 milliseconds

15-10-2024T16:29:09 - [MESSAGE][PASSED] - Browser is opened with url: ''

15-10-2024T16:29:10 - [MESSAGE][PASSED] - Navigate to 'https://accelyacomtest.accelya.local/MozartTest/AirlinesHub/Index' successfully

15-10-2024T16:29:10 - [MESSAGE][PASSED] - Current window maximized

15-10-2024T16:29:10 - [MESSAGE][PASSED] - Object: 'Object Repository/Demo/MozartChrome/ChromeAdvance/ClickOnAdvanceButton' is clicked on

15-10-2024T16:29:20 - [MESSAGE][PASSED] - Object: 'Object Repository/Demo/MozartChrome/ChromeAdvance/ProccedLink' is clicked on

15-10-2024T16:29:20 - [MESSAGE][PASSED] - Text 'supermozart' is set on object 'Object Repository/Demo/MozartChrome/Page_/input_Username_Login'

15-10-2024T16:29:21 - [MESSAGE][PASSED] - Object: 'Object Repository/Demo/MozartChrome/Page_/button_Next' is clicked on

15-10-2024T16:29:22 - [MESSAGE][PASSED] - Text 'Accelya.1' is set on object 'Object Repository/Demo/MozartChrome/Page_/input_Password_Password'

15-10-2024T16:29:22 - [MESSAGE][PASSED] - Object: 'Object Repository/Demo/MozartChrome/Page_/button_Sign in' is clicked on

15-10-2024T16:29:27 - [MESSAGE][PASSED] - Object: 'Object Repository/Demo/MozartChrome/Page_Mozart - AirlinesHub/button_Please select' is clicked on

15-10-2024T16:29:28 - [MESSAGE][PASSED] - Object: 'Object Repository/EK_Objects/Page_Mozart - AirlinesHub/a_176 Emirates' is clicked on

15-10-2024T16:29:30 - [MESSAGE][PASSED] - Object: 'Object Repository/Demo/MozartChrome/Page_Mozart - AirlinesHub/a_Select' is clicked on

15-10-2024T16:29:30 - [MESSAGE][PASSED] - demoPackage.MozartLogin.LoginWithChromeForEK is PASSED

15-10-2024T16:29:30 - [TEST_STEP][PASSED] - click(findTestObject("EK_Objects/Page_Mozart - Dashboard/a_Refunds")): Object: 'Object Repository/EK_Objects/Page_Mozart - Dashboard/a_Refunds' is clicked on

15-10-2024T16:29:32 - [MESSAGE][PASSED] - Object: 'Object Repository/EK_Objects/Page_Mozart - Dashboard/a_Refunds' is clicked on

15-10-2024T16:29:32 - [TEST_STEP][PASSED] - click(findTestObject("EK_Objects/Page_Mozart - Dashboard/Click_On_Local_Settlements")): Object: 'Object Repository/EK_Objects/Page_Mozart - Dashboard/Click_On_Local_Settlements' is clicked on

15-10-2024T16:29:34 - [MESSAGE][PASSED] - Object: 'Object Repository/EK_Objects/Page_Mozart - Dashboard/Click_On_Local_Settlements' is clicked on

15-10-2024T16:29:34 - [TEST_STEP][PASSED] - dynamicTestObject = new com.kms.katalon.core.testobject.TestObject(): null

15-10-2024T16:29:34 - [TEST_STEP][PASSED] - refresh(): Refresh successfully

15-10-2024T16:29:35 - [MESSAGE][PASSED] - Refresh successfully

15-10-2024T16:29:35 - [TEST_STEP][PASSED] - listOfRequestIds = findWebElements(findTestObject("Object Repository/EK_Objects/Page_Mozart - LocalSettlements/getListOfRequestIdFromGrid"), 10): Found web elements by test object Object Repository/EK_Objects/Page_Mozart - LocalSettlements/getListOfRequestIdFromGrid

15-10-2024T16:29:36 - [MESSAGE][PASSED] - Found web elements by test object Object Repository/EK_Objects/Page_Mozart - LocalSettlements/getListOfRequestIdFromGrid

15-10-2024T16:29:36 - [TEST_STEP][PASSED] - refundAmount_web = <not implemented yet for class: org.codehaus.groovy.ast.expr.EmptyExpression>: null

15-10-2024T16:29:36 - [TEST_STEP][PASSED] - refundFopPaidLocally_web = <not implemented yet for class: org.codehaus.groovy.ast.expr.EmptyExpression>: null

15-10-2024T16:29:36 - [TEST_STEP][PASSED] - for ([row = 1, row <= listOfRequestIds.size(), (row++)]): null

15-10-2024T16:29:36 - [TEST_STEP][PASSED] - dynamicXpath = "//table[@class='table display compact nowrap cell-border hover dataTable no-footer']/tbody/tr[" + row + "]/td[2]": null

15-10-2024T16:29:36 - [TEST_STEP][PASSED] - dynamicTestObject.addProperty("xpath", EQUALS, dynamicXpath): null

15-10-2024T16:29:36 - [TEST_STEP][PASSED] - requestIdWeb = findWebElement(dynamicTestObject, 10): Found web element by test object 

15-10-2024T16:29:36 - [MESSAGE][PASSED] - Found web element by test object 

15-10-2024T16:29:36 - [TEST_STEP][PASSED] - if (getText().equals(requestIdValue)): null

15-10-2024T16:29:36 - [TEST_STEP][PASSED] - dynamicXpath = "//table[@class='table display compact nowrap cell-border hover dataTable no-footer']/tbody/tr[" + row + "]/td[2]": null

15-10-2024T16:29:36 - [TEST_STEP][PASSED] - dynamicTestObject.addProperty("xpath", EQUALS, dynamicXpath): null

15-10-2024T16:29:36 - [TEST_STEP][PASSED] - requestIdWeb = findWebElement(dynamicTestObject, 10): Found web element by test object 

15-10-2024T16:29:37 - [MESSAGE][PASSED] - Found web element by test object 

15-10-2024T16:29:37 - [TEST_STEP][PASSED] - if (getText().equals(requestIdValue)): null

15-10-2024T16:29:37 - [TEST_STEP][PASSED] - dynamicXpath = "//table[@class='table display compact nowrap cell-border hover dataTable no-footer']/tbody/tr[" + row + "]/td[2]": null

15-10-2024T16:29:37 - [TEST_STEP][PASSED] - dynamicTestObject.addProperty("xpath", EQUALS, dynamicXpath): null

15-10-2024T16:29:37 - [TEST_STEP][PASSED] - requestIdWeb = findWebElement(dynamicTestObject, 10): Found web element by test object 

15-10-2024T16:29:37 - [MESSAGE][PASSED] - Found web element by test object 

15-10-2024T16:29:37 - [TEST_STEP][PASSED] - if (getText().equals(requestIdValue)): null

15-10-2024T16:29:37 - [TEST_STEP][PASSED] - dynamicXpath = "//table[@class='table display compact nowrap cell-border hover dataTable no-footer']/tbody/tr[" + row + "]/td[2]": null

15-10-2024T16:29:37 - [TEST_STEP][PASSED] - dynamicTestObject.addProperty("xpath", EQUALS, dynamicXpath): null

15-10-2024T16:29:37 - [TEST_STEP][PASSED] - requestIdWeb = findWebElement(dynamicTestObject, 10): Found web element by test object 

15-10-2024T16:29:37 - [MESSAGE][PASSED] - Found web element by test object 

15-10-2024T16:29:37 - [TEST_STEP][PASSED] - if (getText().equals(requestIdValue)): null

15-10-2024T16:29:37 - [TEST_STEP][PASSED] - dynamicXpath = "//table[@class='table display compact nowrap cell-border hover dataTable no-footer']/tbody/tr[" + row + "]/td[2]": null

15-10-2024T16:29:37 - [TEST_STEP][PASSED] - dynamicTestObject.addProperty("xpath", EQUALS, dynamicXpath): null

15-10-2024T16:29:37 - [TEST_STEP][PASSED] - requestIdWeb = findWebElement(dynamicTestObject, 10): Found web element by test object 

15-10-2024T16:29:37 - [MESSAGE][PASSED] - Found web element by test object 

15-10-2024T16:29:37 - [TEST_STEP][PASSED] - if (getText().equals(requestIdValue)): null

15-10-2024T16:29:37 - [TEST_STEP][PASSED] - dynamicXpath = "//table[@class='table display compact nowrap cell-border hover dataTable no-footer']/tbody/tr[" + row + "]/td[2]": null

15-10-2024T16:29:37 - [TEST_STEP][PASSED] - dynamicTestObject.addProperty("xpath", EQUALS, dynamicXpath): null

15-10-2024T16:29:37 - [TEST_STEP][PASSED] - requestIdWeb = findWebElement(dynamicTestObject, 10): Found web element by test object 

15-10-2024T16:29:38 - [MESSAGE][PASSED] - Found web element by test object 

15-10-2024T16:29:38 - [TEST_STEP][PASSED] - if (getText().equals(requestIdValue)): null

15-10-2024T16:29:38 - [TEST_STEP][PASSED] - dynamicXpath = "//table[@class='table display compact nowrap cell-border hover dataTable no-footer']/tbody/tr[" + row + "]/td[2]": null

15-10-2024T16:29:38 - [TEST_STEP][PASSED] - dynamicTestObject.addProperty("xpath", EQUALS, dynamicXpath): null

15-10-2024T16:29:38 - [TEST_STEP][PASSED] - requestIdWeb = findWebElement(dynamicTestObject, 10): Found web element by test object 

15-10-2024T16:29:38 - [MESSAGE][PASSED] - Found web element by test object 

15-10-2024T16:29:38 - [TEST_STEP][PASSED] - if (getText().equals(requestIdValue)): null

15-10-2024T16:29:38 - [TEST_STEP][PASSED] - dynamicXpath = "//table[@class='table display compact nowrap cell-border hover dataTable no-footer']/tbody/tr[" + row + "]/td[2]": null

15-10-2024T16:29:38 - [TEST_STEP][PASSED] - dynamicTestObject.addProperty("xpath", EQUALS, dynamicXpath): null

15-10-2024T16:29:38 - [TEST_STEP][PASSED] - requestIdWeb = findWebElement(dynamicTestObject, 10): Found web element by test object 

15-10-2024T16:29:38 - [MESSAGE][PASSED] - Found web element by test object 

15-10-2024T16:29:38 - [TEST_STEP][PASSED] - if (getText().equals(requestIdValue)): null

15-10-2024T16:29:38 - [TEST_STEP][PASSED] - dynamicXpath = "//table[@class='table display compact nowrap cell-border hover dataTable no-footer']/tbody/tr[" + row + "]/td[2]": null

15-10-2024T16:29:38 - [TEST_STEP][PASSED] - dynamicTestObject.addProperty("xpath", EQUALS, dynamicXpath): null

15-10-2024T16:29:38 - [TEST_STEP][PASSED] - requestIdWeb = findWebElement(dynamicTestObject, 10): Found web element by test object 

15-10-2024T16:29:39 - [MESSAGE][PASSED] - Found web element by test object 

15-10-2024T16:29:39 - [TEST_STEP][PASSED] - if (getText().equals(requestIdValue)): null

15-10-2024T16:29:39 - [TEST_STEP][PASSED] - dynamicXpath = "//table[@class='table display compact nowrap cell-border hover dataTable no-footer']/tbody/tr[" + row + "]/td[2]": null

15-10-2024T16:29:39 - [TEST_STEP][PASSED] - dynamicTestObject.addProperty("xpath", EQUALS, dynamicXpath): null

15-10-2024T16:29:39 - [TEST_STEP][PASSED] - requestIdWeb = findWebElement(dynamicTestObject, 10): Found web element by test object 

15-10-2024T16:29:39 - [MESSAGE][PASSED] - Found web element by test object 

15-10-2024T16:29:39 - [TEST_STEP][PASSED] - if (getText().equals(requestIdValue)): null

15-10-2024T16:29:39 - [TEST_STEP][PASSED] - dynamicXpath = "//table[@class='table display compact nowrap cell-border hover dataTable no-footer']/tbody/tr[" + row + "]/td[2]": null

15-10-2024T16:29:39 - [TEST_STEP][PASSED] - dynamicTestObject.addProperty("xpath", EQUALS, dynamicXpath): null

15-10-2024T16:29:39 - [TEST_STEP][PASSED] - requestIdWeb = findWebElement(dynamicTestObject, 10): Found web element by test object 

15-10-2024T16:29:39 - [MESSAGE][PASSED] - Found web element by test object 

15-10-2024T16:29:39 - [TEST_STEP][PASSED] - if (getText().equals(requestIdValue)): null

15-10-2024T16:29:39 - [TEST_STEP][PASSED] - dynamicXpath = "//table[@class='table display compact nowrap cell-border hover dataTable no-footer']/tbody/tr[" + row + "]/td[2]": null

15-10-2024T16:29:39 - [TEST_STEP][PASSED] - dynamicTestObject.addProperty("xpath", EQUALS, dynamicXpath): null

15-10-2024T16:29:39 - [TEST_STEP][PASSED] - requestIdWeb = findWebElement(dynamicTestObject, 10): Found web element by test object 

15-10-2024T16:29:39 - [MESSAGE][PASSED] - Found web element by test object 

15-10-2024T16:29:39 - [TEST_STEP][PASSED] - if (getText().equals(requestIdValue)): null

15-10-2024T16:29:39 - [TEST_STEP][PASSED] - dynamicXpath = "//table[@class='table display compact nowrap cell-border hover dataTable no-footer']/tbody/tr[" + row + "]/td[2]": null

15-10-2024T16:29:39 - [TEST_STEP][PASSED] - dynamicTestObject.addProperty("xpath", EQUALS, dynamicXpath): null

15-10-2024T16:29:39 - [TEST_STEP][PASSED] - requestIdWeb = findWebElement(dynamicTestObject, 10): Found web element by test object 

15-10-2024T16:29:40 - [MESSAGE][PASSED] - Found web element by test object 

15-10-2024T16:29:40 - [TEST_STEP][PASSED] - if (getText().equals(requestIdValue)): null

15-10-2024T16:29:40 - [TEST_STEP][PASSED] - dynamicXpath = "//table[@class='table display compact nowrap cell-border hover dataTable no-footer']/tbody/tr[" + row + "]/td[2]": null

15-10-2024T16:29:40 - [TEST_STEP][PASSED] - dynamicTestObject.addProperty("xpath", EQUALS, dynamicXpath): null

15-10-2024T16:29:40 - [TEST_STEP][PASSED] - requestIdWeb = findWebElement(dynamicTestObject, 10): Found web element by test object 

15-10-2024T16:29:40 - [MESSAGE][PASSED] - Found web element by test object 

15-10-2024T16:29:40 - [TEST_STEP][PASSED] - if (getText().equals(requestIdValue)): null

15-10-2024T16:29:40 - [TEST_STEP][PASSED] - dynamicXpath = "//table[@class='table display compact nowrap cell-border hover dataTable no-footer']/tbody/tr[" + row + "]/td[2]": null

15-10-2024T16:29:40 - [TEST_STEP][PASSED] - dynamicTestObject.addProperty("xpath", EQUALS, dynamicXpath): null

15-10-2024T16:29:40 - [TEST_STEP][PASSED] - requestIdWeb = findWebElement(dynamicTestObject, 10): Found web element by test object 

15-10-2024T16:29:40 - [MESSAGE][PASSED] - Found web element by test object 

15-10-2024T16:29:40 - [TEST_STEP][PASSED] - if (getText().equals(requestIdValue)): null

15-10-2024T16:29:40 - [TEST_STEP][PASSED] - dynamicXpath = "//table[@class='table display compact nowrap cell-border hover dataTable no-footer']/tbody/tr[" + row + "]/td[2]": null

15-10-2024T16:29:40 - [TEST_STEP][PASSED] - dynamicTestObject.addProperty("xpath", EQUALS, dynamicXpath): null

15-10-2024T16:29:40 - [TEST_STEP][PASSED] - requestIdWeb = findWebElement(dynamicTestObject, 10): Found web element by test object 

15-10-2024T16:29:40 - [MESSAGE][PASSED] - Found web element by test object 

15-10-2024T16:29:40 - [TEST_STEP][PASSED] - if (getText().equals(requestIdValue)): null

15-10-2024T16:29:40 - [TEST_STEP][PASSED] - dynamicXpath = "//table[@class='table display compact nowrap cell-border hover dataTable no-footer']/tbody/tr[" + row + "]/td[2]": null

15-10-2024T16:29:40 - [TEST_STEP][PASSED] - dynamicTestObject.addProperty("xpath", EQUALS, dynamicXpath): null

15-10-2024T16:29:40 - [TEST_STEP][PASSED] - requestIdWeb = findWebElement(dynamicTestObject, 10): Found web element by test object 

15-10-2024T16:29:41 - [MESSAGE][PASSED] - Found web element by test object 

15-10-2024T16:29:41 - [TEST_STEP][PASSED] - if (getText().equals(requestIdValue)): null

15-10-2024T16:29:41 - [TEST_STEP][PASSED] - dynamicXpath = "//table[@class='table display compact nowrap cell-border hover dataTable no-footer']/tbody/tr[" + row + "]/td[2]": null

15-10-2024T16:29:41 - [TEST_STEP][PASSED] - dynamicTestObject.addProperty("xpath", EQUALS, dynamicXpath): null

15-10-2024T16:29:41 - [TEST_STEP][PASSED] - requestIdWeb = findWebElement(dynamicTestObject, 10): Found web element by test object 

15-10-2024T16:29:41 - [MESSAGE][PASSED] - Found web element by test object 

15-10-2024T16:29:41 - [TEST_STEP][PASSED] - if (getText().equals(requestIdValue)): null

15-10-2024T16:29:41 - [TEST_STEP][PASSED] - dynamicXpath = "//table[@class='table display compact nowrap cell-border hover dataTable no-footer']/tbody/tr[" + row + "]/td[2]": null

15-10-2024T16:29:41 - [TEST_STEP][PASSED] - dynamicTestObject.addProperty("xpath", EQUALS, dynamicXpath): null

15-10-2024T16:29:41 - [TEST_STEP][PASSED] - requestIdWeb = findWebElement(dynamicTestObject, 10): Found web element by test object 

15-10-2024T16:29:41 - [MESSAGE][PASSED] - Found web element by test object 

15-10-2024T16:29:41 - [TEST_STEP][PASSED] - if (getText().equals(requestIdValue)): null

15-10-2024T16:29:41 - [TEST_STEP][PASSED] - dynamicXpath = "//table[@class='table display compact nowrap cell-border hover dataTable no-footer']/tbody/tr[" + row + "]/td[2]": null

15-10-2024T16:29:41 - [TEST_STEP][PASSED] - dynamicTestObject.addProperty("xpath", EQUALS, dynamicXpath): null

15-10-2024T16:29:41 - [TEST_STEP][PASSED] - requestIdWeb = findWebElement(dynamicTestObject, 10): Found web element by test object 

15-10-2024T16:29:42 - [MESSAGE][PASSED] - Found web element by test object 

15-10-2024T16:29:42 - [TEST_STEP][PASSED] - if (getText().equals(requestIdValue)): null

15-10-2024T16:29:42 - [TEST_STEP][PASSED] - dynamicXpath = "//table[@class='table display compact nowrap cell-border hover dataTable no-footer']/tbody/tr[" + row + "]/td[2]": null

15-10-2024T16:29:42 - [TEST_STEP][PASSED] - dynamicTestObject.addProperty("xpath", EQUALS, dynamicXpath): null

15-10-2024T16:29:42 - [TEST_STEP][PASSED] - requestIdWeb = findWebElement(dynamicTestObject, 10): Found web element by test object 

15-10-2024T16:29:42 - [MESSAGE][PASSED] - Found web element by test object 

15-10-2024T16:29:42 - [TEST_STEP][PASSED] - if (getText().equals(requestIdValue)): null

15-10-2024T16:29:42 - [TEST_STEP][PASSED] - dynamicXpath = "//table[@class='table display compact nowrap cell-border hover dataTable no-footer']/tbody/tr[" + row + "]/td[2]": null

15-10-2024T16:29:42 - [TEST_STEP][PASSED] - dynamicTestObject.addProperty("xpath", EQUALS, dynamicXpath): null

15-10-2024T16:29:42 - [TEST_STEP][PASSED] - requestIdWeb = findWebElement(dynamicTestObject, 10): Found web element by test object 

15-10-2024T16:29:42 - [MESSAGE][PASSED] - Found web element by test object 

15-10-2024T16:29:42 - [TEST_STEP][PASSED] - if (getText().equals(requestIdValue)): null

15-10-2024T16:29:42 - [TEST_STEP][PASSED] - dynamicXpath = "//table[@class='table display compact nowrap cell-border hover dataTable no-footer']/tbody/tr[" + row + "]/td[2]": null

15-10-2024T16:29:42 - [TEST_STEP][PASSED] - dynamicTestObject.addProperty("xpath", EQUALS, dynamicXpath): null

15-10-2024T16:29:42 - [TEST_STEP][PASSED] - requestIdWeb = findWebElement(dynamicTestObject, 10): Found web element by test object 

15-10-2024T16:29:42 - [MESSAGE][PASSED] - Found web element by test object 

15-10-2024T16:29:42 - [TEST_STEP][PASSED] - if (getText().equals(requestIdValue)): null

15-10-2024T16:29:42 - [TEST_STEP][PASSED] - dynamicXpath = "//table[@class='table display compact nowrap cell-border hover dataTable no-footer']/tbody/tr[" + row + "]/td[2]": null

15-10-2024T16:29:42 - [TEST_STEP][PASSED] - dynamicTestObject.addProperty("xpath", EQUALS, dynamicXpath): null

15-10-2024T16:29:42 - [TEST_STEP][PASSED] - requestIdWeb = findWebElement(dynamicTestObject, 10): Found web element by test object 

15-10-2024T16:29:43 - [MESSAGE][PASSED] - Found web element by test object 

15-10-2024T16:29:43 - [TEST_STEP][PASSED] - if (getText().equals(requestIdValue)): null

15-10-2024T16:29:43 - [TEST_STEP][PASSED] - dynamicXpath = "//table[@class='table display compact nowrap cell-border hover dataTable no-footer']/tbody/tr[" + row + "]/td[2]": null

15-10-2024T16:29:43 - [TEST_STEP][PASSED] - dynamicTestObject.addProperty("xpath", EQUALS, dynamicXpath): null

15-10-2024T16:29:43 - [TEST_STEP][PASSED] - requestIdWeb = findWebElement(dynamicTestObject, 10): Found web element by test object 

15-10-2024T16:29:43 - [MESSAGE][PASSED] - Found web element by test object 

15-10-2024T16:29:43 - [TEST_STEP][PASSED] - if (getText().equals(requestIdValue)): null

15-10-2024T16:29:43 - [TEST_STEP][PASSED] - dynamicXpath = "//table[@class='table display compact nowrap cell-border hover dataTable no-footer']/tbody/tr[" + row + "]/td[2]": null

15-10-2024T16:29:43 - [TEST_STEP][PASSED] - dynamicTestObject.addProperty("xpath", EQUALS, dynamicXpath): null

15-10-2024T16:29:43 - [TEST_STEP][PASSED] - requestIdWeb = findWebElement(dynamicTestObject, 10): Found web element by test object 

15-10-2024T16:29:43 - [MESSAGE][PASSED] - Found web element by test object 

15-10-2024T16:29:43 - [TEST_STEP][PASSED] - if (getText().equals(requestIdValue)): null

15-10-2024T16:29:43 - [TEST_STEP][PASSED] - dynamicXpath = "//table[@class='table display compact nowrap cell-border hover dataTable no-footer']/tbody/tr[" + row + "]/td[2]": null

15-10-2024T16:29:43 - [TEST_STEP][PASSED] - dynamicTestObject.addProperty("xpath", EQUALS, dynamicXpath): null

15-10-2024T16:29:43 - [TEST_STEP][PASSED] - requestIdWeb = findWebElement(dynamicTestObject, 10): Found web element by test object 

15-10-2024T16:29:43 - [MESSAGE][PASSED] - Found web element by test object 

15-10-2024T16:29:43 - [TEST_STEP][PASSED] - if (getText().equals(requestIdValue)): null

15-10-2024T16:29:43 - [TEST_STEP][PASSED] - dynamicXpath = "//table[@class='table display compact nowrap cell-border hover dataTable no-footer']/tbody/tr[" + row + "]/td[2]": null

15-10-2024T16:29:43 - [TEST_STEP][PASSED] - dynamicTestObject.addProperty("xpath", EQUALS, dynamicXpath): null

15-10-2024T16:29:43 - [TEST_STEP][PASSED] - requestIdWeb = findWebElement(dynamicTestObject, 10): Found web element by test object 

15-10-2024T16:29:44 - [MESSAGE][PASSED] - Found web element by test object 

15-10-2024T16:29:44 - [TEST_STEP][PASSED] - if (getText().equals(requestIdValue)): null

15-10-2024T16:29:44 - [TEST_STEP][PASSED] - dynamicXpath = "//table[@class='table display compact nowrap cell-border hover dataTable no-footer']/tbody/tr[" + row + "]/td[2]": null

15-10-2024T16:29:44 - [TEST_STEP][PASSED] - dynamicTestObject.addProperty("xpath", EQUALS, dynamicXpath): null

15-10-2024T16:29:44 - [TEST_STEP][PASSED] - requestIdWeb = findWebElement(dynamicTestObject, 10): Found web element by test object 

15-10-2024T16:29:44 - [MESSAGE][PASSED] - Found web element by test object 

15-10-2024T16:29:44 - [TEST_STEP][PASSED] - if (getText().equals(requestIdValue)): null

15-10-2024T16:29:44 - [TEST_STEP][PASSED] - dynamicXpath = "//table[@class='table display compact nowrap cell-border hover dataTable no-footer']/tbody/tr[" + row + "]/td[2]": null

15-10-2024T16:29:44 - [TEST_STEP][PASSED] - dynamicTestObject.addProperty("xpath", EQUALS, dynamicXpath): null

15-10-2024T16:29:44 - [TEST_STEP][PASSED] - requestIdWeb = findWebElement(dynamicTestObject, 10): Found web element by test object 

15-10-2024T16:29:44 - [MESSAGE][PASSED] - Found web element by test object 

15-10-2024T16:29:44 - [TEST_STEP][PASSED] - if (getText().equals(requestIdValue)): null

15-10-2024T16:29:44 - [TEST_STEP][PASSED] - dynamicXpath = "//table[@class='table display compact nowrap cell-border hover dataTable no-footer']/tbody/tr[" + row + "]/td[2]": null

15-10-2024T16:29:44 - [TEST_STEP][PASSED] - dynamicTestObject.addProperty("xpath", EQUALS, dynamicXpath): null

15-10-2024T16:29:44 - [TEST_STEP][PASSED] - requestIdWeb = findWebElement(dynamicTestObject, 10): Found web element by test object 

15-10-2024T16:29:45 - [MESSAGE][PASSED] - Found web element by test object 

15-10-2024T16:29:45 - [TEST_STEP][PASSED] - if (getText().equals(requestIdValue)): null

15-10-2024T16:29:45 - [TEST_STEP][PASSED] - dynamicXpath = "//table[@class='table display compact nowrap cell-border hover dataTable no-footer']/tbody/tr[" + row + "]/td[2]": null

15-10-2024T16:29:45 - [TEST_STEP][PASSED] - dynamicTestObject.addProperty("xpath", EQUALS, dynamicXpath): null

15-10-2024T16:29:45 - [TEST_STEP][PASSED] - requestIdWeb = findWebElement(dynamicTestObject, 10): Found web element by test object 

15-10-2024T16:29:45 - [MESSAGE][PASSED] - Found web element by test object 

15-10-2024T16:29:45 - [TEST_STEP][PASSED] - if (getText().equals(requestIdValue)): null

15-10-2024T16:29:45 - [TEST_STEP][PASSED] - dynamicXpath = "//table[@class='table display compact nowrap cell-border hover dataTable no-footer']/tbody/tr[" + row + "]/td[2]": null

15-10-2024T16:29:45 - [TEST_STEP][PASSED] - dynamicTestObject.addProperty("xpath", EQUALS, dynamicXpath): null

15-10-2024T16:29:45 - [TEST_STEP][PASSED] - requestIdWeb = findWebElement(dynamicTestObject, 10): Found web element by test object 

15-10-2024T16:29:45 - [MESSAGE][PASSED] - Found web element by test object 

15-10-2024T16:29:45 - [TEST_STEP][PASSED] - if (getText().equals(requestIdValue)): null

15-10-2024T16:29:45 - [TEST_STEP][PASSED] - dynamicXpath = "//table[@class='table display compact nowrap cell-border hover dataTable no-footer']/tbody/tr[" + row + "]/td[2]": null

15-10-2024T16:29:45 - [TEST_STEP][PASSED] - dynamicTestObject.addProperty("xpath", EQUALS, dynamicXpath): null

15-10-2024T16:29:45 - [TEST_STEP][PASSED] - requestIdWeb = findWebElement(dynamicTestObject, 10): Found web element by test object 

15-10-2024T16:29:45 - [MESSAGE][PASSED] - Found web element by test object 

15-10-2024T16:29:45 - [TEST_STEP][PASSED] - if (getText().equals(requestIdValue)): null

15-10-2024T16:29:45 - [TEST_STEP][PASSED] - dynamicXpath = "//table[@class='table display compact nowrap cell-border hover dataTable no-footer']/tbody/tr[" + row + "]/td[2]": null

15-10-2024T16:29:45 - [TEST_STEP][PASSED] - dynamicTestObject.addProperty("xpath", EQUALS, dynamicXpath): null

15-10-2024T16:29:45 - [TEST_STEP][PASSED] - requestIdWeb = findWebElement(dynamicTestObject, 10): Found web element by test object 

15-10-2024T16:29:46 - [MESSAGE][PASSED] - Found web element by test object 

15-10-2024T16:29:46 - [TEST_STEP][PASSED] - if (getText().equals(requestIdValue)): null

15-10-2024T16:29:46 - [TEST_STEP][PASSED] - dynamicXpath = "//table[@class='table display compact nowrap cell-border hover dataTable no-footer']/tbody/tr[" + row + "]/td[2]": null

15-10-2024T16:29:46 - [TEST_STEP][PASSED] - dynamicTestObject.addProperty("xpath", EQUALS, dynamicXpath): null

15-10-2024T16:29:46 - [TEST_STEP][PASSED] - requestIdWeb = findWebElement(dynamicTestObject, 10): Found web element by test object 

15-10-2024T16:29:46 - [MESSAGE][PASSED] - Found web element by test object 

15-10-2024T16:29:46 - [TEST_STEP][PASSED] - if (getText().equals(requestIdValue)): null

15-10-2024T16:29:46 - [TEST_STEP][PASSED] - dynamicXpath = "//table[@class='table display compact nowrap cell-border hover dataTable no-footer']/tbody/tr[" + row + "]/td[2]": null

15-10-2024T16:29:46 - [TEST_STEP][PASSED] - dynamicTestObject.addProperty("xpath", EQUALS, dynamicXpath): null

15-10-2024T16:29:46 - [TEST_STEP][PASSED] - requestIdWeb = findWebElement(dynamicTestObject, 10): Found web element by test object 

15-10-2024T16:29:46 - [MESSAGE][PASSED] - Found web element by test object 

15-10-2024T16:29:46 - [TEST_STEP][PASSED] - if (getText().equals(requestIdValue)): null

15-10-2024T16:29:46 - [TEST_STEP][PASSED] - dynamicXpath = "//table[@class='table display compact nowrap cell-border hover dataTable no-footer']/tbody/tr[" + row + "]/td[2]": null

15-10-2024T16:29:46 - [TEST_STEP][PASSED] - dynamicTestObject.addProperty("xpath", EQUALS, dynamicXpath): null

15-10-2024T16:29:46 - [TEST_STEP][PASSED] - requestIdWeb = findWebElement(dynamicTestObject, 10): Found web element by test object 

15-10-2024T16:29:47 - [MESSAGE][PASSED] - Found web element by test object 

15-10-2024T16:29:47 - [TEST_STEP][PASSED] - if (getText().equals(requestIdValue)): null

15-10-2024T16:29:47 - [TEST_STEP][PASSED] - dynamicXpath = "//table[@class='table display compact nowrap cell-border hover dataTable no-footer']/tbody/tr[" + row + "]/td[2]": null

15-10-2024T16:29:47 - [TEST_STEP][PASSED] - dynamicTestObject.addProperty("xpath", EQUALS, dynamicXpath): null

15-10-2024T16:29:47 - [TEST_STEP][PASSED] - requestIdWeb = findWebElement(dynamicTestObject, 10): Found web element by test object 

15-10-2024T16:29:47 - [MESSAGE][PASSED] - Found web element by test object 

15-10-2024T16:29:47 - [TEST_STEP][PASSED] - if (getText().equals(requestIdValue)): null

15-10-2024T16:29:47 - [TEST_STEP][PASSED] - dynamicXpath = "//table[@class='table display compact nowrap cell-border hover dataTable no-footer']/tbody/tr[" + row + "]/td[2]": null

15-10-2024T16:29:47 - [TEST_STEP][PASSED] - dynamicTestObject.addProperty("xpath", EQUALS, dynamicXpath): null

15-10-2024T16:29:47 - [TEST_STEP][PASSED] - requestIdWeb = findWebElement(dynamicTestObject, 10): Found web element by test object 

15-10-2024T16:29:47 - [MESSAGE][PASSED] - Found web element by test object 

15-10-2024T16:29:47 - [TEST_STEP][PASSED] - if (getText().equals(requestIdValue)): null

15-10-2024T16:29:47 - [TEST_STEP][PASSED] - dynamicXpath = "//table[@class='table display compact nowrap cell-border hover dataTable no-footer']/tbody/tr[" + row + "]/td[2]": null

15-10-2024T16:29:47 - [TEST_STEP][PASSED] - dynamicTestObject.addProperty("xpath", EQUALS, dynamicXpath): null

15-10-2024T16:29:47 - [TEST_STEP][PASSED] - requestIdWeb = findWebElement(dynamicTestObject, 10): Found web element by test object 

15-10-2024T16:29:47 - [MESSAGE][PASSED] - Found web element by test object 

15-10-2024T16:29:47 - [TEST_STEP][PASSED] - if (getText().equals(requestIdValue)): null

15-10-2024T16:29:47 - [TEST_STEP][PASSED] - dynamicXpath = "//table[@class='table display compact nowrap cell-border hover dataTable no-footer']/tbody/tr[" + row + "]/td[2]": null

15-10-2024T16:29:47 - [TEST_STEP][PASSED] - dynamicTestObject.addProperty("xpath", EQUALS, dynamicXpath): null

15-10-2024T16:29:47 - [TEST_STEP][PASSED] - requestIdWeb = findWebElement(dynamicTestObject, 10): Found web element by test object 

15-10-2024T16:29:48 - [MESSAGE][PASSED] - Found web element by test object 

15-10-2024T16:29:48 - [TEST_STEP][PASSED] - if (getText().equals(requestIdValue)): null

15-10-2024T16:29:48 - [TEST_STEP][PASSED] - dynamicXpath = "//table[@class='table display compact nowrap cell-border hover dataTable no-footer']/tbody/tr[" + row + "]/td[2]": null

15-10-2024T16:29:48 - [TEST_STEP][PASSED] - dynamicTestObject.addProperty("xpath", EQUALS, dynamicXpath): null

15-10-2024T16:29:48 - [TEST_STEP][PASSED] - requestIdWeb = findWebElement(dynamicTestObject, 10): Found web element by test object 

15-10-2024T16:29:48 - [MESSAGE][PASSED] - Found web element by test object 

15-10-2024T16:29:48 - [TEST_STEP][PASSED] - if (getText().equals(requestIdValue)): null

15-10-2024T16:29:48 - [TEST_STEP][PASSED] - dynamicXpath = "//table[@class='table display compact nowrap cell-border hover dataTable no-footer']/tbody/tr[" + row + "]/td[2]": null

15-10-2024T16:29:48 - [TEST_STEP][PASSED] - dynamicTestObject.addProperty("xpath", EQUALS, dynamicXpath): null

15-10-2024T16:29:48 - [TEST_STEP][PASSED] - requestIdWeb = findWebElement(dynamicTestObject, 10): Found web element by test object 

15-10-2024T16:29:48 - [MESSAGE][PASSED] - Found web element by test object 

15-10-2024T16:29:48 - [TEST_STEP][PASSED] - if (getText().equals(requestIdValue)): null

15-10-2024T16:29:48 - [TEST_STEP][PASSED] - dynamicXpath = "//table[@class='table display compact nowrap cell-border hover dataTable no-footer']/tbody/tr[" + row + "]/td[2]": null

15-10-2024T16:29:48 - [TEST_STEP][PASSED] - dynamicTestObject.addProperty("xpath", EQUALS, dynamicXpath): null

15-10-2024T16:29:48 - [TEST_STEP][PASSED] - requestIdWeb = findWebElement(dynamicTestObject, 10): Found web element by test object 

15-10-2024T16:29:48 - [MESSAGE][PASSED] - Found web element by test object 

15-10-2024T16:29:48 - [TEST_STEP][PASSED] - if (getText().equals(requestIdValue)): null

15-10-2024T16:29:48 - [TEST_STEP][PASSED] - dynamicXpath = "//table[@class='table display compact nowrap cell-border hover dataTable no-footer']/tbody/tr[" + row + "]/td[2]": null

15-10-2024T16:29:48 - [TEST_STEP][PASSED] - dynamicTestObject.addProperty("xpath", EQUALS, dynamicXpath): null

15-10-2024T16:29:48 - [TEST_STEP][PASSED] - requestIdWeb = findWebElement(dynamicTestObject, 10): Found web element by test object 

15-10-2024T16:29:49 - [MESSAGE][PASSED] - Found web element by test object 

15-10-2024T16:29:49 - [TEST_STEP][PASSED] - if (getText().equals(requestIdValue)): null

15-10-2024T16:29:49 - [TEST_STEP][PASSED] - dynamicXpath = "//table[@class='table display compact nowrap cell-border hover dataTable no-footer']/tbody/tr[" + row + "]/td[2]": null

15-10-2024T16:29:49 - [TEST_STEP][PASSED] - dynamicTestObject.addProperty("xpath", EQUALS, dynamicXpath): null

15-10-2024T16:29:49 - [TEST_STEP][PASSED] - requestIdWeb = findWebElement(dynamicTestObject, 10): Found web element by test object 

15-10-2024T16:29:49 - [MESSAGE][PASSED] - Found web element by test object 

15-10-2024T16:29:49 - [TEST_STEP][PASSED] - if (getText().equals(requestIdValue)): null

15-10-2024T16:29:49 - [TEST_STEP][PASSED] - dynamicXpath = "//table[@class='table display compact nowrap cell-border hover dataTable no-footer']/tbody/tr[" + row + "]/td[2]": null

15-10-2024T16:29:49 - [TEST_STEP][PASSED] - dynamicTestObject.addProperty("xpath", EQUALS, dynamicXpath): null

15-10-2024T16:29:49 - [TEST_STEP][PASSED] - requestIdWeb = findWebElement(dynamicTestObject, 10): Found web element by test object 

15-10-2024T16:29:49 - [MESSAGE][PASSED] - Found web element by test object 

15-10-2024T16:29:49 - [TEST_STEP][PASSED] - if (getText().equals(requestIdValue)): null

15-10-2024T16:29:49 - [TEST_STEP][PASSED] - dynamicXpath = "//table[@class='table display compact nowrap cell-border hover dataTable no-footer']/tbody/tr[" + row + "]/td[2]": null

15-10-2024T16:29:49 - [TEST_STEP][PASSED] - dynamicTestObject.addProperty("xpath", EQUALS, dynamicXpath): null

15-10-2024T16:29:49 - [TEST_STEP][PASSED] - requestIdWeb = findWebElement(dynamicTestObject, 10): Found web element by test object 

15-10-2024T16:29:50 - [MESSAGE][PASSED] - Found web element by test object 

15-10-2024T16:29:50 - [TEST_STEP][PASSED] - if (getText().equals(requestIdValue)): null

15-10-2024T16:29:50 - [TEST_STEP][PASSED] - dynamicXpath = "//table[@class='table display compact nowrap cell-border hover dataTable no-footer']/tbody/tr[" + row + "]/td[2]": null

15-10-2024T16:29:50 - [TEST_STEP][PASSED] - dynamicTestObject.addProperty("xpath", EQUALS, dynamicXpath): null

15-10-2024T16:29:50 - [TEST_STEP][PASSED] - requestIdWeb = findWebElement(dynamicTestObject, 10): Found web element by test object 

15-10-2024T16:29:50 - [MESSAGE][PASSED] - Found web element by test object 

15-10-2024T16:29:50 - [TEST_STEP][PASSED] - if (getText().equals(requestIdValue)): null

15-10-2024T16:29:50 - [TEST_STEP][PASSED] - dynamicXpath = "//table[@class='table display compact nowrap cell-border hover dataTable no-footer']/tbody/tr[" + row + "]/td[2]": null

15-10-2024T16:29:50 - [TEST_STEP][PASSED] - dynamicTestObject.addProperty("xpath", EQUALS, dynamicXpath): null

15-10-2024T16:29:50 - [TEST_STEP][PASSED] - requestIdWeb = findWebElement(dynamicTestObject, 10): Found web element by test object 

15-10-2024T16:29:50 - [MESSAGE][PASSED] - Found web element by test object 

15-10-2024T16:29:50 - [TEST_STEP][PASSED] - if (getText().equals(requestIdValue)): null

15-10-2024T16:29:50 - [TEST_STEP][PASSED] - dynamicXpath = "//table[@class='table display compact nowrap cell-border hover dataTable no-footer']/tbody/tr[" + row + "]/td[2]": null

15-10-2024T16:29:50 - [TEST_STEP][PASSED] - dynamicTestObject.addProperty("xpath", EQUALS, dynamicXpath): null

15-10-2024T16:29:50 - [TEST_STEP][PASSED] - requestIdWeb = findWebElement(dynamicTestObject, 10): Found web element by test object 

15-10-2024T16:29:51 - [MESSAGE][PASSED] - Found web element by test object 

15-10-2024T16:29:51 - [TEST_STEP][PASSED] - if (getText().equals(requestIdValue)): null

15-10-2024T16:29:51 - [TEST_STEP][PASSED] - dynamicXpath = "//table[@class='table display compact nowrap cell-border hover dataTable no-footer']/tbody/tr[" + row + "]/td[2]": null

15-10-2024T16:29:51 - [TEST_STEP][PASSED] - dynamicTestObject.addProperty("xpath", EQUALS, dynamicXpath): null

15-10-2024T16:29:51 - [TEST_STEP][PASSED] - requestIdWeb = findWebElement(dynamicTestObject, 10): Found web element by test object 

15-10-2024T16:29:51 - [MESSAGE][PASSED] - Found web element by test object 

15-10-2024T16:29:51 - [TEST_STEP][PASSED] - if (getText().equals(requestIdValue)): null

15-10-2024T16:29:51 - [TEST_STEP][PASSED] - dynamicXpath = "//table[@class='table display compact nowrap cell-border hover dataTable no-footer']/tbody/tr[" + row + "]/td[2]": null

15-10-2024T16:29:51 - [TEST_STEP][PASSED] - dynamicTestObject.addProperty("xpath", EQUALS, dynamicXpath): null

15-10-2024T16:29:51 - [TEST_STEP][PASSED] - requestIdWeb = findWebElement(dynamicTestObject, 10): Found web element by test object 

15-10-2024T16:29:51 - [MESSAGE][PASSED] - Found web element by test object 

15-10-2024T16:29:51 - [TEST_STEP][PASSED] - if (getText().equals(requestIdValue)): null

15-10-2024T16:29:51 - [TEST_STEP][PASSED] - dynamicXpath = "//table[@class='table display compact nowrap cell-border hover dataTable no-footer']/tbody/tr[" + row + "]/td[2]": null

15-10-2024T16:29:51 - [TEST_STEP][PASSED] - dynamicTestObject.addProperty("xpath", EQUALS, dynamicXpath): null

15-10-2024T16:29:51 - [TEST_STEP][PASSED] - requestIdWeb = findWebElement(dynamicTestObject, 10): Found web element by test object 

15-10-2024T16:29:52 - [MESSAGE][PASSED] - Found web element by test object 

15-10-2024T16:29:52 - [TEST_STEP][PASSED] - if (getText().equals(requestIdValue)): null

15-10-2024T16:29:52 - [TEST_STEP][PASSED] - dynamicXpath = "//table[@class='table display compact nowrap cell-border hover dataTable no-footer']/tbody/tr[" + row + "]/td[2]": null

15-10-2024T16:29:52 - [TEST_STEP][PASSED] - dynamicTestObject.addProperty("xpath", EQUALS, dynamicXpath): null

15-10-2024T16:29:52 - [TEST_STEP][PASSED] - requestIdWeb = findWebElement(dynamicTestObject, 10): Found web element by test object 

15-10-2024T16:29:52 - [MESSAGE][PASSED] - Found web element by test object 

15-10-2024T16:29:52 - [TEST_STEP][PASSED] - if (getText().equals(requestIdValue)): null

15-10-2024T16:29:52 - [TEST_STEP][PASSED] - dynamicXpath = "//table[@class='table display compact nowrap cell-border hover dataTable no-footer']/tbody/tr[" + row + "]/td[2]": null

15-10-2024T16:29:52 - [TEST_STEP][PASSED] - dynamicTestObject.addProperty("xpath", EQUALS, dynamicXpath): null

15-10-2024T16:29:52 - [TEST_STEP][PASSED] - requestIdWeb = findWebElement(dynamicTestObject, 10): Found web element by test object 

15-10-2024T16:29:52 - [MESSAGE][PASSED] - Found web element by test object 

15-10-2024T16:29:52 - [TEST_STEP][PASSED] - if (getText().equals(requestIdValue)): null

15-10-2024T16:29:52 - [TEST_STEP][PASSED] - dynamicXpath = "//table[@class='table display compact nowrap cell-border hover dataTable no-footer']/tbody/tr[" + row + "]/td[2]": null

15-10-2024T16:29:52 - [TEST_STEP][PASSED] - dynamicTestObject.addProperty("xpath", EQUALS, dynamicXpath): null

15-10-2024T16:29:52 - [TEST_STEP][PASSED] - requestIdWeb = findWebElement(dynamicTestObject, 10): Found web element by test object 

15-10-2024T16:29:52 - [MESSAGE][PASSED] - Found web element by test object 

15-10-2024T16:29:52 - [TEST_STEP][PASSED] - if (getText().equals(requestIdValue)): null

15-10-2024T16:29:52 - [TEST_STEP][PASSED] - dynamicXpath = "//table[@class='table display compact nowrap cell-border hover dataTable no-footer']/tbody/tr[" + row + "]/td[2]": null

15-10-2024T16:29:52 - [TEST_STEP][PASSED] - dynamicTestObject.addProperty("xpath", EQUALS, dynamicXpath): null

15-10-2024T16:29:52 - [TEST_STEP][PASSED] - requestIdWeb = findWebElement(dynamicTestObject, 10): Found web element by test object 

15-10-2024T16:29:53 - [MESSAGE][PASSED] - Found web element by test object 

15-10-2024T16:29:53 - [TEST_STEP][PASSED] - if (getText().equals(requestIdValue)): null

15-10-2024T16:29:53 - [TEST_STEP][PASSED] - dynamicXpath = "//table[@class='table display compact nowrap cell-border hover dataTable no-footer']/tbody/tr[" + row + "]/td[2]": null

15-10-2024T16:29:53 - [TEST_STEP][PASSED] - dynamicTestObject.addProperty("xpath", EQUALS, dynamicXpath): null

15-10-2024T16:29:53 - [TEST_STEP][PASSED] - requestIdWeb = findWebElement(dynamicTestObject, 10): Found web element by test object 

15-10-2024T16:29:53 - [MESSAGE][PASSED] - Found web element by test object 

15-10-2024T16:29:53 - [TEST_STEP][PASSED] - if (getText().equals(requestIdValue)): null

15-10-2024T16:29:53 - [TEST_STEP][PASSED] - dynamicXpath = "//table[@class='table display compact nowrap cell-border hover dataTable no-footer']/tbody/tr[" + row + "]/td[2]": null

15-10-2024T16:29:53 - [TEST_STEP][PASSED] - dynamicTestObject.addProperty("xpath", EQUALS, dynamicXpath): null

15-10-2024T16:29:53 - [TEST_STEP][PASSED] - requestIdWeb = findWebElement(dynamicTestObject, 10): Found web element by test object 

15-10-2024T16:29:53 - [MESSAGE][PASSED] - Found web element by test object 

15-10-2024T16:29:53 - [TEST_STEP][PASSED] - if (getText().equals(requestIdValue)): null

15-10-2024T16:29:53 - [TEST_STEP][PASSED] - dynamicXpathRefundFop = "//table[@class='table display compact nowrap cell-border hover dataTable no-footer']/tbody/tr[" + row + "]/td[11]": null

15-10-2024T16:29:53 - [TEST_STEP][PASSED] - dynamicXpathRefundAmount = "//table[@class='table display compact nowrap cell-border hover dataTable no-footer']/tbody/tr[" + row + "]/td[9]": null

15-10-2024T16:29:53 - [TEST_STEP][PASSED] - dynamicTestObject.addProperty("xpath", EQUALS, dynamicXpathRefundFop): null

15-10-2024T16:29:53 - [TEST_STEP][PASSED] - fopWebElement = findWebElement(dynamicTestObject, 10): Found web element by test object 

15-10-2024T16:29:53 - [MESSAGE][PASSED] - Found web element by test object 

15-10-2024T16:29:53 - [TEST_STEP][PASSED] - refundFopPaidLocally_web = fopWebElement.getText(): null

15-10-2024T16:29:53 - [TEST_STEP][PASSED] - println(refundFopPaidLocally_web): null

15-10-2024T16:29:53 - [TEST_STEP][PASSED] - dynamicTestObject.addProperty("xpath", EQUALS, dynamicXpathRefundAmount): null

15-10-2024T16:29:53 - [TEST_STEP][PASSED] - refundAmountWebElement = findWebElement(dynamicTestObject, 10): Found web element by test object 

15-10-2024T16:29:54 - [MESSAGE][PASSED] - Found web element by test object 

15-10-2024T16:29:54 - [TEST_STEP][PASSED] - refundAmount_web = refundAmountWebElement.getText(): null

15-10-2024T16:29:54 - [TEST_STEP][PASSED] - doubleValue1 = Double.parseDouble(refundAmount_web): null

15-10-2024T16:29:54 - [TEST_STEP][PASSED] - refundAmount_int = doubleValue1: null

15-10-2024T16:29:54 - [TEST_STEP][PASSED] - refundAmount_web = refundAmount_int.toString(): null

15-10-2024T16:29:54 - [TEST_STEP][PASSED] - println(refundAmount_web): null

15-10-2024T16:29:54 - [TEST_STEP][PASSED] - break: null

15-10-2024T16:29:54 - [TEST_STEP][PASSED] - verifyMatch(refundFopPaidLocally_web, fop_types_dbValue, true, CONTINUE_ON_FAILURE): Actual text 'CA' and expected text 'CA' are matched  using regular expression

15-10-2024T16:29:54 - [MESSAGE][PASSED] - Actual text 'CA' and expected text 'CA' are matched  using regular expression

15-10-2024T16:29:54 - [TEST_STEP][PASSED] - verifyMatch(refundAmount_web, paid_amount_dbValue, true, CONTINUE_ON_FAILURE): Actual text '3000' and expected text '3000' are matched  using regular expression

15-10-2024T16:29:54 - [MESSAGE][PASSED] - Actual text '3000' and expected text '3000' are matched  using regular expression

15-10-2024T16:29:54 - [TEST_STEP][PASSED] - closeBrowser(): Browser is closed

15-10-2024T16:29:55 - [MESSAGE][PASSED] - Browser is closed]]></system-out>
         <system-err><![CDATA[]]></system-err>
      </testcase>
      <testcase name="Test Cases/MOZ-10510/TC 9_MOZ_11450 Verifies that the internal configuration in the database is correctly set up to define the form of payments visible in the Local Settlements module" time="65.49" classname="Test Cases/MOZ-10510/TC 9_MOZ_11450 Verifies that the internal configuration in the database is correctly set up to define the form of payments visible in the Local Settlements module" status="PASSED">
         <system-out><![CDATA[15-10-2024T16:29:55 - [TEST_CASE][PASSED] - Test Cases/MOZ-10510/TC 9_MOZ_11450 Verifies that the internal configuration in the database is correctly set up to define the form of payments visible in the Local Settlements module: Test Cases/MOZ-10510/TC 9_MOZ_11450 Verifies that the internal configuration in the database is correctly set up to define the form of payments visible in the Local Settlements module

15-10-2024T16:29:56 - [TEST_STEP][PASSED] - Table_md_rfnd_local_settlement = database.DatabaseUtils.checkTableExists("md_rfnd_local_settlement"): database.DatabaseUtils.checkTableExists is PASSED

15-10-2024T16:30:00 - [MESSAGE][INFO] - Table md_rfnd_local_settlement exists.

15-10-2024T16:30:00 - [MESSAGE][PASSED] - database.DatabaseUtils.checkTableExists is PASSED

15-10-2024T16:30:00 - [TEST_STEP][PASSED] - verifyEqual(Table_md_rfnd_local_settlement, true, CONTINUE_ON_FAILURE): Actual object 'true' and expected object 'true' are equal

15-10-2024T16:30:00 - [MESSAGE][PASSED] - Actual object 'true' and expected object 'true' are equal

15-10-2024T16:30:00 - [TEST_STEP][PASSED] - Column_paid_locally = database.DatabaseUtils.checkColumnExist("mc_fop_types", "paid_locally"): database.DatabaseUtils.checkColumnExist is PASSED

15-10-2024T16:30:03 - [MESSAGE][PASSED] - database.DatabaseUtils.checkColumnExist is PASSED

15-10-2024T16:30:03 - [TEST_STEP][PASSED] - verifyEqual(Column_paid_locally, true, CONTINUE_ON_FAILURE): Actual object 'true' and expected object 'true' are equal

15-10-2024T16:30:03 - [MESSAGE][PASSED] - Actual object 'true' and expected object 'true' are equal

15-10-2024T16:30:03 - [TEST_STEP][PASSED] - rowCount = database.DatabaseUtils.getRowCount("select * from bdmozart.mc_fop_types where paid_locally = 't'"): database.DatabaseUtils.getRowCount is PASSED

15-10-2024T16:30:06 - [MESSAGE][PASSED] - database.DatabaseUtils.getRowCount is PASSED

15-10-2024T16:30:06 - [TEST_STEP][PASSED] - DataBaseEnableFopList = new java.util.ArrayList(): null

15-10-2024T16:30:06 - [TEST_STEP][PASSED] - FilterFopList = new java.util.ArrayList(): null

15-10-2024T16:30:06 - [TEST_STEP][PASSED] - for ([i = 1, i <= rowCount, (i++)]): null

15-10-2024T16:30:06 - [TEST_STEP][PASSED] - enableFop = database.DatabaseUtils.executeQuery("select * from bdmozart.mc_fop_types where paid_locally = 't'", "fop_type", i): database.DatabaseUtils.executeQuery is PASSED

15-10-2024T16:30:09 - [MESSAGE][PASSED] - database.DatabaseUtils.executeQuery is PASSED

15-10-2024T16:30:09 - [TEST_STEP][PASSED] - println(enableFop): null

15-10-2024T16:30:09 - [TEST_STEP][PASSED] - DataBaseEnableFopList.add(enableFop): null

15-10-2024T16:30:09 - [TEST_STEP][PASSED] - enableFop = database.DatabaseUtils.executeQuery("select * from bdmozart.mc_fop_types where paid_locally = 't'", "fop_type", i): database.DatabaseUtils.executeQuery is PASSED

15-10-2024T16:30:12 - [MESSAGE][PASSED] - database.DatabaseUtils.executeQuery is PASSED

15-10-2024T16:30:12 - [TEST_STEP][PASSED] - println(enableFop): null

15-10-2024T16:30:12 - [TEST_STEP][PASSED] - DataBaseEnableFopList.add(enableFop): null

15-10-2024T16:30:12 - [TEST_STEP][PASSED] - enableFop = database.DatabaseUtils.executeQuery("select * from bdmozart.mc_fop_types where paid_locally = 't'", "fop_type", i): database.DatabaseUtils.executeQuery is PASSED

15-10-2024T16:30:15 - [MESSAGE][PASSED] - database.DatabaseUtils.executeQuery is PASSED

15-10-2024T16:30:15 - [TEST_STEP][PASSED] - println(enableFop): null

15-10-2024T16:30:15 - [TEST_STEP][PASSED] - DataBaseEnableFopList.add(enableFop): null

15-10-2024T16:30:15 - [TEST_STEP][PASSED] - enableFop = database.DatabaseUtils.executeQuery("select * from bdmozart.mc_fop_types where paid_locally = 't'", "fop_type", i): database.DatabaseUtils.executeQuery is PASSED

15-10-2024T16:30:18 - [MESSAGE][PASSED] - database.DatabaseUtils.executeQuery is PASSED

15-10-2024T16:30:18 - [TEST_STEP][PASSED] - println(enableFop): null

15-10-2024T16:30:18 - [TEST_STEP][PASSED] - DataBaseEnableFopList.add(enableFop): null

15-10-2024T16:30:18 - [TEST_STEP][PASSED] - enableFop = database.DatabaseUtils.executeQuery("select * from bdmozart.mc_fop_types where paid_locally = 't'", "fop_type", i): database.DatabaseUtils.executeQuery is PASSED

15-10-2024T16:30:22 - [MESSAGE][PASSED] - database.DatabaseUtils.executeQuery is PASSED

15-10-2024T16:30:22 - [TEST_STEP][PASSED] - println(enableFop): null

15-10-2024T16:30:22 - [TEST_STEP][PASSED] - DataBaseEnableFopList.add(enableFop): null

15-10-2024T16:30:22 - [TEST_STEP][PASSED] - demoPackage.MozartLogin.LoginWithChromeForEK(): demoPackage.MozartLogin.LoginWithChromeForEK is PASSED

15-10-2024T16:30:22 - [MESSAGE][INFO] - Starting 'Chrome' driver

15-10-2024T16:30:22 - [MESSAGE][INFO] - Action delay is set to 0 milliseconds

15-10-2024T16:30:23 - [MESSAGE][PASSED] - Browser is opened with url: ''

15-10-2024T16:30:24 - [MESSAGE][PASSED] - Navigate to 'https://accelyacomtest.accelya.local/MozartTest/AirlinesHub/Index' successfully

15-10-2024T16:30:24 - [MESSAGE][PASSED] - Current window maximized

15-10-2024T16:30:24 - [MESSAGE][PASSED] - Object: 'Object Repository/Demo/MozartChrome/ChromeAdvance/ClickOnAdvanceButton' is clicked on

15-10-2024T16:30:36 - [MESSAGE][PASSED] - Object: 'Object Repository/Demo/MozartChrome/ChromeAdvance/ProccedLink' is clicked on

15-10-2024T16:30:36 - [MESSAGE][PASSED] - Text 'supermozart' is set on object 'Object Repository/Demo/MozartChrome/Page_/input_Username_Login'

15-10-2024T16:30:37 - [MESSAGE][PASSED] - Object: 'Object Repository/Demo/MozartChrome/Page_/button_Next' is clicked on

15-10-2024T16:30:38 - [MESSAGE][PASSED] - Text 'Accelya.1' is set on object 'Object Repository/Demo/MozartChrome/Page_/input_Password_Password'

15-10-2024T16:30:38 - [MESSAGE][PASSED] - Object: 'Object Repository/Demo/MozartChrome/Page_/button_Sign in' is clicked on

15-10-2024T16:30:42 - [MESSAGE][PASSED] - Object: 'Object Repository/Demo/MozartChrome/Page_Mozart - AirlinesHub/button_Please select' is clicked on

15-10-2024T16:30:42 - [MESSAGE][PASSED] - Object: 'Object Repository/EK_Objects/Page_Mozart - AirlinesHub/a_176 Emirates' is clicked on

15-10-2024T16:30:47 - [MESSAGE][PASSED] - Object: 'Object Repository/Demo/MozartChrome/Page_Mozart - AirlinesHub/a_Select' is clicked on

15-10-2024T16:30:47 - [MESSAGE][PASSED] - demoPackage.MozartLogin.LoginWithChromeForEK is PASSED

15-10-2024T16:30:47 - [TEST_STEP][PASSED] - click(findTestObject("EK_Objects/Page_Mozart - Dashboard/a_Refunds")): Object: 'Object Repository/EK_Objects/Page_Mozart - Dashboard/a_Refunds' is clicked on

15-10-2024T16:30:51 - [MESSAGE][PASSED] - Object: 'Object Repository/EK_Objects/Page_Mozart - Dashboard/a_Refunds' is clicked on

15-10-2024T16:30:51 - [TEST_STEP][PASSED] - click(findTestObject("EK_Objects/Page_Mozart - Dashboard/Click_On_Local_Settlements")): Object: 'Object Repository/EK_Objects/Page_Mozart - Dashboard/Click_On_Local_Settlements' is clicked on

15-10-2024T16:30:54 - [MESSAGE][PASSED] - Object: 'Object Repository/EK_Objects/Page_Mozart - Dashboard/Click_On_Local_Settlements' is clicked on

15-10-2024T16:30:54 - [TEST_STEP][PASSED] - click(findTestObject("EK_Objects/Page_Mozart - LocalSettlements/filter_button")): Object: 'Object Repository/EK_Objects/Page_Mozart - LocalSettlements/filter_button' is clicked on

15-10-2024T16:30:57 - [MESSAGE][PASSED] - Object: 'Object Repository/EK_Objects/Page_Mozart - LocalSettlements/filter_button' is clicked on

15-10-2024T16:30:57 - [TEST_STEP][PASSED] - click(findTestObject("Object Repository/EK_Objects/Page_Mozart - LocalSettlements/textbox_filter_r2_c3")): Object: 'Object Repository/EK_Objects/Page_Mozart - LocalSettlements/textbox_filter_r2_c3' is clicked on

15-10-2024T16:30:57 - [MESSAGE][PASSED] - Object: 'Object Repository/EK_Objects/Page_Mozart - LocalSettlements/textbox_filter_r2_c3' is clicked on

15-10-2024T16:30:57 - [TEST_STEP][PASSED] - FopValues = findWebElements(findTestObject("EK_Objects/Page_Mozart - LocalSettlements/filter_RefundFopPaidLocally_values"), 10): Found web elements by test object Object Repository/EK_Objects/Page_Mozart - LocalSettlements/filter_RefundFopPaidLocally_values

15-10-2024T16:30:58 - [MESSAGE][PASSED] - Found web elements by test object Object Repository/EK_Objects/Page_Mozart - LocalSettlements/filter_RefundFopPaidLocally_values

15-10-2024T16:30:58 - [TEST_STEP][PASSED] - dynamicTestObject = new com.kms.katalon.core.testobject.TestObject(): null

15-10-2024T16:30:58 - [TEST_STEP][PASSED] - println(FopValues.size()): null

15-10-2024T16:30:58 - [TEST_STEP][PASSED] - for ([row = 1, row <= FopValues.size(), (row++)]): null

15-10-2024T16:30:58 - [TEST_STEP][PASSED] - dynamicXPath = "(//div[@id='bs-select-16']/ul[@class='dropdown-menu inner show']/li)[" + row + "]": null

15-10-2024T16:30:58 - [TEST_STEP][PASSED] - dynamicTestObject.addProperty("xpath", EQUALS, dynamicXPath): null

15-10-2024T16:30:58 - [TEST_STEP][PASSED] - editButtonElement = findWebElement(dynamicTestObject, 10): Found web element by test object 

15-10-2024T16:30:58 - [MESSAGE][PASSED] - Found web element by test object 

15-10-2024T16:30:58 - [TEST_STEP][PASSED] - FilterFopList.add(editButtonElement.getText()): null

15-10-2024T16:30:58 - [TEST_STEP][PASSED] - println(editButtonElement.getText()): null

15-10-2024T16:30:58 - [TEST_STEP][PASSED] - dynamicXPath = "(//div[@id='bs-select-16']/ul[@class='dropdown-menu inner show']/li)[" + row + "]": null

15-10-2024T16:30:58 - [TEST_STEP][PASSED] - dynamicTestObject.addProperty("xpath", EQUALS, dynamicXPath): null

15-10-2024T16:30:58 - [TEST_STEP][PASSED] - editButtonElement = findWebElement(dynamicTestObject, 10): Found web element by test object 

15-10-2024T16:30:58 - [MESSAGE][PASSED] - Found web element by test object 

15-10-2024T16:30:58 - [TEST_STEP][PASSED] - FilterFopList.add(editButtonElement.getText()): null

15-10-2024T16:30:58 - [TEST_STEP][PASSED] - println(editButtonElement.getText()): null

15-10-2024T16:30:58 - [TEST_STEP][PASSED] - dynamicXPath = "(//div[@id='bs-select-16']/ul[@class='dropdown-menu inner show']/li)[" + row + "]": null

15-10-2024T16:30:58 - [TEST_STEP][PASSED] - dynamicTestObject.addProperty("xpath", EQUALS, dynamicXPath): null

15-10-2024T16:30:58 - [TEST_STEP][PASSED] - editButtonElement = findWebElement(dynamicTestObject, 10): Found web element by test object 

15-10-2024T16:30:58 - [MESSAGE][PASSED] - Found web element by test object 

15-10-2024T16:30:58 - [TEST_STEP][PASSED] - FilterFopList.add(editButtonElement.getText()): null

15-10-2024T16:30:58 - [TEST_STEP][PASSED] - println(editButtonElement.getText()): null

15-10-2024T16:30:58 - [TEST_STEP][PASSED] - dynamicXPath = "(//div[@id='bs-select-16']/ul[@class='dropdown-menu inner show']/li)[" + row + "]": null

15-10-2024T16:30:58 - [TEST_STEP][PASSED] - dynamicTestObject.addProperty("xpath", EQUALS, dynamicXPath): null

15-10-2024T16:30:58 - [TEST_STEP][PASSED] - editButtonElement = findWebElement(dynamicTestObject, 10): Found web element by test object 

15-10-2024T16:30:59 - [MESSAGE][PASSED] - Found web element by test object 

15-10-2024T16:30:59 - [TEST_STEP][PASSED] - FilterFopList.add(editButtonElement.getText()): null

15-10-2024T16:30:59 - [TEST_STEP][PASSED] - println(editButtonElement.getText()): null

15-10-2024T16:30:59 - [TEST_STEP][PASSED] - dynamicXPath = "(//div[@id='bs-select-16']/ul[@class='dropdown-menu inner show']/li)[" + row + "]": null

15-10-2024T16:30:59 - [TEST_STEP][PASSED] - dynamicTestObject.addProperty("xpath", EQUALS, dynamicXPath): null

15-10-2024T16:30:59 - [TEST_STEP][PASSED] - editButtonElement = findWebElement(dynamicTestObject, 10): Found web element by test object 

15-10-2024T16:30:59 - [MESSAGE][PASSED] - Found web element by test object 

15-10-2024T16:30:59 - [TEST_STEP][PASSED] - FilterFopList.add(editButtonElement.getText()): null

15-10-2024T16:30:59 - [TEST_STEP][PASSED] - println(editButtonElement.getText()): null

15-10-2024T16:30:59 - [TEST_STEP][PASSED] - verifyMatch(size().toString(), size().toString(), true, CONTINUE_ON_FAILURE): Actual text '5' and expected text '5' are matched  using regular expression

15-10-2024T16:30:59 - [MESSAGE][PASSED] - Actual text '5' and expected text '5' are matched  using regular expression

15-10-2024T16:30:59 - [TEST_STEP][PASSED] - uniqueFopValues = new java.util.HashSet(): null

15-10-2024T16:30:59 - [TEST_STEP][PASSED] - try: null

15-10-2024T16:30:59 - [TEST_STEP][PASSED] - for ([i = 0, i < FilterFopList.size(), (i++)]): null

15-10-2024T16:30:59 - [TEST_STEP][PASSED] - uniqueFopValues.add(get(i).substring(0, 2)): null

15-10-2024T16:30:59 - [TEST_STEP][PASSED] - uniqueFopValues.add(get(i).substring(0, 2)): null

15-10-2024T16:30:59 - [TEST_STEP][PASSED] - uniqueFopValues.add(get(i).substring(0, 2)): null

15-10-2024T16:30:59 - [TEST_STEP][PASSED] - uniqueFopValues.add(get(i).substring(0, 2)): null

15-10-2024T16:30:59 - [TEST_STEP][PASSED] - uniqueFopValues.add(get(i).substring(0, 2)): null

15-10-2024T16:30:59 - [TEST_STEP][PASSED] - webFopValues = new java.util.ArrayList(uniqueFopValues): null

15-10-2024T16:30:59 - [TEST_STEP][PASSED] - Collections.sort(webFopValues): null

15-10-2024T16:30:59 - [TEST_STEP][PASSED] - Collections.sort(DataBaseEnableFopList): null

15-10-2024T16:30:59 - [TEST_STEP][PASSED] - for ([i = 0, i < DataBaseEnableFopList.size(), (i++)]): Actual text 'CQ' and expected text 'CQ' are matched  using regular expression

15-10-2024T16:30:59 - [TEST_STEP][PASSED] - verifyMatch(webFopValues[i], DataBaseEnableFopList[i], true, CONTINUE_ON_FAILURE): Actual text 'BT' and expected text 'BT' are matched  using regular expression

15-10-2024T16:30:59 - [MESSAGE][PASSED] - Actual text 'BT' and expected text 'BT' are matched  using regular expression

15-10-2024T16:30:59 - [TEST_STEP][PASSED] - verifyMatch(webFopValues[i], DataBaseEnableFopList[i], true, CONTINUE_ON_FAILURE): Actual text 'CA' and expected text 'CA' are matched  using regular expression

15-10-2024T16:30:59 - [MESSAGE][PASSED] - Actual text 'CA' and expected text 'CA' are matched  using regular expression

15-10-2024T16:30:59 - [TEST_STEP][PASSED] - verifyMatch(webFopValues[i], DataBaseEnableFopList[i], true, CONTINUE_ON_FAILURE): Actual text 'CI' and expected text 'CI' are matched  using regular expression

15-10-2024T16:30:59 - [MESSAGE][PASSED] - Actual text 'CI' and expected text 'CI' are matched  using regular expression

15-10-2024T16:30:59 - [TEST_STEP][PASSED] - verifyMatch(webFopValues[i], DataBaseEnableFopList[i], true, CONTINUE_ON_FAILURE): Actual text 'CP' and expected text 'CP' are matched  using regular expression

15-10-2024T16:30:59 - [MESSAGE][PASSED] - Actual text 'CP' and expected text 'CP' are matched  using regular expression

15-10-2024T16:30:59 - [TEST_STEP][PASSED] - verifyMatch(webFopValues[i], DataBaseEnableFopList[i], true, CONTINUE_ON_FAILURE): Actual text 'CQ' and expected text 'CQ' are matched  using regular expression

15-10-2024T16:30:59 - [MESSAGE][PASSED] - Actual text 'CQ' and expected text 'CQ' are matched  using regular expression

15-10-2024T16:30:59 - [TEST_STEP][PASSED] - utilityClass.CustomSoftAssert.assertAll(): utilityClass.CustomSoftAssert.assertAll is PASSED

15-10-2024T16:30:59 - [MESSAGE][PASSED] - utilityClass.CustomSoftAssert.assertAll is PASSED

15-10-2024T16:30:59 - [TEST_STEP][PASSED] - closeBrowser(): Browser is closed

15-10-2024T16:31:00 - [MESSAGE][PASSED] - Browser is closed]]></system-out>
         <system-err><![CDATA[]]></system-err>
      </testcase>
      <testcase name="Test Cases/MOZ-10510/TC 8_MOZ_11449 Verify the Availability of Group By,My Filters, and Download Options in the Local Settlements Module" time="39.108" classname="Test Cases/MOZ-10510/TC 8_MOZ_11449 Verify the Availability of Group By,My Filters, and Download Options in the Local Settlements Module" status="PASSED">
         <system-out><![CDATA[15-10-2024T16:31:00 - [TEST_CASE][PASSED] - Test Cases/MOZ-10510/TC 8_MOZ_11449 Verify the Availability of Group By,My Filters, and Download Options in the Local Settlements Module: Test Cases/MOZ-10510/TC 8_MOZ_11449 Verify the Availability of Group By,My Filters, and Download Options in the Local Settlements Module

15-10-2024T16:31:01 - [TEST_STEP][PASSED] - demoPackage.MozartLogin.LoginWithChromeForEK(): demoPackage.MozartLogin.LoginWithChromeForEK is PASSED

15-10-2024T16:31:01 - [MESSAGE][INFO] - Starting 'Chrome' driver

15-10-2024T16:31:01 - [MESSAGE][INFO] - Action delay is set to 0 milliseconds

15-10-2024T16:31:03 - [MESSAGE][PASSED] - Browser is opened with url: ''

15-10-2024T16:31:04 - [MESSAGE][PASSED] - Navigate to 'https://accelyacomtest.accelya.local/MozartTest/AirlinesHub/Index' successfully

15-10-2024T16:31:04 - [MESSAGE][PASSED] - Current window maximized

15-10-2024T16:31:04 - [MESSAGE][PASSED] - Object: 'Object Repository/Demo/MozartChrome/ChromeAdvance/ClickOnAdvanceButton' is clicked on

15-10-2024T16:31:22 - [MESSAGE][PASSED] - Object: 'Object Repository/Demo/MozartChrome/ChromeAdvance/ProccedLink' is clicked on

15-10-2024T16:31:22 - [MESSAGE][PASSED] - Text 'supermozart' is set on object 'Object Repository/Demo/MozartChrome/Page_/input_Username_Login'

15-10-2024T16:31:23 - [MESSAGE][PASSED] - Object: 'Object Repository/Demo/MozartChrome/Page_/button_Next' is clicked on

15-10-2024T16:31:24 - [MESSAGE][PASSED] - Text 'Accelya.1' is set on object 'Object Repository/Demo/MozartChrome/Page_/input_Password_Password'

15-10-2024T16:31:24 - [MESSAGE][PASSED] - Object: 'Object Repository/Demo/MozartChrome/Page_/button_Sign in' is clicked on

15-10-2024T16:31:30 - [MESSAGE][PASSED] - Object: 'Object Repository/Demo/MozartChrome/Page_Mozart - AirlinesHub/button_Please select' is clicked on

15-10-2024T16:31:30 - [MESSAGE][PASSED] - Object: 'Object Repository/EK_Objects/Page_Mozart - AirlinesHub/a_176 Emirates' is clicked on

15-10-2024T16:31:33 - [MESSAGE][PASSED] - Object: 'Object Repository/Demo/MozartChrome/Page_Mozart - AirlinesHub/a_Select' is clicked on

15-10-2024T16:31:33 - [MESSAGE][PASSED] - demoPackage.MozartLogin.LoginWithChromeForEK is PASSED

15-10-2024T16:31:33 - [TEST_STEP][PASSED] - click(findTestObject("EK_Objects/Page_Mozart - Dashboard/a_Refunds")): Object: 'Object Repository/EK_Objects/Page_Mozart - Dashboard/a_Refunds' is clicked on

15-10-2024T16:31:36 - [MESSAGE][PASSED] - Object: 'Object Repository/EK_Objects/Page_Mozart - Dashboard/a_Refunds' is clicked on

15-10-2024T16:31:36 - [TEST_STEP][PASSED] - click(findTestObject("EK_Objects/Page_Mozart - Dashboard/Click_On_Local_Settlements")): Object: 'Object Repository/EK_Objects/Page_Mozart - Dashboard/Click_On_Local_Settlements' is clicked on

15-10-2024T16:31:38 - [MESSAGE][PASSED] - Object: 'Object Repository/EK_Objects/Page_Mozart - Dashboard/Click_On_Local_Settlements' is clicked on

15-10-2024T16:31:38 - [TEST_STEP][PASSED] - verifyElementPresent(findTestObject("EK_Objects/Page_Mozart - LocalSettlements/filter_button"), 5, STOP_ON_FAILURE): Object 'Object Repository/EK_Objects/Page_Mozart - LocalSettlements/filter_button' is present

15-10-2024T16:31:39 - [MESSAGE][PASSED] - Object 'Object Repository/EK_Objects/Page_Mozart - LocalSettlements/filter_button' is present

15-10-2024T16:31:39 - [TEST_STEP][PASSED] - verifyElementPresent(findTestObject("EK_Objects/Page_Mozart - LocalSettlements/groupBy_button"), 5, STOP_ON_FAILURE): Object 'Object Repository/EK_Objects/Page_Mozart - LocalSettlements/groupBy_button' is present

15-10-2024T16:31:39 - [MESSAGE][PASSED] - Object 'Object Repository/EK_Objects/Page_Mozart - LocalSettlements/groupBy_button' is present]]></system-out>
         <system-err><![CDATA[]]></system-err>
      </testcase>
      <testcase name="Test Cases/MOZ-12692/TC_2_MOZ-13228_Verify that the system correctly stores TRIPS-Quote data in the corresponding database tables" time="13.79" classname="Test Cases/MOZ-12692/TC_2_MOZ-13228_Verify that the system correctly stores TRIPS-Quote data in the corresponding database tables" status="PASSED">
         <system-out><![CDATA[15-10-2024T16:31:39 - [TEST_CASE][PASSED] - Test Cases/MOZ-12692/TC_2_MOZ-13228_Verify that the system correctly stores TRIPS-Quote data in the corresponding database tables: Test Cases/MOZ-12692/TC_2_MOZ-13228_Verify that the system correctly stores TRIPS-Quote data in the corresponding database tables

15-10-2024T16:31:40 - [TEST_STEP][PASSED] - processJson = new utilityClass.JsonPaths(): null

15-10-2024T16:31:40 - [TEST_STEP][PASSED] - filePath = "Test Data/Embedded TKT Quote.txt": null

15-10-2024T16:31:40 - [TEST_STEP][PASSED] - QuoteString = processJson.JsonStringFormatter(filePath): null

15-10-2024T16:31:40 - [TEST_STEP][PASSED] - apiRequests.apiConnection.runAuthToken(findTestObject("API/Demo API/Auth Token")): apiRequests.apiConnection.runAuthToken is PASSED

15-10-2024T16:31:45 - [MESSAGE][INFO] - HAR: C:\Users\ranjit.vadar\Katalon Studio\Mozart Emirates\Reports\20241015_162639\MOZART\TEST\20241015_162639\requests\main\0.har

15-10-2024T16:31:45 - [MESSAGE][PASSED] - Send request successfully

15-10-2024T16:31:45 - [MESSAGE][PASSED] - Verify response status code successfully

15-10-2024T16:31:45 - [MESSAGE][PASSED] - apiRequests.apiConnection.runAuthToken is PASSED

15-10-2024T16:31:45 - [TEST_STEP][PASSED] - fullRefundResponse = sendRequest(findTestObject("API/MOZ-12692_API/MOZ-12692_EK_QUOTE_TRIPS")): Send request successfully

15-10-2024T16:31:47 - [MESSAGE][INFO] - HAR: C:\Users\ranjit.vadar\Katalon Studio\Mozart Emirates\Reports\20241015_162639\MOZART\TEST\20241015_162639\requests\main\1.har

15-10-2024T16:31:47 - [MESSAGE][PASSED] - Send request successfully

15-10-2024T16:31:47 - [TEST_STEP][PASSED] - verifyResponseStatusCode(fullRefundResponse, 200): Verify response status code successfully

15-10-2024T16:31:47 - [MESSAGE][PASSED] - Verify response status code successfully

15-10-2024T16:31:47 - [TEST_STEP][PASSED] - mozartRequestId = getElementPropertyValue(fullRefundResponse, "data[0].mozart_request_id"): null

15-10-2024T16:31:48 - [TEST_STEP][PASSED] - queryTemplate = "select * from bdmozart.%s where %s = '%s'": null

15-10-2024T16:31:48 - [TEST_STEP][PASSED] - mozartRequestCondition = idrequest = '$mozartRequestId': null

15-10-2024T16:31:48 - [TEST_STEP][PASSED] - mi_refund_ek_quote = String.format(queryTemplate, "mi_refund_ek_quote", "idrequest", mozartRequestId): null

15-10-2024T16:31:48 - [TEST_STEP][PASSED] - idQuote = database.DatabaseUtils.executeQuery(mi_refund_ek_quote, "id", 1): database.DatabaseUtils.executeQuery is PASSED

15-10-2024T16:31:51 - [MESSAGE][PASSED] - database.DatabaseUtils.executeQuery is PASSED

15-10-2024T16:31:51 - [TEST_STEP][PASSED] - mi_refund_ek_quote_trips_detail = String.format(queryTemplate, "mi_refund_ek_quote_trips_detail", "idquote", idQuote): null

15-10-2024T16:31:51 - [TEST_STEP][PASSED] - idtripsdetail = database.DatabaseUtils.executeQuery(mi_refund_ek_quote_trips_detail, "id", 1): database.DatabaseUtils.executeQuery is PASSED

15-10-2024T16:31:53 - [MESSAGE][PASSED] - database.DatabaseUtils.executeQuery is PASSED

15-10-2024T16:31:53 - [TEST_STEP][PASSED] - mi_refund_ek_quote_trips_ticket_range = String.format(queryTemplate, "mi_refund_ek_quote_trips_ticket_range", "idtripsdetail", idtripsdetail): null

15-10-2024T16:31:53 - [TEST_STEP][PASSED] - mi_refund_ek_quote_trips_tax_refund = String.format(queryTemplate, "mi_refund_ek_quote_trips_tax_refund", "idtripsdetail", idtripsdetail): null

15-10-2024T16:31:53 - [TEST_STEP][PASSED] - mi_refund_ek_quote_trips_form_refund_payment = String.format(queryTemplate, "mi_refund_ek_quote_trips_form_refund_payment", "idtripsdetail", idtripsdetail): null

15-10-2024T16:31:53 - [TEST_STEP][PASSED] - mi_refund_ek_quote_trips_loyalty_fare = String.format(queryTemplate, "mi_refund_ek_quote_trips_loyalty_fare", "idtripsdetail", idtripsdetail): null]]></system-out>
         <system-err><![CDATA[]]></system-err>
      </testcase>
      <testcase name="Test Cases/MOZ-11020/TC 5_MOZ_11533 Verify linking after Refund Capture" time="72.317" classname="Test Cases/MOZ-11020/TC 5_MOZ_11533 Verify linking after Refund Capture" status="PASSED">
         <system-out><![CDATA[15-10-2024T16:31:53 - [TEST_CASE][PASSED] - Test Cases/MOZ-11020/TC 5_MOZ_11533 Verify linking after Refund Capture: Test Cases/MOZ-11020/TC 5_MOZ_11533 Verify linking after Refund Capture

15-10-2024T16:31:54 - [TEST_STEP][PASSED] - demoPackage.MozartLogin.LoginWithChromeForEK(): demoPackage.MozartLogin.LoginWithChromeForEK is PASSED

15-10-2024T16:31:54 - [MESSAGE][WARNING] - A browser is already opened. Closing browser and opening a new one

15-10-2024T16:31:55 - [MESSAGE][INFO] - Starting 'Chrome' driver

15-10-2024T16:31:55 - [MESSAGE][INFO] - Action delay is set to 0 milliseconds

15-10-2024T16:31:57 - [MESSAGE][PASSED] - Browser is opened with url: ''

15-10-2024T16:31:58 - [MESSAGE][PASSED] - Navigate to 'https://accelyacomtest.accelya.local/MozartTest/AirlinesHub/Index' successfully

15-10-2024T16:31:58 - [MESSAGE][PASSED] - Current window maximized

15-10-2024T16:31:58 - [MESSAGE][PASSED] - Object: 'Object Repository/Demo/MozartChrome/ChromeAdvance/ClickOnAdvanceButton' is clicked on

15-10-2024T16:32:10 - [MESSAGE][PASSED] - Object: 'Object Repository/Demo/MozartChrome/ChromeAdvance/ProccedLink' is clicked on

15-10-2024T16:32:11 - [MESSAGE][PASSED] - Text 'supermozart' is set on object 'Object Repository/Demo/MozartChrome/Page_/input_Username_Login'

15-10-2024T16:32:11 - [MESSAGE][PASSED] - Object: 'Object Repository/Demo/MozartChrome/Page_/button_Next' is clicked on

15-10-2024T16:32:12 - [MESSAGE][PASSED] - Text 'Accelya.1' is set on object 'Object Repository/Demo/MozartChrome/Page_/input_Password_Password'

15-10-2024T16:32:12 - [MESSAGE][PASSED] - Object: 'Object Repository/Demo/MozartChrome/Page_/button_Sign in' is clicked on

15-10-2024T16:32:20 - [MESSAGE][PASSED] - Object: 'Object Repository/Demo/MozartChrome/Page_Mozart - AirlinesHub/button_Please select' is clicked on

15-10-2024T16:32:21 - [MESSAGE][PASSED] - Object: 'Object Repository/EK_Objects/Page_Mozart - AirlinesHub/a_176 Emirates' is clicked on

15-10-2024T16:32:24 - [MESSAGE][PASSED] - Object: 'Object Repository/Demo/MozartChrome/Page_Mozart - AirlinesHub/a_Select' is clicked on

15-10-2024T16:32:24 - [MESSAGE][PASSED] - demoPackage.MozartLogin.LoginWithChromeForEK is PASSED

15-10-2024T16:32:24 - [TEST_STEP][PASSED] - uniqueNumber = utilityClass.GenericMethods.UniqueNumberGenerator(): utilityClass.GenericMethods.UniqueNumberGenerator is PASSED

15-10-2024T16:32:24 - [MESSAGE][PASSED] - utilityClass.GenericMethods.UniqueNumberGenerator is PASSED

15-10-2024T16:32:24 - [TEST_STEP][PASSED] - click(findTestObject("EK_Objects/Page_Mozart - Dashboard/a_Refunds")): Object: 'Object Repository/EK_Objects/Page_Mozart - Dashboard/a_Refunds' is clicked on

15-10-2024T16:32:25 - [MESSAGE][PASSED] - Object: 'Object Repository/EK_Objects/Page_Mozart - Dashboard/a_Refunds' is clicked on

15-10-2024T16:32:25 - [TEST_STEP][PASSED] - click(findTestObject("EK_Objects/Page_Mozart - Dashboard/a_Refund Capture")): Object: 'Object Repository/EK_Objects/Page_Mozart - Dashboard/a_Refund Capture' is clicked on

15-10-2024T16:32:35 - [MESSAGE][PASSED] - Object: 'Object Repository/EK_Objects/Page_Mozart - Dashboard/a_Refund Capture' is clicked on

15-10-2024T16:32:35 - [TEST_STEP][PASSED] - selectOptionByValue(findTestObject("EK_Objects/Page_Mozart - RefundsCapture/SelectRefundTypes"), "RF_Both", false): All options with value 'RF_Both' are selected in object 'Object Repository/EK_Objects/Page_Mozart - RefundsCapture/SelectRefundTypes' 

15-10-2024T16:32:36 - [MESSAGE][PASSED] - All options with value 'RF_Both' are selected in object 'Object Repository/EK_Objects/Page_Mozart - RefundsCapture/SelectRefundTypes' 

15-10-2024T16:32:36 - [TEST_STEP][PASSED] - sendKeys(findTestObject("EK_Objects/Page_Mozart - RefundsCapture/documentNumber_Textbox"), "6747279623"): Keys '6747279623' sent to object: 'Object Repository/EK_Objects/Page_Mozart - RefundsCapture/documentNumber_Textbox'

15-10-2024T16:32:37 - [MESSAGE][PASSED] - Keys '6747279623' sent to object: 'Object Repository/EK_Objects/Page_Mozart - RefundsCapture/documentNumber_Textbox'

15-10-2024T16:32:37 - [TEST_STEP][PASSED] - click(findTestObject("EK_Objects/Page_Mozart - RefundsCapture/country_Button")): Object: 'Object Repository/EK_Objects/Page_Mozart - RefundsCapture/country_Button' is clicked on

15-10-2024T16:32:37 - [MESSAGE][PASSED] - Object: 'Object Repository/EK_Objects/Page_Mozart - RefundsCapture/country_Button' is clicked on

15-10-2024T16:32:37 - [TEST_STEP][PASSED] - sendKeys(findTestObject("EK_Objects/Page_Mozart - RefundsCapture/country_Button_Inside_TextBox"), "IN - India"): Keys 'IN - India' sent to object: 'Object Repository/EK_Objects/Page_Mozart - RefundsCapture/country_Button_Inside_TextBox'

15-10-2024T16:32:38 - [MESSAGE][PASSED] - Keys 'IN - India' sent to object: 'Object Repository/EK_Objects/Page_Mozart - RefundsCapture/country_Button_Inside_TextBox'

15-10-2024T16:32:38 - [TEST_STEP][PASSED] - sendKeys(findTestObject("EK_Objects/Page_Mozart - RefundsCapture/country_Button_Inside_TextBox"), Keys.chord(ENTER)): Keys 'ENTER + ' sent to object: 'Object Repository/EK_Objects/Page_Mozart - RefundsCapture/country_Button_Inside_TextBox'

15-10-2024T16:32:38 - [MESSAGE][PASSED] - Keys 'ENTER + ' sent to object: 'Object Repository/EK_Objects/Page_Mozart - RefundsCapture/country_Button_Inside_TextBox'

15-10-2024T16:32:38 - [TEST_STEP][PASSED] - selectOptionByValue(findTestObject("EK_Objects/Page_Mozart - RefundsCapture/requestedFOP_DropDown"), "CA", false): All options with value 'CA' are selected in object 'Object Repository/EK_Objects/Page_Mozart - RefundsCapture/requestedFOP_DropDown' 

15-10-2024T16:32:40 - [MESSAGE][PASSED] - All options with value 'CA' are selected in object 'Object Repository/EK_Objects/Page_Mozart - RefundsCapture/requestedFOP_DropDown' 

15-10-2024T16:32:40 - [TEST_STEP][PASSED] - sendKeys(findTestObject("EK_Objects/Page_Mozart - RefundsCapture/couponsRequested_TextBox"), "1"): Keys '1' sent to object: 'Object Repository/EK_Objects/Page_Mozart - RefundsCapture/couponsRequested_TextBox'

15-10-2024T16:32:40 - [MESSAGE][PASSED] - Keys '1' sent to object: 'Object Repository/EK_Objects/Page_Mozart - RefundsCapture/couponsRequested_TextBox'

15-10-2024T16:32:40 - [TEST_STEP][PASSED] - sendKeys(findTestObject("EK_Objects/Page_Mozart - RefundsCapture/passengerRemarks_TextBox"), uniqueNumber): Keys '20241015163224' sent to object: 'Object Repository/EK_Objects/Page_Mozart - RefundsCapture/passengerRemarks_TextBox'

15-10-2024T16:32:41 - [MESSAGE][PASSED] - Keys '20241015163224' sent to object: 'Object Repository/EK_Objects/Page_Mozart - RefundsCapture/passengerRemarks_TextBox'

15-10-2024T16:32:41 - [TEST_STEP][PASSED] - selectOptionByValue(findTestObject("EK_Objects/Page_Mozart - RefundsCapture/title_PassengerDetails_Select"), "Mr", false): All options with value 'Mr' are selected in object 'Object Repository/EK_Objects/Page_Mozart - RefundsCapture/title_PassengerDetails_Select' 

15-10-2024T16:32:42 - [MESSAGE][PASSED] - All options with value 'Mr' are selected in object 'Object Repository/EK_Objects/Page_Mozart - RefundsCapture/title_PassengerDetails_Select' 

15-10-2024T16:32:42 - [TEST_STEP][PASSED] - sendKeys(findTestObject("EK_Objects/Page_Mozart - RefundsCapture/passengerName_PassengerDetails_TextBox"), "automationTest"): Keys 'automationTest' sent to object: 'Object Repository/EK_Objects/Page_Mozart - RefundsCapture/passengerName_PassengerDetails_TextBox'

15-10-2024T16:32:42 - [MESSAGE][PASSED] - Keys 'automationTest' sent to object: 'Object Repository/EK_Objects/Page_Mozart - RefundsCapture/passengerName_PassengerDetails_TextBox'

15-10-2024T16:32:43 - [TEST_STEP][PASSED] - sendKeys(findTestObject("EK_Objects/Page_Mozart - RefundsCapture/emailAddress_PassengerDetails_TextBox"), "Katalon@studio.com"): Keys 'Katalon@studio.com' sent to object: 'Object Repository/EK_Objects/Page_Mozart - RefundsCapture/emailAddress_PassengerDetails_TextBox'

15-10-2024T16:32:43 - [MESSAGE][PASSED] - Keys 'Katalon@studio.com' sent to object: 'Object Repository/EK_Objects/Page_Mozart - RefundsCapture/emailAddress_PassengerDetails_TextBox'

15-10-2024T16:32:43 - [TEST_STEP][PASSED] - selectOptionByLabel(findTestObject("EK_Objects/Page_Mozart - RefundsCapture/select_Currency"), "INR", false): All options with label 'INR' are selected in object 'Object Repository/EK_Objects/Page_Mozart - RefundsCapture/select_Currency' 

15-10-2024T16:32:44 - [MESSAGE][PASSED] - All options with label 'INR' are selected in object 'Object Repository/EK_Objects/Page_Mozart - RefundsCapture/select_Currency' 

15-10-2024T16:32:44 - [TEST_STEP][PASSED] - click(findTestObject("EK_Objects/Page_Mozart - RefundsCapture/send_Button")): Object: 'Object Repository/EK_Objects/Page_Mozart - RefundsCapture/send_Button' is clicked on

15-10-2024T16:32:45 - [MESSAGE][PASSED] - Object: 'Object Repository/EK_Objects/Page_Mozart - RefundsCapture/send_Button' is clicked on

15-10-2024T16:32:45 - [TEST_STEP][PASSED] - requestId = <not implemented yet for class: org.codehaus.groovy.ast.expr.EmptyExpression>: null

15-10-2024T16:32:45 - [TEST_STEP][PASSED] - for ([i = 0, i <= 5, (i++)]): null

15-10-2024T16:32:45 - [TEST_STEP][PASSED] - mi_refund_capture_main = "select * from bdmozart.mi_refund_capture_main where agentremarks = '" + uniqueNumber + "'": null

15-10-2024T16:32:45 - [TEST_STEP][PASSED] - requestId = database.DatabaseUtils.executeQuery(mi_refund_capture_main, "idrequest", 1): database.DatabaseUtils.executeQuery is PASSED

15-10-2024T16:32:48 - [MESSAGE][PASSED] - database.DatabaseUtils.executeQuery is PASSED

15-10-2024T16:32:48 - [TEST_STEP][PASSED] - if (requestId != null): null

15-10-2024T16:32:48 - [TEST_STEP][PASSED] - delay(2): Delayed 2 second(s)

15-10-2024T16:32:50 - [MESSAGE][PASSED] - Delayed 2 second(s)

15-10-2024T16:32:50 - [TEST_STEP][PASSED] - mi_refund_capture_main = "select * from bdmozart.mi_refund_capture_main where agentremarks = '" + uniqueNumber + "'": null

15-10-2024T16:32:50 - [TEST_STEP][PASSED] - requestId = database.DatabaseUtils.executeQuery(mi_refund_capture_main, "idrequest", 1): database.DatabaseUtils.executeQuery is PASSED

15-10-2024T16:32:54 - [MESSAGE][PASSED] - database.DatabaseUtils.executeQuery is PASSED

15-10-2024T16:32:54 - [TEST_STEP][PASSED] - if (requestId != null): null

15-10-2024T16:32:54 - [TEST_STEP][PASSED] - delay(2): Delayed 2 second(s)

15-10-2024T16:32:56 - [MESSAGE][PASSED] - Delayed 2 second(s)

15-10-2024T16:32:56 - [TEST_STEP][PASSED] - mi_refund_capture_main = "select * from bdmozart.mi_refund_capture_main where agentremarks = '" + uniqueNumber + "'": null

15-10-2024T16:32:56 - [TEST_STEP][PASSED] - requestId = database.DatabaseUtils.executeQuery(mi_refund_capture_main, "idrequest", 1): database.DatabaseUtils.executeQuery is PASSED

15-10-2024T16:32:59 - [MESSAGE][PASSED] - database.DatabaseUtils.executeQuery is PASSED

15-10-2024T16:32:59 - [TEST_STEP][PASSED] - if (requestId != null): null

15-10-2024T16:32:59 - [TEST_STEP][PASSED] - break: null

15-10-2024T16:32:59 - [TEST_STEP][PASSED] - apiRequests.apiConnection.runAuthToken(findTestObject("API/Demo API/Auth Token")): apiRequests.apiConnection.runAuthToken is PASSED

15-10-2024T16:32:59 - [MESSAGE][INFO] - HAR: C:\Users\ranjit.vadar\Katalon Studio\Mozart Emirates\Reports\20241015_162639\MOZART\TEST\20241015_162639\requests\main\2.har

15-10-2024T16:32:59 - [MESSAGE][PASSED] - Send request successfully

15-10-2024T16:32:59 - [MESSAGE][PASSED] - Verify response status code successfully

15-10-2024T16:32:59 - [MESSAGE][PASSED] - apiRequests.apiConnection.runAuthToken is PASSED

15-10-2024T16:32:59 - [TEST_STEP][PASSED] - pnrWaiverResponse = sendRequest(findTestObject("API/MOZ_11020_API/moz_11533_pnr_waiver_request")): Send request successfully

15-10-2024T16:33:00 - [MESSAGE][INFO] - HAR: C:\Users\ranjit.vadar\Katalon Studio\Mozart Emirates\Reports\20241015_162639\MOZART\TEST\20241015_162639\requests\main\3.har

15-10-2024T16:33:00 - [MESSAGE][PASSED] - Send request successfully

15-10-2024T16:33:00 - [TEST_STEP][PASSED] - verifyResponseStatusCode(pnrWaiverResponse, 200): Verify response status code successfully

15-10-2024T16:33:00 - [MESSAGE][PASSED] - Verify response status code successfully

15-10-2024T16:33:00 - [TEST_STEP][PASSED] - mi_pnr_waiver_remarks = "select * from bdmozart.mi_pnr_waiver_remarks where remarkstext = '" + uniqueNumber + "'": null

15-10-2024T16:33:00 - [TEST_STEP][PASSED] - waiverId = database.DatabaseUtils.executeQuery(mi_pnr_waiver_remarks, "waiver_id", 1): database.DatabaseUtils.executeQuery is PASSED

15-10-2024T16:33:03 - [MESSAGE][PASSED] - database.DatabaseUtils.executeQuery is PASSED

15-10-2024T16:33:03 - [TEST_STEP][PASSED] - md_rfnd_pnr_waivers = "select * from bdmozart.md_rfnd_pnr_waivers where idrequest = '" + requestId + "'" + " order by id desc" + " ": null

15-10-2024T16:33:03 - [TEST_STEP][PASSED] - waiverIdLinkedToRequestId = database.DatabaseUtils.executeQuery(md_rfnd_pnr_waivers, "idmipnrwaiver", 1): database.DatabaseUtils.executeQuery is PASSED

15-10-2024T16:33:06 - [MESSAGE][PASSED] - database.DatabaseUtils.executeQuery is PASSED

15-10-2024T16:33:06 - [TEST_STEP][PASSED] - verifyMatch(waiverIdLinkedToRequestId, waiverId, false): Actual text '98' and expected text '98' are matched 

15-10-2024T16:33:06 - [MESSAGE][PASSED] - Actual text '98' and expected text '98' are matched]]></system-out>
         <system-err><![CDATA[]]></system-err>
      </testcase>
      <testcase name="Test Cases/MOZ-11020/TC 4_MOZ_11533 Verify linking after Json request" time="10.972" classname="Test Cases/MOZ-11020/TC 4_MOZ_11533 Verify linking after Json request" status="PASSED">
         <system-out><![CDATA[15-10-2024T16:33:06 - [TEST_CASE][PASSED] - Test Cases/MOZ-11020/TC 4_MOZ_11533 Verify linking after Json request: Test Cases/MOZ-11020/TC 4_MOZ_11533 Verify linking after Json request

15-10-2024T16:33:06 - [TEST_STEP][PASSED] - uniqueNumber = utilityClass.GenericMethods.UniqueNumberGenerator(): utilityClass.GenericMethods.UniqueNumberGenerator is PASSED

15-10-2024T16:33:06 - [MESSAGE][PASSED] - utilityClass.GenericMethods.UniqueNumberGenerator is PASSED

15-10-2024T16:33:06 - [TEST_STEP][PASSED] - demoPackage.UtilityDemo.requestNumber(): demoPackage.UtilityDemo.requestNumber is PASSED

15-10-2024T16:33:06 - [MESSAGE][PASSED] - demoPackage.UtilityDemo.requestNumber is PASSED

15-10-2024T16:33:06 - [TEST_STEP][PASSED] - apiRequests.apiConnection.runAuthToken(findTestObject("API/Demo API/Auth Token")): apiRequests.apiConnection.runAuthToken is PASSED

15-10-2024T16:33:06 - [MESSAGE][INFO] - HAR: C:\Users\ranjit.vadar\Katalon Studio\Mozart Emirates\Reports\20241015_162639\MOZART\TEST\20241015_162639\requests\main\4.har

15-10-2024T16:33:06 - [MESSAGE][PASSED] - Send request successfully

15-10-2024T16:33:06 - [MESSAGE][PASSED] - Verify response status code successfully

15-10-2024T16:33:06 - [MESSAGE][PASSED] - apiRequests.apiConnection.runAuthToken is PASSED

15-10-2024T16:33:06 - [TEST_STEP][PASSED] - pnrWaiverResponse = sendRequest(findTestObject("API/MOZ_11020_API/moz_11533_pnr_waiver_request")): Send request successfully

15-10-2024T16:33:07 - [MESSAGE][INFO] - HAR: C:\Users\ranjit.vadar\Katalon Studio\Mozart Emirates\Reports\20241015_162639\MOZART\TEST\20241015_162639\requests\main\5.har

15-10-2024T16:33:07 - [MESSAGE][PASSED] - Send request successfully

15-10-2024T16:33:07 - [TEST_STEP][PASSED] - verifyResponseStatusCode(pnrWaiverResponse, 200): Verify response status code successfully

15-10-2024T16:33:07 - [MESSAGE][PASSED] - Verify response status code successfully

15-10-2024T16:33:07 - [TEST_STEP][PASSED] - fullRefundResponse = sendRequest(findTestObject("API/MOZ_11020_API/moz_11533_full_refund-json")): Send request successfully

15-10-2024T16:33:09 - [MESSAGE][INFO] - HAR: C:\Users\ranjit.vadar\Katalon Studio\Mozart Emirates\Reports\20241015_162639\MOZART\TEST\20241015_162639\requests\main\6.har

15-10-2024T16:33:09 - [MESSAGE][PASSED] - Send request successfully

15-10-2024T16:33:09 - [TEST_STEP][PASSED] - verifyResponseStatusCode(fullRefundResponse, 200): Verify response status code successfully

15-10-2024T16:33:09 - [MESSAGE][PASSED] - Verify response status code successfully

15-10-2024T16:33:09 - [TEST_STEP][PASSED] - mozartRequestId = getElementPropertyValue(fullRefundResponse, "data[0].mozart_request_id"): null

15-10-2024T16:33:09 - [TEST_STEP][PASSED] - println("The mozart_request_id is: " + mozartRequestId): null

15-10-2024T16:33:09 - [TEST_STEP][PASSED] - mi_pnr_waiver_remarks = "select * from bdmozart.mi_pnr_waiver_remarks where remarkstext = '" + uniqueNumber + "'": null

15-10-2024T16:33:09 - [TEST_STEP][PASSED] - waiverId = database.DatabaseUtils.executeQuery(mi_pnr_waiver_remarks, "waiver_id", 1): database.DatabaseUtils.executeQuery is PASSED

15-10-2024T16:33:13 - [MESSAGE][PASSED] - database.DatabaseUtils.executeQuery is PASSED

15-10-2024T16:33:13 - [TEST_STEP][PASSED] - println("The Waiver_id is: " + waiverId): null

15-10-2024T16:33:13 - [TEST_STEP][PASSED] - md_rfnd_pnr_waivers = "select * from bdmozart.md_rfnd_pnr_waivers where idrequest = '" + mozartRequestId + "'" + " order by id desc" + " ": null

15-10-2024T16:33:13 - [TEST_STEP][PASSED] - waiverIdLinkedToRequestId = database.DatabaseUtils.executeQuery(md_rfnd_pnr_waivers, "idmipnrwaiver", 1): database.DatabaseUtils.executeQuery is PASSED

15-10-2024T16:33:17 - [MESSAGE][PASSED] - database.DatabaseUtils.executeQuery is PASSED

15-10-2024T16:33:17 - [TEST_STEP][PASSED] - verifyMatch(waiverIdLinkedToRequestId, waiverId, false): Actual text '99' and expected text '99' are matched 

15-10-2024T16:33:17 - [MESSAGE][PASSED] - Actual text '99' and expected text '99' are matched]]></system-out>
         <system-err><![CDATA[]]></system-err>
      </testcase>
      <testcase name="Test Cases/MOZ-11020/TC 3_MOZ_11335 Verify PNR Waiver Input WS available to all client airlines" time="4.205" classname="Test Cases/MOZ-11020/TC 3_MOZ_11335 Verify PNR Waiver Input WS available to all client airlines" status="PASSED">
         <system-out><![CDATA[15-10-2024T16:33:17 - [TEST_CASE][PASSED] - Test Cases/MOZ-11020/TC 3_MOZ_11335 Verify PNR Waiver Input WS available to all client airlines: Test Cases/MOZ-11020/TC 3_MOZ_11335 Verify PNR Waiver Input WS available to all client airlines

15-10-2024T16:33:17 - [TEST_STEP][PASSED] - PnrWaiverController_check = database.DBConnection.executeQuerys("mozart_emirates", "select * from bdmozart.mc_endpoints_exposed", "enabled", 7): database.DBConnection.executeQuerys is PASSED

15-10-2024T16:33:20 - [MESSAGE][PASSED] - database.DBConnection.executeQuerys is PASSED

15-10-2024T16:33:20 - [TEST_STEP][PASSED] - apiRequests.apiConnection.runAuthToken(findTestObject("API/Demo API/Auth Token")): apiRequests.apiConnection.runAuthToken is PASSED

15-10-2024T16:33:20 - [MESSAGE][INFO] - HAR: C:\Users\ranjit.vadar\Katalon Studio\Mozart Emirates\Reports\20241015_162639\MOZART\TEST\20241015_162639\requests\main\7.har

15-10-2024T16:33:20 - [MESSAGE][PASSED] - Send request successfully

15-10-2024T16:33:20 - [MESSAGE][PASSED] - Verify response status code successfully

15-10-2024T16:33:20 - [MESSAGE][PASSED] - apiRequests.apiConnection.runAuthToken is PASSED

15-10-2024T16:33:20 - [TEST_STEP][PASSED] - response = sendRequest(findTestObject("API/MOZ_11020_API/pnr_waiver_request")): Send request successfully

15-10-2024T16:33:21 - [MESSAGE][INFO] - HAR: C:\Users\ranjit.vadar\Katalon Studio\Mozart Emirates\Reports\20241015_162639\MOZART\TEST\20241015_162639\requests\main\8.har

15-10-2024T16:33:21 - [MESSAGE][PASSED] - Send request successfully

15-10-2024T16:33:21 - [TEST_STEP][PASSED] - if (PnrWaiverController_check == "t"): Verify response status code successfully

15-10-2024T16:33:21 - [TEST_STEP][PASSED] - verifyResponseStatusCode(response, 200): Verify response status code successfully

15-10-2024T16:33:21 - [MESSAGE][PASSED] - Verify response status code successfully]]></system-out>
         <system-err><![CDATA[]]></system-err>
      </testcase>
      <testcase name="Test Cases/MOZ-9700/TC 2_MOZ-9885 Verify that when the email address is not filled than user can still save it as a draft" time="46.127" classname="Test Cases/MOZ-9700/TC 2_MOZ-9885 Verify that when the email address is not filled than user can still save it as a draft" status="FAILED">
         <failure type="FAILED" message="Test Cases/MOZ-9700/TC 2_MOZ-9885 Verify that when the email address is not filled than user can still save it as a draft FAILED.&#xa;Reason:&#xa;com.kms.katalon.core.exception.StepFailedException: Actual text '' and expected text '1212' are not matched&#xa;	at com.kms.katalon.core.keyword.builtin.VerifyMatchKeyword$_verifyMatch_closure1.doCall(VerifyMatchKeyword.groovy:57)&#xa;	at com.kms.katalon.core.keyword.builtin.VerifyMatchKeyword$_verifyMatch_closure1.call(VerifyMatchKeyword.groovy)&#xa;	at com.kms.katalon.core.keyword.internal.KeywordMain.runKeyword(KeywordMain.groovy:75)&#xa;	at com.kms.katalon.core.keyword.builtin.VerifyMatchKeyword.verifyMatch(VerifyMatchKeyword.groovy:60)&#xa;	at com.kms.katalon.core.keyword.builtin.VerifyMatchKeyword.execute(VerifyMatchKeyword.groovy:45)&#xa;	at com.kms.katalon.core.keyword.internal.KeywordExecutor.executeKeywordForPlatform(KeywordExecutor.groovy:74)&#xa;	at com.kms.katalon.core.keyword.BuiltinKeywords.verifyMatch(BuiltinKeywords.groovy:78)&#xa;	at java.base/jdk.internal.reflect.NativeMethodAccessorImpl.invoke0(Native Method)&#xa;	at java.base/jdk.internal.reflect.NativeMethodAccessorImpl.invoke(NativeMethodAccessorImpl.java:77)&#xa;	at java.base/jdk.internal.reflect.DelegatingMethodAccessorImpl.invoke(DelegatingMethodAccessorImpl.java:43)&#xa;	at TC 2_MOZ-9885 Verify that when the email address is not filled than user can still save it as a draft.run(TC 2_MOZ-9885 Verify that when the email address is not filled than user can still save it as a draft:88)&#xa;	at com.kms.katalon.core.main.ScriptEngine.run(ScriptEngine.java:194)&#xa;	at com.kms.katalon.core.main.ScriptEngine.runScriptAsRawText(ScriptEngine.java:119)&#xa;	at com.kms.katalon.core.main.TestCaseExecutor.runScript(TestCaseExecutor.java:448)&#xa;	at com.kms.katalon.core.main.TestCaseExecutor.doExecute(TestCaseExecutor.java:439)&#xa;	at com.kms.katalon.core.main.TestCaseExecutor.processExecutionPhase(TestCaseExecutor.java:418)&#xa;	at com.kms.katalon.core.main.TestCaseExecutor.accessMainPhase(TestCaseExecutor.java:410)&#xa;	at com.kms.katalon.core.main.TestCaseExecutor.execute(TestCaseExecutor.java:285)&#xa;	at com.kms.katalon.core.common.CommonExecutor.accessTestCaseMainPhase(CommonExecutor.java:65)&#xa;	at com.kms.katalon.core.main.TestSuiteExecutor.accessTestSuiteMainPhase(TestSuiteExecutor.java:150)&#xa;	at com.kms.katalon.core.main.TestSuiteExecutor.execute(TestSuiteExecutor.java:106)&#xa;	at com.kms.katalon.core.main.TestCaseMain.startTestSuite(TestCaseMain.java:180)&#xa;	at TempTestSuite1728989799265.run(TempTestSuite1728989799265.groovy:35)&#xa;	at java.base/jdk.internal.reflect.NativeMethodAccessorImpl.invoke0(Native Method)&#xa;	at java.base/jdk.internal.reflect.NativeMethodAccessorImpl.invoke(NativeMethodAccessorImpl.java:77)&#xa;	at java.base/jdk.internal.reflect.DelegatingMethodAccessorImpl.invoke(DelegatingMethodAccessorImpl.java:43)&#xa;"/>
         <system-out><![CDATA[15-10-2024T16:33:21 - [TEST_CASE][FAILED] - Test Cases/MOZ-9700/TC 2_MOZ-9885 Verify that when the email address is not filled than user can still save it as a draft: Test Cases/MOZ-9700/TC 2_MOZ-9885 Verify that when the email address is not filled than user can still save it as a draft FAILED.
Reason:
com.kms.katalon.core.exception.StepFailedException: Actual text '' and expected text '1212' are not matched
	at com.kms.katalon.core.keyword.builtin.VerifyMatchKeyword$_verifyMatch_closure1.doCall(VerifyMatchKeyword.groovy:57)
	at com.kms.katalon.core.keyword.builtin.VerifyMatchKeyword$_verifyMatch_closure1.call(VerifyMatchKeyword.groovy)
	at com.kms.katalon.core.keyword.internal.KeywordMain.runKeyword(KeywordMain.groovy:75)
	at com.kms.katalon.core.keyword.builtin.VerifyMatchKeyword.verifyMatch(VerifyMatchKeyword.groovy:60)
	at com.kms.katalon.core.keyword.builtin.VerifyMatchKeyword.execute(VerifyMatchKeyword.groovy:45)
	at com.kms.katalon.core.keyword.internal.KeywordExecutor.executeKeywordForPlatform(KeywordExecutor.groovy:74)
	at com.kms.katalon.core.keyword.BuiltinKeywords.verifyMatch(BuiltinKeywords.groovy:78)
	at java.base/jdk.internal.reflect.NativeMethodAccessorImpl.invoke0(Native Method)
	at java.base/jdk.internal.reflect.NativeMethodAccessorImpl.invoke(NativeMethodAccessorImpl.java:77)
	at java.base/jdk.internal.reflect.DelegatingMethodAccessorImpl.invoke(DelegatingMethodAccessorImpl.java:43)
	at TC 2_MOZ-9885 Verify that when the email address is not filled than user can still save it as a draft.run(TC 2_MOZ-9885 Verify that when the email address is not filled than user can still save it as a draft:88)
	at com.kms.katalon.core.main.ScriptEngine.run(ScriptEngine.java:194)
	at com.kms.katalon.core.main.ScriptEngine.runScriptAsRawText(ScriptEngine.java:119)
	at com.kms.katalon.core.main.TestCaseExecutor.runScript(TestCaseExecutor.java:448)
	at com.kms.katalon.core.main.TestCaseExecutor.doExecute(TestCaseExecutor.java:439)
	at com.kms.katalon.core.main.TestCaseExecutor.processExecutionPhase(TestCaseExecutor.java:418)
	at com.kms.katalon.core.main.TestCaseExecutor.accessMainPhase(TestCaseExecutor.java:410)
	at com.kms.katalon.core.main.TestCaseExecutor.execute(TestCaseExecutor.java:285)
	at com.kms.katalon.core.common.CommonExecutor.accessTestCaseMainPhase(CommonExecutor.java:65)
	at com.kms.katalon.core.main.TestSuiteExecutor.accessTestSuiteMainPhase(TestSuiteExecutor.java:150)
	at com.kms.katalon.core.main.TestSuiteExecutor.execute(TestSuiteExecutor.java:106)
	at com.kms.katalon.core.main.TestCaseMain.startTestSuite(TestCaseMain.java:180)
	at TempTestSuite1728989799265.run(TempTestSuite1728989799265.groovy:35)
	at java.base/jdk.internal.reflect.NativeMethodAccessorImpl.invoke0(Native Method)
	at java.base/jdk.internal.reflect.NativeMethodAccessorImpl.invoke(NativeMethodAccessorImpl.java:77)
	at java.base/jdk.internal.reflect.DelegatingMethodAccessorImpl.invoke(DelegatingMethodAccessorImpl.java:43)


15-10-2024T16:33:21 - [TEST_STEP][PASSED] - mozartLogin.Login.launchBrowser(): mozartLogin.Login.launchBrowser is PASSED

15-10-2024T16:33:24 - [MESSAGE][PASSED] - Delete all cookies successfully

15-10-2024T16:33:24 - [MESSAGE][PASSED] - Current window maximized

15-10-2024T16:33:37 - [MESSAGE][PASSED] - Navigate to 'https://accelyacomtest.accelya.local/MozartTest/AirlinesHub/Index' successfully

15-10-2024T16:33:38 - [MESSAGE][PASSED] - Keys 'supermozart' sent to object: 'Object Repository/EK_Objects/Page_Mozart - AirlinesHub/username_textBox'

15-10-2024T16:33:38 - [MESSAGE][PASSED] - Object: 'Object Repository/EK_Objects/Page_Mozart - AirlinesHub/next_button' is clicked on

15-10-2024T16:33:38 - [MESSAGE][PASSED] - Text ****** has been set on object 'Object Repository/EK_Objects/Page_Mozart - AirlinesHub/password_textBox'

15-10-2024T16:33:38 - [MESSAGE][PASSED] - Object: 'Object Repository/EK_Objects/Page_Mozart - AirlinesHub/signIn_button' is clicked on

15-10-2024T16:33:53 - [MESSAGE][PASSED] - Delayed 15 second(s)

15-10-2024T16:33:53 - [MESSAGE][PASSED] - 14 options of object 'Object Repository/EK_Objects/Page_Mozart - AirlinesHub/pleaseSelect_button_selectTag' counted

15-10-2024T16:33:53 - [MESSAGE][PASSED] - Object: 'Object Repository/EK_Objects/Page_Mozart - AirlinesHub/pleaseSelect_Button' is clicked on

15-10-2024T16:33:53 - [MESSAGE][PASSED] - Text of object '' is: '000 [StandardAirline]'

15-10-2024T16:33:54 - [MESSAGE][PASSED] - Text of object '' is: '027 [Alaska027]'

15-10-2024T16:33:54 - [MESSAGE][PASSED] - Text of object '' is: '030 [Vueling030]'

15-10-2024T16:33:54 - [MESSAGE][PASSED] - Text of object '' is: '081 [Qantas081]'

15-10-2024T16:33:54 - [MESSAGE][PASSED] - Text of object '' is: '082 [Brussels]'

15-10-2024T16:33:54 - [MESSAGE][PASSED] - Text of object '' is: '114 [ElAl]'

15-10-2024T16:33:54 - [MESSAGE][PASSED] - Text of object '' is: '134 [Avianca]'

15-10-2024T16:33:54 - [MESSAGE][PASSED] - Text of object '' is: '173 [Demo]'

15-10-2024T16:33:54 - [MESSAGE][PASSED] - Text of object '' is: '176 [Emirates]'

15-10-2024T16:33:54 - [MESSAGE][PASSED] - Object: '' is clicked on

15-10-2024T16:33:57 - [MESSAGE][PASSED] - Object: 'Object Repository/EK_Objects/Page_Mozart - AirlinesHub/btn_select' is clicked on

15-10-2024T16:33:57 - [MESSAGE][PASSED] - Actual text and expected text of test object 'Object Repository/EK_Objects/Page_Mozart - Dashboard/txt_dashboard' are matched.

15-10-2024T16:33:57 - [MESSAGE][PASSED] - mozartLogin.Login.launchBrowser is PASSED

15-10-2024T16:33:57 - [TEST_STEP][PASSED] - uniqueNumber = utilityClass.GenericMethods.UniqueNumberGenerator(): utilityClass.GenericMethods.UniqueNumberGenerator is PASSED

15-10-2024T16:33:57 - [MESSAGE][PASSED] - utilityClass.GenericMethods.UniqueNumberGenerator is PASSED

15-10-2024T16:33:57 - [TEST_STEP][PASSED] - click(findTestObject("EK_Objects/Page_Mozart - Dashboard/a_Refunds")): Object: 'Object Repository/EK_Objects/Page_Mozart - Dashboard/a_Refunds' is clicked on

15-10-2024T16:33:57 - [MESSAGE][PASSED] - Object: 'Object Repository/EK_Objects/Page_Mozart - Dashboard/a_Refunds' is clicked on

15-10-2024T16:33:57 - [TEST_STEP][PASSED] - click(findTestObject("EK_Objects/Page_Mozart - Dashboard/a_Refund Capture")): Object: 'Object Repository/EK_Objects/Page_Mozart - Dashboard/a_Refund Capture' is clicked on

15-10-2024T16:34:01 - [MESSAGE][PASSED] - Object: 'Object Repository/EK_Objects/Page_Mozart - Dashboard/a_Refund Capture' is clicked on

15-10-2024T16:34:01 - [TEST_STEP][PASSED] - selectOptionByValue(findTestObject("EK_Objects/Page_Mozart - RefundsCapture/SelectRefundTypes"), "RF_Both", false): All options with value 'RF_Both' are selected in object 'Object Repository/EK_Objects/Page_Mozart - RefundsCapture/SelectRefundTypes' 

15-10-2024T16:34:01 - [MESSAGE][PASSED] - All options with value 'RF_Both' are selected in object 'Object Repository/EK_Objects/Page_Mozart - RefundsCapture/SelectRefundTypes' 

15-10-2024T16:34:01 - [TEST_STEP][PASSED] - sendKeys(findTestObject("EK_Objects/Page_Mozart - RefundsCapture/documentNumber_Textbox"), "6747279623"): Keys '6747279623' sent to object: 'Object Repository/EK_Objects/Page_Mozart - RefundsCapture/documentNumber_Textbox'

15-10-2024T16:34:01 - [MESSAGE][PASSED] - Keys '6747279623' sent to object: 'Object Repository/EK_Objects/Page_Mozart - RefundsCapture/documentNumber_Textbox'

15-10-2024T16:34:01 - [TEST_STEP][PASSED] - click(findTestObject("EK_Objects/Page_Mozart - RefundsCapture/country_Button")): Object: 'Object Repository/EK_Objects/Page_Mozart - RefundsCapture/country_Button' is clicked on

15-10-2024T16:34:02 - [MESSAGE][PASSED] - Object: 'Object Repository/EK_Objects/Page_Mozart - RefundsCapture/country_Button' is clicked on

15-10-2024T16:34:02 - [TEST_STEP][PASSED] - sendKeys(findTestObject("EK_Objects/Page_Mozart - RefundsCapture/country_Button_Inside_TextBox"), "IN - India"): Keys 'IN - India' sent to object: 'Object Repository/EK_Objects/Page_Mozart - RefundsCapture/country_Button_Inside_TextBox'

15-10-2024T16:34:03 - [MESSAGE][PASSED] - Keys 'IN - India' sent to object: 'Object Repository/EK_Objects/Page_Mozart - RefundsCapture/country_Button_Inside_TextBox'

15-10-2024T16:34:03 - [TEST_STEP][PASSED] - sendKeys(findTestObject("EK_Objects/Page_Mozart - RefundsCapture/country_Button_Inside_TextBox"), Keys.chord(ENTER)): Keys 'ENTER + ' sent to object: 'Object Repository/EK_Objects/Page_Mozart - RefundsCapture/country_Button_Inside_TextBox'

15-10-2024T16:34:03 - [MESSAGE][PASSED] - Keys 'ENTER + ' sent to object: 'Object Repository/EK_Objects/Page_Mozart - RefundsCapture/country_Button_Inside_TextBox'

15-10-2024T16:34:03 - [TEST_STEP][PASSED] - selectOptionByValue(findTestObject("EK_Objects/Page_Mozart - RefundsCapture/requestedFOP_DropDown"), "CA", false): All options with value 'CA' are selected in object 'Object Repository/EK_Objects/Page_Mozart - RefundsCapture/requestedFOP_DropDown' 

15-10-2024T16:34:03 - [MESSAGE][PASSED] - All options with value 'CA' are selected in object 'Object Repository/EK_Objects/Page_Mozart - RefundsCapture/requestedFOP_DropDown' 

15-10-2024T16:34:03 - [TEST_STEP][PASSED] - sendKeys(findTestObject("EK_Objects/Page_Mozart - RefundsCapture/couponsRequested_TextBox"), "1"): Keys '1' sent to object: 'Object Repository/EK_Objects/Page_Mozart - RefundsCapture/couponsRequested_TextBox'

15-10-2024T16:34:03 - [MESSAGE][PASSED] - Keys '1' sent to object: 'Object Repository/EK_Objects/Page_Mozart - RefundsCapture/couponsRequested_TextBox'

15-10-2024T16:34:03 - [TEST_STEP][PASSED] - sendKeys(findTestObject("EK_Objects/Page_Mozart - RefundsCapture/passengerRemarks_TextBox"), uniqueNumber): Keys '20241015163357' sent to object: 'Object Repository/EK_Objects/Page_Mozart - RefundsCapture/passengerRemarks_TextBox'

15-10-2024T16:34:03 - [MESSAGE][PASSED] - Keys '20241015163357' sent to object: 'Object Repository/EK_Objects/Page_Mozart - RefundsCapture/passengerRemarks_TextBox'

15-10-2024T16:34:03 - [TEST_STEP][PASSED] - selectOptionByValue(findTestObject("EK_Objects/Page_Mozart - RefundsCapture/title_PassengerDetails_Select"), "Mr", false): All options with value 'Mr' are selected in object 'Object Repository/EK_Objects/Page_Mozart - RefundsCapture/title_PassengerDetails_Select' 

15-10-2024T16:34:04 - [MESSAGE][PASSED] - All options with value 'Mr' are selected in object 'Object Repository/EK_Objects/Page_Mozart - RefundsCapture/title_PassengerDetails_Select' 

15-10-2024T16:34:04 - [TEST_STEP][PASSED] - sendKeys(findTestObject("EK_Objects/Page_Mozart - RefundsCapture/passengerName_PassengerDetails_TextBox"), "automationTest"): Keys 'automationTest' sent to object: 'Object Repository/EK_Objects/Page_Mozart - RefundsCapture/passengerName_PassengerDetails_TextBox'

15-10-2024T16:34:04 - [MESSAGE][PASSED] - Keys 'automationTest' sent to object: 'Object Repository/EK_Objects/Page_Mozart - RefundsCapture/passengerName_PassengerDetails_TextBox'

15-10-2024T16:34:04 - [TEST_STEP][PASSED] - selectOptionByLabel(findTestObject("EK_Objects/Page_Mozart - RefundsCapture/select_Currency"), "INR", false): All options with label 'INR' are selected in object 'Object Repository/EK_Objects/Page_Mozart - RefundsCapture/select_Currency' 

15-10-2024T16:34:04 - [MESSAGE][PASSED] - All options with label 'INR' are selected in object 'Object Repository/EK_Objects/Page_Mozart - RefundsCapture/select_Currency' 

15-10-2024T16:34:04 - [TEST_STEP][PASSED] - click(findTestObject("Demo/RecordingEK/Page_Mozart - RefundsCapture/Save Button")): Object: 'Object Repository/Demo/RecordingEK/Page_Mozart - RefundsCapture/Save Button' is clicked on

15-10-2024T16:34:04 - [MESSAGE][PASSED] - Object: 'Object Repository/Demo/RecordingEK/Page_Mozart - RefundsCapture/Save Button' is clicked on

15-10-2024T16:34:04 - [TEST_STEP][PASSED] - Thread.sleep(1000): null

15-10-2024T16:34:05 - [TEST_STEP][PASSED] - Draft_save_msg = getText(findTestObject("Demo/RecordingEK/Page_Mozart - RefundsCapture/Draft Save Success message")): Text of object 'Object Repository/Demo/RecordingEK/Page_Mozart - RefundsCapture/Draft Save Success message' is: 'Draft saved. The new ID Draft is 1212.'

15-10-2024T16:34:05 - [MESSAGE][PASSED] - Text of object 'Object Repository/Demo/RecordingEK/Page_Mozart - RefundsCapture/Draft Save Success message' is: 'Draft saved. The new ID Draft is 1212.'

15-10-2024T16:34:05 - [TEST_STEP][PASSED] - println(Draft_save_msg): null

15-10-2024T16:34:05 - [TEST_STEP][PASSED] - startIndex = Draft_save_msg.indexOf("is ") + 3: null

15-10-2024T16:34:05 - [TEST_STEP][PASSED] - numberWithDot = substring(startIndex).trim(): null

15-10-2024T16:34:05 - [TEST_STEP][PASSED] - draftMsgNumber = numberWithDot.replace(".", ""): null

15-10-2024T16:34:05 - [TEST_STEP][PASSED] - println(draftMsgNumber): null

15-10-2024T16:34:05 - [TEST_STEP][PASSED] - newSaveMsg = Draft_save_msg.substring(0, 32): null

15-10-2024T16:34:05 - [TEST_STEP][PASSED] - println(newSaveMsg): null

15-10-2024T16:34:05 - [TEST_STEP][PASSED] - verifyMatch(newSaveMsg, "Draft saved. The new ID Draft is", false): Actual text 'Draft saved. The new ID Draft is' and expected text 'Draft saved. The new ID Draft is' are matched 

15-10-2024T16:34:05 - [MESSAGE][PASSED] - Actual text 'Draft saved. The new ID Draft is' and expected text 'Draft saved. The new ID Draft is' are matched 

15-10-2024T16:34:05 - [TEST_STEP][PASSED] - click(findTestObject("EK_Objects/Page_Mozart - RefundsCapture/click_on_ThreeDots")): Object: 'Object Repository/EK_Objects/Page_Mozart - RefundsCapture/click_on_ThreeDots' is clicked on

15-10-2024T16:34:05 - [MESSAGE][PASSED] - Object: 'Object Repository/EK_Objects/Page_Mozart - RefundsCapture/click_on_ThreeDots' is clicked on

15-10-2024T16:34:05 - [TEST_STEP][PASSED] - click(findTestObject("EK_Objects/Page_Mozart - RefundsCapture/load_Draft_Button")): Object: 'Object Repository/EK_Objects/Page_Mozart - RefundsCapture/load_Draft_Button' is clicked on

15-10-2024T16:34:06 - [MESSAGE][PASSED] - Object: 'Object Repository/EK_Objects/Page_Mozart - RefundsCapture/load_Draft_Button' is clicked on

15-10-2024T16:34:06 - [TEST_STEP][PASSED] - draftNumber = getText(findTestObject("EK_Objects/Page_Mozart - RefundsCapture/DraftTableR1C2")): Text of object 'Object Repository/EK_Objects/Page_Mozart - RefundsCapture/DraftTableR1C2' is: ''

15-10-2024T16:34:07 - [MESSAGE][PASSED] - Text of object 'Object Repository/EK_Objects/Page_Mozart - RefundsCapture/DraftTableR1C2' is: ''

15-10-2024T16:34:07 - [TEST_STEP][PASSED] - println(draftNumber): null

15-10-2024T16:34:07 - [TEST_STEP][FAILED] - verifyMatch(draftNumber, draftMsgNumber, false): Unable to verify match between actual text '' and expected text '1212' (Root cause: com.kms.katalon.core.exception.StepFailedException: Actual text '' and expected text '1212' are not matched
	at com.kms.katalon.core.keyword.builtin.VerifyMatchKeyword$_verifyMatch_closure1.doCall(VerifyMatchKeyword.groovy:57)
	at com.kms.katalon.core.keyword.builtin.VerifyMatchKeyword$_verifyMatch_closure1.call(VerifyMatchKeyword.groovy)
	at com.kms.katalon.core.keyword.internal.KeywordMain.runKeyword(KeywordMain.groovy:75)
	at com.kms.katalon.core.keyword.builtin.VerifyMatchKeyword.verifyMatch(VerifyMatchKeyword.groovy:60)
	at com.kms.katalon.core.keyword.builtin.VerifyMatchKeyword.execute(VerifyMatchKeyword.groovy:45)
	at com.kms.katalon.core.keyword.internal.KeywordExecutor.executeKeywordForPlatform(KeywordExecutor.groovy:74)
	at com.kms.katalon.core.keyword.BuiltinKeywords.verifyMatch(BuiltinKeywords.groovy:78)
	at java.base/jdk.internal.reflect.NativeMethodAccessorImpl.invoke0(Native Method)
	at java.base/jdk.internal.reflect.NativeMethodAccessorImpl.invoke(NativeMethodAccessorImpl.java:77)
	at java.base/jdk.internal.reflect.DelegatingMethodAccessorImpl.invoke(DelegatingMethodAccessorImpl.java:43)
	at TC 2_MOZ-9885 Verify that when the email address is not filled than user can still save it as a draft.run(TC 2_MOZ-9885 Verify that when the email address is not filled than user can still save it as a draft:88)
	at com.kms.katalon.core.main.ScriptEngine.run(ScriptEngine.java:194)
	at com.kms.katalon.core.main.ScriptEngine.runScriptAsRawText(ScriptEngine.java:119)
	at com.kms.katalon.core.main.TestCaseExecutor.runScript(TestCaseExecutor.java:448)
	at com.kms.katalon.core.main.TestCaseExecutor.doExecute(TestCaseExecutor.java:439)
	at com.kms.katalon.core.main.TestCaseExecutor.processExecutionPhase(TestCaseExecutor.java:418)
	at com.kms.katalon.core.main.TestCaseExecutor.accessMainPhase(TestCaseExecutor.java:410)
	at com.kms.katalon.core.main.TestCaseExecutor.execute(TestCaseExecutor.java:285)
	at com.kms.katalon.core.common.CommonExecutor.accessTestCaseMainPhase(CommonExecutor.java:65)
	at com.kms.katalon.core.main.TestSuiteExecutor.accessTestSuiteMainPhase(TestSuiteExecutor.java:150)
	at com.kms.katalon.core.main.TestSuiteExecutor.execute(TestSuiteExecutor.java:106)
	at com.kms.katalon.core.main.TestCaseMain.startTestSuite(TestCaseMain.java:180)
	at TempTestSuite1728989799265.run(TempTestSuite1728989799265.groovy:35)
	at java.base/jdk.internal.reflect.NativeMethodAccessorImpl.invoke0(Native Method)
	at java.base/jdk.internal.reflect.NativeMethodAccessorImpl.invoke(NativeMethodAccessorImpl.java:77)
	at java.base/jdk.internal.reflect.DelegatingMethodAccessorImpl.invoke(DelegatingMethodAccessorImpl.java:43)
)

15-10-2024T16:34:07 - [MESSAGE][FAILED] - Unable to verify match between actual text '' and expected text '1212' (Root cause: com.kms.katalon.core.exception.StepFailedException: Actual text '' and expected text '1212' are not matched
	at com.kms.katalon.core.keyword.builtin.VerifyMatchKeyword$_verifyMatch_closure1.doCall(VerifyMatchKeyword.groovy:57)
	at com.kms.katalon.core.keyword.builtin.VerifyMatchKeyword$_verifyMatch_closure1.call(VerifyMatchKeyword.groovy)
	at com.kms.katalon.core.keyword.internal.KeywordMain.runKeyword(KeywordMain.groovy:75)
	at com.kms.katalon.core.keyword.builtin.VerifyMatchKeyword.verifyMatch(VerifyMatchKeyword.groovy:60)
	at com.kms.katalon.core.keyword.builtin.VerifyMatchKeyword.execute(VerifyMatchKeyword.groovy:45)
	at com.kms.katalon.core.keyword.internal.KeywordExecutor.executeKeywordForPlatform(KeywordExecutor.groovy:74)
	at com.kms.katalon.core.keyword.BuiltinKeywords.verifyMatch(BuiltinKeywords.groovy:78)
	at java.base/jdk.internal.reflect.NativeMethodAccessorImpl.invoke0(Native Method)
	at java.base/jdk.internal.reflect.NativeMethodAccessorImpl.invoke(NativeMethodAccessorImpl.java:77)
	at java.base/jdk.internal.reflect.DelegatingMethodAccessorImpl.invoke(DelegatingMethodAccessorImpl.java:43)
	at TC 2_MOZ-9885 Verify that when the email address is not filled than user can still save it as a draft.run(TC 2_MOZ-9885 Verify that when the email address is not filled than user can still save it as a draft:88)
	at com.kms.katalon.core.main.ScriptEngine.run(ScriptEngine.java:194)
	at com.kms.katalon.core.main.ScriptEngine.runScriptAsRawText(ScriptEngine.java:119)
	at com.kms.katalon.core.main.TestCaseExecutor.runScript(TestCaseExecutor.java:448)
	at com.kms.katalon.core.main.TestCaseExecutor.doExecute(TestCaseExecutor.java:439)
	at com.kms.katalon.core.main.TestCaseExecutor.processExecutionPhase(TestCaseExecutor.java:418)
	at com.kms.katalon.core.main.TestCaseExecutor.accessMainPhase(TestCaseExecutor.java:410)
	at com.kms.katalon.core.main.TestCaseExecutor.execute(TestCaseExecutor.java:285)
	at com.kms.katalon.core.common.CommonExecutor.accessTestCaseMainPhase(CommonExecutor.java:65)
	at com.kms.katalon.core.main.TestSuiteExecutor.accessTestSuiteMainPhase(TestSuiteExecutor.java:150)
	at com.kms.katalon.core.main.TestSuiteExecutor.execute(TestSuiteExecutor.java:106)
	at com.kms.katalon.core.main.TestCaseMain.startTestSuite(TestCaseMain.java:180)
	at TempTestSuite1728989799265.run(TempTestSuite1728989799265.groovy:35)
	at java.base/jdk.internal.reflect.NativeMethodAccessorImpl.invoke0(Native Method)
	at java.base/jdk.internal.reflect.NativeMethodAccessorImpl.invoke(NativeMethodAccessorImpl.java:77)
	at java.base/jdk.internal.reflect.DelegatingMethodAccessorImpl.invoke(DelegatingMethodAccessorImpl.java:43)
)]]></system-out>
         <system-err><![CDATA[15-10-2024T16:33:21 - [TEST_CASE][FAILED] - Test Cases/MOZ-9700/TC 2_MOZ-9885 Verify that when the email address is not filled than user can still save it as a draft: Test Cases/MOZ-9700/TC 2_MOZ-9885 Verify that when the email address is not filled than user can still save it as a draft FAILED.
Reason:
com.kms.katalon.core.exception.StepFailedException: Actual text '' and expected text '1212' are not matched
	at com.kms.katalon.core.keyword.builtin.VerifyMatchKeyword$_verifyMatch_closure1.doCall(VerifyMatchKeyword.groovy:57)
	at com.kms.katalon.core.keyword.builtin.VerifyMatchKeyword$_verifyMatch_closure1.call(VerifyMatchKeyword.groovy)
	at com.kms.katalon.core.keyword.internal.KeywordMain.runKeyword(KeywordMain.groovy:75)
	at com.kms.katalon.core.keyword.builtin.VerifyMatchKeyword.verifyMatch(VerifyMatchKeyword.groovy:60)
	at com.kms.katalon.core.keyword.builtin.VerifyMatchKeyword.execute(VerifyMatchKeyword.groovy:45)
	at com.kms.katalon.core.keyword.internal.KeywordExecutor.executeKeywordForPlatform(KeywordExecutor.groovy:74)
	at com.kms.katalon.core.keyword.BuiltinKeywords.verifyMatch(BuiltinKeywords.groovy:78)
	at java.base/jdk.internal.reflect.NativeMethodAccessorImpl.invoke0(Native Method)
	at java.base/jdk.internal.reflect.NativeMethodAccessorImpl.invoke(NativeMethodAccessorImpl.java:77)
	at java.base/jdk.internal.reflect.DelegatingMethodAccessorImpl.invoke(DelegatingMethodAccessorImpl.java:43)
	at TC 2_MOZ-9885 Verify that when the email address is not filled than user can still save it as a draft.run(TC 2_MOZ-9885 Verify that when the email address is not filled than user can still save it as a draft:88)
	at com.kms.katalon.core.main.ScriptEngine.run(ScriptEngine.java:194)
	at com.kms.katalon.core.main.ScriptEngine.runScriptAsRawText(ScriptEngine.java:119)
	at com.kms.katalon.core.main.TestCaseExecutor.runScript(TestCaseExecutor.java:448)
	at com.kms.katalon.core.main.TestCaseExecutor.doExecute(TestCaseExecutor.java:439)
	at com.kms.katalon.core.main.TestCaseExecutor.processExecutionPhase(TestCaseExecutor.java:418)
	at com.kms.katalon.core.main.TestCaseExecutor.accessMainPhase(TestCaseExecutor.java:410)
	at com.kms.katalon.core.main.TestCaseExecutor.execute(TestCaseExecutor.java:285)
	at com.kms.katalon.core.common.CommonExecutor.accessTestCaseMainPhase(CommonExecutor.java:65)
	at com.kms.katalon.core.main.TestSuiteExecutor.accessTestSuiteMainPhase(TestSuiteExecutor.java:150)
	at com.kms.katalon.core.main.TestSuiteExecutor.execute(TestSuiteExecutor.java:106)
	at com.kms.katalon.core.main.TestCaseMain.startTestSuite(TestCaseMain.java:180)
	at TempTestSuite1728989799265.run(TempTestSuite1728989799265.groovy:35)
	at java.base/jdk.internal.reflect.NativeMethodAccessorImpl.invoke0(Native Method)
	at java.base/jdk.internal.reflect.NativeMethodAccessorImpl.invoke(NativeMethodAccessorImpl.java:77)
	at java.base/jdk.internal.reflect.DelegatingMethodAccessorImpl.invoke(DelegatingMethodAccessorImpl.java:43)]]></system-err>
      </testcase>
      <testcase name="Test Cases/MOZ-9700/TC 1_MOZ_9876 Verify the email address to be marked as obligatory field" time="44.159" classname="Test Cases/MOZ-9700/TC 1_MOZ_9876 Verify the email address to be marked as obligatory field" status="PASSED">
         <system-out><![CDATA[15-10-2024T16:34:07 - [TEST_CASE][PASSED] - Test Cases/MOZ-9700/TC 1_MOZ_9876 Verify the email address to be marked as obligatory field: Test Cases/MOZ-9700/TC 1_MOZ_9876 Verify the email address to be marked as obligatory field

15-10-2024T16:34:07 - [TEST_STEP][PASSED] - demoPackage.MozartLogin.LoginWithChromeForEK(): demoPackage.MozartLogin.LoginWithChromeForEK is PASSED

15-10-2024T16:34:07 - [MESSAGE][WARNING] - A browser is already opened. Closing browser and opening a new one

15-10-2024T16:34:08 - [MESSAGE][INFO] - Starting 'Chrome' driver

15-10-2024T16:34:08 - [MESSAGE][INFO] - Action delay is set to 0 milliseconds

15-10-2024T16:34:11 - [MESSAGE][PASSED] - Browser is opened with url: ''

15-10-2024T16:34:11 - [MESSAGE][PASSED] - Navigate to 'https://accelyacomtest.accelya.local/MozartTest/AirlinesHub/Index' successfully

15-10-2024T16:34:11 - [MESSAGE][PASSED] - Current window maximized

15-10-2024T16:34:11 - [MESSAGE][PASSED] - Object: 'Object Repository/Demo/MozartChrome/ChromeAdvance/ClickOnAdvanceButton' is clicked on

15-10-2024T16:34:25 - [MESSAGE][PASSED] - Object: 'Object Repository/Demo/MozartChrome/ChromeAdvance/ProccedLink' is clicked on

15-10-2024T16:34:26 - [MESSAGE][PASSED] - Text 'supermozart' is set on object 'Object Repository/Demo/MozartChrome/Page_/input_Username_Login'

15-10-2024T16:34:26 - [MESSAGE][PASSED] - Object: 'Object Repository/Demo/MozartChrome/Page_/button_Next' is clicked on

15-10-2024T16:34:27 - [MESSAGE][PASSED] - Text 'Accelya.1' is set on object 'Object Repository/Demo/MozartChrome/Page_/input_Password_Password'

15-10-2024T16:34:28 - [MESSAGE][PASSED] - Object: 'Object Repository/Demo/MozartChrome/Page_/button_Sign in' is clicked on

15-10-2024T16:34:32 - [MESSAGE][PASSED] - Object: 'Object Repository/Demo/MozartChrome/Page_Mozart - AirlinesHub/button_Please select' is clicked on

15-10-2024T16:34:33 - [MESSAGE][PASSED] - Object: 'Object Repository/EK_Objects/Page_Mozart - AirlinesHub/a_176 Emirates' is clicked on

15-10-2024T16:34:35 - [MESSAGE][PASSED] - Object: 'Object Repository/Demo/MozartChrome/Page_Mozart - AirlinesHub/a_Select' is clicked on

15-10-2024T16:34:35 - [MESSAGE][PASSED] - demoPackage.MozartLogin.LoginWithChromeForEK is PASSED

15-10-2024T16:34:35 - [TEST_STEP][PASSED] - uniqueNumber = utilityClass.GenericMethods.UniqueNumberGenerator(): utilityClass.GenericMethods.UniqueNumberGenerator is PASSED

15-10-2024T16:34:35 - [MESSAGE][PASSED] - utilityClass.GenericMethods.UniqueNumberGenerator is PASSED

15-10-2024T16:34:35 - [TEST_STEP][PASSED] - click(findTestObject("EK_Objects/Page_Mozart - Dashboard/a_Refunds")): Object: 'Object Repository/EK_Objects/Page_Mozart - Dashboard/a_Refunds' is clicked on

15-10-2024T16:34:40 - [MESSAGE][PASSED] - Object: 'Object Repository/EK_Objects/Page_Mozart - Dashboard/a_Refunds' is clicked on

15-10-2024T16:34:40 - [TEST_STEP][PASSED] - click(findTestObject("EK_Objects/Page_Mozart - Dashboard/a_Refund Capture")): Object: 'Object Repository/EK_Objects/Page_Mozart - Dashboard/a_Refund Capture' is clicked on

15-10-2024T16:34:43 - [MESSAGE][PASSED] - Object: 'Object Repository/EK_Objects/Page_Mozart - Dashboard/a_Refund Capture' is clicked on

15-10-2024T16:34:43 - [TEST_STEP][PASSED] - selectOptionByValue(findTestObject("EK_Objects/Page_Mozart - RefundsCapture/SelectRefundTypes"), "RF_Both", false): All options with value 'RF_Both' are selected in object 'Object Repository/EK_Objects/Page_Mozart - RefundsCapture/SelectRefundTypes' 

15-10-2024T16:34:44 - [MESSAGE][PASSED] - All options with value 'RF_Both' are selected in object 'Object Repository/EK_Objects/Page_Mozart - RefundsCapture/SelectRefundTypes' 

15-10-2024T16:34:44 - [TEST_STEP][PASSED] - sendKeys(findTestObject("EK_Objects/Page_Mozart - RefundsCapture/documentNumber_Textbox"), "6747279623"): Keys '6747279623' sent to object: 'Object Repository/EK_Objects/Page_Mozart - RefundsCapture/documentNumber_Textbox'

15-10-2024T16:34:45 - [MESSAGE][PASSED] - Keys '6747279623' sent to object: 'Object Repository/EK_Objects/Page_Mozart - RefundsCapture/documentNumber_Textbox'

15-10-2024T16:34:45 - [TEST_STEP][PASSED] - click(findTestObject("EK_Objects/Page_Mozart - RefundsCapture/country_Button")): Object: 'Object Repository/EK_Objects/Page_Mozart - RefundsCapture/country_Button' is clicked on

15-10-2024T16:34:45 - [MESSAGE][PASSED] - Object: 'Object Repository/EK_Objects/Page_Mozart - RefundsCapture/country_Button' is clicked on

15-10-2024T16:34:45 - [TEST_STEP][PASSED] - sendKeys(findTestObject("EK_Objects/Page_Mozart - RefundsCapture/country_Button_Inside_TextBox"), "IN - India"): Keys 'IN - India' sent to object: 'Object Repository/EK_Objects/Page_Mozart - RefundsCapture/country_Button_Inside_TextBox'

15-10-2024T16:34:46 - [MESSAGE][PASSED] - Keys 'IN - India' sent to object: 'Object Repository/EK_Objects/Page_Mozart - RefundsCapture/country_Button_Inside_TextBox'

15-10-2024T16:34:46 - [TEST_STEP][PASSED] - sendKeys(findTestObject("EK_Objects/Page_Mozart - RefundsCapture/country_Button_Inside_TextBox"), Keys.chord(ENTER)): Keys 'ENTER + ' sent to object: 'Object Repository/EK_Objects/Page_Mozart - RefundsCapture/country_Button_Inside_TextBox'

15-10-2024T16:34:47 - [MESSAGE][PASSED] - Keys 'ENTER + ' sent to object: 'Object Repository/EK_Objects/Page_Mozart - RefundsCapture/country_Button_Inside_TextBox'

15-10-2024T16:34:47 - [TEST_STEP][PASSED] - selectOptionByValue(findTestObject("EK_Objects/Page_Mozart - RefundsCapture/requestedFOP_DropDown"), "CA", false): All options with value 'CA' are selected in object 'Object Repository/EK_Objects/Page_Mozart - RefundsCapture/requestedFOP_DropDown' 

15-10-2024T16:34:48 - [MESSAGE][PASSED] - All options with value 'CA' are selected in object 'Object Repository/EK_Objects/Page_Mozart - RefundsCapture/requestedFOP_DropDown' 

15-10-2024T16:34:48 - [TEST_STEP][PASSED] - sendKeys(findTestObject("EK_Objects/Page_Mozart - RefundsCapture/couponsRequested_TextBox"), "1"): Keys '1' sent to object: 'Object Repository/EK_Objects/Page_Mozart - RefundsCapture/couponsRequested_TextBox'

15-10-2024T16:34:49 - [MESSAGE][PASSED] - Keys '1' sent to object: 'Object Repository/EK_Objects/Page_Mozart - RefundsCapture/couponsRequested_TextBox'

15-10-2024T16:34:49 - [TEST_STEP][PASSED] - sendKeys(findTestObject("EK_Objects/Page_Mozart - RefundsCapture/passengerRemarks_TextBox"), uniqueNumber): Keys '20241015163435' sent to object: 'Object Repository/EK_Objects/Page_Mozart - RefundsCapture/passengerRemarks_TextBox'

15-10-2024T16:34:49 - [MESSAGE][PASSED] - Keys '20241015163435' sent to object: 'Object Repository/EK_Objects/Page_Mozart - RefundsCapture/passengerRemarks_TextBox'

15-10-2024T16:34:49 - [TEST_STEP][PASSED] - selectOptionByLabel(findTestObject("EK_Objects/Page_Mozart - RefundsCapture/select_Currency"), "INR", false): All options with label 'INR' are selected in object 'Object Repository/EK_Objects/Page_Mozart - RefundsCapture/select_Currency' 

15-10-2024T16:34:50 - [MESSAGE][PASSED] - All options with label 'INR' are selected in object 'Object Repository/EK_Objects/Page_Mozart - RefundsCapture/select_Currency' 

15-10-2024T16:34:50 - [TEST_STEP][PASSED] - emailAddressEmpty = getText(findTestObject("Object Repository/EK_Objects/Page_Mozart - RefundsCapture/EmailFieldObligatory")): Text of object 'Object Repository/EK_Objects/Page_Mozart - RefundsCapture/EmailFieldObligatory' is: 'Field required'

15-10-2024T16:34:50 - [MESSAGE][PASSED] - Text of object 'Object Repository/EK_Objects/Page_Mozart - RefundsCapture/EmailFieldObligatory' is: 'Field required'

15-10-2024T16:34:50 - [TEST_STEP][PASSED] - verifyMatch(emailAddressEmpty, "Field required", false, CONTINUE_ON_FAILURE): Actual text 'Field required' and expected text 'Field required' are matched 

15-10-2024T16:34:50 - [MESSAGE][PASSED] - Actual text 'Field required' and expected text 'Field required' are matched 

15-10-2024T16:34:50 - [TEST_STEP][PASSED] - passangerName = getText(findTestObject("Object Repository/EK_Objects/Page_Mozart - RefundsCapture/passengerName_FieldRequired")): Text of object 'Object Repository/EK_Objects/Page_Mozart - RefundsCapture/passengerName_FieldRequired' is: 'Field required'

15-10-2024T16:34:51 - [MESSAGE][PASSED] - Text of object 'Object Repository/EK_Objects/Page_Mozart - RefundsCapture/passengerName_FieldRequired' is: 'Field required'

15-10-2024T16:34:51 - [TEST_STEP][PASSED] - verifyMatch(passangerName, "Field required", false, CONTINUE_ON_FAILURE): Actual text 'Field required' and expected text 'Field required' are matched 

15-10-2024T16:34:51 - [MESSAGE][PASSED] - Actual text 'Field required' and expected text 'Field required' are matched 

15-10-2024T16:34:51 - [TEST_STEP][PASSED] - Title = getText(findTestObject("Object Repository/EK_Objects/Page_Mozart - RefundsCapture/passengerTitle_FieldRequired")): Text of object 'Object Repository/EK_Objects/Page_Mozart - RefundsCapture/passengerTitle_FieldRequired' is: 'Field required'

15-10-2024T16:34:51 - [MESSAGE][PASSED] - Text of object 'Object Repository/EK_Objects/Page_Mozart - RefundsCapture/passengerTitle_FieldRequired' is: 'Field required'

15-10-2024T16:34:51 - [TEST_STEP][PASSED] - verifyMatch(Title, "Field required", false, CONTINUE_ON_FAILURE): Actual text 'Field required' and expected text 'Field required' are matched 

15-10-2024T16:34:51 - [MESSAGE][PASSED] - Actual text 'Field required' and expected text 'Field required' are matched]]></system-out>
         <system-err><![CDATA[]]></system-err>
      </testcase>
      <testcase name="Test Cases/MOZ-11020/TC 2_MOZ-11334 Verify Inclusion of Waiver Effective and Expiry Dates in WS Response" time="1.106" classname="Test Cases/MOZ-11020/TC 2_MOZ-11334 Verify Inclusion of Waiver Effective and Expiry Dates in WS Response" status="PASSED">
         <system-out><![CDATA[15-10-2024T16:34:51 - [TEST_CASE][PASSED] - Test Cases/MOZ-11020/TC 2_MOZ-11334 Verify Inclusion of Waiver Effective and Expiry Dates in WS Response: Test Cases/MOZ-11020/TC 2_MOZ-11334 Verify Inclusion of Waiver Effective and Expiry Dates in WS Response

15-10-2024T16:34:51 - [TEST_STEP][PASSED] - apiRequests.apiConnection.runAuthToken(findTestObject("API/Demo API/Auth Token")): apiRequests.apiConnection.runAuthToken is PASSED

15-10-2024T16:34:52 - [MESSAGE][INFO] - HAR: C:\Users\ranjit.vadar\Katalon Studio\Mozart Emirates\Reports\20241015_162639\MOZART\TEST\20241015_162639\requests\main\9.har

15-10-2024T16:34:52 - [MESSAGE][PASSED] - Send request successfully

15-10-2024T16:34:52 - [MESSAGE][PASSED] - Verify response status code successfully

15-10-2024T16:34:52 - [MESSAGE][PASSED] - apiRequests.apiConnection.runAuthToken is PASSED

15-10-2024T16:34:52 - [TEST_STEP][PASSED] - response = sendRequest(findTestObject("API/MOZ_11020_API/pnr_waiver_request")): Send request successfully

15-10-2024T16:34:52 - [MESSAGE][INFO] - HAR: C:\Users\ranjit.vadar\Katalon Studio\Mozart Emirates\Reports\20241015_162639\MOZART\TEST\20241015_162639\requests\main\10.har

15-10-2024T16:34:52 - [MESSAGE][PASSED] - Send request successfully

15-10-2024T16:34:52 - [TEST_STEP][PASSED] - responseBody = response.getResponseText(): null

15-10-2024T16:34:52 - [TEST_STEP][PASSED] - println(JsonOutput.prettyPrint(responseBody)): null

15-10-2024T16:34:52 - [TEST_STEP][PASSED] - verifyResponseStatusCode(response, 200): Verify response status code successfully

15-10-2024T16:34:52 - [MESSAGE][PASSED] - Verify response status code successfully

15-10-2024T16:34:52 - [TEST_STEP][PASSED] - slurper = new groovy.json.JsonSlurper(): null

15-10-2024T16:34:52 - [TEST_STEP][PASSED] - jsonResponse = slurper.parseText(response.getResponseText()): null

15-10-2024T16:34:52 - [TEST_STEP][PASSED] - utilityClass.CustomSoftAssert.assertTrue(waiver_effective_date != null, "waiver_effective_date is missing in the response"): utilityClass.CustomSoftAssert.assertTrue is PASSED

15-10-2024T16:34:52 - [MESSAGE][PASSED] - utilityClass.CustomSoftAssert.assertTrue is PASSED

15-10-2024T16:34:52 - [TEST_STEP][PASSED] - utilityClass.CustomSoftAssert.assertTrue(waiver_expiry_date != null, "waiver_expiry_date is missing in the response"): utilityClass.CustomSoftAssert.assertTrue is PASSED

15-10-2024T16:34:52 - [MESSAGE][PASSED] - utilityClass.CustomSoftAssert.assertTrue is PASSED

15-10-2024T16:34:52 - [TEST_STEP][PASSED] - utilityClass.CustomSoftAssert.assertAll(): utilityClass.CustomSoftAssert.assertAll is PASSED

15-10-2024T16:34:52 - [MESSAGE][PASSED] - utilityClass.CustomSoftAssert.assertAll is PASSED]]></system-out>
         <system-err><![CDATA[]]></system-err>
      </testcase>
      <testcase name="Test Cases/MOZ-11020/TC 1_MOZ_11333 Verify Replacement of Internal Structure Table Names from MARS to PNR" time="17.201" classname="Test Cases/MOZ-11020/TC 1_MOZ_11333 Verify Replacement of Internal Structure Table Names from MARS to PNR" status="PASSED">
         <system-out><![CDATA[15-10-2024T16:34:52 - [TEST_CASE][PASSED] - Test Cases/MOZ-11020/TC 1_MOZ_11333 Verify Replacement of Internal Structure Table Names from MARS to PNR: Test Cases/MOZ-11020/TC 1_MOZ_11333 Verify Replacement of Internal Structure Table Names from MARS to PNR

15-10-2024T16:34:52 - [TEST_STEP][PASSED] - mi_pnr_waiver = database.DatabaseUtils.checkTableExists("mi_pnr_waiver"): database.DatabaseUtils.checkTableExists is PASSED

15-10-2024T16:34:56 - [MESSAGE][INFO] - Table mi_pnr_waiver exists.

15-10-2024T16:34:56 - [MESSAGE][PASSED] - database.DatabaseUtils.checkTableExists is PASSED

15-10-2024T16:34:56 - [TEST_STEP][PASSED] - utilityClass.CustomSoftAssert.assertTrue(mi_pnr_waiver, "The mi_pnr_waiver table should be available in the database."): utilityClass.CustomSoftAssert.assertTrue is PASSED

15-10-2024T16:34:56 - [MESSAGE][PASSED] - utilityClass.CustomSoftAssert.assertTrue is PASSED

15-10-2024T16:34:56 - [TEST_STEP][PASSED] - mi_pnr_waiver_remarks = database.DatabaseUtils.checkTableExists("mi_pnr_waiver_remarks"): database.DatabaseUtils.checkTableExists is PASSED

15-10-2024T16:35:00 - [MESSAGE][INFO] - Table mi_pnr_waiver_remarks exists.

15-10-2024T16:35:00 - [MESSAGE][PASSED] - database.DatabaseUtils.checkTableExists is PASSED

15-10-2024T16:35:00 - [TEST_STEP][PASSED] - utilityClass.CustomSoftAssert.assertTrue(mi_pnr_waiver_remarks, "The mi_pnr_waiver_remarks table should be available in the database."): utilityClass.CustomSoftAssert.assertTrue is PASSED

15-10-2024T16:35:00 - [MESSAGE][PASSED] - utilityClass.CustomSoftAssert.assertTrue is PASSED

15-10-2024T16:35:00 - [TEST_STEP][PASSED] - md_rfnd_pnr_waivers = database.DatabaseUtils.checkTableExists("md_rfnd_pnr_waivers"): database.DatabaseUtils.checkTableExists is PASSED

15-10-2024T16:35:03 - [MESSAGE][INFO] - Table md_rfnd_pnr_waivers exists.

15-10-2024T16:35:03 - [MESSAGE][PASSED] - database.DatabaseUtils.checkTableExists is PASSED

15-10-2024T16:35:03 - [TEST_STEP][PASSED] - utilityClass.CustomSoftAssert.assertTrue(md_rfnd_pnr_waivers, "The md_rfnd_pnr_waivers table should be available in the database."): utilityClass.CustomSoftAssert.assertTrue is PASSED

15-10-2024T16:35:03 - [MESSAGE][PASSED] - utilityClass.CustomSoftAssert.assertTrue is PASSED

15-10-2024T16:35:03 - [TEST_STEP][PASSED] - controller_name_column_row_value = database.DBConnection.SQL("select * from bdmozart.mc_endpoints_exposed where controller_name = 'PnrWaiverController'", "controller_name", 1): database.DBConnection.SQL is PASSED

15-10-2024T16:35:06 - [MESSAGE][PASSED] - database.DBConnection.SQL is PASSED

15-10-2024T16:35:06 - [TEST_STEP][PASSED] - utilityClass.CustomSoftAssert.assertEquals(controller_name_column_row_value, "PnrWaiverController", "Expected Column value is = PnrWaiverController"): utilityClass.CustomSoftAssert.assertEquals is PASSED

15-10-2024T16:35:06 - [MESSAGE][PASSED] - utilityClass.CustomSoftAssert.assertEquals is PASSED

15-10-2024T16:35:06 - [TEST_STEP][PASSED] - description_column_row_value = database.DBConnection.SQL("select * from bdmozart.mc_file_type where code = 'MWF'", "description", 1): database.DBConnection.SQL is PASSED

15-10-2024T16:35:09 - [MESSAGE][PASSED] - database.DBConnection.SQL is PASSED

15-10-2024T16:35:09 - [TEST_STEP][PASSED] - utilityClass.CustomSoftAssert.assertEquals(description_column_row_value, "Pnr Waiver File", "Expected Column value is = Pnr Waiver File"): utilityClass.CustomSoftAssert.assertEquals is PASSED

15-10-2024T16:35:09 - [MESSAGE][PASSED] - utilityClass.CustomSoftAssert.assertEquals is PASSED

15-10-2024T16:35:09 - [TEST_STEP][PASSED] - utilityClass.CustomSoftAssert.assertAll(): utilityClass.CustomSoftAssert.assertAll is PASSED

15-10-2024T16:35:09 - [MESSAGE][PASSED] - utilityClass.CustomSoftAssert.assertAll is PASSED]]></system-out>
         <system-err><![CDATA[]]></system-err>
      </testcase>
      <testcase name="Test Cases/MOZ-12692/TC_1_MOZ-13227_Verify that the system correctly identifies a TRIPS-Quote embedded in a refund request" time="10.965" classname="Test Cases/MOZ-12692/TC_1_MOZ-13227_Verify that the system correctly identifies a TRIPS-Quote embedded in a refund request" status="PASSED">
         <system-out><![CDATA[15-10-2024T16:35:09 - [TEST_CASE][PASSED] - Test Cases/MOZ-12692/TC_1_MOZ-13227_Verify that the system correctly identifies a TRIPS-Quote embedded in a refund request: Test Cases/MOZ-12692/TC_1_MOZ-13227_Verify that the system correctly identifies a TRIPS-Quote embedded in a refund request

15-10-2024T16:35:10 - [TEST_STEP][PASSED] - processJson = new utilityClass.JsonPaths(): null

15-10-2024T16:35:10 - [TEST_STEP][PASSED] - filePath = "Test Data/Embedded TKT Quote.txt": null

15-10-2024T16:35:10 - [TEST_STEP][PASSED] - QuoteString = processJson.JsonStringFormatter(filePath): null

15-10-2024T16:35:10 - [TEST_STEP][PASSED] - apiRequests.apiConnection.runAuthToken(findTestObject("API/Demo API/Auth Token")): apiRequests.apiConnection.runAuthToken is PASSED

15-10-2024T16:35:10 - [MESSAGE][INFO] - HAR: C:\Users\ranjit.vadar\Katalon Studio\Mozart Emirates\Reports\20241015_162639\MOZART\TEST\20241015_162639\requests\main\11.har

15-10-2024T16:35:10 - [MESSAGE][PASSED] - Send request successfully

15-10-2024T16:35:10 - [MESSAGE][PASSED] - Verify response status code successfully

15-10-2024T16:35:10 - [MESSAGE][PASSED] - apiRequests.apiConnection.runAuthToken is PASSED

15-10-2024T16:35:10 - [TEST_STEP][PASSED] - fullRefundResponse = sendRequest(findTestObject("API/MOZ-12692_API/MOZ-12692_EK_QUOTE_TRIPS")): Send request successfully

15-10-2024T16:35:14 - [MESSAGE][INFO] - HAR: C:\Users\ranjit.vadar\Katalon Studio\Mozart Emirates\Reports\20241015_162639\MOZART\TEST\20241015_162639\requests\main\12.har

15-10-2024T16:35:14 - [MESSAGE][PASSED] - Send request successfully

15-10-2024T16:35:14 - [TEST_STEP][PASSED] - verifyResponseStatusCode(fullRefundResponse, 200): Verify response status code successfully

15-10-2024T16:35:14 - [MESSAGE][PASSED] - Verify response status code successfully

15-10-2024T16:35:14 - [TEST_STEP][PASSED] - mozartRequestId = getElementPropertyValue(fullRefundResponse, "data[0].mozart_request_id"): null

15-10-2024T16:35:14 - [TEST_STEP][PASSED] - queryTemplate = "select * from bdmozart.%s where %s = '%s'": null

15-10-2024T16:35:14 - [TEST_STEP][PASSED] - mozartRequestCondition = idrequest = '$mozartRequestId': null

15-10-2024T16:35:14 - [TEST_STEP][PASSED] - mi_refund_ek_quote = String.format(queryTemplate, "mi_refund_ek_quote", "idrequest", mozartRequestId): null

15-10-2024T16:35:14 - [TEST_STEP][PASSED] - idQuote = database.DatabaseUtils.executeQuery(mi_refund_ek_quote, "id", 1): database.DatabaseUtils.executeQuery is PASSED

15-10-2024T16:35:17 - [MESSAGE][PASSED] - database.DatabaseUtils.executeQuery is PASSED

15-10-2024T16:35:17 - [TEST_STEP][PASSED] - quoteType = database.DatabaseUtils.executeQuery(mi_refund_ek_quote, "quote_type", 1): database.DatabaseUtils.executeQuery is PASSED

15-10-2024T16:35:20 - [MESSAGE][PASSED] - database.DatabaseUtils.executeQuery is PASSED

15-10-2024T16:35:20 - [TEST_STEP][PASSED] - verifyMatch(quoteType, "TKT-Quote", false): Actual text 'TKT-Quote' and expected text 'TKT-Quote' are matched 

15-10-2024T16:35:20 - [MESSAGE][PASSED] - Actual text 'TKT-Quote' and expected text 'TKT-Quote' are matched]]></system-out>
         <system-err><![CDATA[]]></system-err>
      </testcase>
      <testcase name="Test Cases/MOZ-10510/TC 7_MOZ_11448 Verify Grid Display in the Local Settlements Module" time="83.816" classname="Test Cases/MOZ-10510/TC 7_MOZ_11448 Verify Grid Display in the Local Settlements Module" status="PASSED">
         <system-out><![CDATA[15-10-2024T16:35:20 - [TEST_CASE][PASSED] - Test Cases/MOZ-10510/TC 7_MOZ_11448 Verify Grid Display in the Local Settlements Module: Test Cases/MOZ-10510/TC 7_MOZ_11448 Verify Grid Display in the Local Settlements Module

15-10-2024T16:35:21 - [TEST_STEP][PASSED] - mozartLogin.Login.launchBrowser(): mozartLogin.Login.launchBrowser is PASSED

15-10-2024T16:35:22 - [MESSAGE][PASSED] - Delete all cookies successfully

15-10-2024T16:35:22 - [MESSAGE][PASSED] - Current window maximized

15-10-2024T16:35:34 - [MESSAGE][PASSED] - Navigate to 'https://accelyacomtest.accelya.local/MozartTest/AirlinesHub/Index' successfully

15-10-2024T16:35:34 - [MESSAGE][PASSED] - Keys 'supermozart' sent to object: 'Object Repository/EK_Objects/Page_Mozart - AirlinesHub/username_textBox'

15-10-2024T16:35:34 - [MESSAGE][PASSED] - Object: 'Object Repository/EK_Objects/Page_Mozart - AirlinesHub/next_button' is clicked on

15-10-2024T16:35:35 - [MESSAGE][PASSED] - Text ****** has been set on object 'Object Repository/EK_Objects/Page_Mozart - AirlinesHub/password_textBox'

15-10-2024T16:35:35 - [MESSAGE][PASSED] - Object: 'Object Repository/EK_Objects/Page_Mozart - AirlinesHub/signIn_button' is clicked on

15-10-2024T16:35:50 - [MESSAGE][PASSED] - Delayed 15 second(s)

15-10-2024T16:35:50 - [MESSAGE][PASSED] - 14 options of object 'Object Repository/EK_Objects/Page_Mozart - AirlinesHub/pleaseSelect_button_selectTag' counted

15-10-2024T16:35:50 - [MESSAGE][PASSED] - Object: 'Object Repository/EK_Objects/Page_Mozart - AirlinesHub/pleaseSelect_Button' is clicked on

15-10-2024T16:35:50 - [MESSAGE][PASSED] - Text of object '' is: '000 [StandardAirline]'

15-10-2024T16:35:50 - [MESSAGE][PASSED] - Text of object '' is: '027 [Alaska027]'

15-10-2024T16:35:50 - [MESSAGE][PASSED] - Text of object '' is: '030 [Vueling030]'

15-10-2024T16:35:50 - [MESSAGE][PASSED] - Text of object '' is: '081 [Qantas081]'

15-10-2024T16:35:50 - [MESSAGE][PASSED] - Text of object '' is: '082 [Brussels]'

15-10-2024T16:35:51 - [MESSAGE][PASSED] - Text of object '' is: '114 [ElAl]'

15-10-2024T16:35:51 - [MESSAGE][PASSED] - Text of object '' is: '134 [Avianca]'

15-10-2024T16:35:51 - [MESSAGE][PASSED] - Text of object '' is: '173 [Demo]'

15-10-2024T16:35:51 - [MESSAGE][PASSED] - Text of object '' is: '176 [Emirates]'

15-10-2024T16:35:51 - [MESSAGE][PASSED] - Object: '' is clicked on

15-10-2024T16:35:54 - [MESSAGE][PASSED] - Object: 'Object Repository/EK_Objects/Page_Mozart - AirlinesHub/btn_select' is clicked on

15-10-2024T16:35:55 - [MESSAGE][PASSED] - Actual text and expected text of test object 'Object Repository/EK_Objects/Page_Mozart - Dashboard/txt_dashboard' are matched.

15-10-2024T16:35:55 - [MESSAGE][PASSED] - mozartLogin.Login.launchBrowser is PASSED

15-10-2024T16:35:55 - [TEST_STEP][PASSED] - click(findTestObject("EK_Objects/Page_Mozart - Dashboard/a_Refunds")): Object: 'Object Repository/EK_Objects/Page_Mozart - Dashboard/a_Refunds' is clicked on

15-10-2024T16:36:36 - [MESSAGE][PASSED] - Object: 'Object Repository/EK_Objects/Page_Mozart - Dashboard/a_Refunds' is clicked on

15-10-2024T16:36:36 - [TEST_STEP][PASSED] - click(findTestObject("EK_Objects/Page_Mozart - Dashboard/Click_On_Local_Settlements")): Object: 'Object Repository/EK_Objects/Page_Mozart - Dashboard/Click_On_Local_Settlements' is clicked on

15-10-2024T16:36:40 - [MESSAGE][PASSED] - Object: 'Object Repository/EK_Objects/Page_Mozart - Dashboard/Click_On_Local_Settlements' is clicked on

15-10-2024T16:36:40 - [TEST_STEP][PASSED] - listOfHeaderColumns = findWebElements(findTestObject("EK_Objects/Page_Mozart - LocalSettlements/filterTable_headers"), 10): Found web elements by test object Object Repository/EK_Objects/Page_Mozart - LocalSettlements/filterTable_headers

15-10-2024T16:36:41 - [MESSAGE][PASSED] - Found web elements by test object Object Repository/EK_Objects/Page_Mozart - LocalSettlements/filterTable_headers

15-10-2024T16:36:41 - [TEST_STEP][PASSED] - println(listOfHeaderColumns.size()): null

15-10-2024T16:36:41 - [TEST_STEP][PASSED] - elements = ["Request Id", "Processing Date (yyyy-mm-dd)", "Ticket Number", "Request Number", "Passenger Name", "Country", "Agent code", "Refund Amount", "Currency", "Refund FOP Paid Locally", "Reason"]: null

15-10-2024T16:36:41 - [TEST_STEP][PASSED] - for ([i = 1, i < listOfHeaderColumns.size(), (i++)]): Actual text 'Reason' and expected text 'Reason' are matched 

15-10-2024T16:36:41 - [TEST_STEP][PASSED] - if (i == listOfHeaderColumns.size() / 2): null

15-10-2024T16:36:41 - [TEST_STEP][PASSED] - println(get(i).getText() + " " + i): null

15-10-2024T16:36:41 - [TEST_STEP][PASSED] - verifyMatch(get(i).getText(), elements[i - 1], false, CONTINUE_ON_FAILURE): Actual text 'Request Id' and expected text 'Request Id' are matched 

15-10-2024T16:36:41 - [MESSAGE][PASSED] - Actual text 'Request Id' and expected text 'Request Id' are matched 

15-10-2024T16:36:41 - [TEST_STEP][PASSED] - if (i == listOfHeaderColumns.size() / 2): null

15-10-2024T16:36:41 - [TEST_STEP][PASSED] - println(get(i).getText() + " " + i): null

15-10-2024T16:36:41 - [TEST_STEP][PASSED] - verifyMatch(get(i).getText(), elements[i - 1], false, CONTINUE_ON_FAILURE): Actual text 'Processing Date (yyyy-mm-dd)' and expected text 'Processing Date (yyyy-mm-dd)' are matched 

15-10-2024T16:36:41 - [MESSAGE][PASSED] - Actual text 'Processing Date (yyyy-mm-dd)' and expected text 'Processing Date (yyyy-mm-dd)' are matched 

15-10-2024T16:36:41 - [TEST_STEP][PASSED] - if (i == listOfHeaderColumns.size() / 2): null

15-10-2024T16:36:41 - [TEST_STEP][PASSED] - println(get(i).getText() + " " + i): null

15-10-2024T16:36:41 - [TEST_STEP][PASSED] - verifyMatch(get(i).getText(), elements[i - 1], false, CONTINUE_ON_FAILURE): Actual text 'Ticket Number' and expected text 'Ticket Number' are matched 

15-10-2024T16:36:41 - [MESSAGE][PASSED] - Actual text 'Ticket Number' and expected text 'Ticket Number' are matched 

15-10-2024T16:36:41 - [TEST_STEP][PASSED] - if (i == listOfHeaderColumns.size() / 2): null

15-10-2024T16:36:41 - [TEST_STEP][PASSED] - println(get(i).getText() + " " + i): null

15-10-2024T16:36:41 - [TEST_STEP][PASSED] - verifyMatch(get(i).getText(), elements[i - 1], false, CONTINUE_ON_FAILURE): Actual text 'Request Number' and expected text 'Request Number' are matched 

15-10-2024T16:36:41 - [MESSAGE][PASSED] - Actual text 'Request Number' and expected text 'Request Number' are matched 

15-10-2024T16:36:41 - [TEST_STEP][PASSED] - if (i == listOfHeaderColumns.size() / 2): null

15-10-2024T16:36:41 - [TEST_STEP][PASSED] - println(get(i).getText() + " " + i): null

15-10-2024T16:36:41 - [TEST_STEP][PASSED] - verifyMatch(get(i).getText(), elements[i - 1], false, CONTINUE_ON_FAILURE): Actual text 'Passenger Name' and expected text 'Passenger Name' are matched 

15-10-2024T16:36:41 - [MESSAGE][PASSED] - Actual text 'Passenger Name' and expected text 'Passenger Name' are matched 

15-10-2024T16:36:41 - [TEST_STEP][PASSED] - if (i == listOfHeaderColumns.size() / 2): utilityClass.GenericMethods.scrollRight is PASSED

15-10-2024T16:36:41 - [TEST_STEP][PASSED] - delay(3): Delayed 3 second(s)

15-10-2024T16:36:44 - [MESSAGE][PASSED] - Delayed 3 second(s)

15-10-2024T16:36:44 - [TEST_STEP][PASSED] - utilityClass.GenericMethods.scrollRight(): utilityClass.GenericMethods.scrollRight is PASSED

15-10-2024T16:36:44 - [MESSAGE][PASSED] - Execute JavaScript 'document.querySelector('.dataTables_scrollBody').scrollLeft = 1000;' successfully

15-10-2024T16:36:44 - [MESSAGE][PASSED] - utilityClass.GenericMethods.scrollRight is PASSED

15-10-2024T16:36:44 - [TEST_STEP][PASSED] - println(get(i).getText() + " " + i): null

15-10-2024T16:36:44 - [TEST_STEP][PASSED] - verifyMatch(get(i).getText(), elements[i - 1], false, CONTINUE_ON_FAILURE): Actual text 'Country' and expected text 'Country' are matched 

15-10-2024T16:36:44 - [MESSAGE][PASSED] - Actual text 'Country' and expected text 'Country' are matched 

15-10-2024T16:36:44 - [TEST_STEP][PASSED] - if (i == listOfHeaderColumns.size() / 2): null

15-10-2024T16:36:44 - [TEST_STEP][PASSED] - println(get(i).getText() + " " + i): null

15-10-2024T16:36:44 - [TEST_STEP][PASSED] - verifyMatch(get(i).getText(), elements[i - 1], false, CONTINUE_ON_FAILURE): Actual text 'Agent code' and expected text 'Agent code' are matched 

15-10-2024T16:36:44 - [MESSAGE][PASSED] - Actual text 'Agent code' and expected text 'Agent code' are matched 

15-10-2024T16:36:44 - [TEST_STEP][PASSED] - if (i == listOfHeaderColumns.size() / 2): null

15-10-2024T16:36:44 - [TEST_STEP][PASSED] - println(get(i).getText() + " " + i): null

15-10-2024T16:36:44 - [TEST_STEP][PASSED] - verifyMatch(get(i).getText(), elements[i - 1], false, CONTINUE_ON_FAILURE): Actual text 'Refund Amount' and expected text 'Refund Amount' are matched 

15-10-2024T16:36:44 - [MESSAGE][PASSED] - Actual text 'Refund Amount' and expected text 'Refund Amount' are matched 

15-10-2024T16:36:44 - [TEST_STEP][PASSED] - if (i == listOfHeaderColumns.size() / 2): null

15-10-2024T16:36:44 - [TEST_STEP][PASSED] - println(get(i).getText() + " " + i): null

15-10-2024T16:36:44 - [TEST_STEP][PASSED] - verifyMatch(get(i).getText(), elements[i - 1], false, CONTINUE_ON_FAILURE): Actual text 'Currency' and expected text 'Currency' are matched 

15-10-2024T16:36:44 - [MESSAGE][PASSED] - Actual text 'Currency' and expected text 'Currency' are matched 

15-10-2024T16:36:44 - [TEST_STEP][PASSED] - if (i == listOfHeaderColumns.size() / 2): null

15-10-2024T16:36:44 - [TEST_STEP][PASSED] - println(get(i).getText() + " " + i): null

15-10-2024T16:36:44 - [TEST_STEP][PASSED] - verifyMatch(get(i).getText(), elements[i - 1], false, CONTINUE_ON_FAILURE): Actual text 'Refund FOP Paid Locally' and expected text 'Refund FOP Paid Locally' are matched 

15-10-2024T16:36:44 - [MESSAGE][PASSED] - Actual text 'Refund FOP Paid Locally' and expected text 'Refund FOP Paid Locally' are matched 

15-10-2024T16:36:44 - [TEST_STEP][PASSED] - if (i == listOfHeaderColumns.size() / 2): null

15-10-2024T16:36:44 - [TEST_STEP][PASSED] - println(get(i).getText() + " " + i): null

15-10-2024T16:36:44 - [TEST_STEP][PASSED] - verifyMatch(get(i).getText(), elements[i - 1], false, CONTINUE_ON_FAILURE): Actual text 'Reason' and expected text 'Reason' are matched 

15-10-2024T16:36:44 - [MESSAGE][PASSED] - Actual text 'Reason' and expected text 'Reason' are matched]]></system-out>
         <system-err><![CDATA[]]></system-err>
      </testcase>
      <testcase name="Test Cases/MOZ-12450/TC_3_MOZ-12910_Verify that an invalid Quote and error details are logged in the database" time="8.39" classname="Test Cases/MOZ-12450/TC_3_MOZ-12910_Verify that an invalid Quote and error details are logged in the database" status="PASSED">
         <system-out><![CDATA[15-10-2024T16:36:44 - [TEST_CASE][PASSED] - Test Cases/MOZ-12450/TC_3_MOZ-12910_Verify that an invalid Quote and error details are logged in the database: Test Cases/MOZ-12450/TC_3_MOZ-12910_Verify that an invalid Quote and error details are logged in the database

15-10-2024T16:36:44 - [TEST_STEP][PASSED] - filePath = "Test Data/Embbeded TKT Quote - Error in Quote": null

15-10-2024T16:36:44 - [TEST_STEP][PASSED] - QuoteString = utilityClass.JsonPaths.JsonStringFormatter(filePath): utilityClass.JsonPaths.JsonStringFormatter is PASSED

15-10-2024T16:36:44 - [MESSAGE][PASSED] - utilityClass.JsonPaths.JsonStringFormatter is PASSED

15-10-2024T16:36:44 - [TEST_STEP][PASSED] - apiRequests.apiConnection.runAuthToken(findTestObject("API/Demo API/Auth Token")): apiRequests.apiConnection.runAuthToken is PASSED

15-10-2024T16:36:45 - [MESSAGE][INFO] - HAR: C:\Users\ranjit.vadar\Katalon Studio\Mozart Emirates\Reports\20241015_162639\MOZART\TEST\20241015_162639\requests\main\13.har

15-10-2024T16:36:45 - [MESSAGE][PASSED] - Send request successfully

15-10-2024T16:36:45 - [MESSAGE][PASSED] - Verify response status code successfully

15-10-2024T16:36:45 - [MESSAGE][PASSED] - apiRequests.apiConnection.runAuthToken is PASSED

15-10-2024T16:36:45 - [TEST_STEP][PASSED] - fullRefundResponse = sendRequest(findTestObject("API/MOZ-12450_API/MOZ-12909_Full_Refund_Embedded TKT")): Send request successfully

15-10-2024T16:36:50 - [MESSAGE][INFO] - HAR: C:\Users\ranjit.vadar\Katalon Studio\Mozart Emirates\Reports\20241015_162639\MOZART\TEST\20241015_162639\requests\main\14.har

15-10-2024T16:36:50 - [MESSAGE][PASSED] - Send request successfully

15-10-2024T16:36:50 - [TEST_STEP][PASSED] - verifyResponseStatusCode(fullRefundResponse, 200): Verify response status code successfully

15-10-2024T16:36:50 - [MESSAGE][PASSED] - Verify response status code successfully

15-10-2024T16:36:50 - [TEST_STEP][PASSED] - mozartRequestId = getElementPropertyValue(fullRefundResponse, "data[0].mozart_request_id"): null

15-10-2024T16:36:50 - [TEST_STEP][PASSED] - queryTemplate = "select * from bdmozart.%s where %s = '%s'": null

15-10-2024T16:36:50 - [TEST_STEP][PASSED] - mozartRequestCondition = idrequest = '$mozartRequestId': null

15-10-2024T16:36:50 - [TEST_STEP][PASSED] - println(mozartRequestCondition): null

15-10-2024T16:36:50 - [TEST_STEP][PASSED] - mi_refund_ek_quote = String.format(queryTemplate, "mi_refund_ek_quote", "idrequest", mozartRequestId): null

15-10-2024T16:36:50 - [TEST_STEP][PASSED] - idQuote = database.DatabaseUtils.executeQueryDemo(mi_refund_ek_quote, "id", 1): database.DatabaseUtils.executeQueryDemo is PASSED

15-10-2024T16:36:53 - [MESSAGE][PASSED] - database.DatabaseUtils.executeQueryDemo is PASSED

15-10-2024T16:36:53 - [TEST_STEP][PASSED] - println(idQuote): null

15-10-2024T16:36:53 - [TEST_STEP][PASSED] - verifyMatch(idQuote, "No current row", false): Actual text 'No current row' and expected text 'No current row' are matched 

15-10-2024T16:36:53 - [MESSAGE][PASSED] - Actual text 'No current row' and expected text 'No current row' are matched]]></system-out>
         <system-err><![CDATA[]]></system-err>
      </testcase>
      <testcase name="Test Cases/MOZ-12450/TC 2_MOZ-12910_Verify that store the data of embeeded TKT-Quotes, including error details in case the processing fails" time="37.892" classname="Test Cases/MOZ-12450/TC 2_MOZ-12910_Verify that store the data of embeeded TKT-Quotes, including error details in case the processing fails" status="PASSED">
         <system-out><![CDATA[15-10-2024T16:36:53 - [TEST_CASE][PASSED] - Test Cases/MOZ-12450/TC 2_MOZ-12910_Verify that store the data of embeeded TKT-Quotes, including error details in case the processing fails: Test Cases/MOZ-12450/TC 2_MOZ-12910_Verify that store the data of embeeded TKT-Quotes, including error details in case the processing fails

15-10-2024T16:36:53 - [TEST_STEP][PASSED] - processJson = new utilityClass.JsonPaths(): null

15-10-2024T16:36:53 - [TEST_STEP][PASSED] - filePath = "Test Data/Embedded TKT Quote.txt": null

15-10-2024T16:36:53 - [TEST_STEP][PASSED] - QuoteString = processJson.JsonStringFormatter(filePath): null

15-10-2024T16:36:53 - [TEST_STEP][PASSED] - apiRequests.apiConnection.runAuthToken(findTestObject("API/Demo API/Auth Token")): apiRequests.apiConnection.runAuthToken is PASSED

15-10-2024T16:36:53 - [MESSAGE][INFO] - HAR: C:\Users\ranjit.vadar\Katalon Studio\Mozart Emirates\Reports\20241015_162639\MOZART\TEST\20241015_162639\requests\main\15.har

15-10-2024T16:36:53 - [MESSAGE][PASSED] - Send request successfully

15-10-2024T16:36:53 - [MESSAGE][PASSED] - Verify response status code successfully

15-10-2024T16:36:53 - [MESSAGE][PASSED] - apiRequests.apiConnection.runAuthToken is PASSED

15-10-2024T16:36:53 - [TEST_STEP][PASSED] - fullRefundResponse = sendRequest(findTestObject("API/MOZ-12450_API/MOZ-12909_Full_Refund_Embedded TKT")): Send request successfully

15-10-2024T16:36:57 - [MESSAGE][INFO] - HAR: C:\Users\ranjit.vadar\Katalon Studio\Mozart Emirates\Reports\20241015_162639\MOZART\TEST\20241015_162639\requests\main\16.har

15-10-2024T16:36:57 - [MESSAGE][PASSED] - Send request successfully

15-10-2024T16:36:57 - [TEST_STEP][PASSED] - verifyResponseStatusCode(fullRefundResponse, 200): Verify response status code successfully

15-10-2024T16:36:57 - [MESSAGE][PASSED] - Verify response status code successfully

15-10-2024T16:36:57 - [TEST_STEP][PASSED] - mozartRequestId = getElementPropertyValue(fullRefundResponse, "data[0].mozart_request_id"): null

15-10-2024T16:36:57 - [TEST_STEP][PASSED] - queryTemplate = "select * from bdmozart.%s where %s = '%s'": null

15-10-2024T16:36:57 - [TEST_STEP][PASSED] - mozartRequestCondition = idrequest = '$mozartRequestId': null

15-10-2024T16:36:57 - [TEST_STEP][PASSED] - mi_refund_ek_quote = String.format(queryTemplate, "mi_refund_ek_quote", "idrequest", mozartRequestId): null

15-10-2024T16:36:57 - [TEST_STEP][PASSED] - idQuote = database.DatabaseUtils.executeQuery(mi_refund_ek_quote, "id", 1): database.DatabaseUtils.executeQuery is PASSED

15-10-2024T16:37:00 - [MESSAGE][PASSED] - database.DatabaseUtils.executeQuery is PASSED

15-10-2024T16:37:00 - [TEST_STEP][PASSED] - mi_refund_ek_quote_passenger = String.format(queryTemplate, "mi_refund_ek_quote_passenger", "idquote", idQuote): null

15-10-2024T16:37:00 - [TEST_STEP][PASSED] - idpassenger = database.DatabaseUtils.executeQuery(mi_refund_ek_quote_passenger, "id", 1): database.DatabaseUtils.executeQuery is PASSED

15-10-2024T16:37:03 - [MESSAGE][PASSED] - database.DatabaseUtils.executeQuery is PASSED

15-10-2024T16:37:03 - [TEST_STEP][PASSED] - mi_refund_ek_quote_tkt_details = String.format(queryTemplate, "mi_refund_ek_quote_tkt_details", "idpassenger", idpassenger): null

15-10-2024T16:37:03 - [TEST_STEP][PASSED] - idtktdetails = database.DatabaseUtils.executeQuery(mi_refund_ek_quote_tkt_details, "id", 1): database.DatabaseUtils.executeQuery is PASSED

15-10-2024T16:37:06 - [MESSAGE][PASSED] - database.DatabaseUtils.executeQuery is PASSED

15-10-2024T16:37:06 - [TEST_STEP][PASSED] - mi_refund_ek_quote_tkt_coupon_details = String.format(queryTemplate, "mi_refund_ek_quote_tkt_coupon_details", "idtktdetails", idtktdetails): null

15-10-2024T16:37:06 - [TEST_STEP][PASSED] - mi_refund_ek_quote_tkt_original_fare = String.format(queryTemplate, "mi_refund_ek_quote_tkt_original_fare", "idtktdetails", idtktdetails): null

15-10-2024T16:37:06 - [TEST_STEP][PASSED] - mi_refund_ek_quote_tkt_penalty_charges = String.format(queryTemplate, "mi_refund_ek_quote_tkt_penalty_charges", "idtktdetails", idtktdetails): null

15-10-2024T16:37:06 - [TEST_STEP][PASSED] - mi_refund_ek_quote_tkt_refund_fare = String.format(queryTemplate, "mi_refund_ek_quote_tkt_refund_fare", "idtktdetails", idtktdetails): null

15-10-2024T16:37:06 - [TEST_STEP][PASSED] - mi_refund_ek_quote_tkt_used_fare = String.format(queryTemplate, "mi_refund_ek_quote_tkt_used_fare", "idtktdetails", idtktdetails): null

15-10-2024T16:37:06 - [TEST_STEP][PASSED] - tables = new java.util.HashMap(): null

15-10-2024T16:37:06 - [TEST_STEP][PASSED] - tables.put("mi_refund_ek_quote", mi_refund_ek_quote): null

15-10-2024T16:37:06 - [TEST_STEP][PASSED] - tables.put("mi_refund_ek_quote_passenger", mi_refund_ek_quote_passenger): null

15-10-2024T16:37:06 - [TEST_STEP][PASSED] - tables.put("mi_refund_ek_quote_tkt_details", mi_refund_ek_quote_tkt_details): null

15-10-2024T16:37:06 - [TEST_STEP][PASSED] - tables.put("mi_refund_ek_quote_tkt_coupon_details", mi_refund_ek_quote_tkt_coupon_details): null

15-10-2024T16:37:06 - [TEST_STEP][PASSED] - tables.put("mi_refund_ek_quote_tkt_original_fare", mi_refund_ek_quote_tkt_original_fare): null

15-10-2024T16:37:06 - [TEST_STEP][PASSED] - tables.put("mi_refund_ek_quote_tkt_penalty_charges", mi_refund_ek_quote_tkt_penalty_charges): null

15-10-2024T16:37:06 - [TEST_STEP][PASSED] - tables.put("mi_refund_ek_quote_tkt_refund_fare", mi_refund_ek_quote_tkt_refund_fare): null

15-10-2024T16:37:06 - [TEST_STEP][PASSED] - tables.put("mi_refund_ek_quote_tkt_used_fare", mi_refund_ek_quote_tkt_used_fare): null

15-10-2024T16:37:06 - [TEST_STEP][PASSED] - for (Map$Entry<String, String> entry : tables.entrySet()): Actual text '2660' and expected text '2660' are matched 

15-10-2024T16:37:06 - [TEST_STEP][PASSED] - tableName = entry.getKey(): null

15-10-2024T16:37:06 - [TEST_STEP][PASSED] - sqlQuery = entry.getValue(): null

15-10-2024T16:37:06 - [TEST_STEP][PASSED] - dbMap = processJson.getColumnsWithJsonPath(tableName, "logRefundRequest"): null

15-10-2024T16:37:06 - [TEST_STEP][PASSED] - processJson.verifyJsonElementsValuesWithDatabaseValues(filePath, dbMap, sqlQuery): Actual text '1' and expected text '1' are matched 

15-10-2024T16:37:09 - [MESSAGE][PASSED] - Actual text 'ADTNOELLE/BAUMBACHMR' and expected text 'ADTNOELLE/BAUMBACHMR' are matched 

15-10-2024T16:37:09 - [MESSAGE][PASSED] - Actual text '1' and expected text '1' are matched 

15-10-2024T16:37:09 - [TEST_STEP][PASSED] - tableName = entry.getKey(): null

15-10-2024T16:37:09 - [TEST_STEP][PASSED] - sqlQuery = entry.getValue(): null

15-10-2024T16:37:09 - [TEST_STEP][PASSED] - dbMap = processJson.getColumnsWithJsonPath(tableName, "logRefundRequest"): null

15-10-2024T16:37:09 - [TEST_STEP][PASSED] - processJson.verifyJsonElementsValuesWithDatabaseValues(filePath, dbMap, sqlQuery): Actual text '0' and expected text '0' are matched 

15-10-2024T16:37:12 - [MESSAGE][PASSED] - Actual text '0' and expected text '0' are matched 

15-10-2024T16:37:12 - [MESSAGE][PASSED] - Actual text 'AED' and expected text 'AED' are matched 

15-10-2024T16:37:12 - [MESSAGE][PASSED] - Actual text '0' and expected text '0' are matched 

15-10-2024T16:37:12 - [TEST_STEP][PASSED] - tableName = entry.getKey(): null

15-10-2024T16:37:12 - [TEST_STEP][PASSED] - sqlQuery = entry.getValue(): null

15-10-2024T16:37:12 - [TEST_STEP][PASSED] - dbMap = processJson.getColumnsWithJsonPath(tableName, "logRefundRequest"): null

15-10-2024T16:37:12 - [TEST_STEP][PASSED] - processJson.verifyJsonElementsValuesWithDatabaseValues(filePath, dbMap, sqlQuery): Actual text 'R0' and expected text 'R0' are matched 

15-10-2024T16:37:15 - [MESSAGE][PASSED] - Actual text 'AE' and expected text 'AE' are matched 

15-10-2024T16:37:15 - [MESSAGE][PASSED] - Actual text 'ADT' and expected text 'ADT' are matched 

15-10-2024T16:37:15 - [MESSAGE][PASSED] - Actual text 'Unutilized' and expected text 'Unutilized' are matched 

15-10-2024T16:37:15 - [MESSAGE][PASSED] - Actual text 'EKDXBRV' and expected text 'EKDXBRV' are matched 

15-10-2024T16:37:15 - [MESSAGE][PASSED] - Actual text '28FEB2024' and expected text '28FEB2024' are matched 

15-10-2024T16:37:16 - [MESSAGE][PASSED] - Actual text 'AE' and expected text 'AE' are matched 

15-10-2024T16:37:16 - [MESSAGE][PASSED] - Actual text '1762368172427' and expected text '1762368172427' are matched 

15-10-2024T16:37:16 - [MESSAGE][PASSED] - Actual text '1762368172427' and expected text '1762368172427' are matched 

15-10-2024T16:37:16 - [MESSAGE][PASSED] - Actual text 'R0' and expected text 'R0' are matched 

15-10-2024T16:37:16 - [MESSAGE][PASSED] - Actual text 'R0' and expected text 'R0' are matched 

15-10-2024T16:37:16 - [TEST_STEP][PASSED] - tableName = entry.getKey(): null

15-10-2024T16:37:16 - [TEST_STEP][PASSED] - sqlQuery = entry.getValue(): null

15-10-2024T16:37:16 - [TEST_STEP][PASSED] - dbMap = processJson.getColumnsWithJsonPath(tableName, "logRefundRequest"): null

15-10-2024T16:37:16 - [TEST_STEP][PASSED] - processJson.verifyJsonElementsValuesWithDatabaseValues(filePath, dbMap, sqlQuery): Actual text '2660' and expected text '2660' are matched 

15-10-2024T16:37:19 - [MESSAGE][PASSED] - Actual text 'AED' and expected text 'AED' are matched 

15-10-2024T16:37:19 - [MESSAGE][PASSED] - Actual text '310' and expected text '310' are matched 

15-10-2024T16:37:19 - [MESSAGE][PASSED] - Actual text 'AED' and expected text 'AED' are matched 

15-10-2024T16:37:19 - [MESSAGE][PASSED] - Actual text 'AED' and expected text 'AED' are matched 

15-10-2024T16:37:19 - [MESSAGE][PASSED] - Actual text 'AED' and expected text 'AED' are matched 

15-10-2024T16:37:19 - [MESSAGE][PASSED] - Actual text '2970' and expected text '2970' are matched 

15-10-2024T16:37:19 - [MESSAGE][PASSED] - Actual text '2970' and expected text '2970' are matched 

15-10-2024T16:37:19 - [MESSAGE][PASSED] - Actual text '2660' and expected text '2660' are matched 

15-10-2024T16:37:19 - [TEST_STEP][PASSED] - tableName = entry.getKey(): null

15-10-2024T16:37:19 - [TEST_STEP][PASSED] - sqlQuery = entry.getValue(): null

15-10-2024T16:37:19 - [TEST_STEP][PASSED] - dbMap = processJson.getColumnsWithJsonPath(tableName, "logRefundRequest"): null

15-10-2024T16:37:19 - [TEST_STEP][PASSED] - processJson.verifyJsonElementsValuesWithDatabaseValues(filePath, dbMap, sqlQuery): Actual text '0' and expected text '0' are matched 

15-10-2024T16:37:22 - [MESSAGE][PASSED] - Actual text 'AED' and expected text 'AED' are matched 

15-10-2024T16:37:22 - [MESSAGE][PASSED] - Actual text '0' and expected text '0' are matched 

15-10-2024T16:37:22 - [MESSAGE][PASSED] - Actual text 'AED' and expected text 'AED' are matched 

15-10-2024T16:37:22 - [MESSAGE][PASSED] - Actual text 'AED' and expected text 'AED' are matched 

15-10-2024T16:37:22 - [MESSAGE][PASSED] - Actual text '0' and expected text '0' are matched 

15-10-2024T16:37:22 - [MESSAGE][PASSED] - Actual text 'AED' and expected text 'AED' are matched 

15-10-2024T16:37:22 - [MESSAGE][PASSED] - Actual text '0' and expected text '0' are matched 

15-10-2024T16:37:22 - [MESSAGE][PASSED] - Actual text '0' and expected text '0' are matched 

15-10-2024T16:37:22 - [TEST_STEP][PASSED] - tableName = entry.getKey(): null

15-10-2024T16:37:22 - [TEST_STEP][PASSED] - sqlQuery = entry.getValue(): null

15-10-2024T16:37:22 - [TEST_STEP][PASSED] - dbMap = processJson.getColumnsWithJsonPath(tableName, "logRefundRequest"): null

15-10-2024T16:37:22 - [TEST_STEP][PASSED] - processJson.verifyJsonElementsValuesWithDatabaseValues(filePath, dbMap, sqlQuery): Actual text 'false' and expected text 'false' are matched 

15-10-2024T16:37:25 - [MESSAGE][PASSED] - Actual text '8520' and expected text '8520' are matched 

15-10-2024T16:37:25 - [MESSAGE][PASSED] - Actual text 'false' and expected text 'false' are matched 

15-10-2024T16:37:25 - [MESSAGE][PASSED] - Actual text 'false' and expected text 'false' are matched 

15-10-2024T16:37:25 - [MESSAGE][PASSED] - Actual text 'Y' and expected text 'Y' are matched 

15-10-2024T16:37:25 - [MESSAGE][PASSED] - Actual text 'AED' and expected text 'AED' are matched 

15-10-2024T16:37:25 - [MESSAGE][PASSED] - Actual text 'false' and expected text 'false' are matched 

15-10-2024T16:37:25 - [TEST_STEP][PASSED] - tableName = entry.getKey(): null

15-10-2024T16:37:25 - [TEST_STEP][PASSED] - sqlQuery = entry.getValue(): null

15-10-2024T16:37:25 - [TEST_STEP][PASSED] - dbMap = processJson.getColumnsWithJsonPath(tableName, "logRefundRequest"): null

15-10-2024T16:37:25 - [TEST_STEP][PASSED] - processJson.verifyJsonElementsValuesWithDatabaseValues(filePath, dbMap, sqlQuery): Actual text 'Y' and expected text 'Y' are matched 

15-10-2024T16:37:28 - [MESSAGE][PASSED] - Actual text 'true' and expected text 'true' are matched 

15-10-2024T16:37:28 - [MESSAGE][PASSED] - Actual text '1762368172427' and expected text '1762368172427' are matched 

15-10-2024T16:37:28 - [MESSAGE][PASSED] - Actual text 'true' and expected text 'true' are matched 

15-10-2024T16:37:28 - [MESSAGE][PASSED] - Actual text '1' and expected text '1' are matched 

15-10-2024T16:37:28 - [MESSAGE][PASSED] - Actual text 'F' and expected text 'F' are matched 

15-10-2024T16:37:28 - [MESSAGE][PASSED] - Actual text 'YLOWFAE1/EOL4' and expected text 'YLOWFAE1/EOL4' are matched 

15-10-2024T16:37:28 - [MESSAGE][PASSED] - Actual text 'Y' and expected text 'Y' are matched 

15-10-2024T16:37:28 - [MESSAGE][PASSED] - Actual text 'Y' and expected text 'Y' are matched 

15-10-2024T16:37:28 - [TEST_STEP][PASSED] - tableName = entry.getKey(): null

15-10-2024T16:37:28 - [TEST_STEP][PASSED] - sqlQuery = entry.getValue(): null

15-10-2024T16:37:28 - [TEST_STEP][PASSED] - dbMap = processJson.getColumnsWithJsonPath(tableName, "logRefundRequest"): null

15-10-2024T16:37:28 - [TEST_STEP][PASSED] - processJson.verifyJsonElementsValuesWithDatabaseValues(filePath, dbMap, sqlQuery): Actual text '2660' and expected text '2660' are matched 

15-10-2024T16:37:30 - [MESSAGE][PASSED] - Actual text 'AED' and expected text 'AED' are matched 

15-10-2024T16:37:30 - [MESSAGE][PASSED] - Actual text '310' and expected text '310' are matched 

15-10-2024T16:37:30 - [MESSAGE][PASSED] - Actual text 'AED' and expected text 'AED' are matched 

15-10-2024T16:37:30 - [MESSAGE][PASSED] - Actual text '2970' and expected text '2970' are matched 

15-10-2024T16:37:30 - [MESSAGE][PASSED] - Actual text 'AED' and expected text 'AED' are matched 

15-10-2024T16:37:30 - [MESSAGE][PASSED] - Actual text '2660' and expected text '2660' are matched]]></system-out>
         <system-err><![CDATA[]]></system-err>
      </testcase>
      <testcase name="Test Cases/MOZ-12450/TC 1_MOZ-12909_Verify that embedded TKT-Quote processed correctly, and the quote data is stored in the database tables" time="33.143" classname="Test Cases/MOZ-12450/TC 1_MOZ-12909_Verify that embedded TKT-Quote processed correctly, and the quote data is stored in the database tables" status="PASSED">
         <system-out><![CDATA[15-10-2024T16:37:30 - [TEST_CASE][PASSED] - Test Cases/MOZ-12450/TC 1_MOZ-12909_Verify that embedded TKT-Quote processed correctly, and the quote data is stored in the database tables: Test Cases/MOZ-12450/TC 1_MOZ-12909_Verify that embedded TKT-Quote processed correctly, and the quote data is stored in the database tables

15-10-2024T16:37:31 - [TEST_STEP][PASSED] - processJson = new utilityClass.JsonPaths(): null

15-10-2024T16:37:31 - [TEST_STEP][PASSED] - filePath = "Test Data/EK_QUOTE_TRIPS": null

15-10-2024T16:37:31 - [TEST_STEP][PASSED] - QuoteString = processJson.JsonStringFormatter(filePath): null

15-10-2024T16:37:31 - [TEST_STEP][PASSED] - apiRequests.apiConnection.runAuthToken(findTestObject("API/Demo API/Auth Token")): apiRequests.apiConnection.runAuthToken is PASSED

15-10-2024T16:37:31 - [MESSAGE][INFO] - HAR: C:\Users\ranjit.vadar\Katalon Studio\Mozart Emirates\Reports\20241015_162639\MOZART\TEST\20241015_162639\requests\main\17.har

15-10-2024T16:37:31 - [MESSAGE][PASSED] - Send request successfully

15-10-2024T16:37:31 - [MESSAGE][PASSED] - Verify response status code successfully

15-10-2024T16:37:31 - [MESSAGE][PASSED] - apiRequests.apiConnection.runAuthToken is PASSED

15-10-2024T16:37:31 - [TEST_STEP][PASSED] - fullRefundResponse = sendRequest(findTestObject("API/MOZ-12450_API/MOZ-12909_Full_Refund_Embedded TKT")): Send request successfully

15-10-2024T16:37:35 - [MESSAGE][INFO] - HAR: C:\Users\ranjit.vadar\Katalon Studio\Mozart Emirates\Reports\20241015_162639\MOZART\TEST\20241015_162639\requests\main\18.har

15-10-2024T16:37:35 - [MESSAGE][PASSED] - Send request successfully

15-10-2024T16:37:35 - [TEST_STEP][PASSED] - verifyResponseStatusCode(fullRefundResponse, 200): Verify response status code successfully

15-10-2024T16:37:35 - [MESSAGE][PASSED] - Verify response status code successfully

15-10-2024T16:37:35 - [TEST_STEP][PASSED] - mozartRequestId = getElementPropertyValue(fullRefundResponse, "data[0].mozart_request_id"): null

15-10-2024T16:37:35 - [TEST_STEP][PASSED] - queryTemplate = "select * from bdmozart.%s where %s = '%s'": null

15-10-2024T16:37:35 - [TEST_STEP][PASSED] - mozartRequestCondition = idrequest = '$mozartRequestId': null

15-10-2024T16:37:35 - [TEST_STEP][PASSED] - mi_refund_ek_quote = String.format(queryTemplate, "mi_refund_ek_quote", "idrequest", mozartRequestId): null

15-10-2024T16:37:35 - [TEST_STEP][PASSED] - idQuote = database.DatabaseUtils.executeQuery(mi_refund_ek_quote, "id", 1): database.DatabaseUtils.executeQuery is PASSED

15-10-2024T16:37:38 - [MESSAGE][PASSED] - database.DatabaseUtils.executeQuery is PASSED

15-10-2024T16:37:38 - [TEST_STEP][PASSED] - mi_refund_ek_quote_passenger = String.format(queryTemplate, "mi_refund_ek_quote_passenger", "idquote", idQuote): null

15-10-2024T16:37:38 - [TEST_STEP][PASSED] - idpassenger = database.DatabaseUtils.executeQuery(mi_refund_ek_quote_passenger, "id", 1): database.DatabaseUtils.executeQuery is PASSED

15-10-2024T16:37:40 - [MESSAGE][PASSED] - database.DatabaseUtils.executeQuery is PASSED

15-10-2024T16:37:40 - [TEST_STEP][PASSED] - mi_refund_ek_quote_tkt_details = String.format(queryTemplate, "mi_refund_ek_quote_tkt_details", "idpassenger", idpassenger): null

15-10-2024T16:37:40 - [TEST_STEP][PASSED] - idtktdetails = database.DatabaseUtils.executeQuery(mi_refund_ek_quote_tkt_details, "id", 1): database.DatabaseUtils.executeQuery is PASSED

15-10-2024T16:37:42 - [MESSAGE][PASSED] - database.DatabaseUtils.executeQuery is PASSED

15-10-2024T16:37:42 - [TEST_STEP][PASSED] - mi_refund_ek_quote_tkt_coupon_details = String.format(queryTemplate, "mi_refund_ek_quote_tkt_coupon_details", "idtktdetails", idtktdetails): null

15-10-2024T16:37:42 - [TEST_STEP][PASSED] - mi_refund_ek_quote_tkt_original_fare = String.format(queryTemplate, "mi_refund_ek_quote_tkt_original_fare", "idtktdetails", idtktdetails): null

15-10-2024T16:37:42 - [TEST_STEP][PASSED] - mi_refund_ek_quote_tkt_penalty_charges = String.format(queryTemplate, "mi_refund_ek_quote_tkt_penalty_charges", "idtktdetails", idtktdetails): null

15-10-2024T16:37:42 - [TEST_STEP][PASSED] - mi_refund_ek_quote_tkt_refund_fare = String.format(queryTemplate, "mi_refund_ek_quote_tkt_refund_fare", "idtktdetails", idtktdetails): null

15-10-2024T16:37:42 - [TEST_STEP][PASSED] - mi_refund_ek_quote_tkt_used_fare = String.format(queryTemplate, "mi_refund_ek_quote_tkt_used_fare", "idtktdetails", idtktdetails): null

15-10-2024T16:37:42 - [TEST_STEP][PASSED] - tables = new java.util.HashMap(): null

15-10-2024T16:37:42 - [TEST_STEP][PASSED] - tables.put("mi_refund_ek_quote", mi_refund_ek_quote): null

15-10-2024T16:37:42 - [TEST_STEP][PASSED] - tables.put("mi_refund_ek_quote_passenger", mi_refund_ek_quote_passenger): null

15-10-2024T16:37:42 - [TEST_STEP][PASSED] - tables.put("mi_refund_ek_quote_tkt_details", mi_refund_ek_quote_tkt_details): null

15-10-2024T16:37:42 - [TEST_STEP][PASSED] - tables.put("mi_refund_ek_quote_tkt_coupon_details", mi_refund_ek_quote_tkt_coupon_details): null

15-10-2024T16:37:42 - [TEST_STEP][PASSED] - tables.put("mi_refund_ek_quote_tkt_original_fare", mi_refund_ek_quote_tkt_original_fare): null

15-10-2024T16:37:42 - [TEST_STEP][PASSED] - tables.put("mi_refund_ek_quote_tkt_penalty_charges", mi_refund_ek_quote_tkt_penalty_charges): null

15-10-2024T16:37:42 - [TEST_STEP][PASSED] - tables.put("mi_refund_ek_quote_tkt_refund_fare", mi_refund_ek_quote_tkt_refund_fare): null

15-10-2024T16:37:42 - [TEST_STEP][PASSED] - tables.put("mi_refund_ek_quote_tkt_used_fare", mi_refund_ek_quote_tkt_used_fare): null

15-10-2024T16:37:42 - [TEST_STEP][PASSED] - str = <not implemented yet for class: org.codehaus.groovy.ast.expr.EmptyExpression>: null

15-10-2024T16:37:42 - [TEST_STEP][PASSED] - for (Map$Entry<String, String> entry : tables.entrySet()): null

15-10-2024T16:37:42 - [TEST_STEP][PASSED] - tableName = entry.getKey(): null

15-10-2024T16:37:42 - [TEST_STEP][PASSED] - sqlQuery = entry.getValue(): null

15-10-2024T16:37:42 - [TEST_STEP][PASSED] - dbMap = processJson.getColumnsWithJsonPath(tableName, "logRefundRequest"): null

15-10-2024T16:37:42 - [TEST_STEP][PASSED] - println(tableName): null

15-10-2024T16:37:42 - [TEST_STEP][PASSED] - processJson.verifyJsonElementsValuesWithDatabaseValues(filePath, dbMap, sqlQuery): null

15-10-2024T16:37:46 - [TEST_STEP][PASSED] - tableName = entry.getKey(): null

15-10-2024T16:37:46 - [TEST_STEP][PASSED] - sqlQuery = entry.getValue(): null

15-10-2024T16:37:46 - [TEST_STEP][PASSED] - dbMap = processJson.getColumnsWithJsonPath(tableName, "logRefundRequest"): null

15-10-2024T16:37:46 - [TEST_STEP][PASSED] - println(tableName): null

15-10-2024T16:37:46 - [TEST_STEP][PASSED] - processJson.verifyJsonElementsValuesWithDatabaseValues(filePath, dbMap, sqlQuery): null

15-10-2024T16:37:48 - [TEST_STEP][PASSED] - tableName = entry.getKey(): null

15-10-2024T16:37:48 - [TEST_STEP][PASSED] - sqlQuery = entry.getValue(): null

15-10-2024T16:37:48 - [TEST_STEP][PASSED] - dbMap = processJson.getColumnsWithJsonPath(tableName, "logRefundRequest"): null

15-10-2024T16:37:48 - [TEST_STEP][PASSED] - println(tableName): null

15-10-2024T16:37:48 - [TEST_STEP][PASSED] - processJson.verifyJsonElementsValuesWithDatabaseValues(filePath, dbMap, sqlQuery): null

15-10-2024T16:37:51 - [TEST_STEP][PASSED] - tableName = entry.getKey(): null

15-10-2024T16:37:51 - [TEST_STEP][PASSED] - sqlQuery = entry.getValue(): null

15-10-2024T16:37:51 - [TEST_STEP][PASSED] - dbMap = processJson.getColumnsWithJsonPath(tableName, "logRefundRequest"): null

15-10-2024T16:37:51 - [TEST_STEP][PASSED] - println(tableName): null

15-10-2024T16:37:51 - [TEST_STEP][PASSED] - processJson.verifyJsonElementsValuesWithDatabaseValues(filePath, dbMap, sqlQuery): null

15-10-2024T16:37:53 - [TEST_STEP][PASSED] - tableName = entry.getKey(): null

15-10-2024T16:37:53 - [TEST_STEP][PASSED] - sqlQuery = entry.getValue(): null

15-10-2024T16:37:53 - [TEST_STEP][PASSED] - dbMap = processJson.getColumnsWithJsonPath(tableName, "logRefundRequest"): null

15-10-2024T16:37:53 - [TEST_STEP][PASSED] - println(tableName): null

15-10-2024T16:37:53 - [TEST_STEP][PASSED] - processJson.verifyJsonElementsValuesWithDatabaseValues(filePath, dbMap, sqlQuery): null

15-10-2024T16:37:56 - [TEST_STEP][PASSED] - tableName = entry.getKey(): null

15-10-2024T16:37:56 - [TEST_STEP][PASSED] - sqlQuery = entry.getValue(): null

15-10-2024T16:37:56 - [TEST_STEP][PASSED] - dbMap = processJson.getColumnsWithJsonPath(tableName, "logRefundRequest"): null

15-10-2024T16:37:56 - [TEST_STEP][PASSED] - println(tableName): null

15-10-2024T16:37:56 - [TEST_STEP][PASSED] - processJson.verifyJsonElementsValuesWithDatabaseValues(filePath, dbMap, sqlQuery): null

15-10-2024T16:37:59 - [TEST_STEP][PASSED] - tableName = entry.getKey(): null

15-10-2024T16:37:59 - [TEST_STEP][PASSED] - sqlQuery = entry.getValue(): null

15-10-2024T16:37:59 - [TEST_STEP][PASSED] - dbMap = processJson.getColumnsWithJsonPath(tableName, "logRefundRequest"): null

15-10-2024T16:37:59 - [TEST_STEP][PASSED] - println(tableName): null

15-10-2024T16:37:59 - [TEST_STEP][PASSED] - processJson.verifyJsonElementsValuesWithDatabaseValues(filePath, dbMap, sqlQuery): null

15-10-2024T16:38:01 - [TEST_STEP][PASSED] - tableName = entry.getKey(): null

15-10-2024T16:38:01 - [TEST_STEP][PASSED] - sqlQuery = entry.getValue(): null

15-10-2024T16:38:01 - [TEST_STEP][PASSED] - dbMap = processJson.getColumnsWithJsonPath(tableName, "logRefundRequest"): null

15-10-2024T16:38:01 - [TEST_STEP][PASSED] - println(tableName): null

15-10-2024T16:38:01 - [TEST_STEP][PASSED] - processJson.verifyJsonElementsValuesWithDatabaseValues(filePath, dbMap, sqlQuery): null]]></system-out>
         <system-err><![CDATA[]]></system-err>
      </testcase>
      <testcase name="Test Cases/MOZ-10510/TC 6_MOZ_11447 Verify Default Filtering Values in the Local Settlements Module" time="66.338" classname="Test Cases/MOZ-10510/TC 6_MOZ_11447 Verify Default Filtering Values in the Local Settlements Module" status="PASSED">
         <system-out><![CDATA[15-10-2024T16:38:04 - [TEST_CASE][PASSED] - Test Cases/MOZ-10510/TC 6_MOZ_11447 Verify Default Filtering Values in the Local Settlements Module: Test Cases/MOZ-10510/TC 6_MOZ_11447 Verify Default Filtering Values in the Local Settlements Module

15-10-2024T16:38:04 - [TEST_STEP][PASSED] - demoPackage.MozartLogin.LoginWithChromeForEK(): demoPackage.MozartLogin.LoginWithChromeForEK is PASSED

15-10-2024T16:38:04 - [MESSAGE][WARNING] - A browser is already opened. Closing browser and opening a new one

15-10-2024T16:38:04 - [MESSAGE][INFO] - Starting 'Chrome' driver

15-10-2024T16:38:04 - [MESSAGE][INFO] - Action delay is set to 0 milliseconds

15-10-2024T16:38:06 - [MESSAGE][PASSED] - Browser is opened with url: ''

15-10-2024T16:38:07 - [MESSAGE][PASSED] - Navigate to 'https://accelyacomtest.accelya.local/MozartTest/AirlinesHub/Index' successfully

15-10-2024T16:38:07 - [MESSAGE][PASSED] - Current window maximized

15-10-2024T16:38:07 - [MESSAGE][PASSED] - Object: 'Object Repository/Demo/MozartChrome/ChromeAdvance/ClickOnAdvanceButton' is clicked on

15-10-2024T16:38:20 - [MESSAGE][PASSED] - Object: 'Object Repository/Demo/MozartChrome/ChromeAdvance/ProccedLink' is clicked on

15-10-2024T16:38:20 - [MESSAGE][PASSED] - Text 'supermozart' is set on object 'Object Repository/Demo/MozartChrome/Page_/input_Username_Login'

15-10-2024T16:38:21 - [MESSAGE][PASSED] - Object: 'Object Repository/Demo/MozartChrome/Page_/button_Next' is clicked on

15-10-2024T16:38:22 - [MESSAGE][PASSED] - Text 'Accelya.1' is set on object 'Object Repository/Demo/MozartChrome/Page_/input_Password_Password'

15-10-2024T16:38:22 - [MESSAGE][PASSED] - Object: 'Object Repository/Demo/MozartChrome/Page_/button_Sign in' is clicked on

15-10-2024T16:38:28 - [MESSAGE][PASSED] - Object: 'Object Repository/Demo/MozartChrome/Page_Mozart - AirlinesHub/button_Please select' is clicked on

15-10-2024T16:38:28 - [MESSAGE][PASSED] - Object: 'Object Repository/EK_Objects/Page_Mozart - AirlinesHub/a_176 Emirates' is clicked on

15-10-2024T16:38:33 - [MESSAGE][PASSED] - Object: 'Object Repository/Demo/MozartChrome/Page_Mozart - AirlinesHub/a_Select' is clicked on

15-10-2024T16:38:33 - [MESSAGE][PASSED] - demoPackage.MozartLogin.LoginWithChromeForEK is PASSED

15-10-2024T16:38:33 - [TEST_STEP][PASSED] - click(findTestObject("EK_Objects/Page_Mozart - Dashboard/a_Refunds")): Object: 'Object Repository/EK_Objects/Page_Mozart - Dashboard/a_Refunds' is clicked on

15-10-2024T16:38:51 - [MESSAGE][PASSED] - Object: 'Object Repository/EK_Objects/Page_Mozart - Dashboard/a_Refunds' is clicked on

15-10-2024T16:38:51 - [TEST_STEP][PASSED] - click(findTestObject("EK_Objects/Page_Mozart - Dashboard/Click_On_Local_Settlements")): Object: 'Object Repository/EK_Objects/Page_Mozart - Dashboard/Click_On_Local_Settlements' is clicked on

15-10-2024T16:38:55 - [MESSAGE][PASSED] - Object: 'Object Repository/EK_Objects/Page_Mozart - Dashboard/Click_On_Local_Settlements' is clicked on

15-10-2024T16:38:55 - [TEST_STEP][PASSED] - click(findTestObject("EK_Objects/Page_Mozart - LocalSettlements/filter_button")): Object: 'Object Repository/EK_Objects/Page_Mozart - LocalSettlements/filter_button' is clicked on

15-10-2024T16:38:57 - [MESSAGE][PASSED] - Object: 'Object Repository/EK_Objects/Page_Mozart - LocalSettlements/filter_button' is clicked on

15-10-2024T16:38:57 - [TEST_STEP][PASSED] - verifyOptionSelectedByValue(findTestObject("EK_Objects/Page_Mozart - LocalSettlements/select_filter_column_r1_c1"), "date_processingdate", false, 5): All options with value 'date_processingdate' are selected in object 'Object Repository/EK_Objects/Page_Mozart - LocalSettlements/select_filter_column_r1_c1' 

15-10-2024T16:39:01 - [MESSAGE][PASSED] - All options with value 'date_processingdate' are selected in object 'Object Repository/EK_Objects/Page_Mozart - LocalSettlements/select_filter_column_r1_c1' 

15-10-2024T16:39:01 - [TEST_STEP][PASSED] - verifyOptionSelectedByValue(findTestObject("EK_Objects/Page_Mozart - LocalSettlements/select_filter_column_r2_c1"), "select_request_fop_settlem", false, 5): All options with value 'select_request_fop_settlem' are selected in object 'Object Repository/EK_Objects/Page_Mozart - LocalSettlements/select_filter_column_r2_c1' 

15-10-2024T16:39:05 - [MESSAGE][PASSED] - All options with value 'select_request_fop_settlem' are selected in object 'Object Repository/EK_Objects/Page_Mozart - LocalSettlements/select_filter_column_r2_c1' 

15-10-2024T16:39:05 - [TEST_STEP][PASSED] - verifyOptionSelectedByValue(findTestObject("EK_Objects/Page_Mozart - LocalSettlements/select_filter_column_r3_c1"), "select_ro_isocode_country", false, 5): All options with value 'select_ro_isocode_country' are selected in object 'Object Repository/EK_Objects/Page_Mozart - LocalSettlements/select_filter_column_r3_c1' 

15-10-2024T16:39:09 - [MESSAGE][PASSED] - All options with value 'select_ro_isocode_country' are selected in object 'Object Repository/EK_Objects/Page_Mozart - LocalSettlements/select_filter_column_r3_c1' 

15-10-2024T16:39:09 - [TEST_STEP][PASSED] - closeBrowser(): Browser is closed

15-10-2024T16:39:10 - [MESSAGE][PASSED] - Browser is closed]]></system-out>
         <system-err><![CDATA[]]></system-err>
      </testcase>
      <testcase name="Test Cases/MOZ-12401/TC 2_MOZ-12624_Verify Storage of TKT-Quote for Successful WS Request" time="32.346" classname="Test Cases/MOZ-12401/TC 2_MOZ-12624_Verify Storage of TKT-Quote for Successful WS Request" status="FAILED">
         <failure type="FAILED" message="Test Cases/MOZ-12401/TC 2_MOZ-12624_Verify Storage of TKT-Quote for Successful WS Request FAILED.&#xa;Reason:&#xa;com.kms.katalon.core.exception.StepFailedException: Unable to verify match between actual text '310' and expected text '31' (Root cause: com.kms.katalon.core.exception.StepFailedException: Actual text '310' and expected text '31' are not matched&#xa;	at com.kms.katalon.core.keyword.builtin.VerifyMatchKeyword$_verifyMatch_closure1.doCall(VerifyMatchKeyword.groovy:57)&#xa;	at com.kms.katalon.core.keyword.builtin.VerifyMatchKeyword$_verifyMatch_closure1.call(VerifyMatchKeyword.groovy)&#xa;	at com.kms.katalon.core.keyword.internal.KeywordMain.runKeyword(KeywordMain.groovy:75)&#xa;	at com.kms.katalon.core.keyword.builtin.VerifyMatchKeyword.verifyMatch(VerifyMatchKeyword.groovy:60)&#xa;	at com.kms.katalon.core.keyword.builtin.VerifyMatchKeyword.execute(VerifyMatchKeyword.groovy:45)&#xa;	at com.kms.katalon.core.keyword.internal.KeywordExecutor.executeKeywordForPlatform(KeywordExecutor.groovy:74)&#xa;	at com.kms.katalon.core.keyword.BuiltinKeywords.verifyMatch(BuiltinKeywords.groovy:60)&#xa;	at jdk.internal.reflect.GeneratedMethodAccessor22.invoke(Unknown Source)&#xa;	at java.base/jdk.internal.reflect.DelegatingMethodAccessorImpl.invoke(DelegatingMethodAccessorImpl.java:43)&#xa;	at utilityClass.JsonPaths.verifyJsonElementsValuesWithDatabaseValues(JsonPaths.groovy:77)&#xa;	at jdk.internal.reflect.GeneratedMethodAccessor116.invoke(Unknown Source)&#xa;	at java.base/jdk.internal.reflect.DelegatingMethodAccessorImpl.invoke(DelegatingMethodAccessorImpl.java:43)&#xa;	at TC 2_MOZ-12624_Verify Storage of TKT-Quote for Successful WS Request.run(TC 2_MOZ-12624_Verify Storage of TKT-Quote for Successful WS Request:96)&#xa;	at com.kms.katalon.core.main.ScriptEngine.run(ScriptEngine.java:194)&#xa;	at com.kms.katalon.core.main.ScriptEngine.runScriptAsRawText(ScriptEngine.java:119)&#xa;	at com.kms.katalon.core.main.TestCaseExecutor.runScript(TestCaseExecutor.java:448)&#xa;	at com.kms.katalon.core.main.TestCaseExecutor.doExecute(TestCaseExecutor.java:439)&#xa;	at com.kms.katalon.core.main.TestCaseExecutor.processExecutionPhase(TestCaseExecutor.java:418)&#xa;	at com.kms.katalon.core.main.TestCaseExecutor.accessMainPhase(TestCaseExecutor.java:410)&#xa;	at com.kms.katalon.core.main.TestCaseExecutor.execute(TestCaseExecutor.java:285)&#xa;	at com.kms.katalon.core.common.CommonExecutor.accessTestCaseMainPhase(CommonExecutor.java:65)&#xa;	at com.kms.katalon.core.main.TestSuiteExecutor.accessTestSuiteMainPhase(TestSuiteExecutor.java:150)&#xa;	at com.kms.katalon.core.main.TestSuiteExecutor.execute(TestSuiteExecutor.java:106)&#xa;	at com.kms.katalon.core.main.TestCaseMain.startTestSuite(TestCaseMain.java:180)&#xa;	at TempTestSuite1728989799265.run(TempTestSuite1728989799265.groovy:35)&#xa;	at java.base/jdk.internal.reflect.NativeMethodAccessorImpl.invoke0(Native Method)&#xa;	at java.base/jdk.internal.reflect.NativeMethodAccessorImpl.invoke(NativeMethodAccessorImpl.java:77)&#xa;	at java.base/jdk.internal.reflect.DelegatingMethodAccessorImpl.invoke(DelegatingMethodAccessorImpl.java:43)&#xa;)&#xa;	at com.kms.katalon.core.keyword.internal.KeywordMain.stepFailed(KeywordMain.groovy:39)&#xa;	at com.kms.katalon.core.keyword.internal.KeywordMain.stepFailed(KeywordMain.groovy)&#xa;	at com.kms.katalon.core.keyword.internal.KeywordMain.runKeyword(KeywordMain.groovy:77)&#xa;	at com.kms.katalon.core.keyword.builtin.VerifyMatchKeyword.verifyMatch(VerifyMatchKeyword.groovy:60)&#xa;	at com.kms.katalon.core.keyword.builtin.VerifyMatchKeyword.execute(VerifyMatchKeyword.groovy:45)&#xa;	at com.kms.katalon.core.keyword.internal.KeywordExecutor.executeKeywordForPlatform(KeywordExecutor.groovy:74)&#xa;	at com.kms.katalon.core.keyword.BuiltinKeywords.verifyMatch(BuiltinKeywords.groovy:60)&#xa;	at jdk.internal.reflect.GeneratedMethodAccessor22.invoke(Unknown Source)&#xa;	at java.base/jdk.internal.reflect.DelegatingMethodAccessorImpl.invoke(DelegatingMethodAccessorImpl.java:43)&#xa;	at utilityClass.JsonPaths.verifyJsonElementsValuesWithDatabaseValues(JsonPaths.groovy:77)&#xa;	at jdk.internal.reflect.GeneratedMethodAccessor116.invoke(Unknown Source)&#xa;	at java.base/jdk.internal.reflect.DelegatingMethodAccessorImpl.invoke(DelegatingMethodAccessorImpl.java:43)&#xa;	at TC 2_MOZ-12624_Verify Storage of TKT-Quote for Successful WS Request.run(TC 2_MOZ-12624_Verify Storage of TKT-Quote for Successful WS Request:96)&#xa;	at com.kms.katalon.core.main.ScriptEngine.run(ScriptEngine.java:194)&#xa;	at com.kms.katalon.core.main.ScriptEngine.runScriptAsRawText(ScriptEngine.java:119)&#xa;	at com.kms.katalon.core.main.TestCaseExecutor.runScript(TestCaseExecutor.java:448)&#xa;	at com.kms.katalon.core.main.TestCaseExecutor.doExecute(TestCaseExecutor.java:439)&#xa;	at com.kms.katalon.core.main.TestCaseExecutor.processExecutionPhase(TestCaseExecutor.java:418)&#xa;	at com.kms.katalon.core.main.TestCaseExecutor.accessMainPhase(TestCaseExecutor.java:410)&#xa;	at com.kms.katalon.core.main.TestCaseExecutor.execute(TestCaseExecutor.java:285)&#xa;	at com.kms.katalon.core.common.CommonExecutor.accessTestCaseMainPhase(CommonExecutor.java:65)&#xa;	at com.kms.katalon.core.main.TestSuiteExecutor.accessTestSuiteMainPhase(TestSuiteExecutor.java:150)&#xa;	at com.kms.katalon.core.main.TestSuiteExecutor.execute(TestSuiteExecutor.java:106)&#xa;	at com.kms.katalon.core.main.TestCaseMain.startTestSuite(TestCaseMain.java:180)&#xa;	at TempTestSuite1728989799265.run(TempTestSuite1728989799265.groovy:35)&#xa;	at java.base/jdk.internal.reflect.NativeMethodAccessorImpl.invoke0(Native Method)&#xa;	at java.base/jdk.internal.reflect.NativeMethodAccessorImpl.invoke(NativeMethodAccessorImpl.java:77)&#xa;	at java.base/jdk.internal.reflect.DelegatingMethodAccessorImpl.invoke(DelegatingMethodAccessorImpl.java:43)&#xa;Caused by: com.kms.katalon.core.exception.StepFailedException: Actual text '310' and expected text '31' are not matched&#xa;	at com.kms.katalon.core.keyword.builtin.VerifyMatchKeyword$_verifyMatch_closure1.doCall(VerifyMatchKeyword.groovy:57)&#xa;	at com.kms.katalon.core.keyword.builtin.VerifyMatchKeyword$_verifyMatch_closure1.call(VerifyMatchKeyword.groovy)&#xa;	at com.kms.katalon.core.keyword.internal.KeywordMain.runKeyword(KeywordMain.groovy:75)&#xa;	... 25 more&#xa;"/>
         <system-out><![CDATA[15-10-2024T16:39:10 - [TEST_CASE][FAILED] - Test Cases/MOZ-12401/TC 2_MOZ-12624_Verify Storage of TKT-Quote for Successful WS Request: Test Cases/MOZ-12401/TC 2_MOZ-12624_Verify Storage of TKT-Quote for Successful WS Request FAILED.
Reason:
com.kms.katalon.core.exception.StepFailedException: Unable to verify match between actual text '310' and expected text '31' (Root cause: com.kms.katalon.core.exception.StepFailedException: Actual text '310' and expected text '31' are not matched
	at com.kms.katalon.core.keyword.builtin.VerifyMatchKeyword$_verifyMatch_closure1.doCall(VerifyMatchKeyword.groovy:57)
	at com.kms.katalon.core.keyword.builtin.VerifyMatchKeyword$_verifyMatch_closure1.call(VerifyMatchKeyword.groovy)
	at com.kms.katalon.core.keyword.internal.KeywordMain.runKeyword(KeywordMain.groovy:75)
	at com.kms.katalon.core.keyword.builtin.VerifyMatchKeyword.verifyMatch(VerifyMatchKeyword.groovy:60)
	at com.kms.katalon.core.keyword.builtin.VerifyMatchKeyword.execute(VerifyMatchKeyword.groovy:45)
	at com.kms.katalon.core.keyword.internal.KeywordExecutor.executeKeywordForPlatform(KeywordExecutor.groovy:74)
	at com.kms.katalon.core.keyword.BuiltinKeywords.verifyMatch(BuiltinKeywords.groovy:60)
	at jdk.internal.reflect.GeneratedMethodAccessor22.invoke(Unknown Source)
	at java.base/jdk.internal.reflect.DelegatingMethodAccessorImpl.invoke(DelegatingMethodAccessorImpl.java:43)
	at utilityClass.JsonPaths.verifyJsonElementsValuesWithDatabaseValues(JsonPaths.groovy:77)
	at jdk.internal.reflect.GeneratedMethodAccessor116.invoke(Unknown Source)
	at java.base/jdk.internal.reflect.DelegatingMethodAccessorImpl.invoke(DelegatingMethodAccessorImpl.java:43)
	at TC 2_MOZ-12624_Verify Storage of TKT-Quote for Successful WS Request.run(TC 2_MOZ-12624_Verify Storage of TKT-Quote for Successful WS Request:96)
	at com.kms.katalon.core.main.ScriptEngine.run(ScriptEngine.java:194)
	at com.kms.katalon.core.main.ScriptEngine.runScriptAsRawText(ScriptEngine.java:119)
	at com.kms.katalon.core.main.TestCaseExecutor.runScript(TestCaseExecutor.java:448)
	at com.kms.katalon.core.main.TestCaseExecutor.doExecute(TestCaseExecutor.java:439)
	at com.kms.katalon.core.main.TestCaseExecutor.processExecutionPhase(TestCaseExecutor.java:418)
	at com.kms.katalon.core.main.TestCaseExecutor.accessMainPhase(TestCaseExecutor.java:410)
	at com.kms.katalon.core.main.TestCaseExecutor.execute(TestCaseExecutor.java:285)
	at com.kms.katalon.core.common.CommonExecutor.accessTestCaseMainPhase(CommonExecutor.java:65)
	at com.kms.katalon.core.main.TestSuiteExecutor.accessTestSuiteMainPhase(TestSuiteExecutor.java:150)
	at com.kms.katalon.core.main.TestSuiteExecutor.execute(TestSuiteExecutor.java:106)
	at com.kms.katalon.core.main.TestCaseMain.startTestSuite(TestCaseMain.java:180)
	at TempTestSuite1728989799265.run(TempTestSuite1728989799265.groovy:35)
	at java.base/jdk.internal.reflect.NativeMethodAccessorImpl.invoke0(Native Method)
	at java.base/jdk.internal.reflect.NativeMethodAccessorImpl.invoke(NativeMethodAccessorImpl.java:77)
	at java.base/jdk.internal.reflect.DelegatingMethodAccessorImpl.invoke(DelegatingMethodAccessorImpl.java:43)
)
	at com.kms.katalon.core.keyword.internal.KeywordMain.stepFailed(KeywordMain.groovy:39)
	at com.kms.katalon.core.keyword.internal.KeywordMain.stepFailed(KeywordMain.groovy)
	at com.kms.katalon.core.keyword.internal.KeywordMain.runKeyword(KeywordMain.groovy:77)
	at com.kms.katalon.core.keyword.builtin.VerifyMatchKeyword.verifyMatch(VerifyMatchKeyword.groovy:60)
	at com.kms.katalon.core.keyword.builtin.VerifyMatchKeyword.execute(VerifyMatchKeyword.groovy:45)
	at com.kms.katalon.core.keyword.internal.KeywordExecutor.executeKeywordForPlatform(KeywordExecutor.groovy:74)
	at com.kms.katalon.core.keyword.BuiltinKeywords.verifyMatch(BuiltinKeywords.groovy:60)
	at jdk.internal.reflect.GeneratedMethodAccessor22.invoke(Unknown Source)
	at java.base/jdk.internal.reflect.DelegatingMethodAccessorImpl.invoke(DelegatingMethodAccessorImpl.java:43)
	at utilityClass.JsonPaths.verifyJsonElementsValuesWithDatabaseValues(JsonPaths.groovy:77)
	at jdk.internal.reflect.GeneratedMethodAccessor116.invoke(Unknown Source)
	at java.base/jdk.internal.reflect.DelegatingMethodAccessorImpl.invoke(DelegatingMethodAccessorImpl.java:43)
	at TC 2_MOZ-12624_Verify Storage of TKT-Quote for Successful WS Request.run(TC 2_MOZ-12624_Verify Storage of TKT-Quote for Successful WS Request:96)
	at com.kms.katalon.core.main.ScriptEngine.run(ScriptEngine.java:194)
	at com.kms.katalon.core.main.ScriptEngine.runScriptAsRawText(ScriptEngine.java:119)
	at com.kms.katalon.core.main.TestCaseExecutor.runScript(TestCaseExecutor.java:448)
	at com.kms.katalon.core.main.TestCaseExecutor.doExecute(TestCaseExecutor.java:439)
	at com.kms.katalon.core.main.TestCaseExecutor.processExecutionPhase(TestCaseExecutor.java:418)
	at com.kms.katalon.core.main.TestCaseExecutor.accessMainPhase(TestCaseExecutor.java:410)
	at com.kms.katalon.core.main.TestCaseExecutor.execute(TestCaseExecutor.java:285)
	at com.kms.katalon.core.common.CommonExecutor.accessTestCaseMainPhase(CommonExecutor.java:65)
	at com.kms.katalon.core.main.TestSuiteExecutor.accessTestSuiteMainPhase(TestSuiteExecutor.java:150)
	at com.kms.katalon.core.main.TestSuiteExecutor.execute(TestSuiteExecutor.java:106)
	at com.kms.katalon.core.main.TestCaseMain.startTestSuite(TestCaseMain.java:180)
	at TempTestSuite1728989799265.run(TempTestSuite1728989799265.groovy:35)
	at java.base/jdk.internal.reflect.NativeMethodAccessorImpl.invoke0(Native Method)
	at java.base/jdk.internal.reflect.NativeMethodAccessorImpl.invoke(NativeMethodAccessorImpl.java:77)
	at java.base/jdk.internal.reflect.DelegatingMethodAccessorImpl.invoke(DelegatingMethodAccessorImpl.java:43)
Caused by: com.kms.katalon.core.exception.StepFailedException: Actual text '310' and expected text '31' are not matched
	at com.kms.katalon.core.keyword.builtin.VerifyMatchKeyword$_verifyMatch_closure1.doCall(VerifyMatchKeyword.groovy:57)
	at com.kms.katalon.core.keyword.builtin.VerifyMatchKeyword$_verifyMatch_closure1.call(VerifyMatchKeyword.groovy)
	at com.kms.katalon.core.keyword.internal.KeywordMain.runKeyword(KeywordMain.groovy:75)
	... 25 more


15-10-2024T16:39:10 - [TEST_STEP][PASSED] - mi_refund_ek_quote = <not implemented yet for class: org.codehaus.groovy.ast.expr.EmptyExpression>: null

15-10-2024T16:39:10 - [TEST_STEP][PASSED] - mi_refund_ek_quote_passenger = <not implemented yet for class: org.codehaus.groovy.ast.expr.EmptyExpression>: null

15-10-2024T16:39:10 - [TEST_STEP][PASSED] - mi_refund_ek_quote_tkt_details = <not implemented yet for class: org.codehaus.groovy.ast.expr.EmptyExpression>: null

15-10-2024T16:39:10 - [TEST_STEP][PASSED] - mi_refund_ek_quote_tkt_coupon_details = <not implemented yet for class: org.codehaus.groovy.ast.expr.EmptyExpression>: null

15-10-2024T16:39:10 - [TEST_STEP][PASSED] - mi_refund_ek_quote_tkt_original_fare = <not implemented yet for class: org.codehaus.groovy.ast.expr.EmptyExpression>: null

15-10-2024T16:39:10 - [TEST_STEP][PASSED] - mi_refund_ek_quote_tkt_penalty_charges = <not implemented yet for class: org.codehaus.groovy.ast.expr.EmptyExpression>: null

15-10-2024T16:39:10 - [TEST_STEP][PASSED] - mi_refund_ek_quote_tkt_refund_fare = <not implemented yet for class: org.codehaus.groovy.ast.expr.EmptyExpression>: null

15-10-2024T16:39:10 - [TEST_STEP][PASSED] - mi_refund_ek_quote_tkt_used_fare = <not implemented yet for class: org.codehaus.groovy.ast.expr.EmptyExpression>: null

15-10-2024T16:39:10 - [TEST_STEP][PASSED] - idQuote = <not implemented yet for class: org.codehaus.groovy.ast.expr.EmptyExpression>: null

15-10-2024T16:39:10 - [TEST_STEP][PASSED] - idpassenger = <not implemented yet for class: org.codehaus.groovy.ast.expr.EmptyExpression>: null

15-10-2024T16:39:10 - [TEST_STEP][PASSED] - idtktdetails = <not implemented yet for class: org.codehaus.groovy.ast.expr.EmptyExpression>: null

15-10-2024T16:39:10 - [TEST_STEP][PASSED] - mozartRequestId = "O090510005": null

15-10-2024T16:39:10 - [TEST_STEP][PASSED] - mi_refund_ek_quote = "select * from bdmozart.mi_refund_ek_quote where idrequest = '" + mozartRequestId + "'": null

15-10-2024T16:39:10 - [TEST_STEP][PASSED] - idQuote = database.DatabaseUtils.executeQuery(mi_refund_ek_quote, "id", 1): database.DatabaseUtils.executeQuery is PASSED

15-10-2024T16:39:13 - [MESSAGE][PASSED] - database.DatabaseUtils.executeQuery is PASSED

15-10-2024T16:39:13 - [TEST_STEP][PASSED] - mi_refund_ek_quote_passenger = "select * from bdmozart.mi_refund_ek_quote_passenger where idquote = '" + idQuote + "'": null

15-10-2024T16:39:13 - [TEST_STEP][PASSED] - idpassenger = database.DatabaseUtils.executeQuery(mi_refund_ek_quote_passenger, "id", 1): database.DatabaseUtils.executeQuery is PASSED

15-10-2024T16:39:16 - [MESSAGE][PASSED] - database.DatabaseUtils.executeQuery is PASSED

15-10-2024T16:39:16 - [TEST_STEP][PASSED] - mi_refund_ek_quote_tkt_details = "select * from bdmozart.mi_refund_ek_quote_tkt_details where idpassenger = '" + idpassenger + "'": null

15-10-2024T16:39:16 - [TEST_STEP][PASSED] - idtktdetails = database.DatabaseUtils.executeQuery(mi_refund_ek_quote_tkt_details, "id", 1): database.DatabaseUtils.executeQuery is PASSED

15-10-2024T16:39:19 - [MESSAGE][PASSED] - database.DatabaseUtils.executeQuery is PASSED

15-10-2024T16:39:19 - [TEST_STEP][PASSED] - mi_refund_ek_quote_tkt_coupon_details = "select * from bdmozart.mi_refund_ek_quote_tkt_coupon_details where idtktdetails = '" + idtktdetails + "'": null

15-10-2024T16:39:19 - [TEST_STEP][PASSED] - mi_refund_ek_quote_tkt_original_fare = "select * from bdmozart.mi_refund_ek_quote_tkt_original_fare where idtktdetails = '" + idtktdetails + "'": null

15-10-2024T16:39:19 - [TEST_STEP][PASSED] - mi_refund_ek_quote_tkt_penalty_charges = "select * from bdmozart.mi_refund_ek_quote_tkt_penalty_charges where idtktdetails = '" + idtktdetails + "'": null

15-10-2024T16:39:19 - [TEST_STEP][PASSED] - mi_refund_ek_quote_tkt_refund_fare = "select * from bdmozart.mi_refund_ek_quote_tkt_refund_fare  where idtktdetails = '" + idtktdetails + "'": null

15-10-2024T16:39:19 - [TEST_STEP][PASSED] - mi_refund_ek_quote_tkt_used_fare = "select * from bdmozart.mi_refund_ek_quote_tkt_used_fare where idtktdetails = '" + idtktdetails + "'": null

15-10-2024T16:39:19 - [TEST_STEP][PASSED] - processJson = new utilityClass.JsonPaths(): null

15-10-2024T16:39:19 - [TEST_STEP][PASSED] - filePath = "Test Data/TKT Quote Json.txt": null

15-10-2024T16:39:19 - [TEST_STEP][PASSED] - dbMap = processJson.getColumnsWithJsonPath("mi_refund_ek_quote"): null

15-10-2024T16:39:19 - [TEST_STEP][PASSED] - processJson.verifyJsonElementsValuesWithDatabaseValues(filePath, dbMap, mi_refund_ek_quote): Actual text 'false' and expected text 'false' are matched 

15-10-2024T16:39:22 - [MESSAGE][PASSED] - Actual text '2970' and expected text '2970' are matched 

15-10-2024T16:39:22 - [MESSAGE][PASSED] - Actual text 'false' and expected text 'false' are matched 

15-10-2024T16:39:22 - [MESSAGE][PASSED] - Actual text 'false' and expected text 'false' are matched 

15-10-2024T16:39:22 - [MESSAGE][PASSED] - Actual text 'Y' and expected text 'Y' are matched 

15-10-2024T16:39:22 - [MESSAGE][PASSED] - Actual text 'AED' and expected text 'AED' are matched 

15-10-2024T16:39:22 - [MESSAGE][PASSED] - Actual text 'false' and expected text 'false' are matched 

15-10-2024T16:39:22 - [TEST_STEP][PASSED] - dbMap1 = processJson.getColumnsWithJsonPath("mi_refund_ek_quote_passenger"): null

15-10-2024T16:39:22 - [TEST_STEP][PASSED] - processJson.verifyJsonElementsValuesWithDatabaseValues(filePath, dbMap1, mi_refund_ek_quote_passenger): Actual text '1' and expected text '1' are matched 

15-10-2024T16:39:25 - [MESSAGE][PASSED] - Actual text 'ADTNANCI/QUITZONMR' and expected text 'ADTNANCI/QUITZONMR' are matched 

15-10-2024T16:39:25 - [MESSAGE][PASSED] - Actual text '1' and expected text '1' are matched 

15-10-2024T16:39:25 - [TEST_STEP][PASSED] - dbMap2 = processJson.getColumnsWithJsonPath("mi_refund_ek_quote_tkt_details"): null

15-10-2024T16:39:25 - [TEST_STEP][PASSED] - processJson.verifyJsonElementsValuesWithDatabaseValues(filePath, dbMap2, mi_refund_ek_quote_tkt_details): Actual text 'R0' and expected text 'R0' are matched 

15-10-2024T16:39:28 - [MESSAGE][PASSED] - Actual text 'AE' and expected text 'AE' are matched 

15-10-2024T16:39:28 - [MESSAGE][PASSED] - Actual text 'ADT' and expected text 'ADT' are matched 

15-10-2024T16:39:28 - [MESSAGE][PASSED] - Actual text 'Unutilized' and expected text 'Unutilized' are matched 

15-10-2024T16:39:28 - [MESSAGE][PASSED] - Actual text 'EKDXBRV' and expected text 'EKDXBRV' are matched 

15-10-2024T16:39:28 - [MESSAGE][PASSED] - Actual text '28FEB2024' and expected text '28FEB2024' are matched 

15-10-2024T16:39:28 - [MESSAGE][PASSED] - Actual text 'AE' and expected text 'AE' are matched 

15-10-2024T16:39:28 - [MESSAGE][PASSED] - Actual text '1762368172376' and expected text '1762368172376' are matched 

15-10-2024T16:39:28 - [MESSAGE][PASSED] - Actual text '1762368172376' and expected text '1762368172376' are matched 

15-10-2024T16:39:28 - [MESSAGE][PASSED] - Actual text 'R0' and expected text 'R0' are matched 

15-10-2024T16:39:28 - [MESSAGE][PASSED] - Actual text 'R0' and expected text 'R0' are matched 

15-10-2024T16:39:28 - [TEST_STEP][PASSED] - dbMap3 = processJson.getColumnsWithJsonPath("mi_refund_ek_quote_tkt_coupon_details"): null

15-10-2024T16:39:28 - [TEST_STEP][PASSED] - processJson.verifyJsonElementsValuesWithDatabaseValues(filePath, dbMap3, mi_refund_ek_quote_tkt_coupon_details): Actual text 'Y' and expected text 'Y' are matched 

15-10-2024T16:39:31 - [MESSAGE][PASSED] - Actual text 'true' and expected text 'true' are matched 

15-10-2024T16:39:31 - [MESSAGE][PASSED] - Actual text '1762368172376' and expected text '1762368172376' are matched 

15-10-2024T16:39:31 - [MESSAGE][PASSED] - Actual text 'true' and expected text 'true' are matched 

15-10-2024T16:39:31 - [MESSAGE][PASSED] - Actual text '1' and expected text '1' are matched 

15-10-2024T16:39:31 - [MESSAGE][PASSED] - Actual text 'F' and expected text 'F' are matched 

15-10-2024T16:39:31 - [MESSAGE][PASSED] - Actual text 'YLOWFAE1/EOL4' and expected text 'YLOWFAE1/EOL4' are matched 

15-10-2024T16:39:31 - [MESSAGE][PASSED] - Actual text 'Y' and expected text 'Y' are matched 

15-10-2024T16:39:31 - [MESSAGE][PASSED] - Actual text 'Y' and expected text 'Y' are matched 

15-10-2024T16:39:31 - [TEST_STEP][PASSED] - dbMap4 = processJson.getColumnsWithJsonPath("mi_refund_ek_quote_tkt_original_fare"): null

15-10-2024T16:39:31 - [TEST_STEP][FAILED] - processJson.verifyJsonElementsValuesWithDatabaseValues(filePath, dbMap4, mi_refund_ek_quote_tkt_original_fare): Unable to verify match between actual text '2660' and expected text '266' (Root cause: com.kms.katalon.core.exception.StepFailedException: Actual text '2660' and expected text '266' are not matched
	at com.kms.katalon.core.keyword.builtin.VerifyMatchKeyword$_verifyMatch_closure1.doCall(VerifyMatchKeyword.groovy:57)
	at com.kms.katalon.core.keyword.builtin.VerifyMatchKeyword$_verifyMatch_closure1.call(VerifyMatchKeyword.groovy)
	at com.kms.katalon.core.keyword.internal.KeywordMain.runKeyword(KeywordMain.groovy:75)
	at com.kms.katalon.core.keyword.builtin.VerifyMatchKeyword.verifyMatch(VerifyMatchKeyword.groovy:60)
	at com.kms.katalon.core.keyword.builtin.VerifyMatchKeyword.execute(VerifyMatchKeyword.groovy:45)
	at com.kms.katalon.core.keyword.internal.KeywordExecutor.executeKeywordForPlatform(KeywordExecutor.groovy:74)
	at com.kms.katalon.core.keyword.BuiltinKeywords.verifyMatch(BuiltinKeywords.groovy:60)
	at jdk.internal.reflect.GeneratedMethodAccessor22.invoke(Unknown Source)
	at java.base/jdk.internal.reflect.DelegatingMethodAccessorImpl.invoke(DelegatingMethodAccessorImpl.java:43)
	at utilityClass.JsonPaths.verifyJsonElementsValuesWithDatabaseValues(JsonPaths.groovy:77)
	at jdk.internal.reflect.GeneratedMethodAccessor116.invoke(Unknown Source)
	at java.base/jdk.internal.reflect.DelegatingMethodAccessorImpl.invoke(DelegatingMethodAccessorImpl.java:43)
	at TC 2_MOZ-12624_Verify Storage of TKT-Quote for Successful WS Request.run(TC 2_MOZ-12624_Verify Storage of TKT-Quote for Successful WS Request:96)
	at com.kms.katalon.core.main.ScriptEngine.run(ScriptEngine.java:194)
	at com.kms.katalon.core.main.ScriptEngine.runScriptAsRawText(ScriptEngine.java:119)
	at com.kms.katalon.core.main.TestCaseExecutor.runScript(TestCaseExecutor.java:448)
	at com.kms.katalon.core.main.TestCaseExecutor.doExecute(TestCaseExecutor.java:439)
	at com.kms.katalon.core.main.TestCaseExecutor.processExecutionPhase(TestCaseExecutor.java:418)
	at com.kms.katalon.core.main.TestCaseExecutor.accessMainPhase(TestCaseExecutor.java:410)
	at com.kms.katalon.core.main.TestCaseExecutor.execute(TestCaseExecutor.java:285)
	at com.kms.katalon.core.common.CommonExecutor.accessTestCaseMainPhase(CommonExecutor.java:65)
	at com.kms.katalon.core.main.TestSuiteExecutor.accessTestSuiteMainPhase(TestSuiteExecutor.java:150)
	at com.kms.katalon.core.main.TestSuiteExecutor.execute(TestSuiteExecutor.java:106)
	at com.kms.katalon.core.main.TestCaseMain.startTestSuite(TestCaseMain.java:180)
	at TempTestSuite1728989799265.run(TempTestSuite1728989799265.groovy:35)
	at java.base/jdk.internal.reflect.NativeMethodAccessorImpl.invoke0(Native Method)
	at java.base/jdk.internal.reflect.NativeMethodAccessorImpl.invoke(NativeMethodAccessorImpl.java:77)
	at java.base/jdk.internal.reflect.DelegatingMethodAccessorImpl.invoke(DelegatingMethodAccessorImpl.java:43)
)

15-10-2024T16:39:34 - [MESSAGE][PASSED] - Actual text 'AED' and expected text 'AED' are matched 

15-10-2024T16:39:34 - [MESSAGE][FAILED] - Unable to verify match between actual text '310' and expected text '31' (Root cause: com.kms.katalon.core.exception.StepFailedException: Actual text '310' and expected text '31' are not matched
	at com.kms.katalon.core.keyword.builtin.VerifyMatchKeyword$_verifyMatch_closure1.doCall(VerifyMatchKeyword.groovy:57)
	at com.kms.katalon.core.keyword.builtin.VerifyMatchKeyword$_verifyMatch_closure1.call(VerifyMatchKeyword.groovy)
	at com.kms.katalon.core.keyword.internal.KeywordMain.runKeyword(KeywordMain.groovy:75)
	at com.kms.katalon.core.keyword.builtin.VerifyMatchKeyword.verifyMatch(VerifyMatchKeyword.groovy:60)
	at com.kms.katalon.core.keyword.builtin.VerifyMatchKeyword.execute(VerifyMatchKeyword.groovy:45)
	at com.kms.katalon.core.keyword.internal.KeywordExecutor.executeKeywordForPlatform(KeywordExecutor.groovy:74)
	at com.kms.katalon.core.keyword.BuiltinKeywords.verifyMatch(BuiltinKeywords.groovy:60)
	at jdk.internal.reflect.GeneratedMethodAccessor22.invoke(Unknown Source)
	at java.base/jdk.internal.reflect.DelegatingMethodAccessorImpl.invoke(DelegatingMethodAccessorImpl.java:43)
	at utilityClass.JsonPaths.verifyJsonElementsValuesWithDatabaseValues(JsonPaths.groovy:77)
	at jdk.internal.reflect.GeneratedMethodAccessor116.invoke(Unknown Source)
	at java.base/jdk.internal.reflect.DelegatingMethodAccessorImpl.invoke(DelegatingMethodAccessorImpl.java:43)
	at TC 2_MOZ-12624_Verify Storage of TKT-Quote for Successful WS Request.run(TC 2_MOZ-12624_Verify Storage of TKT-Quote for Successful WS Request:96)
	at com.kms.katalon.core.main.ScriptEngine.run(ScriptEngine.java:194)
	at com.kms.katalon.core.main.ScriptEngine.runScriptAsRawText(ScriptEngine.java:119)
	at com.kms.katalon.core.main.TestCaseExecutor.runScript(TestCaseExecutor.java:448)
	at com.kms.katalon.core.main.TestCaseExecutor.doExecute(TestCaseExecutor.java:439)
	at com.kms.katalon.core.main.TestCaseExecutor.processExecutionPhase(TestCaseExecutor.java:418)
	at com.kms.katalon.core.main.TestCaseExecutor.accessMainPhase(TestCaseExecutor.java:410)
	at com.kms.katalon.core.main.TestCaseExecutor.execute(TestCaseExecutor.java:285)
	at com.kms.katalon.core.common.CommonExecutor.accessTestCaseMainPhase(CommonExecutor.java:65)
	at com.kms.katalon.core.main.TestSuiteExecutor.accessTestSuiteMainPhase(TestSuiteExecutor.java:150)
	at com.kms.katalon.core.main.TestSuiteExecutor.execute(TestSuiteExecutor.java:106)
	at com.kms.katalon.core.main.TestCaseMain.startTestSuite(TestCaseMain.java:180)
	at TempTestSuite1728989799265.run(TempTestSuite1728989799265.groovy:35)
	at java.base/jdk.internal.reflect.NativeMethodAccessorImpl.invoke0(Native Method)
	at java.base/jdk.internal.reflect.NativeMethodAccessorImpl.invoke(NativeMethodAccessorImpl.java:77)
	at java.base/jdk.internal.reflect.DelegatingMethodAccessorImpl.invoke(DelegatingMethodAccessorImpl.java:43)
)

15-10-2024T16:39:34 - [MESSAGE][PASSED] - Actual text 'AED' and expected text 'AED' are matched 

15-10-2024T16:39:34 - [MESSAGE][FAILED] - Unable to verify match between actual text '2970' and expected text '297' (Root cause: com.kms.katalon.core.exception.StepFailedException: Actual text '2970' and expected text '297' are not matched
	at com.kms.katalon.core.keyword.builtin.VerifyMatchKeyword$_verifyMatch_closure1.doCall(VerifyMatchKeyword.groovy:57)
	at com.kms.katalon.core.keyword.builtin.VerifyMatchKeyword$_verifyMatch_closure1.call(VerifyMatchKeyword.groovy)
	at com.kms.katalon.core.keyword.internal.KeywordMain.runKeyword(KeywordMain.groovy:75)
	at com.kms.katalon.core.keyword.builtin.VerifyMatchKeyword.verifyMatch(VerifyMatchKeyword.groovy:60)
	at com.kms.katalon.core.keyword.builtin.VerifyMatchKeyword.execute(VerifyMatchKeyword.groovy:45)
	at com.kms.katalon.core.keyword.internal.KeywordExecutor.executeKeywordForPlatform(KeywordExecutor.groovy:74)
	at com.kms.katalon.core.keyword.BuiltinKeywords.verifyMatch(BuiltinKeywords.groovy:60)
	at jdk.internal.reflect.GeneratedMethodAccessor22.invoke(Unknown Source)
	at java.base/jdk.internal.reflect.DelegatingMethodAccessorImpl.invoke(DelegatingMethodAccessorImpl.java:43)
	at utilityClass.JsonPaths.verifyJsonElementsValuesWithDatabaseValues(JsonPaths.groovy:77)
	at jdk.internal.reflect.GeneratedMethodAccessor116.invoke(Unknown Source)
	at java.base/jdk.internal.reflect.DelegatingMethodAccessorImpl.invoke(DelegatingMethodAccessorImpl.java:43)
	at TC 2_MOZ-12624_Verify Storage of TKT-Quote for Successful WS Request.run(TC 2_MOZ-12624_Verify Storage of TKT-Quote for Successful WS Request:96)
	at com.kms.katalon.core.main.ScriptEngine.run(ScriptEngine.java:194)
	at com.kms.katalon.core.main.ScriptEngine.runScriptAsRawText(ScriptEngine.java:119)
	at com.kms.katalon.core.main.TestCaseExecutor.runScript(TestCaseExecutor.java:448)
	at com.kms.katalon.core.main.TestCaseExecutor.doExecute(TestCaseExecutor.java:439)
	at com.kms.katalon.core.main.TestCaseExecutor.processExecutionPhase(TestCaseExecutor.java:418)
	at com.kms.katalon.core.main.TestCaseExecutor.accessMainPhase(TestCaseExecutor.java:410)
	at com.kms.katalon.core.main.TestCaseExecutor.execute(TestCaseExecutor.java:285)
	at com.kms.katalon.core.common.CommonExecutor.accessTestCaseMainPhase(CommonExecutor.java:65)
	at com.kms.katalon.core.main.TestSuiteExecutor.accessTestSuiteMainPhase(TestSuiteExecutor.java:150)
	at com.kms.katalon.core.main.TestSuiteExecutor.execute(TestSuiteExecutor.java:106)
	at com.kms.katalon.core.main.TestCaseMain.startTestSuite(TestCaseMain.java:180)
	at TempTestSuite1728989799265.run(TempTestSuite1728989799265.groovy:35)
	at java.base/jdk.internal.reflect.NativeMethodAccessorImpl.invoke0(Native Method)
	at java.base/jdk.internal.reflect.NativeMethodAccessorImpl.invoke(NativeMethodAccessorImpl.java:77)
	at java.base/jdk.internal.reflect.DelegatingMethodAccessorImpl.invoke(DelegatingMethodAccessorImpl.java:43)
)

15-10-2024T16:39:34 - [MESSAGE][PASSED] - Actual text 'AED' and expected text 'AED' are matched 

15-10-2024T16:39:34 - [MESSAGE][FAILED] - Unable to verify match between actual text '2660' and expected text '266' (Root cause: com.kms.katalon.core.exception.StepFailedException: Actual text '2660' and expected text '266' are not matched
	at com.kms.katalon.core.keyword.builtin.VerifyMatchKeyword$_verifyMatch_closure1.doCall(VerifyMatchKeyword.groovy:57)
	at com.kms.katalon.core.keyword.builtin.VerifyMatchKeyword$_verifyMatch_closure1.call(VerifyMatchKeyword.groovy)
	at com.kms.katalon.core.keyword.internal.KeywordMain.runKeyword(KeywordMain.groovy:75)
	at com.kms.katalon.core.keyword.builtin.VerifyMatchKeyword.verifyMatch(VerifyMatchKeyword.groovy:60)
	at com.kms.katalon.core.keyword.builtin.VerifyMatchKeyword.execute(VerifyMatchKeyword.groovy:45)
	at com.kms.katalon.core.keyword.internal.KeywordExecutor.executeKeywordForPlatform(KeywordExecutor.groovy:74)
	at com.kms.katalon.core.keyword.BuiltinKeywords.verifyMatch(BuiltinKeywords.groovy:60)
	at jdk.internal.reflect.GeneratedMethodAccessor22.invoke(Unknown Source)
	at java.base/jdk.internal.reflect.DelegatingMethodAccessorImpl.invoke(DelegatingMethodAccessorImpl.java:43)
	at utilityClass.JsonPaths.verifyJsonElementsValuesWithDatabaseValues(JsonPaths.groovy:77)
	at jdk.internal.reflect.GeneratedMethodAccessor116.invoke(Unknown Source)
	at java.base/jdk.internal.reflect.DelegatingMethodAccessorImpl.invoke(DelegatingMethodAccessorImpl.java:43)
	at TC 2_MOZ-12624_Verify Storage of TKT-Quote for Successful WS Request.run(TC 2_MOZ-12624_Verify Storage of TKT-Quote for Successful WS Request:96)
	at com.kms.katalon.core.main.ScriptEngine.run(ScriptEngine.java:194)
	at com.kms.katalon.core.main.ScriptEngine.runScriptAsRawText(ScriptEngine.java:119)
	at com.kms.katalon.core.main.TestCaseExecutor.runScript(TestCaseExecutor.java:448)
	at com.kms.katalon.core.main.TestCaseExecutor.doExecute(TestCaseExecutor.java:439)
	at com.kms.katalon.core.main.TestCaseExecutor.processExecutionPhase(TestCaseExecutor.java:418)
	at com.kms.katalon.core.main.TestCaseExecutor.accessMainPhase(TestCaseExecutor.java:410)
	at com.kms.katalon.core.main.TestCaseExecutor.execute(TestCaseExecutor.java:285)
	at com.kms.katalon.core.common.CommonExecutor.accessTestCaseMainPhase(CommonExecutor.java:65)
	at com.kms.katalon.core.main.TestSuiteExecutor.accessTestSuiteMainPhase(TestSuiteExecutor.java:150)
	at com.kms.katalon.core.main.TestSuiteExecutor.execute(TestSuiteExecutor.java:106)
	at com.kms.katalon.core.main.TestCaseMain.startTestSuite(TestCaseMain.java:180)
	at TempTestSuite1728989799265.run(TempTestSuite1728989799265.groovy:35)
	at java.base/jdk.internal.reflect.NativeMethodAccessorImpl.invoke0(Native Method)
	at java.base/jdk.internal.reflect.NativeMethodAccessorImpl.invoke(NativeMethodAccessorImpl.java:77)
	at java.base/jdk.internal.reflect.DelegatingMethodAccessorImpl.invoke(DelegatingMethodAccessorImpl.java:43)
)

15-10-2024T16:39:34 - [TEST_STEP][PASSED] - dbMap5 = processJson.getColumnsWithJsonPath("mi_refund_ek_quote_tkt_penalty_charges"): null

15-10-2024T16:39:34 - [TEST_STEP][PASSED] - processJson.verifyJsonElementsValuesWithDatabaseValues(filePath, dbMap5, mi_refund_ek_quote_tkt_penalty_charges): Actual text '0' and expected text '0' are matched 

15-10-2024T16:39:37 - [MESSAGE][PASSED] - Actual text '0' and expected text '0' are matched 

15-10-2024T16:39:37 - [MESSAGE][PASSED] - Actual text 'AED' and expected text 'AED' are matched 

15-10-2024T16:39:37 - [MESSAGE][PASSED] - Actual text '0' and expected text '0' are matched 

15-10-2024T16:39:37 - [TEST_STEP][PASSED] - dbMap6 = processJson.getColumnsWithJsonPath("mi_refund_ek_quote_tkt_refund_fare"): null

15-10-2024T16:39:37 - [TEST_STEP][PASSED] - processJson.verifyJsonElementsValuesWithDatabaseValues(filePath, dbMap6, mi_refund_ek_quote_tkt_refund_fare): Actual text '2660' and expected text '2660' are matched 

15-10-2024T16:39:39 - [MESSAGE][PASSED] - Actual text 'AED' and expected text 'AED' are matched 

15-10-2024T16:39:39 - [MESSAGE][PASSED] - Actual text '310' and expected text '310' are matched 

15-10-2024T16:39:39 - [MESSAGE][PASSED] - Actual text 'AED' and expected text 'AED' are matched 

15-10-2024T16:39:39 - [MESSAGE][PASSED] - Actual text 'AED' and expected text 'AED' are matched 

15-10-2024T16:39:40 - [MESSAGE][PASSED] - Actual text 'AED' and expected text 'AED' are matched 

15-10-2024T16:39:40 - [MESSAGE][PASSED] - Actual text '2970' and expected text '2970' are matched 

15-10-2024T16:39:40 - [MESSAGE][PASSED] - Actual text '2970' and expected text '2970' are matched 

15-10-2024T16:39:40 - [MESSAGE][PASSED] - Actual text '2660' and expected text '2660' are matched 

15-10-2024T16:39:40 - [TEST_STEP][PASSED] - dbMap7 = processJson.getColumnsWithJsonPath("mi_refund_ek_quote_tkt_used_fare"): null

15-10-2024T16:39:40 - [TEST_STEP][FAILED] - processJson.verifyJsonElementsValuesWithDatabaseValues(filePath, dbMap7, mi_refund_ek_quote_tkt_used_fare): Unable to verify match between actual text '0' and expected text '100' (Root cause: com.kms.katalon.core.exception.StepFailedException: Actual text '0' and expected text '100' are not matched
	at com.kms.katalon.core.keyword.builtin.VerifyMatchKeyword$_verifyMatch_closure1.doCall(VerifyMatchKeyword.groovy:57)
	at com.kms.katalon.core.keyword.builtin.VerifyMatchKeyword$_verifyMatch_closure1.call(VerifyMatchKeyword.groovy)
	at com.kms.katalon.core.keyword.internal.KeywordMain.runKeyword(KeywordMain.groovy:75)
	at com.kms.katalon.core.keyword.builtin.VerifyMatchKeyword.verifyMatch(VerifyMatchKeyword.groovy:60)
	at com.kms.katalon.core.keyword.builtin.VerifyMatchKeyword.execute(VerifyMatchKeyword.groovy:45)
	at com.kms.katalon.core.keyword.internal.KeywordExecutor.executeKeywordForPlatform(KeywordExecutor.groovy:74)
	at com.kms.katalon.core.keyword.BuiltinKeywords.verifyMatch(BuiltinKeywords.groovy:60)
	at jdk.internal.reflect.GeneratedMethodAccessor22.invoke(Unknown Source)
	at java.base/jdk.internal.reflect.DelegatingMethodAccessorImpl.invoke(DelegatingMethodAccessorImpl.java:43)
	at utilityClass.JsonPaths.verifyJsonElementsValuesWithDatabaseValues(JsonPaths.groovy:77)
	at jdk.internal.reflect.GeneratedMethodAccessor116.invoke(Unknown Source)
	at java.base/jdk.internal.reflect.DelegatingMethodAccessorImpl.invoke(DelegatingMethodAccessorImpl.java:43)
	at TC 2_MOZ-12624_Verify Storage of TKT-Quote for Successful WS Request.run(TC 2_MOZ-12624_Verify Storage of TKT-Quote for Successful WS Request:105)
	at com.kms.katalon.core.main.ScriptEngine.run(ScriptEngine.java:194)
	at com.kms.katalon.core.main.ScriptEngine.runScriptAsRawText(ScriptEngine.java:119)
	at com.kms.katalon.core.main.TestCaseExecutor.runScript(TestCaseExecutor.java:448)
	at com.kms.katalon.core.main.TestCaseExecutor.doExecute(TestCaseExecutor.java:439)
	at com.kms.katalon.core.main.TestCaseExecutor.processExecutionPhase(TestCaseExecutor.java:418)
	at com.kms.katalon.core.main.TestCaseExecutor.accessMainPhase(TestCaseExecutor.java:410)
	at com.kms.katalon.core.main.TestCaseExecutor.execute(TestCaseExecutor.java:285)
	at com.kms.katalon.core.common.CommonExecutor.accessTestCaseMainPhase(CommonExecutor.java:65)
	at com.kms.katalon.core.main.TestSuiteExecutor.accessTestSuiteMainPhase(TestSuiteExecutor.java:150)
	at com.kms.katalon.core.main.TestSuiteExecutor.execute(TestSuiteExecutor.java:106)
	at com.kms.katalon.core.main.TestCaseMain.startTestSuite(TestCaseMain.java:180)
	at TempTestSuite1728989799265.run(TempTestSuite1728989799265.groovy:35)
	at java.base/jdk.internal.reflect.NativeMethodAccessorImpl.invoke0(Native Method)
	at java.base/jdk.internal.reflect.NativeMethodAccessorImpl.invoke(NativeMethodAccessorImpl.java:77)
	at java.base/jdk.internal.reflect.DelegatingMethodAccessorImpl.invoke(DelegatingMethodAccessorImpl.java:43)
)

15-10-2024T16:39:42 - [MESSAGE][FAILED] - Unable to verify match between actual text 'AED' and expected text 'AE' (Root cause: com.kms.katalon.core.exception.StepFailedException: Actual text 'AED' and expected text 'AE' are not matched
	at com.kms.katalon.core.keyword.builtin.VerifyMatchKeyword$_verifyMatch_closure1.doCall(VerifyMatchKeyword.groovy:57)
	at com.kms.katalon.core.keyword.builtin.VerifyMatchKeyword$_verifyMatch_closure1.call(VerifyMatchKeyword.groovy)
	at com.kms.katalon.core.keyword.internal.KeywordMain.runKeyword(KeywordMain.groovy:75)
	at com.kms.katalon.core.keyword.builtin.VerifyMatchKeyword.verifyMatch(VerifyMatchKeyword.groovy:60)
	at com.kms.katalon.core.keyword.builtin.VerifyMatchKeyword.execute(VerifyMatchKeyword.groovy:45)
	at com.kms.katalon.core.keyword.internal.KeywordExecutor.executeKeywordForPlatform(KeywordExecutor.groovy:74)
	at com.kms.katalon.core.keyword.BuiltinKeywords.verifyMatch(BuiltinKeywords.groovy:60)
	at jdk.internal.reflect.GeneratedMethodAccessor22.invoke(Unknown Source)
	at java.base/jdk.internal.reflect.DelegatingMethodAccessorImpl.invoke(DelegatingMethodAccessorImpl.java:43)
	at utilityClass.JsonPaths.verifyJsonElementsValuesWithDatabaseValues(JsonPaths.groovy:77)
	at jdk.internal.reflect.GeneratedMethodAccessor116.invoke(Unknown Source)
	at java.base/jdk.internal.reflect.DelegatingMethodAccessorImpl.invoke(DelegatingMethodAccessorImpl.java:43)
	at TC 2_MOZ-12624_Verify Storage of TKT-Quote for Successful WS Request.run(TC 2_MOZ-12624_Verify Storage of TKT-Quote for Successful WS Request:105)
	at com.kms.katalon.core.main.ScriptEngine.run(ScriptEngine.java:194)
	at com.kms.katalon.core.main.ScriptEngine.runScriptAsRawText(ScriptEngine.java:119)
	at com.kms.katalon.core.main.TestCaseExecutor.runScript(TestCaseExecutor.java:448)
	at com.kms.katalon.core.main.TestCaseExecutor.doExecute(TestCaseExecutor.java:439)
	at com.kms.katalon.core.main.TestCaseExecutor.processExecutionPhase(TestCaseExecutor.java:418)
	at com.kms.katalon.core.main.TestCaseExecutor.accessMainPhase(TestCaseExecutor.java:410)
	at com.kms.katalon.core.main.TestCaseExecutor.execute(TestCaseExecutor.java:285)
	at com.kms.katalon.core.common.CommonExecutor.accessTestCaseMainPhase(CommonExecutor.java:65)
	at com.kms.katalon.core.main.TestSuiteExecutor.accessTestSuiteMainPhase(TestSuiteExecutor.java:150)
	at com.kms.katalon.core.main.TestSuiteExecutor.execute(TestSuiteExecutor.java:106)
	at com.kms.katalon.core.main.TestCaseMain.startTestSuite(TestCaseMain.java:180)
	at TempTestSuite1728989799265.run(TempTestSuite1728989799265.groovy:35)
	at java.base/jdk.internal.reflect.NativeMethodAccessorImpl.invoke0(Native Method)
	at java.base/jdk.internal.reflect.NativeMethodAccessorImpl.invoke(NativeMethodAccessorImpl.java:77)
	at java.base/jdk.internal.reflect.DelegatingMethodAccessorImpl.invoke(DelegatingMethodAccessorImpl.java:43)
)

15-10-2024T16:39:42 - [MESSAGE][FAILED] - Unable to verify match between actual text '0' and expected text '100' (Root cause: com.kms.katalon.core.exception.StepFailedException: Actual text '0' and expected text '100' are not matched
	at com.kms.katalon.core.keyword.builtin.VerifyMatchKeyword$_verifyMatch_closure1.doCall(VerifyMatchKeyword.groovy:57)
	at com.kms.katalon.core.keyword.builtin.VerifyMatchKeyword$_verifyMatch_closure1.call(VerifyMatchKeyword.groovy)
	at com.kms.katalon.core.keyword.internal.KeywordMain.runKeyword(KeywordMain.groovy:75)
	at com.kms.katalon.core.keyword.builtin.VerifyMatchKeyword.verifyMatch(VerifyMatchKeyword.groovy:60)
	at com.kms.katalon.core.keyword.builtin.VerifyMatchKeyword.execute(VerifyMatchKeyword.groovy:45)
	at com.kms.katalon.core.keyword.internal.KeywordExecutor.executeKeywordForPlatform(KeywordExecutor.groovy:74)
	at com.kms.katalon.core.keyword.BuiltinKeywords.verifyMatch(BuiltinKeywords.groovy:60)
	at jdk.internal.reflect.GeneratedMethodAccessor22.invoke(Unknown Source)
	at java.base/jdk.internal.reflect.DelegatingMethodAccessorImpl.invoke(DelegatingMethodAccessorImpl.java:43)
	at utilityClass.JsonPaths.verifyJsonElementsValuesWithDatabaseValues(JsonPaths.groovy:77)
	at jdk.internal.reflect.GeneratedMethodAccessor116.invoke(Unknown Source)
	at java.base/jdk.internal.reflect.DelegatingMethodAccessorImpl.invoke(DelegatingMethodAccessorImpl.java:43)
	at TC 2_MOZ-12624_Verify Storage of TKT-Quote for Successful WS Request.run(TC 2_MOZ-12624_Verify Storage of TKT-Quote for Successful WS Request:105)
	at com.kms.katalon.core.main.ScriptEngine.run(ScriptEngine.java:194)
	at com.kms.katalon.core.main.ScriptEngine.runScriptAsRawText(ScriptEngine.java:119)
	at com.kms.katalon.core.main.TestCaseExecutor.runScript(TestCaseExecutor.java:448)
	at com.kms.katalon.core.main.TestCaseExecutor.doExecute(TestCaseExecutor.java:439)
	at com.kms.katalon.core.main.TestCaseExecutor.processExecutionPhase(TestCaseExecutor.java:418)
	at com.kms.katalon.core.main.TestCaseExecutor.accessMainPhase(TestCaseExecutor.java:410)
	at com.kms.katalon.core.main.TestCaseExecutor.execute(TestCaseExecutor.java:285)
	at com.kms.katalon.core.common.CommonExecutor.accessTestCaseMainPhase(CommonExecutor.java:65)
	at com.kms.katalon.core.main.TestSuiteExecutor.accessTestSuiteMainPhase(TestSuiteExecutor.java:150)
	at com.kms.katalon.core.main.TestSuiteExecutor.execute(TestSuiteExecutor.java:106)
	at com.kms.katalon.core.main.TestCaseMain.startTestSuite(TestCaseMain.java:180)
	at TempTestSuite1728989799265.run(TempTestSuite1728989799265.groovy:35)
	at java.base/jdk.internal.reflect.NativeMethodAccessorImpl.invoke0(Native Method)
	at java.base/jdk.internal.reflect.NativeMethodAccessorImpl.invoke(NativeMethodAccessorImpl.java:77)
	at java.base/jdk.internal.reflect.DelegatingMethodAccessorImpl.invoke(DelegatingMethodAccessorImpl.java:43)
)

15-10-2024T16:39:42 - [MESSAGE][FAILED] - Unable to verify match between actual text 'AED' and expected text 'AE' (Root cause: com.kms.katalon.core.exception.StepFailedException: Actual text 'AED' and expected text 'AE' are not matched
	at com.kms.katalon.core.keyword.builtin.VerifyMatchKeyword$_verifyMatch_closure1.doCall(VerifyMatchKeyword.groovy:57)
	at com.kms.katalon.core.keyword.builtin.VerifyMatchKeyword$_verifyMatch_closure1.call(VerifyMatchKeyword.groovy)
	at com.kms.katalon.core.keyword.internal.KeywordMain.runKeyword(KeywordMain.groovy:75)
	at com.kms.katalon.core.keyword.builtin.VerifyMatchKeyword.verifyMatch(VerifyMatchKeyword.groovy:60)
	at com.kms.katalon.core.keyword.builtin.VerifyMatchKeyword.execute(VerifyMatchKeyword.groovy:45)
	at com.kms.katalon.core.keyword.internal.KeywordExecutor.executeKeywordForPlatform(KeywordExecutor.groovy:74)
	at com.kms.katalon.core.keyword.BuiltinKeywords.verifyMatch(BuiltinKeywords.groovy:60)
	at jdk.internal.reflect.GeneratedMethodAccessor22.invoke(Unknown Source)
	at java.base/jdk.internal.reflect.DelegatingMethodAccessorImpl.invoke(DelegatingMethodAccessorImpl.java:43)
	at utilityClass.JsonPaths.verifyJsonElementsValuesWithDatabaseValues(JsonPaths.groovy:77)
	at jdk.internal.reflect.GeneratedMethodAccessor116.invoke(Unknown Source)
	at java.base/jdk.internal.reflect.DelegatingMethodAccessorImpl.invoke(DelegatingMethodAccessorImpl.java:43)
	at TC 2_MOZ-12624_Verify Storage of TKT-Quote for Successful WS Request.run(TC 2_MOZ-12624_Verify Storage of TKT-Quote for Successful WS Request:105)
	at com.kms.katalon.core.main.ScriptEngine.run(ScriptEngine.java:194)
	at com.kms.katalon.core.main.ScriptEngine.runScriptAsRawText(ScriptEngine.java:119)
	at com.kms.katalon.core.main.TestCaseExecutor.runScript(TestCaseExecutor.java:448)
	at com.kms.katalon.core.main.TestCaseExecutor.doExecute(TestCaseExecutor.java:439)
	at com.kms.katalon.core.main.TestCaseExecutor.processExecutionPhase(TestCaseExecutor.java:418)
	at com.kms.katalon.core.main.TestCaseExecutor.accessMainPhase(TestCaseExecutor.java:410)
	at com.kms.katalon.core.main.TestCaseExecutor.execute(TestCaseExecutor.java:285)
	at com.kms.katalon.core.common.CommonExecutor.accessTestCaseMainPhase(CommonExecutor.java:65)
	at com.kms.katalon.core.main.TestSuiteExecutor.accessTestSuiteMainPhase(TestSuiteExecutor.java:150)
	at com.kms.katalon.core.main.TestSuiteExecutor.execute(TestSuiteExecutor.java:106)
	at com.kms.katalon.core.main.TestCaseMain.startTestSuite(TestCaseMain.java:180)
	at TempTestSuite1728989799265.run(TempTestSuite1728989799265.groovy:35)
	at java.base/jdk.internal.reflect.NativeMethodAccessorImpl.invoke0(Native Method)
	at java.base/jdk.internal.reflect.NativeMethodAccessorImpl.invoke(NativeMethodAccessorImpl.java:77)
	at java.base/jdk.internal.reflect.DelegatingMethodAccessorImpl.invoke(DelegatingMethodAccessorImpl.java:43)
)

15-10-2024T16:39:42 - [MESSAGE][FAILED] - Unable to verify match between actual text 'AED' and expected text 'AE' (Root cause: com.kms.katalon.core.exception.StepFailedException: Actual text 'AED' and expected text 'AE' are not matched
	at com.kms.katalon.core.keyword.builtin.VerifyMatchKeyword$_verifyMatch_closure1.doCall(VerifyMatchKeyword.groovy:57)
	at com.kms.katalon.core.keyword.builtin.VerifyMatchKeyword$_verifyMatch_closure1.call(VerifyMatchKeyword.groovy)
	at com.kms.katalon.core.keyword.internal.KeywordMain.runKeyword(KeywordMain.groovy:75)
	at com.kms.katalon.core.keyword.builtin.VerifyMatchKeyword.verifyMatch(VerifyMatchKeyword.groovy:60)
	at com.kms.katalon.core.keyword.builtin.VerifyMatchKeyword.execute(VerifyMatchKeyword.groovy:45)
	at com.kms.katalon.core.keyword.internal.KeywordExecutor.executeKeywordForPlatform(KeywordExecutor.groovy:74)
	at com.kms.katalon.core.keyword.BuiltinKeywords.verifyMatch(BuiltinKeywords.groovy:60)
	at jdk.internal.reflect.GeneratedMethodAccessor22.invoke(Unknown Source)
	at java.base/jdk.internal.reflect.DelegatingMethodAccessorImpl.invoke(DelegatingMethodAccessorImpl.java:43)
	at utilityClass.JsonPaths.verifyJsonElementsValuesWithDatabaseValues(JsonPaths.groovy:77)
	at jdk.internal.reflect.GeneratedMethodAccessor116.invoke(Unknown Source)
	at java.base/jdk.internal.reflect.DelegatingMethodAccessorImpl.invoke(DelegatingMethodAccessorImpl.java:43)
	at TC 2_MOZ-12624_Verify Storage of TKT-Quote for Successful WS Request.run(TC 2_MOZ-12624_Verify Storage of TKT-Quote for Successful WS Request:105)
	at com.kms.katalon.core.main.ScriptEngine.run(ScriptEngine.java:194)
	at com.kms.katalon.core.main.ScriptEngine.runScriptAsRawText(ScriptEngine.java:119)
	at com.kms.katalon.core.main.TestCaseExecutor.runScript(TestCaseExecutor.java:448)
	at com.kms.katalon.core.main.TestCaseExecutor.doExecute(TestCaseExecutor.java:439)
	at com.kms.katalon.core.main.TestCaseExecutor.processExecutionPhase(TestCaseExecutor.java:418)
	at com.kms.katalon.core.main.TestCaseExecutor.accessMainPhase(TestCaseExecutor.java:410)
	at com.kms.katalon.core.main.TestCaseExecutor.execute(TestCaseExecutor.java:285)
	at com.kms.katalon.core.common.CommonExecutor.accessTestCaseMainPhase(CommonExecutor.java:65)
	at com.kms.katalon.core.main.TestSuiteExecutor.accessTestSuiteMainPhase(TestSuiteExecutor.java:150)
	at com.kms.katalon.core.main.TestSuiteExecutor.execute(TestSuiteExecutor.java:106)
	at com.kms.katalon.core.main.TestCaseMain.startTestSuite(TestCaseMain.java:180)
	at TempTestSuite1728989799265.run(TempTestSuite1728989799265.groovy:35)
	at java.base/jdk.internal.reflect.NativeMethodAccessorImpl.invoke0(Native Method)
	at java.base/jdk.internal.reflect.NativeMethodAccessorImpl.invoke(NativeMethodAccessorImpl.java:77)
	at java.base/jdk.internal.reflect.DelegatingMethodAccessorImpl.invoke(DelegatingMethodAccessorImpl.java:43)
)

15-10-2024T16:39:42 - [MESSAGE][FAILED] - Unable to verify match between actual text '0' and expected text '100' (Root cause: com.kms.katalon.core.exception.StepFailedException: Actual text '0' and expected text '100' are not matched
	at com.kms.katalon.core.keyword.builtin.VerifyMatchKeyword$_verifyMatch_closure1.doCall(VerifyMatchKeyword.groovy:57)
	at com.kms.katalon.core.keyword.builtin.VerifyMatchKeyword$_verifyMatch_closure1.call(VerifyMatchKeyword.groovy)
	at com.kms.katalon.core.keyword.internal.KeywordMain.runKeyword(KeywordMain.groovy:75)
	at com.kms.katalon.core.keyword.builtin.VerifyMatchKeyword.verifyMatch(VerifyMatchKeyword.groovy:60)
	at com.kms.katalon.core.keyword.builtin.VerifyMatchKeyword.execute(VerifyMatchKeyword.groovy:45)
	at com.kms.katalon.core.keyword.internal.KeywordExecutor.executeKeywordForPlatform(KeywordExecutor.groovy:74)
	at com.kms.katalon.core.keyword.BuiltinKeywords.verifyMatch(BuiltinKeywords.groovy:60)
	at jdk.internal.reflect.GeneratedMethodAccessor22.invoke(Unknown Source)
	at java.base/jdk.internal.reflect.DelegatingMethodAccessorImpl.invoke(DelegatingMethodAccessorImpl.java:43)
	at utilityClass.JsonPaths.verifyJsonElementsValuesWithDatabaseValues(JsonPaths.groovy:77)
	at jdk.internal.reflect.GeneratedMethodAccessor116.invoke(Unknown Source)
	at java.base/jdk.internal.reflect.DelegatingMethodAccessorImpl.invoke(DelegatingMethodAccessorImpl.java:43)
	at TC 2_MOZ-12624_Verify Storage of TKT-Quote for Successful WS Request.run(TC 2_MOZ-12624_Verify Storage of TKT-Quote for Successful WS Request:105)
	at com.kms.katalon.core.main.ScriptEngine.run(ScriptEngine.java:194)
	at com.kms.katalon.core.main.ScriptEngine.runScriptAsRawText(ScriptEngine.java:119)
	at com.kms.katalon.core.main.TestCaseExecutor.runScript(TestCaseExecutor.java:448)
	at com.kms.katalon.core.main.TestCaseExecutor.doExecute(TestCaseExecutor.java:439)
	at com.kms.katalon.core.main.TestCaseExecutor.processExecutionPhase(TestCaseExecutor.java:418)
	at com.kms.katalon.core.main.TestCaseExecutor.accessMainPhase(TestCaseExecutor.java:410)
	at com.kms.katalon.core.main.TestCaseExecutor.execute(TestCaseExecutor.java:285)
	at com.kms.katalon.core.common.CommonExecutor.accessTestCaseMainPhase(CommonExecutor.java:65)
	at com.kms.katalon.core.main.TestSuiteExecutor.accessTestSuiteMainPhase(TestSuiteExecutor.java:150)
	at com.kms.katalon.core.main.TestSuiteExecutor.execute(TestSuiteExecutor.java:106)
	at com.kms.katalon.core.main.TestCaseMain.startTestSuite(TestCaseMain.java:180)
	at TempTestSuite1728989799265.run(TempTestSuite1728989799265.groovy:35)
	at java.base/jdk.internal.reflect.NativeMethodAccessorImpl.invoke0(Native Method)
	at java.base/jdk.internal.reflect.NativeMethodAccessorImpl.invoke(NativeMethodAccessorImpl.java:77)
	at java.base/jdk.internal.reflect.DelegatingMethodAccessorImpl.invoke(DelegatingMethodAccessorImpl.java:43)
)

15-10-2024T16:39:42 - [MESSAGE][FAILED] - Unable to verify match between actual text 'AED' and expected text 'AE' (Root cause: com.kms.katalon.core.exception.StepFailedException: Actual text 'AED' and expected text 'AE' are not matched
	at com.kms.katalon.core.keyword.builtin.VerifyMatchKeyword$_verifyMatch_closure1.doCall(VerifyMatchKeyword.groovy:57)
	at com.kms.katalon.core.keyword.builtin.VerifyMatchKeyword$_verifyMatch_closure1.call(VerifyMatchKeyword.groovy)
	at com.kms.katalon.core.keyword.internal.KeywordMain.runKeyword(KeywordMain.groovy:75)
	at com.kms.katalon.core.keyword.builtin.VerifyMatchKeyword.verifyMatch(VerifyMatchKeyword.groovy:60)
	at com.kms.katalon.core.keyword.builtin.VerifyMatchKeyword.execute(VerifyMatchKeyword.groovy:45)
	at com.kms.katalon.core.keyword.internal.KeywordExecutor.executeKeywordForPlatform(KeywordExecutor.groovy:74)
	at com.kms.katalon.core.keyword.BuiltinKeywords.verifyMatch(BuiltinKeywords.groovy:60)
	at jdk.internal.reflect.GeneratedMethodAccessor22.invoke(Unknown Source)
	at java.base/jdk.internal.reflect.DelegatingMethodAccessorImpl.invoke(DelegatingMethodAccessorImpl.java:43)
	at utilityClass.JsonPaths.verifyJsonElementsValuesWithDatabaseValues(JsonPaths.groovy:77)
	at jdk.internal.reflect.GeneratedMethodAccessor116.invoke(Unknown Source)
	at java.base/jdk.internal.reflect.DelegatingMethodAccessorImpl.invoke(DelegatingMethodAccessorImpl.java:43)
	at TC 2_MOZ-12624_Verify Storage of TKT-Quote for Successful WS Request.run(TC 2_MOZ-12624_Verify Storage of TKT-Quote for Successful WS Request:105)
	at com.kms.katalon.core.main.ScriptEngine.run(ScriptEngine.java:194)
	at com.kms.katalon.core.main.ScriptEngine.runScriptAsRawText(ScriptEngine.java:119)
	at com.kms.katalon.core.main.TestCaseExecutor.runScript(TestCaseExecutor.java:448)
	at com.kms.katalon.core.main.TestCaseExecutor.doExecute(TestCaseExecutor.java:439)
	at com.kms.katalon.core.main.TestCaseExecutor.processExecutionPhase(TestCaseExecutor.java:418)
	at com.kms.katalon.core.main.TestCaseExecutor.accessMainPhase(TestCaseExecutor.java:410)
	at com.kms.katalon.core.main.TestCaseExecutor.execute(TestCaseExecutor.java:285)
	at com.kms.katalon.core.common.CommonExecutor.accessTestCaseMainPhase(CommonExecutor.java:65)
	at com.kms.katalon.core.main.TestSuiteExecutor.accessTestSuiteMainPhase(TestSuiteExecutor.java:150)
	at com.kms.katalon.core.main.TestSuiteExecutor.execute(TestSuiteExecutor.java:106)
	at com.kms.katalon.core.main.TestCaseMain.startTestSuite(TestCaseMain.java:180)
	at TempTestSuite1728989799265.run(TempTestSuite1728989799265.groovy:35)
	at java.base/jdk.internal.reflect.NativeMethodAccessorImpl.invoke0(Native Method)
	at java.base/jdk.internal.reflect.NativeMethodAccessorImpl.invoke(NativeMethodAccessorImpl.java:77)
	at java.base/jdk.internal.reflect.DelegatingMethodAccessorImpl.invoke(DelegatingMethodAccessorImpl.java:43)
)

15-10-2024T16:39:42 - [MESSAGE][FAILED] - Unable to verify match between actual text '0' and expected text '100' (Root cause: com.kms.katalon.core.exception.StepFailedException: Actual text '0' and expected text '100' are not matched
	at com.kms.katalon.core.keyword.builtin.VerifyMatchKeyword$_verifyMatch_closure1.doCall(VerifyMatchKeyword.groovy:57)
	at com.kms.katalon.core.keyword.builtin.VerifyMatchKeyword$_verifyMatch_closure1.call(VerifyMatchKeyword.groovy)
	at com.kms.katalon.core.keyword.internal.KeywordMain.runKeyword(KeywordMain.groovy:75)
	at com.kms.katalon.core.keyword.builtin.VerifyMatchKeyword.verifyMatch(VerifyMatchKeyword.groovy:60)
	at com.kms.katalon.core.keyword.builtin.VerifyMatchKeyword.execute(VerifyMatchKeyword.groovy:45)
	at com.kms.katalon.core.keyword.internal.KeywordExecutor.executeKeywordForPlatform(KeywordExecutor.groovy:74)
	at com.kms.katalon.core.keyword.BuiltinKeywords.verifyMatch(BuiltinKeywords.groovy:60)
	at jdk.internal.reflect.GeneratedMethodAccessor22.invoke(Unknown Source)
	at java.base/jdk.internal.reflect.DelegatingMethodAccessorImpl.invoke(DelegatingMethodAccessorImpl.java:43)
	at utilityClass.JsonPaths.verifyJsonElementsValuesWithDatabaseValues(JsonPaths.groovy:77)
	at jdk.internal.reflect.GeneratedMethodAccessor116.invoke(Unknown Source)
	at java.base/jdk.internal.reflect.DelegatingMethodAccessorImpl.invoke(DelegatingMethodAccessorImpl.java:43)
	at TC 2_MOZ-12624_Verify Storage of TKT-Quote for Successful WS Request.run(TC 2_MOZ-12624_Verify Storage of TKT-Quote for Successful WS Request:105)
	at com.kms.katalon.core.main.ScriptEngine.run(ScriptEngine.java:194)
	at com.kms.katalon.core.main.ScriptEngine.runScriptAsRawText(ScriptEngine.java:119)
	at com.kms.katalon.core.main.TestCaseExecutor.runScript(TestCaseExecutor.java:448)
	at com.kms.katalon.core.main.TestCaseExecutor.doExecute(TestCaseExecutor.java:439)
	at com.kms.katalon.core.main.TestCaseExecutor.processExecutionPhase(TestCaseExecutor.java:418)
	at com.kms.katalon.core.main.TestCaseExecutor.accessMainPhase(TestCaseExecutor.java:410)
	at com.kms.katalon.core.main.TestCaseExecutor.execute(TestCaseExecutor.java:285)
	at com.kms.katalon.core.common.CommonExecutor.accessTestCaseMainPhase(CommonExecutor.java:65)
	at com.kms.katalon.core.main.TestSuiteExecutor.accessTestSuiteMainPhase(TestSuiteExecutor.java:150)
	at com.kms.katalon.core.main.TestSuiteExecutor.execute(TestSuiteExecutor.java:106)
	at com.kms.katalon.core.main.TestCaseMain.startTestSuite(TestCaseMain.java:180)
	at TempTestSuite1728989799265.run(TempTestSuite1728989799265.groovy:35)
	at java.base/jdk.internal.reflect.NativeMethodAccessorImpl.invoke0(Native Method)
	at java.base/jdk.internal.reflect.NativeMethodAccessorImpl.invoke(NativeMethodAccessorImpl.java:77)
	at java.base/jdk.internal.reflect.DelegatingMethodAccessorImpl.invoke(DelegatingMethodAccessorImpl.java:43)
)

15-10-2024T16:39:42 - [MESSAGE][FAILED] - Unable to verify match between actual text '0' and expected text '100' (Root cause: com.kms.katalon.core.exception.StepFailedException: Actual text '0' and expected text '100' are not matched
	at com.kms.katalon.core.keyword.builtin.VerifyMatchKeyword$_verifyMatch_closure1.doCall(VerifyMatchKeyword.groovy:57)
	at com.kms.katalon.core.keyword.builtin.VerifyMatchKeyword$_verifyMatch_closure1.call(VerifyMatchKeyword.groovy)
	at com.kms.katalon.core.keyword.internal.KeywordMain.runKeyword(KeywordMain.groovy:75)
	at com.kms.katalon.core.keyword.builtin.VerifyMatchKeyword.verifyMatch(VerifyMatchKeyword.groovy:60)
	at com.kms.katalon.core.keyword.builtin.VerifyMatchKeyword.execute(VerifyMatchKeyword.groovy:45)
	at com.kms.katalon.core.keyword.internal.KeywordExecutor.executeKeywordForPlatform(KeywordExecutor.groovy:74)
	at com.kms.katalon.core.keyword.BuiltinKeywords.verifyMatch(BuiltinKeywords.groovy:60)
	at jdk.internal.reflect.GeneratedMethodAccessor22.invoke(Unknown Source)
	at java.base/jdk.internal.reflect.DelegatingMethodAccessorImpl.invoke(DelegatingMethodAccessorImpl.java:43)
	at utilityClass.JsonPaths.verifyJsonElementsValuesWithDatabaseValues(JsonPaths.groovy:77)
	at jdk.internal.reflect.GeneratedMethodAccessor116.invoke(Unknown Source)
	at java.base/jdk.internal.reflect.DelegatingMethodAccessorImpl.invoke(DelegatingMethodAccessorImpl.java:43)
	at TC 2_MOZ-12624_Verify Storage of TKT-Quote for Successful WS Request.run(TC 2_MOZ-12624_Verify Storage of TKT-Quote for Successful WS Request:105)
	at com.kms.katalon.core.main.ScriptEngine.run(ScriptEngine.java:194)
	at com.kms.katalon.core.main.ScriptEngine.runScriptAsRawText(ScriptEngine.java:119)
	at com.kms.katalon.core.main.TestCaseExecutor.runScript(TestCaseExecutor.java:448)
	at com.kms.katalon.core.main.TestCaseExecutor.doExecute(TestCaseExecutor.java:439)
	at com.kms.katalon.core.main.TestCaseExecutor.processExecutionPhase(TestCaseExecutor.java:418)
	at com.kms.katalon.core.main.TestCaseExecutor.accessMainPhase(TestCaseExecutor.java:410)
	at com.kms.katalon.core.main.TestCaseExecutor.execute(TestCaseExecutor.java:285)
	at com.kms.katalon.core.common.CommonExecutor.accessTestCaseMainPhase(CommonExecutor.java:65)
	at com.kms.katalon.core.main.TestSuiteExecutor.accessTestSuiteMainPhase(TestSuiteExecutor.java:150)
	at com.kms.katalon.core.main.TestSuiteExecutor.execute(TestSuiteExecutor.java:106)
	at com.kms.katalon.core.main.TestCaseMain.startTestSuite(TestCaseMain.java:180)
	at TempTestSuite1728989799265.run(TempTestSuite1728989799265.groovy:35)
	at java.base/jdk.internal.reflect.NativeMethodAccessorImpl.invoke0(Native Method)
	at java.base/jdk.internal.reflect.NativeMethodAccessorImpl.invoke(NativeMethodAccessorImpl.java:77)
	at java.base/jdk.internal.reflect.DelegatingMethodAccessorImpl.invoke(DelegatingMethodAccessorImpl.java:43)
)]]></system-out>
         <system-err><![CDATA[15-10-2024T16:39:10 - [TEST_CASE][FAILED] - Test Cases/MOZ-12401/TC 2_MOZ-12624_Verify Storage of TKT-Quote for Successful WS Request: Test Cases/MOZ-12401/TC 2_MOZ-12624_Verify Storage of TKT-Quote for Successful WS Request FAILED.
Reason:
com.kms.katalon.core.exception.StepFailedException: Unable to verify match between actual text '310' and expected text '31' (Root cause: com.kms.katalon.core.exception.StepFailedException: Actual text '310' and expected text '31' are not matched
	at com.kms.katalon.core.keyword.builtin.VerifyMatchKeyword$_verifyMatch_closure1.doCall(VerifyMatchKeyword.groovy:57)
	at com.kms.katalon.core.keyword.builtin.VerifyMatchKeyword$_verifyMatch_closure1.call(VerifyMatchKeyword.groovy)
	at com.kms.katalon.core.keyword.internal.KeywordMain.runKeyword(KeywordMain.groovy:75)
	at com.kms.katalon.core.keyword.builtin.VerifyMatchKeyword.verifyMatch(VerifyMatchKeyword.groovy:60)
	at com.kms.katalon.core.keyword.builtin.VerifyMatchKeyword.execute(VerifyMatchKeyword.groovy:45)
	at com.kms.katalon.core.keyword.internal.KeywordExecutor.executeKeywordForPlatform(KeywordExecutor.groovy:74)
	at com.kms.katalon.core.keyword.BuiltinKeywords.verifyMatch(BuiltinKeywords.groovy:60)
	at jdk.internal.reflect.GeneratedMethodAccessor22.invoke(Unknown Source)
	at java.base/jdk.internal.reflect.DelegatingMethodAccessorImpl.invoke(DelegatingMethodAccessorImpl.java:43)
	at utilityClass.JsonPaths.verifyJsonElementsValuesWithDatabaseValues(JsonPaths.groovy:77)
	at jdk.internal.reflect.GeneratedMethodAccessor116.invoke(Unknown Source)
	at java.base/jdk.internal.reflect.DelegatingMethodAccessorImpl.invoke(DelegatingMethodAccessorImpl.java:43)
	at TC 2_MOZ-12624_Verify Storage of TKT-Quote for Successful WS Request.run(TC 2_MOZ-12624_Verify Storage of TKT-Quote for Successful WS Request:96)
	at com.kms.katalon.core.main.ScriptEngine.run(ScriptEngine.java:194)
	at com.kms.katalon.core.main.ScriptEngine.runScriptAsRawText(ScriptEngine.java:119)
	at com.kms.katalon.core.main.TestCaseExecutor.runScript(TestCaseExecutor.java:448)
	at com.kms.katalon.core.main.TestCaseExecutor.doExecute(TestCaseExecutor.java:439)
	at com.kms.katalon.core.main.TestCaseExecutor.processExecutionPhase(TestCaseExecutor.java:418)
	at com.kms.katalon.core.main.TestCaseExecutor.accessMainPhase(TestCaseExecutor.java:410)
	at com.kms.katalon.core.main.TestCaseExecutor.execute(TestCaseExecutor.java:285)
	at com.kms.katalon.core.common.CommonExecutor.accessTestCaseMainPhase(CommonExecutor.java:65)
	at com.kms.katalon.core.main.TestSuiteExecutor.accessTestSuiteMainPhase(TestSuiteExecutor.java:150)
	at com.kms.katalon.core.main.TestSuiteExecutor.execute(TestSuiteExecutor.java:106)
	at com.kms.katalon.core.main.TestCaseMain.startTestSuite(TestCaseMain.java:180)
	at TempTestSuite1728989799265.run(TempTestSuite1728989799265.groovy:35)
	at java.base/jdk.internal.reflect.NativeMethodAccessorImpl.invoke0(Native Method)
	at java.base/jdk.internal.reflect.NativeMethodAccessorImpl.invoke(NativeMethodAccessorImpl.java:77)
	at java.base/jdk.internal.reflect.DelegatingMethodAccessorImpl.invoke(DelegatingMethodAccessorImpl.java:43)
)
	at com.kms.katalon.core.keyword.internal.KeywordMain.stepFailed(KeywordMain.groovy:39)
	at com.kms.katalon.core.keyword.internal.KeywordMain.stepFailed(KeywordMain.groovy)
	at com.kms.katalon.core.keyword.internal.KeywordMain.runKeyword(KeywordMain.groovy:77)
	at com.kms.katalon.core.keyword.builtin.VerifyMatchKeyword.verifyMatch(VerifyMatchKeyword.groovy:60)
	at com.kms.katalon.core.keyword.builtin.VerifyMatchKeyword.execute(VerifyMatchKeyword.groovy:45)
	at com.kms.katalon.core.keyword.internal.KeywordExecutor.executeKeywordForPlatform(KeywordExecutor.groovy:74)
	at com.kms.katalon.core.keyword.BuiltinKeywords.verifyMatch(BuiltinKeywords.groovy:60)
	at jdk.internal.reflect.GeneratedMethodAccessor22.invoke(Unknown Source)
	at java.base/jdk.internal.reflect.DelegatingMethodAccessorImpl.invoke(DelegatingMethodAccessorImpl.java:43)
	at utilityClass.JsonPaths.verifyJsonElementsValuesWithDatabaseValues(JsonPaths.groovy:77)
	at jdk.internal.reflect.GeneratedMethodAccessor116.invoke(Unknown Source)
	at java.base/jdk.internal.reflect.DelegatingMethodAccessorImpl.invoke(DelegatingMethodAccessorImpl.java:43)
	at TC 2_MOZ-12624_Verify Storage of TKT-Quote for Successful WS Request.run(TC 2_MOZ-12624_Verify Storage of TKT-Quote for Successful WS Request:96)
	at com.kms.katalon.core.main.ScriptEngine.run(ScriptEngine.java:194)
	at com.kms.katalon.core.main.ScriptEngine.runScriptAsRawText(ScriptEngine.java:119)
	at com.kms.katalon.core.main.TestCaseExecutor.runScript(TestCaseExecutor.java:448)
	at com.kms.katalon.core.main.TestCaseExecutor.doExecute(TestCaseExecutor.java:439)
	at com.kms.katalon.core.main.TestCaseExecutor.processExecutionPhase(TestCaseExecutor.java:418)
	at com.kms.katalon.core.main.TestCaseExecutor.accessMainPhase(TestCaseExecutor.java:410)
	at com.kms.katalon.core.main.TestCaseExecutor.execute(TestCaseExecutor.java:285)
	at com.kms.katalon.core.common.CommonExecutor.accessTestCaseMainPhase(CommonExecutor.java:65)
	at com.kms.katalon.core.main.TestSuiteExecutor.accessTestSuiteMainPhase(TestSuiteExecutor.java:150)
	at com.kms.katalon.core.main.TestSuiteExecutor.execute(TestSuiteExecutor.java:106)
	at com.kms.katalon.core.main.TestCaseMain.startTestSuite(TestCaseMain.java:180)
	at TempTestSuite1728989799265.run(TempTestSuite1728989799265.groovy:35)
	at java.base/jdk.internal.reflect.NativeMethodAccessorImpl.invoke0(Native Method)
	at java.base/jdk.internal.reflect.NativeMethodAccessorImpl.invoke(NativeMethodAccessorImpl.java:77)
	at java.base/jdk.internal.reflect.DelegatingMethodAccessorImpl.invoke(DelegatingMethodAccessorImpl.java:43)
Caused by: com.kms.katalon.core.exception.StepFailedException: Actual text '310' and expected text '31' are not matched
	at com.kms.katalon.core.keyword.builtin.VerifyMatchKeyword$_verifyMatch_closure1.doCall(VerifyMatchKeyword.groovy:57)
	at com.kms.katalon.core.keyword.builtin.VerifyMatchKeyword$_verifyMatch_closure1.call(VerifyMatchKeyword.groovy)
	at com.kms.katalon.core.keyword.internal.KeywordMain.runKeyword(KeywordMain.groovy:75)
	... 25 more]]></system-err>
      </testcase>
      <testcase name="Test Cases/MOZ-12401/TC 1_MOZ-12623_Verify that the refund request sent successfully and that the TKT Quote was received in the response" time="16.13" classname="Test Cases/MOZ-12401/TC 1_MOZ-12623_Verify that the refund request sent successfully and that the TKT Quote was received in the response" status="ERROR">
         <error type="ERROR" message="Test Cases/MOZ-12401/TC 1_MOZ-12623_Verify that the refund request sent successfully and that the TKT Quote was received in the response FAILED.&#xa;Reason:&#xa;com.kms.katalon.core.exception.StepErrorException: QO Process is Skip&#xa;	at com.kms.katalon.core.util.KeywordUtil.markError(KeywordUtil.java:67)&#xa;	at TC 1_MOZ-12623_Verify that the refund request sent successfully and that the TKT Quote was received in the response.run(TC 1_MOZ-12623_Verify that the refund request sent successfully and that the TKT Quote was received in the response:35)&#xa;	at com.kms.katalon.core.main.ScriptEngine.run(ScriptEngine.java:194)&#xa;	at com.kms.katalon.core.main.ScriptEngine.runScriptAsRawText(ScriptEngine.java:119)&#xa;	at com.kms.katalon.core.main.TestCaseExecutor.runScript(TestCaseExecutor.java:448)&#xa;	at com.kms.katalon.core.main.TestCaseExecutor.doExecute(TestCaseExecutor.java:439)&#xa;	at com.kms.katalon.core.main.TestCaseExecutor.processExecutionPhase(TestCaseExecutor.java:418)&#xa;	at com.kms.katalon.core.main.TestCaseExecutor.accessMainPhase(TestCaseExecutor.java:410)&#xa;	at com.kms.katalon.core.main.TestCaseExecutor.execute(TestCaseExecutor.java:285)&#xa;	at com.kms.katalon.core.common.CommonExecutor.accessTestCaseMainPhase(CommonExecutor.java:65)&#xa;	at com.kms.katalon.core.main.TestSuiteExecutor.accessTestSuiteMainPhase(TestSuiteExecutor.java:150)&#xa;	at com.kms.katalon.core.main.TestSuiteExecutor.execute(TestSuiteExecutor.java:106)&#xa;	at com.kms.katalon.core.main.TestCaseMain.startTestSuite(TestCaseMain.java:180)&#xa;	at TempTestSuite1728989799265.run(TempTestSuite1728989799265.groovy:35)&#xa;	at java.base/jdk.internal.reflect.NativeMethodAccessorImpl.invoke0(Native Method)&#xa;	at java.base/jdk.internal.reflect.NativeMethodAccessorImpl.invoke(NativeMethodAccessorImpl.java:77)&#xa;	at java.base/jdk.internal.reflect.DelegatingMethodAccessorImpl.invoke(DelegatingMethodAccessorImpl.java:43)&#xa;"/>
         <system-out><![CDATA[15-10-2024T16:39:42 - [TEST_CASE][ERROR] - Test Cases/MOZ-12401/TC 1_MOZ-12623_Verify that the refund request sent successfully and that the TKT Quote was received in the response: Test Cases/MOZ-12401/TC 1_MOZ-12623_Verify that the refund request sent successfully and that the TKT Quote was received in the response FAILED.
Reason:
com.kms.katalon.core.exception.StepErrorException: QO Process is Skip
	at com.kms.katalon.core.util.KeywordUtil.markError(KeywordUtil.java:67)
	at TC 1_MOZ-12623_Verify that the refund request sent successfully and that the TKT Quote was received in the response.run(TC 1_MOZ-12623_Verify that the refund request sent successfully and that the TKT Quote was received in the response:35)
	at com.kms.katalon.core.main.ScriptEngine.run(ScriptEngine.java:194)
	at com.kms.katalon.core.main.ScriptEngine.runScriptAsRawText(ScriptEngine.java:119)
	at com.kms.katalon.core.main.TestCaseExecutor.runScript(TestCaseExecutor.java:448)
	at com.kms.katalon.core.main.TestCaseExecutor.doExecute(TestCaseExecutor.java:439)
	at com.kms.katalon.core.main.TestCaseExecutor.processExecutionPhase(TestCaseExecutor.java:418)
	at com.kms.katalon.core.main.TestCaseExecutor.accessMainPhase(TestCaseExecutor.java:410)
	at com.kms.katalon.core.main.TestCaseExecutor.execute(TestCaseExecutor.java:285)
	at com.kms.katalon.core.common.CommonExecutor.accessTestCaseMainPhase(CommonExecutor.java:65)
	at com.kms.katalon.core.main.TestSuiteExecutor.accessTestSuiteMainPhase(TestSuiteExecutor.java:150)
	at com.kms.katalon.core.main.TestSuiteExecutor.execute(TestSuiteExecutor.java:106)
	at com.kms.katalon.core.main.TestCaseMain.startTestSuite(TestCaseMain.java:180)
	at TempTestSuite1728989799265.run(TempTestSuite1728989799265.groovy:35)
	at java.base/jdk.internal.reflect.NativeMethodAccessorImpl.invoke0(Native Method)
	at java.base/jdk.internal.reflect.NativeMethodAccessorImpl.invoke(NativeMethodAccessorImpl.java:77)
	at java.base/jdk.internal.reflect.DelegatingMethodAccessorImpl.invoke(DelegatingMethodAccessorImpl.java:43)


15-10-2024T16:39:43 - [TEST_STEP][PASSED] - apiRequests.apiConnection.runAuthToken(findTestObject("API/Demo API/Auth Token")): apiRequests.apiConnection.runAuthToken is PASSED

15-10-2024T16:39:43 - [MESSAGE][INFO] - HAR: C:\Users\ranjit.vadar\Katalon Studio\Mozart Emirates\Reports\20241015_162639\MOZART\TEST\20241015_162639\requests\main\19.har

15-10-2024T16:39:43 - [MESSAGE][PASSED] - Send request successfully

15-10-2024T16:39:43 - [MESSAGE][PASSED] - Verify response status code successfully

15-10-2024T16:39:43 - [MESSAGE][PASSED] - apiRequests.apiConnection.runAuthToken is PASSED

15-10-2024T16:39:43 - [TEST_STEP][PASSED] - fullRefundResponse = sendRequest(findTestObject("API/MOZ-12401_API/MOZ-12623_Full_Refund")): Send request successfully

15-10-2024T16:39:44 - [MESSAGE][INFO] - HAR: C:\Users\ranjit.vadar\Katalon Studio\Mozart Emirates\Reports\20241015_162639\MOZART\TEST\20241015_162639\requests\main\20.har

15-10-2024T16:39:44 - [MESSAGE][PASSED] - Send request successfully

15-10-2024T16:39:44 - [TEST_STEP][PASSED] - verifyResponseStatusCode(fullRefundResponse, 200): Verify response status code successfully

15-10-2024T16:39:44 - [MESSAGE][PASSED] - Verify response status code successfully

15-10-2024T16:39:44 - [TEST_STEP][PASSED] - mozartRequestId = getElementPropertyValue(fullRefundResponse, "data[0].mozart_request_id"): null

15-10-2024T16:39:44 - [TEST_STEP][PASSED] - println(mozartRequestId): null

15-10-2024T16:39:44 - [TEST_STEP][PASSED] - QO_Task = <not implemented yet for class: org.codehaus.groovy.ast.expr.EmptyExpression>: null

15-10-2024T16:39:44 - [TEST_STEP][PASSED] - mp_process = <not implemented yet for class: org.codehaus.groovy.ast.expr.EmptyExpression>: null

15-10-2024T16:39:44 - [TEST_STEP][FAILED] - for ([i = 0, i <= 4, (i++)]): Unable to verify match between actual text 'PS' and expected text 'OK' (Root cause: com.kms.katalon.core.exception.StepFailedException: Actual text 'PS' and expected text 'OK' are not matched
	at com.kms.katalon.core.keyword.builtin.VerifyMatchKeyword$_verifyMatch_closure1.doCall(VerifyMatchKeyword.groovy:57)
	at com.kms.katalon.core.keyword.builtin.VerifyMatchKeyword$_verifyMatch_closure1.call(VerifyMatchKeyword.groovy)
	at com.kms.katalon.core.keyword.internal.KeywordMain.runKeyword(KeywordMain.groovy:75)
	at com.kms.katalon.core.keyword.builtin.VerifyMatchKeyword.verifyMatch(VerifyMatchKeyword.groovy:60)
	at com.kms.katalon.core.keyword.builtin.VerifyMatchKeyword.execute(VerifyMatchKeyword.groovy:45)
	at com.kms.katalon.core.keyword.internal.KeywordExecutor.executeKeywordForPlatform(KeywordExecutor.groovy:74)
	at com.kms.katalon.core.keyword.BuiltinKeywords.verifyMatch(BuiltinKeywords.groovy:60)
	at jdk.internal.reflect.GeneratedMethodAccessor22.invoke(Unknown Source)
	at java.base/jdk.internal.reflect.DelegatingMethodAccessorImpl.invoke(DelegatingMethodAccessorImpl.java:43)
	at TC 1_MOZ-12623_Verify that the refund request sent successfully and that the TKT Quote was received in the response.run(TC 1_MOZ-12623_Verify that the refund request sent successfully and that the TKT Quote was received in the response:36)
	at com.kms.katalon.core.main.ScriptEngine.run(ScriptEngine.java:194)
	at com.kms.katalon.core.main.ScriptEngine.runScriptAsRawText(ScriptEngine.java:119)
	at com.kms.katalon.core.main.TestCaseExecutor.runScript(TestCaseExecutor.java:448)
	at com.kms.katalon.core.main.TestCaseExecutor.doExecute(TestCaseExecutor.java:439)
	at com.kms.katalon.core.main.TestCaseExecutor.processExecutionPhase(TestCaseExecutor.java:418)
	at com.kms.katalon.core.main.TestCaseExecutor.accessMainPhase(TestCaseExecutor.java:410)
	at com.kms.katalon.core.main.TestCaseExecutor.execute(TestCaseExecutor.java:285)
	at com.kms.katalon.core.common.CommonExecutor.accessTestCaseMainPhase(CommonExecutor.java:65)
	at com.kms.katalon.core.main.TestSuiteExecutor.accessTestSuiteMainPhase(TestSuiteExecutor.java:150)
	at com.kms.katalon.core.main.TestSuiteExecutor.execute(TestSuiteExecutor.java:106)
	at com.kms.katalon.core.main.TestCaseMain.startTestSuite(TestCaseMain.java:180)
	at TempTestSuite1728989799265.run(TempTestSuite1728989799265.groovy:35)
	at java.base/jdk.internal.reflect.NativeMethodAccessorImpl.invoke0(Native Method)
	at java.base/jdk.internal.reflect.NativeMethodAccessorImpl.invoke(NativeMethodAccessorImpl.java:77)
	at java.base/jdk.internal.reflect.DelegatingMethodAccessorImpl.invoke(DelegatingMethodAccessorImpl.java:43)
)

15-10-2024T16:39:44 - [TEST_STEP][PASSED] - mp_process = "select * from bdmozart.mp_process where idrequest = '" + mozartRequestId + "' and idprocess = 'QO'": null

15-10-2024T16:39:44 - [TEST_STEP][PASSED] - QO_Task = database.DatabaseUtils.executeQuery(mp_process, "idprocessstatus", 1): database.DatabaseUtils.executeQuery is PASSED

15-10-2024T16:39:47 - [MESSAGE][PASSED] - database.DatabaseUtils.executeQuery is PASSED

15-10-2024T16:39:47 - [TEST_STEP][PASSED] - if (QO_Task.equals("OK")): null

15-10-2024T16:39:47 - [TEST_STEP][PASSED] - else if (QO_Task.equals("PS")): null

15-10-2024T16:39:47 - [TEST_STEP][PASSED] - else: null

15-10-2024T16:39:47 - [TEST_STEP][PASSED] - Thread.sleep(3000): null

15-10-2024T16:39:50 - [TEST_STEP][PASSED] - mp_process = "select * from bdmozart.mp_process where idrequest = '" + mozartRequestId + "' and idprocess = 'QO'": null

15-10-2024T16:39:50 - [TEST_STEP][PASSED] - QO_Task = database.DatabaseUtils.executeQuery(mp_process, "idprocessstatus", 1): database.DatabaseUtils.executeQuery is PASSED

15-10-2024T16:39:53 - [MESSAGE][PASSED] - database.DatabaseUtils.executeQuery is PASSED

15-10-2024T16:39:53 - [TEST_STEP][PASSED] - if (QO_Task.equals("OK")): null

15-10-2024T16:39:53 - [TEST_STEP][PASSED] - else if (QO_Task.equals("PS")): null

15-10-2024T16:39:53 - [TEST_STEP][PASSED] - else: null

15-10-2024T16:39:53 - [TEST_STEP][PASSED] - Thread.sleep(3000): null

15-10-2024T16:39:56 - [TEST_STEP][PASSED] - mp_process = "select * from bdmozart.mp_process where idrequest = '" + mozartRequestId + "' and idprocess = 'QO'": null

15-10-2024T16:39:56 - [TEST_STEP][PASSED] - QO_Task = database.DatabaseUtils.executeQuery(mp_process, "idprocessstatus", 1): database.DatabaseUtils.executeQuery is PASSED

15-10-2024T16:39:58 - [MESSAGE][PASSED] - database.DatabaseUtils.executeQuery is PASSED

15-10-2024T16:39:58 - [TEST_STEP][PASSED] - if (QO_Task.equals("OK")): null

15-10-2024T16:39:58 - [TEST_STEP][FAILED] - else if (QO_Task.equals("PS")): Unable to verify match between actual text 'PS' and expected text 'OK' (Root cause: com.kms.katalon.core.exception.StepFailedException: Actual text 'PS' and expected text 'OK' are not matched
	at com.kms.katalon.core.keyword.builtin.VerifyMatchKeyword$_verifyMatch_closure1.doCall(VerifyMatchKeyword.groovy:57)
	at com.kms.katalon.core.keyword.builtin.VerifyMatchKeyword$_verifyMatch_closure1.call(VerifyMatchKeyword.groovy)
	at com.kms.katalon.core.keyword.internal.KeywordMain.runKeyword(KeywordMain.groovy:75)
	at com.kms.katalon.core.keyword.builtin.VerifyMatchKeyword.verifyMatch(VerifyMatchKeyword.groovy:60)
	at com.kms.katalon.core.keyword.builtin.VerifyMatchKeyword.execute(VerifyMatchKeyword.groovy:45)
	at com.kms.katalon.core.keyword.internal.KeywordExecutor.executeKeywordForPlatform(KeywordExecutor.groovy:74)
	at com.kms.katalon.core.keyword.BuiltinKeywords.verifyMatch(BuiltinKeywords.groovy:60)
	at jdk.internal.reflect.GeneratedMethodAccessor22.invoke(Unknown Source)
	at java.base/jdk.internal.reflect.DelegatingMethodAccessorImpl.invoke(DelegatingMethodAccessorImpl.java:43)
	at TC 1_MOZ-12623_Verify that the refund request sent successfully and that the TKT Quote was received in the response.run(TC 1_MOZ-12623_Verify that the refund request sent successfully and that the TKT Quote was received in the response:36)
	at com.kms.katalon.core.main.ScriptEngine.run(ScriptEngine.java:194)
	at com.kms.katalon.core.main.ScriptEngine.runScriptAsRawText(ScriptEngine.java:119)
	at com.kms.katalon.core.main.TestCaseExecutor.runScript(TestCaseExecutor.java:448)
	at com.kms.katalon.core.main.TestCaseExecutor.doExecute(TestCaseExecutor.java:439)
	at com.kms.katalon.core.main.TestCaseExecutor.processExecutionPhase(TestCaseExecutor.java:418)
	at com.kms.katalon.core.main.TestCaseExecutor.accessMainPhase(TestCaseExecutor.java:410)
	at com.kms.katalon.core.main.TestCaseExecutor.execute(TestCaseExecutor.java:285)
	at com.kms.katalon.core.common.CommonExecutor.accessTestCaseMainPhase(CommonExecutor.java:65)
	at com.kms.katalon.core.main.TestSuiteExecutor.accessTestSuiteMainPhase(TestSuiteExecutor.java:150)
	at com.kms.katalon.core.main.TestSuiteExecutor.execute(TestSuiteExecutor.java:106)
	at com.kms.katalon.core.main.TestCaseMain.startTestSuite(TestCaseMain.java:180)
	at TempTestSuite1728989799265.run(TempTestSuite1728989799265.groovy:35)
	at java.base/jdk.internal.reflect.NativeMethodAccessorImpl.invoke0(Native Method)
	at java.base/jdk.internal.reflect.NativeMethodAccessorImpl.invoke(NativeMethodAccessorImpl.java:77)
	at java.base/jdk.internal.reflect.DelegatingMethodAccessorImpl.invoke(DelegatingMethodAccessorImpl.java:43)
)

15-10-2024T16:39:58 - [TEST_STEP][PASSED] - markError("QO Process is Skip"): null

15-10-2024T16:39:58 - [TEST_STEP][FAILED] - verifyMatch(QO_Task, "OK", false, STOP_ON_FAILURE): Unable to verify match between actual text 'PS' and expected text 'OK' (Root cause: com.kms.katalon.core.exception.StepFailedException: Actual text 'PS' and expected text 'OK' are not matched
	at com.kms.katalon.core.keyword.builtin.VerifyMatchKeyword$_verifyMatch_closure1.doCall(VerifyMatchKeyword.groovy:57)
	at com.kms.katalon.core.keyword.builtin.VerifyMatchKeyword$_verifyMatch_closure1.call(VerifyMatchKeyword.groovy)
	at com.kms.katalon.core.keyword.internal.KeywordMain.runKeyword(KeywordMain.groovy:75)
	at com.kms.katalon.core.keyword.builtin.VerifyMatchKeyword.verifyMatch(VerifyMatchKeyword.groovy:60)
	at com.kms.katalon.core.keyword.builtin.VerifyMatchKeyword.execute(VerifyMatchKeyword.groovy:45)
	at com.kms.katalon.core.keyword.internal.KeywordExecutor.executeKeywordForPlatform(KeywordExecutor.groovy:74)
	at com.kms.katalon.core.keyword.BuiltinKeywords.verifyMatch(BuiltinKeywords.groovy:60)
	at jdk.internal.reflect.GeneratedMethodAccessor22.invoke(Unknown Source)
	at java.base/jdk.internal.reflect.DelegatingMethodAccessorImpl.invoke(DelegatingMethodAccessorImpl.java:43)
	at TC 1_MOZ-12623_Verify that the refund request sent successfully and that the TKT Quote was received in the response.run(TC 1_MOZ-12623_Verify that the refund request sent successfully and that the TKT Quote was received in the response:36)
	at com.kms.katalon.core.main.ScriptEngine.run(ScriptEngine.java:194)
	at com.kms.katalon.core.main.ScriptEngine.runScriptAsRawText(ScriptEngine.java:119)
	at com.kms.katalon.core.main.TestCaseExecutor.runScript(TestCaseExecutor.java:448)
	at com.kms.katalon.core.main.TestCaseExecutor.doExecute(TestCaseExecutor.java:439)
	at com.kms.katalon.core.main.TestCaseExecutor.processExecutionPhase(TestCaseExecutor.java:418)
	at com.kms.katalon.core.main.TestCaseExecutor.accessMainPhase(TestCaseExecutor.java:410)
	at com.kms.katalon.core.main.TestCaseExecutor.execute(TestCaseExecutor.java:285)
	at com.kms.katalon.core.common.CommonExecutor.accessTestCaseMainPhase(CommonExecutor.java:65)
	at com.kms.katalon.core.main.TestSuiteExecutor.accessTestSuiteMainPhase(TestSuiteExecutor.java:150)
	at com.kms.katalon.core.main.TestSuiteExecutor.execute(TestSuiteExecutor.java:106)
	at com.kms.katalon.core.main.TestCaseMain.startTestSuite(TestCaseMain.java:180)
	at TempTestSuite1728989799265.run(TempTestSuite1728989799265.groovy:35)
	at java.base/jdk.internal.reflect.NativeMethodAccessorImpl.invoke0(Native Method)
	at java.base/jdk.internal.reflect.NativeMethodAccessorImpl.invoke(NativeMethodAccessorImpl.java:77)
	at java.base/jdk.internal.reflect.DelegatingMethodAccessorImpl.invoke(DelegatingMethodAccessorImpl.java:43)
)

15-10-2024T16:39:58 - [MESSAGE][FAILED] - Unable to verify match between actual text 'PS' and expected text 'OK' (Root cause: com.kms.katalon.core.exception.StepFailedException: Actual text 'PS' and expected text 'OK' are not matched
	at com.kms.katalon.core.keyword.builtin.VerifyMatchKeyword$_verifyMatch_closure1.doCall(VerifyMatchKeyword.groovy:57)
	at com.kms.katalon.core.keyword.builtin.VerifyMatchKeyword$_verifyMatch_closure1.call(VerifyMatchKeyword.groovy)
	at com.kms.katalon.core.keyword.internal.KeywordMain.runKeyword(KeywordMain.groovy:75)
	at com.kms.katalon.core.keyword.builtin.VerifyMatchKeyword.verifyMatch(VerifyMatchKeyword.groovy:60)
	at com.kms.katalon.core.keyword.builtin.VerifyMatchKeyword.execute(VerifyMatchKeyword.groovy:45)
	at com.kms.katalon.core.keyword.internal.KeywordExecutor.executeKeywordForPlatform(KeywordExecutor.groovy:74)
	at com.kms.katalon.core.keyword.BuiltinKeywords.verifyMatch(BuiltinKeywords.groovy:60)
	at jdk.internal.reflect.GeneratedMethodAccessor22.invoke(Unknown Source)
	at java.base/jdk.internal.reflect.DelegatingMethodAccessorImpl.invoke(DelegatingMethodAccessorImpl.java:43)
	at TC 1_MOZ-12623_Verify that the refund request sent successfully and that the TKT Quote was received in the response.run(TC 1_MOZ-12623_Verify that the refund request sent successfully and that the TKT Quote was received in the response:36)
	at com.kms.katalon.core.main.ScriptEngine.run(ScriptEngine.java:194)
	at com.kms.katalon.core.main.ScriptEngine.runScriptAsRawText(ScriptEngine.java:119)
	at com.kms.katalon.core.main.TestCaseExecutor.runScript(TestCaseExecutor.java:448)
	at com.kms.katalon.core.main.TestCaseExecutor.doExecute(TestCaseExecutor.java:439)
	at com.kms.katalon.core.main.TestCaseExecutor.processExecutionPhase(TestCaseExecutor.java:418)
	at com.kms.katalon.core.main.TestCaseExecutor.accessMainPhase(TestCaseExecutor.java:410)
	at com.kms.katalon.core.main.TestCaseExecutor.execute(TestCaseExecutor.java:285)
	at com.kms.katalon.core.common.CommonExecutor.accessTestCaseMainPhase(CommonExecutor.java:65)
	at com.kms.katalon.core.main.TestSuiteExecutor.accessTestSuiteMainPhase(TestSuiteExecutor.java:150)
	at com.kms.katalon.core.main.TestSuiteExecutor.execute(TestSuiteExecutor.java:106)
	at com.kms.katalon.core.main.TestCaseMain.startTestSuite(TestCaseMain.java:180)
	at TempTestSuite1728989799265.run(TempTestSuite1728989799265.groovy:35)
	at java.base/jdk.internal.reflect.NativeMethodAccessorImpl.invoke0(Native Method)
	at java.base/jdk.internal.reflect.NativeMethodAccessorImpl.invoke(NativeMethodAccessorImpl.java:77)
	at java.base/jdk.internal.reflect.DelegatingMethodAccessorImpl.invoke(DelegatingMethodAccessorImpl.java:43)
)]]></system-out>
         <system-err><![CDATA[15-10-2024T16:39:42 - [TEST_CASE][ERROR] - Test Cases/MOZ-12401/TC 1_MOZ-12623_Verify that the refund request sent successfully and that the TKT Quote was received in the response: Test Cases/MOZ-12401/TC 1_MOZ-12623_Verify that the refund request sent successfully and that the TKT Quote was received in the response FAILED.
Reason:
com.kms.katalon.core.exception.StepErrorException: QO Process is Skip
	at com.kms.katalon.core.util.KeywordUtil.markError(KeywordUtil.java:67)
	at TC 1_MOZ-12623_Verify that the refund request sent successfully and that the TKT Quote was received in the response.run(TC 1_MOZ-12623_Verify that the refund request sent successfully and that the TKT Quote was received in the response:35)
	at com.kms.katalon.core.main.ScriptEngine.run(ScriptEngine.java:194)
	at com.kms.katalon.core.main.ScriptEngine.runScriptAsRawText(ScriptEngine.java:119)
	at com.kms.katalon.core.main.TestCaseExecutor.runScript(TestCaseExecutor.java:448)
	at com.kms.katalon.core.main.TestCaseExecutor.doExecute(TestCaseExecutor.java:439)
	at com.kms.katalon.core.main.TestCaseExecutor.processExecutionPhase(TestCaseExecutor.java:418)
	at com.kms.katalon.core.main.TestCaseExecutor.accessMainPhase(TestCaseExecutor.java:410)
	at com.kms.katalon.core.main.TestCaseExecutor.execute(TestCaseExecutor.java:285)
	at com.kms.katalon.core.common.CommonExecutor.accessTestCaseMainPhase(CommonExecutor.java:65)
	at com.kms.katalon.core.main.TestSuiteExecutor.accessTestSuiteMainPhase(TestSuiteExecutor.java:150)
	at com.kms.katalon.core.main.TestSuiteExecutor.execute(TestSuiteExecutor.java:106)
	at com.kms.katalon.core.main.TestCaseMain.startTestSuite(TestCaseMain.java:180)
	at TempTestSuite1728989799265.run(TempTestSuite1728989799265.groovy:35)
	at java.base/jdk.internal.reflect.NativeMethodAccessorImpl.invoke0(Native Method)
	at java.base/jdk.internal.reflect.NativeMethodAccessorImpl.invoke(NativeMethodAccessorImpl.java:77)
	at java.base/jdk.internal.reflect.DelegatingMethodAccessorImpl.invoke(DelegatingMethodAccessorImpl.java:43)]]></system-err>
      </testcase>
      <testcase name="Test Cases/MOZ-12401/New Folder/TC 3_MOZ-12624_Verify Storage of TKT-Quote for Successful WS Request" time="12.003" classname="Test Cases/MOZ-12401/New Folder/TC 3_MOZ-12624_Verify Storage of TKT-Quote for Successful WS Request" status="ERROR">
         <error type="ERROR" message="Test Cases/MOZ-12401/New Folder/TC 3_MOZ-12624_Verify Storage of TKT-Quote for Successful WS Request FAILED.&#xa;Reason:&#xa;org.codehaus.groovy.runtime.metaclass.MissingMethodExceptionNoStack: No signature of method: utilityClass.JsonPaths.verifyJsonElementsValuesWithDatabaseValues2() is applicable for argument types: (HashMap, HashMap) values: [[iswaiverapplied:false, isnoshowfeesapplied:false, uniquereferencenumber:2001762368172376, ...], ...]&#xa;Possible solutions: verifyJsonElementsValuesWithDatabaseValues(java.lang.String, java.util.Map, java.lang.String)&#xa;"/>
         <system-out><![CDATA[15-10-2024T16:39:58 - [TEST_CASE][ERROR] - Test Cases/MOZ-12401/New Folder/TC 3_MOZ-12624_Verify Storage of TKT-Quote for Successful WS Request: Test Cases/MOZ-12401/New Folder/TC 3_MOZ-12624_Verify Storage of TKT-Quote for Successful WS Request FAILED.
Reason:
org.codehaus.groovy.runtime.metaclass.MissingMethodExceptionNoStack: No signature of method: utilityClass.JsonPaths.verifyJsonElementsValuesWithDatabaseValues2() is applicable for argument types: (HashMap, HashMap) values: [[iswaiverapplied:false, isnoshowfeesapplied:false, uniquereferencenumber:2001762368172376, ...], ...]
Possible solutions: verifyJsonElementsValuesWithDatabaseValues(java.lang.String, java.util.Map, java.lang.String)


15-10-2024T16:39:59 - [TEST_STEP][PASSED] - mi_refund_ek_quote = <not implemented yet for class: org.codehaus.groovy.ast.expr.EmptyExpression>: null

15-10-2024T16:39:59 - [TEST_STEP][PASSED] - mi_refund_ek_quote_passenger = <not implemented yet for class: org.codehaus.groovy.ast.expr.EmptyExpression>: null

15-10-2024T16:39:59 - [TEST_STEP][PASSED] - mi_refund_ek_quote_tkt_details = <not implemented yet for class: org.codehaus.groovy.ast.expr.EmptyExpression>: null

15-10-2024T16:39:59 - [TEST_STEP][PASSED] - mi_refund_ek_quote_tkt_coupon_details = <not implemented yet for class: org.codehaus.groovy.ast.expr.EmptyExpression>: null

15-10-2024T16:39:59 - [TEST_STEP][PASSED] - mi_refund_ek_quote_tkt_original_fare = <not implemented yet for class: org.codehaus.groovy.ast.expr.EmptyExpression>: null

15-10-2024T16:39:59 - [TEST_STEP][PASSED] - mi_refund_ek_quote_tkt_penalty_charges = <not implemented yet for class: org.codehaus.groovy.ast.expr.EmptyExpression>: null

15-10-2024T16:39:59 - [TEST_STEP][PASSED] - mi_refund_ek_quote_tkt_refund_fare = <not implemented yet for class: org.codehaus.groovy.ast.expr.EmptyExpression>: null

15-10-2024T16:39:59 - [TEST_STEP][PASSED] - mi_refund_ek_quote_tkt_used_fare = <not implemented yet for class: org.codehaus.groovy.ast.expr.EmptyExpression>: null

15-10-2024T16:39:59 - [TEST_STEP][PASSED] - idQuote = <not implemented yet for class: org.codehaus.groovy.ast.expr.EmptyExpression>: null

15-10-2024T16:39:59 - [TEST_STEP][PASSED] - idpassenger = <not implemented yet for class: org.codehaus.groovy.ast.expr.EmptyExpression>: null

15-10-2024T16:39:59 - [TEST_STEP][PASSED] - idtktdetails = <not implemented yet for class: org.codehaus.groovy.ast.expr.EmptyExpression>: null

15-10-2024T16:39:59 - [TEST_STEP][PASSED] - mi_refund_ek_quote = "select * from bdmozart.mi_refund_ek_quote where idrequest = 'O090510005'": null

15-10-2024T16:39:59 - [TEST_STEP][PASSED] - idQuote = database.DatabaseUtils.executeQuery(mi_refund_ek_quote, "id", 1): database.DatabaseUtils.executeQuery is PASSED

15-10-2024T16:40:02 - [MESSAGE][PASSED] - database.DatabaseUtils.executeQuery is PASSED

15-10-2024T16:40:02 - [TEST_STEP][PASSED] - mi_refund_ek_quote_passenger = "select * from bdmozart.mi_refund_ek_quote_passenger where idquote = '" + idQuote + "'": null

15-10-2024T16:40:02 - [TEST_STEP][PASSED] - idpassenger = database.DatabaseUtils.executeQuery(mi_refund_ek_quote_passenger, "id", 1): database.DatabaseUtils.executeQuery is PASSED

15-10-2024T16:40:05 - [MESSAGE][PASSED] - database.DatabaseUtils.executeQuery is PASSED

15-10-2024T16:40:05 - [TEST_STEP][PASSED] - mi_refund_ek_quote_tkt_details = "select * from bdmozart.mi_refund_ek_quote_tkt_details where idpassenger = '" + idpassenger + "'": null

15-10-2024T16:40:05 - [TEST_STEP][PASSED] - idtktdetails = database.DatabaseUtils.executeQuery(mi_refund_ek_quote_tkt_details, "id", 1): database.DatabaseUtils.executeQuery is PASSED

15-10-2024T16:40:07 - [MESSAGE][PASSED] - database.DatabaseUtils.executeQuery is PASSED

15-10-2024T16:40:07 - [TEST_STEP][PASSED] - mi_refund_ek_quote_tkt_coupon_details = "select * from bdmozart.mi_refund_ek_quote_tkt_coupon_details where idtktdetails = '" + idtktdetails + "'": null

15-10-2024T16:40:07 - [TEST_STEP][PASSED] - mi_refund_ek_quote_tkt_original_fare = "select * from bdmozart.mi_refund_ek_quote_tkt_original_fare where idtktdetails = '" + idtktdetails + "'": null

15-10-2024T16:40:07 - [TEST_STEP][PASSED] - mi_refund_ek_quote_tkt_penalty_charges = "select * from bdmozart.mi_refund_ek_quote_tkt_penalty_charges where idtktdetails = '" + idtktdetails + "'": null

15-10-2024T16:40:07 - [TEST_STEP][PASSED] - mi_refund_ek_quote_tkt_refund_fare = "select * from bdmozart.mi_refund_ek_quote_tkt_refund_fare  where idtktdetails = '" + idtktdetails + "'": null

15-10-2024T16:40:07 - [TEST_STEP][PASSED] - mi_refund_ek_quote_tkt_used_fare = "select * from bdmozart.mi_refund_ek_quote_tkt_used_fare where idtktdetails = '" + idtktdetails + "'": null

15-10-2024T16:40:07 - [TEST_STEP][PASSED] - mi_refund_ek_quote_map = new java.util.HashMap(): null

15-10-2024T16:40:07 - [TEST_STEP][PASSED] - mi_refund_ek_quote_map.put("iswaiverapplied", "false"): null

15-10-2024T16:40:07 - [TEST_STEP][PASSED] - mi_refund_ek_quote_map.put("isnoshowfeesapplied", "false"): null

15-10-2024T16:40:07 - [TEST_STEP][PASSED] - mi_refund_ek_quote_map.put("uniquereferencenumber", "2001762368172376"): null

15-10-2024T16:40:07 - [TEST_STEP][PASSED] - mi_refund_ek_quote_map.put("processingstatus", "Y"): null

15-10-2024T16:40:07 - [TEST_STEP][PASSED] - mi_refund_ek_quote_map.put("quote_type", "null"): null

15-10-2024T16:40:07 - [TEST_STEP][PASSED] - mi_refund_ek_quote_map.put("currencycode", "AED"): null

15-10-2024T16:40:07 - [TEST_STEP][PASSED] - mi_refund_ek_quote_map.put("isnoshowfeesapplicable", "false"): null

15-10-2024T16:40:07 - [TEST_STEP][PASSED] - mi_refund_ek_quote_table = database.DatabaseUtils.getColumnNamesAndValues(mi_refund_ek_quote): database.DatabaseUtils.getColumnNamesAndValues is PASSED

15-10-2024T16:40:10 - [MESSAGE][PASSED] - database.DatabaseUtils.getColumnNamesAndValues is PASSED

15-10-2024T16:40:10 - [TEST_STEP][ERROR] - utilityClass.JsonPaths.verifyJsonElementsValuesWithDatabaseValues2(mi_refund_ek_quote_map, mi_refund_ek_quote_table): Test Cases/MOZ-12401/New Folder/TC 3_MOZ-12624_Verify Storage of TKT-Quote for Successful WS Request FAILED.
Reason:
com.kms.katalon.core.exception.StepErrorException: org.codehaus.groovy.runtime.metaclass.MissingMethodExceptionNoStack: No signature of method: utilityClass.JsonPaths.verifyJsonElementsValuesWithDatabaseValues2() is applicable for argument types: (HashMap, HashMap) values: [[iswaiverapplied:false, isnoshowfeesapplied:false, uniquereferencenumber:2001762368172376, ...], ...]
Possible solutions: verifyJsonElementsValuesWithDatabaseValues(java.lang.String, java.util.Map, java.lang.String)
	at com.kms.katalon.core.main.CustomKeywordDelegatingMetaClass.throwError(CustomKeywordDelegatingMetaClass.java:101)
	at com.kms.katalon.core.main.CustomKeywordDelegatingMetaClass.invokeStaticMethod(CustomKeywordDelegatingMetaClass.java:73)
	at TC 3_MOZ-12624_Verify Storage of TKT-Quote for Successful WS Request.run(TC 3_MOZ-12624_Verify Storage of TKT-Quote for Successful WS Request:83)
	at com.kms.katalon.core.main.ScriptEngine.run(ScriptEngine.java:194)
	at com.kms.katalon.core.main.ScriptEngine.runScriptAsRawText(ScriptEngine.java:119)
	at com.kms.katalon.core.main.TestCaseExecutor.runScript(TestCaseExecutor.java:448)
	at com.kms.katalon.core.main.TestCaseExecutor.doExecute(TestCaseExecutor.java:439)
	at com.kms.katalon.core.main.TestCaseExecutor.processExecutionPhase(TestCaseExecutor.java:418)
	at com.kms.katalon.core.main.TestCaseExecutor.accessMainPhase(TestCaseExecutor.java:410)
	at com.kms.katalon.core.main.TestCaseExecutor.execute(TestCaseExecutor.java:285)
	at com.kms.katalon.core.common.CommonExecutor.accessTestCaseMainPhase(CommonExecutor.java:65)
	at com.kms.katalon.core.main.TestSuiteExecutor.accessTestSuiteMainPhase(TestSuiteExecutor.java:150)
	at com.kms.katalon.core.main.TestSuiteExecutor.execute(TestSuiteExecutor.java:106)
	at com.kms.katalon.core.main.TestCaseMain.startTestSuite(TestCaseMain.java:180)
	at TempTestSuite1728989799265.run(TempTestSuite1728989799265.groovy:35)
	at java.base/jdk.internal.reflect.NativeMethodAccessorImpl.invoke0(Native Method)
	at java.base/jdk.internal.reflect.NativeMethodAccessorImpl.invoke(NativeMethodAccessorImpl.java:77)
	at java.base/jdk.internal.reflect.DelegatingMethodAccessorImpl.invoke(DelegatingMethodAccessorImpl.java:43)
Caused by: org.codehaus.groovy.runtime.metaclass.MissingMethodExceptionNoStack: No signature of method: utilityClass.JsonPaths.verifyJsonElementsValuesWithDatabaseValues2() is applicable for argument types: (HashMap, HashMap) values: [[iswaiverapplied:false, isnoshowfeesapplied:false, uniquereferencenumber:2001762368172376, ...], ...]
Possible solutions: verifyJsonElementsValuesWithDatabaseValues(java.lang.String, java.util.Map, java.lang.String)


15-10-2024T16:40:10 - [MESSAGE][ERROR] - No signature of method: utilityClass.JsonPaths.verifyJsonElementsValuesWithDatabaseValues2() is applicable for argument types: (HashMap, HashMap) values: [[iswaiverapplied:false, isnoshowfeesapplied:false, uniquereferencenumber:2001762368172376, ...], ...]
Possible solutions: verifyJsonElementsValuesWithDatabaseValues(java.lang.String, java.util.Map, java.lang.String)

15-10-2024T16:40:10 - [MESSAGE][ERROR] - Test Cases/MOZ-12401/New Folder/TC 3_MOZ-12624_Verify Storage of TKT-Quote for Successful WS Request FAILED.
Reason:
com.kms.katalon.core.exception.StepErrorException: org.codehaus.groovy.runtime.metaclass.MissingMethodExceptionNoStack: No signature of method: utilityClass.JsonPaths.verifyJsonElementsValuesWithDatabaseValues2() is applicable for argument types: (HashMap, HashMap) values: [[iswaiverapplied:false, isnoshowfeesapplied:false, uniquereferencenumber:2001762368172376, ...], ...]
Possible solutions: verifyJsonElementsValuesWithDatabaseValues(java.lang.String, java.util.Map, java.lang.String)
	at com.kms.katalon.core.main.CustomKeywordDelegatingMetaClass.throwError(CustomKeywordDelegatingMetaClass.java:101)
	at com.kms.katalon.core.main.CustomKeywordDelegatingMetaClass.invokeStaticMethod(CustomKeywordDelegatingMetaClass.java:73)
	at TC 3_MOZ-12624_Verify Storage of TKT-Quote for Successful WS Request.run(TC 3_MOZ-12624_Verify Storage of TKT-Quote for Successful WS Request:83)
	at com.kms.katalon.core.main.ScriptEngine.run(ScriptEngine.java:194)
	at com.kms.katalon.core.main.ScriptEngine.runScriptAsRawText(ScriptEngine.java:119)
	at com.kms.katalon.core.main.TestCaseExecutor.runScript(TestCaseExecutor.java:448)
	at com.kms.katalon.core.main.TestCaseExecutor.doExecute(TestCaseExecutor.java:439)
	at com.kms.katalon.core.main.TestCaseExecutor.processExecutionPhase(TestCaseExecutor.java:418)
	at com.kms.katalon.core.main.TestCaseExecutor.accessMainPhase(TestCaseExecutor.java:410)
	at com.kms.katalon.core.main.TestCaseExecutor.execute(TestCaseExecutor.java:285)
	at com.kms.katalon.core.common.CommonExecutor.accessTestCaseMainPhase(CommonExecutor.java:65)
	at com.kms.katalon.core.main.TestSuiteExecutor.accessTestSuiteMainPhase(TestSuiteExecutor.java:150)
	at com.kms.katalon.core.main.TestSuiteExecutor.execute(TestSuiteExecutor.java:106)
	at com.kms.katalon.core.main.TestCaseMain.startTestSuite(TestCaseMain.java:180)
	at TempTestSuite1728989799265.run(TempTestSuite1728989799265.groovy:35)
	at java.base/jdk.internal.reflect.NativeMethodAccessorImpl.invoke0(Native Method)
	at java.base/jdk.internal.reflect.NativeMethodAccessorImpl.invoke(NativeMethodAccessorImpl.java:77)
	at java.base/jdk.internal.reflect.DelegatingMethodAccessorImpl.invoke(DelegatingMethodAccessorImpl.java:43)
Caused by: org.codehaus.groovy.runtime.metaclass.MissingMethodExceptionNoStack: No signature of method: utilityClass.JsonPaths.verifyJsonElementsValuesWithDatabaseValues2() is applicable for argument types: (HashMap, HashMap) values: [[iswaiverapplied:false, isnoshowfeesapplied:false, uniquereferencenumber:2001762368172376, ...], ...]
Possible solutions: verifyJsonElementsValuesWithDatabaseValues(java.lang.String, java.util.Map, java.lang.String)]]></system-out>
         <system-err><![CDATA[15-10-2024T16:39:58 - [TEST_CASE][ERROR] - Test Cases/MOZ-12401/New Folder/TC 3_MOZ-12624_Verify Storage of TKT-Quote for Successful WS Request: Test Cases/MOZ-12401/New Folder/TC 3_MOZ-12624_Verify Storage of TKT-Quote for Successful WS Request FAILED.
Reason:
org.codehaus.groovy.runtime.metaclass.MissingMethodExceptionNoStack: No signature of method: utilityClass.JsonPaths.verifyJsonElementsValuesWithDatabaseValues2() is applicable for argument types: (HashMap, HashMap) values: [[iswaiverapplied:false, isnoshowfeesapplied:false, uniquereferencenumber:2001762368172376, ...], ...]
Possible solutions: verifyJsonElementsValuesWithDatabaseValues(java.lang.String, java.util.Map, java.lang.String)]]></system-err>
      </testcase>
      <testcase name="Test Cases/MOZ-10510/TC 5_MOZ_11446 Verify Landing Page Layout and Filtering Area for the Local Settlements Module" time="47.385" classname="Test Cases/MOZ-10510/TC 5_MOZ_11446 Verify Landing Page Layout and Filtering Area for the Local Settlements Module" status="FAILED">
         <failure type="FAILED" message="Test Cases/MOZ-10510/TC 5_MOZ_11446 Verify Landing Page Layout and Filtering Area for the Local Settlements Module FAILED.&#xa;Reason:&#xa;com.kms.katalon.core.exception.StepFailedException: Unable to verify object 'Object Repository/EK_Objects/Page_Mozart - LocalSettlements/show_exceptions' is not present&#xa;	at com.kms.katalon.core.webui.keyword.internal.WebUIKeywordMain.stepFailed(WebUIKeywordMain.groovy:64)&#xa;	at com.kms.katalon.core.webui.keyword.internal.WebUIKeywordMain.runKeyword(WebUIKeywordMain.groovy:26)&#xa;	at com.kms.katalon.core.webui.keyword.internal.WebUIKeywordMain$runKeyword.call(Unknown Source)&#xa;	at com.kms.katalon.core.webui.keyword.builtin.VerifyElementNotPresentKeyword.verifyElementNotPresent(VerifyElementNotPresentKeyword.groovy:131)&#xa;	at com.kms.katalon.core.webui.keyword.builtin.VerifyElementNotPresentKeyword.execute(VerifyElementNotPresentKeyword.groovy:69)&#xa;	at com.kms.katalon.core.keyword.internal.KeywordExecutor.executeKeywordForPlatform(KeywordExecutor.groovy:74)&#xa;	at com.kms.katalon.core.webui.keyword.WebUiBuiltInKeywords.verifyElementNotPresent(WebUiBuiltInKeywords.groovy:1536)&#xa;	at TC 5_MOZ_11446 Verify Landing Page Layout and Filtering Area for the Local Settlements Module.run(TC 5_MOZ_11446 Verify Landing Page Layout and Filtering Area for the Local Settlements Module:36)&#xa;	at com.kms.katalon.core.main.ScriptEngine.run(ScriptEngine.java:194)&#xa;	at com.kms.katalon.core.main.ScriptEngine.runScriptAsRawText(ScriptEngine.java:119)&#xa;	at com.kms.katalon.core.main.TestCaseExecutor.runScript(TestCaseExecutor.java:448)&#xa;	at com.kms.katalon.core.main.TestCaseExecutor.doExecute(TestCaseExecutor.java:439)&#xa;	at com.kms.katalon.core.main.TestCaseExecutor.processExecutionPhase(TestCaseExecutor.java:418)&#xa;	at com.kms.katalon.core.main.TestCaseExecutor.accessMainPhase(TestCaseExecutor.java:410)&#xa;	at com.kms.katalon.core.main.TestCaseExecutor.execute(TestCaseExecutor.java:285)&#xa;	at com.kms.katalon.core.common.CommonExecutor.accessTestCaseMainPhase(CommonExecutor.java:65)&#xa;	at com.kms.katalon.core.main.TestSuiteExecutor.accessTestSuiteMainPhase(TestSuiteExecutor.java:150)&#xa;	at com.kms.katalon.core.main.TestSuiteExecutor.execute(TestSuiteExecutor.java:106)&#xa;	at com.kms.katalon.core.main.TestCaseMain.startTestSuite(TestCaseMain.java:180)&#xa;	at TempTestSuite1728989799265.run(TempTestSuite1728989799265.groovy:35)&#xa;	at java.base/jdk.internal.reflect.NativeMethodAccessorImpl.invoke0(Native Method)&#xa;	at java.base/jdk.internal.reflect.NativeMethodAccessorImpl.invoke(NativeMethodAccessorImpl.java:77)&#xa;	at java.base/jdk.internal.reflect.DelegatingMethodAccessorImpl.invoke(DelegatingMethodAccessorImpl.java:43)&#xa;Caused by: com.kms.katalon.core.exception.StepFailedException: Web element with id: 'Object Repository/EK_Objects/Page_Mozart - LocalSettlements/show_exceptions' located by 'By.xpath: //div[@class='pl-1']' is present after '10' second(s)&#xa;	at com.kms.katalon.core.webui.keyword.internal.WebUIKeywordMain.stepFailed(WebUIKeywordMain.groovy:64)&#xa;	at com.kms.katalon.core.webui.keyword.internal.WebUIKeywordMain$stepFailed$0.call(Unknown Source)&#xa;	at com.kms.katalon.core.webui.keyword.builtin.VerifyElementNotPresentKeyword$_verifyElementNotPresent_closure1.doCall(VerifyElementNotPresentKeyword.groovy:122)&#xa;	at com.kms.katalon.core.webui.keyword.builtin.VerifyElementNotPresentKeyword$_verifyElementNotPresent_closure1.doCall(VerifyElementNotPresentKeyword.groovy)&#xa;	at java.base/jdk.internal.reflect.NativeMethodAccessorImpl.invoke0(Native Method)&#xa;	at java.base/jdk.internal.reflect.NativeMethodAccessorImpl.invoke(NativeMethodAccessorImpl.java:77)&#xa;	at java.base/jdk.internal.reflect.DelegatingMethodAccessorImpl.invoke(DelegatingMethodAccessorImpl.java:43)&#xa;	at com.kms.katalon.core.webui.keyword.internal.WebUIKeywordMain.runKeyword(WebUIKeywordMain.groovy:20)&#xa;	... 21 more&#xa;"/>
         <system-out><![CDATA[15-10-2024T16:40:10 - [TEST_CASE][FAILED] - Test Cases/MOZ-10510/TC 5_MOZ_11446 Verify Landing Page Layout and Filtering Area for the Local Settlements Module: Test Cases/MOZ-10510/TC 5_MOZ_11446 Verify Landing Page Layout and Filtering Area for the Local Settlements Module FAILED.
Reason:
com.kms.katalon.core.exception.StepFailedException: Unable to verify object 'Object Repository/EK_Objects/Page_Mozart - LocalSettlements/show_exceptions' is not present
	at com.kms.katalon.core.webui.keyword.internal.WebUIKeywordMain.stepFailed(WebUIKeywordMain.groovy:64)
	at com.kms.katalon.core.webui.keyword.internal.WebUIKeywordMain.runKeyword(WebUIKeywordMain.groovy:26)
	at com.kms.katalon.core.webui.keyword.internal.WebUIKeywordMain$runKeyword.call(Unknown Source)
	at com.kms.katalon.core.webui.keyword.builtin.VerifyElementNotPresentKeyword.verifyElementNotPresent(VerifyElementNotPresentKeyword.groovy:131)
	at com.kms.katalon.core.webui.keyword.builtin.VerifyElementNotPresentKeyword.execute(VerifyElementNotPresentKeyword.groovy:69)
	at com.kms.katalon.core.keyword.internal.KeywordExecutor.executeKeywordForPlatform(KeywordExecutor.groovy:74)
	at com.kms.katalon.core.webui.keyword.WebUiBuiltInKeywords.verifyElementNotPresent(WebUiBuiltInKeywords.groovy:1536)
	at TC 5_MOZ_11446 Verify Landing Page Layout and Filtering Area for the Local Settlements Module.run(TC 5_MOZ_11446 Verify Landing Page Layout and Filtering Area for the Local Settlements Module:36)
	at com.kms.katalon.core.main.ScriptEngine.run(ScriptEngine.java:194)
	at com.kms.katalon.core.main.ScriptEngine.runScriptAsRawText(ScriptEngine.java:119)
	at com.kms.katalon.core.main.TestCaseExecutor.runScript(TestCaseExecutor.java:448)
	at com.kms.katalon.core.main.TestCaseExecutor.doExecute(TestCaseExecutor.java:439)
	at com.kms.katalon.core.main.TestCaseExecutor.processExecutionPhase(TestCaseExecutor.java:418)
	at com.kms.katalon.core.main.TestCaseExecutor.accessMainPhase(TestCaseExecutor.java:410)
	at com.kms.katalon.core.main.TestCaseExecutor.execute(TestCaseExecutor.java:285)
	at com.kms.katalon.core.common.CommonExecutor.accessTestCaseMainPhase(CommonExecutor.java:65)
	at com.kms.katalon.core.main.TestSuiteExecutor.accessTestSuiteMainPhase(TestSuiteExecutor.java:150)
	at com.kms.katalon.core.main.TestSuiteExecutor.execute(TestSuiteExecutor.java:106)
	at com.kms.katalon.core.main.TestCaseMain.startTestSuite(TestCaseMain.java:180)
	at TempTestSuite1728989799265.run(TempTestSuite1728989799265.groovy:35)
	at java.base/jdk.internal.reflect.NativeMethodAccessorImpl.invoke0(Native Method)
	at java.base/jdk.internal.reflect.NativeMethodAccessorImpl.invoke(NativeMethodAccessorImpl.java:77)
	at java.base/jdk.internal.reflect.DelegatingMethodAccessorImpl.invoke(DelegatingMethodAccessorImpl.java:43)
Caused by: com.kms.katalon.core.exception.StepFailedException: Web element with id: 'Object Repository/EK_Objects/Page_Mozart - LocalSettlements/show_exceptions' located by 'By.xpath: //div[@class='pl-1']' is present after '10' second(s)
	at com.kms.katalon.core.webui.keyword.internal.WebUIKeywordMain.stepFailed(WebUIKeywordMain.groovy:64)
	at com.kms.katalon.core.webui.keyword.internal.WebUIKeywordMain$stepFailed$0.call(Unknown Source)
	at com.kms.katalon.core.webui.keyword.builtin.VerifyElementNotPresentKeyword$_verifyElementNotPresent_closure1.doCall(VerifyElementNotPresentKeyword.groovy:122)
	at com.kms.katalon.core.webui.keyword.builtin.VerifyElementNotPresentKeyword$_verifyElementNotPresent_closure1.doCall(VerifyElementNotPresentKeyword.groovy)
	at java.base/jdk.internal.reflect.NativeMethodAccessorImpl.invoke0(Native Method)
	at java.base/jdk.internal.reflect.NativeMethodAccessorImpl.invoke(NativeMethodAccessorImpl.java:77)
	at java.base/jdk.internal.reflect.DelegatingMethodAccessorImpl.invoke(DelegatingMethodAccessorImpl.java:43)
	at com.kms.katalon.core.webui.keyword.internal.WebUIKeywordMain.runKeyword(WebUIKeywordMain.groovy:20)
	... 21 more


15-10-2024T16:40:11 - [TEST_STEP][PASSED] - demoPackage.MozartLogin.LoginWithChromeForEK(): demoPackage.MozartLogin.LoginWithChromeForEK is PASSED

15-10-2024T16:40:11 - [MESSAGE][INFO] - Starting 'Chrome' driver

15-10-2024T16:40:11 - [MESSAGE][INFO] - Action delay is set to 0 milliseconds

15-10-2024T16:40:12 - [MESSAGE][PASSED] - Browser is opened with url: ''

15-10-2024T16:40:13 - [MESSAGE][PASSED] - Navigate to 'https://accelyacomtest.accelya.local/MozartTest/AirlinesHub/Index' successfully

15-10-2024T16:40:13 - [MESSAGE][PASSED] - Current window maximized

15-10-2024T16:40:13 - [MESSAGE][PASSED] - Object: 'Object Repository/Demo/MozartChrome/ChromeAdvance/ClickOnAdvanceButton' is clicked on

15-10-2024T16:40:26 - [MESSAGE][PASSED] - Object: 'Object Repository/Demo/MozartChrome/ChromeAdvance/ProccedLink' is clicked on

15-10-2024T16:40:27 - [MESSAGE][PASSED] - Text 'supermozart' is set on object 'Object Repository/Demo/MozartChrome/Page_/input_Username_Login'

15-10-2024T16:40:27 - [MESSAGE][PASSED] - Object: 'Object Repository/Demo/MozartChrome/Page_/button_Next' is clicked on

15-10-2024T16:40:28 - [MESSAGE][PASSED] - Text 'Accelya.1' is set on object 'Object Repository/Demo/MozartChrome/Page_/input_Password_Password'

15-10-2024T16:40:28 - [MESSAGE][PASSED] - Object: 'Object Repository/Demo/MozartChrome/Page_/button_Sign in' is clicked on

15-10-2024T16:40:33 - [MESSAGE][PASSED] - Object: 'Object Repository/Demo/MozartChrome/Page_Mozart - AirlinesHub/button_Please select' is clicked on

15-10-2024T16:40:34 - [MESSAGE][PASSED] - Object: 'Object Repository/EK_Objects/Page_Mozart - AirlinesHub/a_176 Emirates' is clicked on

15-10-2024T16:40:37 - [MESSAGE][PASSED] - Object: 'Object Repository/Demo/MozartChrome/Page_Mozart - AirlinesHub/a_Select' is clicked on

15-10-2024T16:40:37 - [MESSAGE][PASSED] - demoPackage.MozartLogin.LoginWithChromeForEK is PASSED

15-10-2024T16:40:37 - [TEST_STEP][PASSED] - click(findTestObject("EK_Objects/Page_Mozart - Dashboard/a_Refunds")): Object: 'Object Repository/EK_Objects/Page_Mozart - Dashboard/a_Refunds' is clicked on

15-10-2024T16:40:44 - [MESSAGE][PASSED] - Object: 'Object Repository/EK_Objects/Page_Mozart - Dashboard/a_Refunds' is clicked on

15-10-2024T16:40:44 - [TEST_STEP][PASSED] - verifyElementPresent(findTestObject("EK_Objects/Page_Mozart - Dashboard/Click_On_Local_Settlements"), 2): Object 'Object Repository/EK_Objects/Page_Mozart - Dashboard/Click_On_Local_Settlements' is present

15-10-2024T16:40:44 - [MESSAGE][PASSED] - Object 'Object Repository/EK_Objects/Page_Mozart - Dashboard/Click_On_Local_Settlements' is present

15-10-2024T16:40:44 - [TEST_STEP][PASSED] - click(findTestObject("Object Repository/EK_Objects/Page_Mozart - Dashboard/Click_On_Local_Settlements")): Object: 'Object Repository/EK_Objects/Page_Mozart - Dashboard/Click_On_Local_Settlements' is clicked on

15-10-2024T16:40:45 - [MESSAGE][PASSED] - Object: 'Object Repository/EK_Objects/Page_Mozart - Dashboard/Click_On_Local_Settlements' is clicked on

15-10-2024T16:40:45 - [TEST_STEP][PASSED] - click(findTestObject("Object Repository/EK_Objects/Page_Mozart - LocalSettlements/filter_button")): Object: 'Object Repository/EK_Objects/Page_Mozart - LocalSettlements/filter_button' is clicked on

15-10-2024T16:40:47 - [MESSAGE][PASSED] - Object: 'Object Repository/EK_Objects/Page_Mozart - LocalSettlements/filter_button' is clicked on

15-10-2024T16:40:47 - [TEST_STEP][PASSED] - verifyElementNotPresent(findTestObject("Object Repository/EK_Objects/Page_Mozart - LocalSettlements/compact_mode"), 10): Web element with id: 'Object Repository/EK_Objects/Page_Mozart - LocalSettlements/compact_mode' located by 'By.xpath: (//div[@class='custom-control custom-switch ml-2'])[1]' is not present after '10' second(s)

15-10-2024T16:40:47 - [MESSAGE][PASSED] - Web element with id: 'Object Repository/EK_Objects/Page_Mozart - LocalSettlements/compact_mode' located by 'By.xpath: (//div[@class='custom-control custom-switch ml-2'])[1]' is not present after '10' second(s)

15-10-2024T16:40:47 - [TEST_STEP][PASSED] - verifyElementNotPresent(findTestObject("Object Repository/EK_Objects/Page_Mozart - LocalSettlements/grouped"), 10): Web element with id: 'Object Repository/EK_Objects/Page_Mozart - LocalSettlements/grouped' located by 'By.xpath: (//div[@class='custom-control custom-switch ml-2'])[2]' is not present after '10' second(s)

15-10-2024T16:40:47 - [MESSAGE][PASSED] - Web element with id: 'Object Repository/EK_Objects/Page_Mozart - LocalSettlements/grouped' located by 'By.xpath: (//div[@class='custom-control custom-switch ml-2'])[2]' is not present after '10' second(s)

15-10-2024T16:40:47 - [TEST_STEP][FAILED] - verifyElementNotPresent(findTestObject("Object Repository/EK_Objects/Page_Mozart - LocalSettlements/show_exceptions"), 10): Unable to verify object 'Object Repository/EK_Objects/Page_Mozart - LocalSettlements/show_exceptions' is not present (Root cause: com.kms.katalon.core.exception.StepFailedException: Unable to verify object 'Object Repository/EK_Objects/Page_Mozart - LocalSettlements/show_exceptions' is not present
	at com.kms.katalon.core.webui.keyword.internal.WebUIKeywordMain.stepFailed(WebUIKeywordMain.groovy:64)
	at com.kms.katalon.core.webui.keyword.internal.WebUIKeywordMain.runKeyword(WebUIKeywordMain.groovy:26)
	at com.kms.katalon.core.webui.keyword.internal.WebUIKeywordMain$runKeyword.call(Unknown Source)
	at com.kms.katalon.core.webui.keyword.builtin.VerifyElementNotPresentKeyword.verifyElementNotPresent(VerifyElementNotPresentKeyword.groovy:131)
	at com.kms.katalon.core.webui.keyword.builtin.VerifyElementNotPresentKeyword.execute(VerifyElementNotPresentKeyword.groovy:69)
	at com.kms.katalon.core.keyword.internal.KeywordExecutor.executeKeywordForPlatform(KeywordExecutor.groovy:74)
	at com.kms.katalon.core.webui.keyword.WebUiBuiltInKeywords.verifyElementNotPresent(WebUiBuiltInKeywords.groovy:1536)
	at TC 5_MOZ_11446 Verify Landing Page Layout and Filtering Area for the Local Settlements Module.run(TC 5_MOZ_11446 Verify Landing Page Layout and Filtering Area for the Local Settlements Module:36)
	at com.kms.katalon.core.main.ScriptEngine.run(ScriptEngine.java:194)
	at com.kms.katalon.core.main.ScriptEngine.runScriptAsRawText(ScriptEngine.java:119)
	at com.kms.katalon.core.main.TestCaseExecutor.runScript(TestCaseExecutor.java:448)
	at com.kms.katalon.core.main.TestCaseExecutor.doExecute(TestCaseExecutor.java:439)
	at com.kms.katalon.core.main.TestCaseExecutor.processExecutionPhase(TestCaseExecutor.java:418)
	at com.kms.katalon.core.main.TestCaseExecutor.accessMainPhase(TestCaseExecutor.java:410)
	at com.kms.katalon.core.main.TestCaseExecutor.execute(TestCaseExecutor.java:285)
	at com.kms.katalon.core.common.CommonExecutor.accessTestCaseMainPhase(CommonExecutor.java:65)
	at com.kms.katalon.core.main.TestSuiteExecutor.accessTestSuiteMainPhase(TestSuiteExecutor.java:150)
	at com.kms.katalon.core.main.TestSuiteExecutor.execute(TestSuiteExecutor.java:106)
	at com.kms.katalon.core.main.TestCaseMain.startTestSuite(TestCaseMain.java:180)
	at TempTestSuite1728989799265.run(TempTestSuite1728989799265.groovy:35)
	at java.base/jdk.internal.reflect.NativeMethodAccessorImpl.invoke0(Native Method)
	at java.base/jdk.internal.reflect.NativeMethodAccessorImpl.invoke(NativeMethodAccessorImpl.java:77)
	at java.base/jdk.internal.reflect.DelegatingMethodAccessorImpl.invoke(DelegatingMethodAccessorImpl.java:43)
Caused by: com.kms.katalon.core.exception.StepFailedException: Web element with id: 'Object Repository/EK_Objects/Page_Mozart - LocalSettlements/show_exceptions' located by 'By.xpath: //div[@class='pl-1']' is present after '10' second(s)
	at com.kms.katalon.core.webui.keyword.internal.WebUIKeywordMain.stepFailed(WebUIKeywordMain.groovy:64)
	at com.kms.katalon.core.webui.keyword.internal.WebUIKeywordMain$stepFailed$0.call(Unknown Source)
	at com.kms.katalon.core.webui.keyword.builtin.VerifyElementNotPresentKeyword$_verifyElementNotPresent_closure1.doCall(VerifyElementNotPresentKeyword.groovy:122)
	at com.kms.katalon.core.webui.keyword.builtin.VerifyElementNotPresentKeyword$_verifyElementNotPresent_closure1.doCall(VerifyElementNotPresentKeyword.groovy)
	at java.base/jdk.internal.reflect.NativeMethodAccessorImpl.invoke0(Native Method)
	at java.base/jdk.internal.reflect.NativeMethodAccessorImpl.invoke(NativeMethodAccessorImpl.java:77)
	at java.base/jdk.internal.reflect.DelegatingMethodAccessorImpl.invoke(DelegatingMethodAccessorImpl.java:43)
	at com.kms.katalon.core.webui.keyword.internal.WebUIKeywordMain.runKeyword(WebUIKeywordMain.groovy:20)
	... 21 more
)

15-10-2024T16:40:58 - [MESSAGE][FAILED] - Web element with id: 'Object Repository/EK_Objects/Page_Mozart - LocalSettlements/show_exceptions' located by 'By.xpath: //div[@class='pl-1']' is present after '10' second(s) (Root cause: com.kms.katalon.core.exception.StepFailedException: Web element with id: 'Object Repository/EK_Objects/Page_Mozart - LocalSettlements/show_exceptions' located by 'By.xpath: //div[@class='pl-1']' is present after '10' second(s)
	at com.kms.katalon.core.webui.keyword.internal.WebUIKeywordMain.stepFailed(WebUIKeywordMain.groovy:64)
	at com.kms.katalon.core.webui.keyword.internal.WebUIKeywordMain$stepFailed$0.call(Unknown Source)
	at com.kms.katalon.core.webui.keyword.builtin.VerifyElementNotPresentKeyword$_verifyElementNotPresent_closure1.doCall(VerifyElementNotPresentKeyword.groovy:122)
	at com.kms.katalon.core.webui.keyword.builtin.VerifyElementNotPresentKeyword$_verifyElementNotPresent_closure1.doCall(VerifyElementNotPresentKeyword.groovy)
	at java.base/jdk.internal.reflect.NativeMethodAccessorImpl.invoke0(Native Method)
	at java.base/jdk.internal.reflect.NativeMethodAccessorImpl.invoke(NativeMethodAccessorImpl.java:77)
	at java.base/jdk.internal.reflect.DelegatingMethodAccessorImpl.invoke(DelegatingMethodAccessorImpl.java:43)
	at com.kms.katalon.core.webui.keyword.internal.WebUIKeywordMain.runKeyword(WebUIKeywordMain.groovy:20)
	at com.kms.katalon.core.webui.keyword.internal.WebUIKeywordMain$runKeyword.call(Unknown Source)
	at com.kms.katalon.core.webui.keyword.builtin.VerifyElementNotPresentKeyword.verifyElementNotPresent(VerifyElementNotPresentKeyword.groovy:131)
	at com.kms.katalon.core.webui.keyword.builtin.VerifyElementNotPresentKeyword.execute(VerifyElementNotPresentKeyword.groovy:69)
	at com.kms.katalon.core.keyword.internal.KeywordExecutor.executeKeywordForPlatform(KeywordExecutor.groovy:74)
	at com.kms.katalon.core.webui.keyword.WebUiBuiltInKeywords.verifyElementNotPresent(WebUiBuiltInKeywords.groovy:1536)
	at TC 5_MOZ_11446 Verify Landing Page Layout and Filtering Area for the Local Settlements Module.run(TC 5_MOZ_11446 Verify Landing Page Layout and Filtering Area for the Local Settlements Module:36)
	at com.kms.katalon.core.main.ScriptEngine.run(ScriptEngine.java:194)
	at com.kms.katalon.core.main.ScriptEngine.runScriptAsRawText(ScriptEngine.java:119)
	at com.kms.katalon.core.main.TestCaseExecutor.runScript(TestCaseExecutor.java:448)
	at com.kms.katalon.core.main.TestCaseExecutor.doExecute(TestCaseExecutor.java:439)
	at com.kms.katalon.core.main.TestCaseExecutor.processExecutionPhase(TestCaseExecutor.java:418)
	at com.kms.katalon.core.main.TestCaseExecutor.accessMainPhase(TestCaseExecutor.java:410)
	at com.kms.katalon.core.main.TestCaseExecutor.execute(TestCaseExecutor.java:285)
	at com.kms.katalon.core.common.CommonExecutor.accessTestCaseMainPhase(CommonExecutor.java:65)
	at com.kms.katalon.core.main.TestSuiteExecutor.accessTestSuiteMainPhase(TestSuiteExecutor.java:150)
	at com.kms.katalon.core.main.TestSuiteExecutor.execute(TestSuiteExecutor.java:106)
	at com.kms.katalon.core.main.TestCaseMain.startTestSuite(TestCaseMain.java:180)
	at TempTestSuite1728989799265.run(TempTestSuite1728989799265.groovy:35)
	at java.base/jdk.internal.reflect.NativeMethodAccessorImpl.invoke0(Native Method)
	at java.base/jdk.internal.reflect.NativeMethodAccessorImpl.invoke(NativeMethodAccessorImpl.java:77)
	at java.base/jdk.internal.reflect.DelegatingMethodAccessorImpl.invoke(DelegatingMethodAccessorImpl.java:43)
)
[[ATTACHMENT|C:\\Users\\ranjit.vadar\\Katalon Studio\\Mozart Emirates\\Reports\\20241015_162639\\MOZART\\TEST\\20241015_162639\\1728990658050.png]]

15-10-2024T16:40:58 - [MESSAGE][FAILED] - Unable to verify object 'Object Repository/EK_Objects/Page_Mozart - LocalSettlements/show_exceptions' is not present (Root cause: com.kms.katalon.core.exception.StepFailedException: Unable to verify object 'Object Repository/EK_Objects/Page_Mozart - LocalSettlements/show_exceptions' is not present
	at com.kms.katalon.core.webui.keyword.internal.WebUIKeywordMain.stepFailed(WebUIKeywordMain.groovy:64)
	at com.kms.katalon.core.webui.keyword.internal.WebUIKeywordMain.runKeyword(WebUIKeywordMain.groovy:26)
	at com.kms.katalon.core.webui.keyword.internal.WebUIKeywordMain$runKeyword.call(Unknown Source)
	at com.kms.katalon.core.webui.keyword.builtin.VerifyElementNotPresentKeyword.verifyElementNotPresent(VerifyElementNotPresentKeyword.groovy:131)
	at com.kms.katalon.core.webui.keyword.builtin.VerifyElementNotPresentKeyword.execute(VerifyElementNotPresentKeyword.groovy:69)
	at com.kms.katalon.core.keyword.internal.KeywordExecutor.executeKeywordForPlatform(KeywordExecutor.groovy:74)
	at com.kms.katalon.core.webui.keyword.WebUiBuiltInKeywords.verifyElementNotPresent(WebUiBuiltInKeywords.groovy:1536)
	at TC 5_MOZ_11446 Verify Landing Page Layout and Filtering Area for the Local Settlements Module.run(TC 5_MOZ_11446 Verify Landing Page Layout and Filtering Area for the Local Settlements Module:36)
	at com.kms.katalon.core.main.ScriptEngine.run(ScriptEngine.java:194)
	at com.kms.katalon.core.main.ScriptEngine.runScriptAsRawText(ScriptEngine.java:119)
	at com.kms.katalon.core.main.TestCaseExecutor.runScript(TestCaseExecutor.java:448)
	at com.kms.katalon.core.main.TestCaseExecutor.doExecute(TestCaseExecutor.java:439)
	at com.kms.katalon.core.main.TestCaseExecutor.processExecutionPhase(TestCaseExecutor.java:418)
	at com.kms.katalon.core.main.TestCaseExecutor.accessMainPhase(TestCaseExecutor.java:410)
	at com.kms.katalon.core.main.TestCaseExecutor.execute(TestCaseExecutor.java:285)
	at com.kms.katalon.core.common.CommonExecutor.accessTestCaseMainPhase(CommonExecutor.java:65)
	at com.kms.katalon.core.main.TestSuiteExecutor.accessTestSuiteMainPhase(TestSuiteExecutor.java:150)
	at com.kms.katalon.core.main.TestSuiteExecutor.execute(TestSuiteExecutor.java:106)
	at com.kms.katalon.core.main.TestCaseMain.startTestSuite(TestCaseMain.java:180)
	at TempTestSuite1728989799265.run(TempTestSuite1728989799265.groovy:35)
	at java.base/jdk.internal.reflect.NativeMethodAccessorImpl.invoke0(Native Method)
	at java.base/jdk.internal.reflect.NativeMethodAccessorImpl.invoke(NativeMethodAccessorImpl.java:77)
	at java.base/jdk.internal.reflect.DelegatingMethodAccessorImpl.invoke(DelegatingMethodAccessorImpl.java:43)
Caused by: com.kms.katalon.core.exception.StepFailedException: Web element with id: 'Object Repository/EK_Objects/Page_Mozart - LocalSettlements/show_exceptions' located by 'By.xpath: //div[@class='pl-1']' is present after '10' second(s)
	at com.kms.katalon.core.webui.keyword.internal.WebUIKeywordMain.stepFailed(WebUIKeywordMain.groovy:64)
	at com.kms.katalon.core.webui.keyword.internal.WebUIKeywordMain$stepFailed$0.call(Unknown Source)
	at com.kms.katalon.core.webui.keyword.builtin.VerifyElementNotPresentKeyword$_verifyElementNotPresent_closure1.doCall(VerifyElementNotPresentKeyword.groovy:122)
	at com.kms.katalon.core.webui.keyword.builtin.VerifyElementNotPresentKeyword$_verifyElementNotPresent_closure1.doCall(VerifyElementNotPresentKeyword.groovy)
	at java.base/jdk.internal.reflect.NativeMethodAccessorImpl.invoke0(Native Method)
	at java.base/jdk.internal.reflect.NativeMethodAccessorImpl.invoke(NativeMethodAccessorImpl.java:77)
	at java.base/jdk.internal.reflect.DelegatingMethodAccessorImpl.invoke(DelegatingMethodAccessorImpl.java:43)
	at com.kms.katalon.core.webui.keyword.internal.WebUIKeywordMain.runKeyword(WebUIKeywordMain.groovy:20)
	... 21 more
)
[[ATTACHMENT|C:\\Users\\ranjit.vadar\\Katalon Studio\\Mozart Emirates\\Reports\\20241015_162639\\MOZART\\TEST\\20241015_162639\\1728990658202.png]]]]></system-out>
         <system-err><![CDATA[15-10-2024T16:40:10 - [TEST_CASE][FAILED] - Test Cases/MOZ-10510/TC 5_MOZ_11446 Verify Landing Page Layout and Filtering Area for the Local Settlements Module: Test Cases/MOZ-10510/TC 5_MOZ_11446 Verify Landing Page Layout and Filtering Area for the Local Settlements Module FAILED.
Reason:
com.kms.katalon.core.exception.StepFailedException: Unable to verify object 'Object Repository/EK_Objects/Page_Mozart - LocalSettlements/show_exceptions' is not present
	at com.kms.katalon.core.webui.keyword.internal.WebUIKeywordMain.stepFailed(WebUIKeywordMain.groovy:64)
	at com.kms.katalon.core.webui.keyword.internal.WebUIKeywordMain.runKeyword(WebUIKeywordMain.groovy:26)
	at com.kms.katalon.core.webui.keyword.internal.WebUIKeywordMain$runKeyword.call(Unknown Source)
	at com.kms.katalon.core.webui.keyword.builtin.VerifyElementNotPresentKeyword.verifyElementNotPresent(VerifyElementNotPresentKeyword.groovy:131)
	at com.kms.katalon.core.webui.keyword.builtin.VerifyElementNotPresentKeyword.execute(VerifyElementNotPresentKeyword.groovy:69)
	at com.kms.katalon.core.keyword.internal.KeywordExecutor.executeKeywordForPlatform(KeywordExecutor.groovy:74)
	at com.kms.katalon.core.webui.keyword.WebUiBuiltInKeywords.verifyElementNotPresent(WebUiBuiltInKeywords.groovy:1536)
	at TC 5_MOZ_11446 Verify Landing Page Layout and Filtering Area for the Local Settlements Module.run(TC 5_MOZ_11446 Verify Landing Page Layout and Filtering Area for the Local Settlements Module:36)
	at com.kms.katalon.core.main.ScriptEngine.run(ScriptEngine.java:194)
	at com.kms.katalon.core.main.ScriptEngine.runScriptAsRawText(ScriptEngine.java:119)
	at com.kms.katalon.core.main.TestCaseExecutor.runScript(TestCaseExecutor.java:448)
	at com.kms.katalon.core.main.TestCaseExecutor.doExecute(TestCaseExecutor.java:439)
	at com.kms.katalon.core.main.TestCaseExecutor.processExecutionPhase(TestCaseExecutor.java:418)
	at com.kms.katalon.core.main.TestCaseExecutor.accessMainPhase(TestCaseExecutor.java:410)
	at com.kms.katalon.core.main.TestCaseExecutor.execute(TestCaseExecutor.java:285)
	at com.kms.katalon.core.common.CommonExecutor.accessTestCaseMainPhase(CommonExecutor.java:65)
	at com.kms.katalon.core.main.TestSuiteExecutor.accessTestSuiteMainPhase(TestSuiteExecutor.java:150)
	at com.kms.katalon.core.main.TestSuiteExecutor.execute(TestSuiteExecutor.java:106)
	at com.kms.katalon.core.main.TestCaseMain.startTestSuite(TestCaseMain.java:180)
	at TempTestSuite1728989799265.run(TempTestSuite1728989799265.groovy:35)
	at java.base/jdk.internal.reflect.NativeMethodAccessorImpl.invoke0(Native Method)
	at java.base/jdk.internal.reflect.NativeMethodAccessorImpl.invoke(NativeMethodAccessorImpl.java:77)
	at java.base/jdk.internal.reflect.DelegatingMethodAccessorImpl.invoke(DelegatingMethodAccessorImpl.java:43)
Caused by: com.kms.katalon.core.exception.StepFailedException: Web element with id: 'Object Repository/EK_Objects/Page_Mozart - LocalSettlements/show_exceptions' located by 'By.xpath: //div[@class='pl-1']' is present after '10' second(s)
	at com.kms.katalon.core.webui.keyword.internal.WebUIKeywordMain.stepFailed(WebUIKeywordMain.groovy:64)
	at com.kms.katalon.core.webui.keyword.internal.WebUIKeywordMain$stepFailed$0.call(Unknown Source)
	at com.kms.katalon.core.webui.keyword.builtin.VerifyElementNotPresentKeyword$_verifyElementNotPresent_closure1.doCall(VerifyElementNotPresentKeyword.groovy:122)
	at com.kms.katalon.core.webui.keyword.builtin.VerifyElementNotPresentKeyword$_verifyElementNotPresent_closure1.doCall(VerifyElementNotPresentKeyword.groovy)
	at java.base/jdk.internal.reflect.NativeMethodAccessorImpl.invoke0(Native Method)
	at java.base/jdk.internal.reflect.NativeMethodAccessorImpl.invoke(NativeMethodAccessorImpl.java:77)
	at java.base/jdk.internal.reflect.DelegatingMethodAccessorImpl.invoke(DelegatingMethodAccessorImpl.java:43)
	at com.kms.katalon.core.webui.keyword.internal.WebUIKeywordMain.runKeyword(WebUIKeywordMain.groovy:20)
	... 21 more]]></system-err>
      </testcase>
      <testcase name="Test Cases/MOZ-10510/TC 1_MOZ_11444 Verify Creation of the Local Settlements Module in Mozart" time="48.896" classname="Test Cases/MOZ-10510/TC 1_MOZ_11444 Verify Creation of the Local Settlements Module in Mozart" status="PASSED">
         <system-out><![CDATA[15-10-2024T16:40:58 - [TEST_CASE][PASSED] - Test Cases/MOZ-10510/TC 1_MOZ_11444 Verify Creation of the Local Settlements Module in Mozart: Test Cases/MOZ-10510/TC 1_MOZ_11444 Verify Creation of the Local Settlements Module in Mozart

15-10-2024T16:40:58 - [TEST_STEP][PASSED] - demoPackage.MozartLogin.LoginWithChromeForEK(): demoPackage.MozartLogin.LoginWithChromeForEK is PASSED

15-10-2024T16:40:58 - [MESSAGE][WARNING] - A browser is already opened. Closing browser and opening a new one

15-10-2024T16:40:59 - [MESSAGE][INFO] - Starting 'Chrome' driver

15-10-2024T16:40:59 - [MESSAGE][INFO] - Action delay is set to 0 milliseconds

15-10-2024T16:41:00 - [MESSAGE][PASSED] - Browser is opened with url: ''

15-10-2024T16:41:01 - [MESSAGE][PASSED] - Navigate to 'https://accelyacomtest.accelya.local/MozartTest/AirlinesHub/Index' successfully

15-10-2024T16:41:01 - [MESSAGE][PASSED] - Current window maximized

15-10-2024T16:41:01 - [MESSAGE][PASSED] - Object: 'Object Repository/Demo/MozartChrome/ChromeAdvance/ClickOnAdvanceButton' is clicked on

15-10-2024T16:41:12 - [MESSAGE][PASSED] - Object: 'Object Repository/Demo/MozartChrome/ChromeAdvance/ProccedLink' is clicked on

15-10-2024T16:41:13 - [MESSAGE][PASSED] - Text 'supermozart' is set on object 'Object Repository/Demo/MozartChrome/Page_/input_Username_Login'

15-10-2024T16:41:13 - [MESSAGE][PASSED] - Object: 'Object Repository/Demo/MozartChrome/Page_/button_Next' is clicked on

15-10-2024T16:41:15 - [MESSAGE][PASSED] - Text 'Accelya.1' is set on object 'Object Repository/Demo/MozartChrome/Page_/input_Password_Password'

15-10-2024T16:41:15 - [MESSAGE][PASSED] - Object: 'Object Repository/Demo/MozartChrome/Page_/button_Sign in' is clicked on

15-10-2024T16:41:26 - [MESSAGE][PASSED] - Object: 'Object Repository/Demo/MozartChrome/Page_Mozart - AirlinesHub/button_Please select' is clicked on

15-10-2024T16:41:27 - [MESSAGE][PASSED] - Object: 'Object Repository/EK_Objects/Page_Mozart - AirlinesHub/a_176 Emirates' is clicked on

15-10-2024T16:41:30 - [MESSAGE][PASSED] - Object: 'Object Repository/Demo/MozartChrome/Page_Mozart - AirlinesHub/a_Select' is clicked on

15-10-2024T16:41:30 - [MESSAGE][PASSED] - demoPackage.MozartLogin.LoginWithChromeForEK is PASSED

15-10-2024T16:41:30 - [TEST_STEP][PASSED] - click(findTestObject("EK_Objects/Page_Mozart - Dashboard/a_Refunds")): Object: 'Object Repository/EK_Objects/Page_Mozart - Dashboard/a_Refunds' is clicked on

15-10-2024T16:41:46 - [MESSAGE][PASSED] - Object: 'Object Repository/EK_Objects/Page_Mozart - Dashboard/a_Refunds' is clicked on

15-10-2024T16:41:46 - [TEST_STEP][PASSED] - verifyElementPresent(findTestObject("EK_Objects/Page_Mozart - Dashboard/Click_On_Local_Settlements"), 2): Object 'Object Repository/EK_Objects/Page_Mozart - Dashboard/Click_On_Local_Settlements' is present

15-10-2024T16:41:46 - [MESSAGE][PASSED] - Object 'Object Repository/EK_Objects/Page_Mozart - Dashboard/Click_On_Local_Settlements' is present

15-10-2024T16:41:46 - [TEST_STEP][PASSED] - closeBrowser(): Browser is closed

15-10-2024T16:41:47 - [MESSAGE][PASSED] - Browser is closed]]></system-out>
         <system-err><![CDATA[]]></system-err>
      </testcase>
      <system-out><![CDATA[15-10-2024T16:26:59 - [TEST_SUITE][FAILED] - TEST: Test Cases/MOZ-9700/TC 2_MOZ-9885 Verify that when the email address is not filled than user can still save it as a draft FAILED.
Reason:
com.kms.katalon.core.exception.StepFailedException: Actual text '' and expected text '1212' are not matched
	at com.kms.katalon.core.keyword.builtin.VerifyMatchKeyword$_verifyMatch_closure1.doCall(VerifyMatchKeyword.groovy:57)
	at com.kms.katalon.core.keyword.builtin.VerifyMatchKeyword$_verifyMatch_closure1.call(VerifyMatchKeyword.groovy)
	at com.kms.katalon.core.keyword.internal.KeywordMain.runKeyword(KeywordMain.groovy:75)
	at com.kms.katalon.core.keyword.builtin.VerifyMatchKeyword.verifyMatch(VerifyMatchKeyword.groovy:60)
	at com.kms.katalon.core.keyword.builtin.VerifyMatchKeyword.execute(VerifyMatchKeyword.groovy:45)
	at com.kms.katalon.core.keyword.internal.KeywordExecutor.executeKeywordForPlatform(KeywordExecutor.groovy:74)
	at com.kms.katalon.core.keyword.BuiltinKeywords.verifyMatch(BuiltinKeywords.groovy:78)
	at java.base/jdk.internal.reflect.NativeMethodAccessorImpl.invoke0(Native Method)
	at java.base/jdk.internal.reflect.NativeMethodAccessorImpl.invoke(NativeMethodAccessorImpl.java:77)
	at java.base/jdk.internal.reflect.DelegatingMethodAccessorImpl.invoke(DelegatingMethodAccessorImpl.java:43)
	at TC 2_MOZ-9885 Verify that when the email address is not filled than user can still save it as a draft.run(TC 2_MOZ-9885 Verify that when the email address is not filled than user can still save it as a draft:88)
	at com.kms.katalon.core.main.ScriptEngine.run(ScriptEngine.java:194)
	at com.kms.katalon.core.main.ScriptEngine.runScriptAsRawText(ScriptEngine.java:119)
	at com.kms.katalon.core.main.TestCaseExecutor.runScript(TestCaseExecutor.java:448)
	at com.kms.katalon.core.main.TestCaseExecutor.doExecute(TestCaseExecutor.java:439)
	at com.kms.katalon.core.main.TestCaseExecutor.processExecutionPhase(TestCaseExecutor.java:418)
	at com.kms.katalon.core.main.TestCaseExecutor.accessMainPhase(TestCaseExecutor.java:410)
	at com.kms.katalon.core.main.TestCaseExecutor.execute(TestCaseExecutor.java:285)
	at com.kms.katalon.core.common.CommonExecutor.accessTestCaseMainPhase(CommonExecutor.java:65)
	at com.kms.katalon.core.main.TestSuiteExecutor.accessTestSuiteMainPhase(TestSuiteExecutor.java:150)
	at com.kms.katalon.core.main.TestSuiteExecutor.execute(TestSuiteExecutor.java:106)
	at com.kms.katalon.core.main.TestCaseMain.startTestSuite(TestCaseMain.java:180)
	at TempTestSuite1728989799265.run(TempTestSuite1728989799265.groovy:35)
	at java.base/jdk.internal.reflect.NativeMethodAccessorImpl.invoke0(Native Method)
	at java.base/jdk.internal.reflect.NativeMethodAccessorImpl.invoke(NativeMethodAccessorImpl.java:77)
	at java.base/jdk.internal.reflect.DelegatingMethodAccessorImpl.invoke(DelegatingMethodAccessorImpl.java:43)]]></system-out>
      <system-err><![CDATA[15-10-2024T16:26:59 - [TEST_SUITE][FAILED] - TEST: Test Cases/MOZ-9700/TC 2_MOZ-9885 Verify that when the email address is not filled than user can still save it as a draft FAILED.
Reason:
com.kms.katalon.core.exception.StepFailedException: Actual text '' and expected text '1212' are not matched
	at com.kms.katalon.core.keyword.builtin.VerifyMatchKeyword$_verifyMatch_closure1.doCall(VerifyMatchKeyword.groovy:57)
	at com.kms.katalon.core.keyword.builtin.VerifyMatchKeyword$_verifyMatch_closure1.call(VerifyMatchKeyword.groovy)
	at com.kms.katalon.core.keyword.internal.KeywordMain.runKeyword(KeywordMain.groovy:75)
	at com.kms.katalon.core.keyword.builtin.VerifyMatchKeyword.verifyMatch(VerifyMatchKeyword.groovy:60)
	at com.kms.katalon.core.keyword.builtin.VerifyMatchKeyword.execute(VerifyMatchKeyword.groovy:45)
	at com.kms.katalon.core.keyword.internal.KeywordExecutor.executeKeywordForPlatform(KeywordExecutor.groovy:74)
	at com.kms.katalon.core.keyword.BuiltinKeywords.verifyMatch(BuiltinKeywords.groovy:78)
	at java.base/jdk.internal.reflect.NativeMethodAccessorImpl.invoke0(Native Method)
	at java.base/jdk.internal.reflect.NativeMethodAccessorImpl.invoke(NativeMethodAccessorImpl.java:77)
	at java.base/jdk.internal.reflect.DelegatingMethodAccessorImpl.invoke(DelegatingMethodAccessorImpl.java:43)
	at TC 2_MOZ-9885 Verify that when the email address is not filled than user can still save it as a draft.run(TC 2_MOZ-9885 Verify that when the email address is not filled than user can still save it as a draft:88)
	at com.kms.katalon.core.main.ScriptEngine.run(ScriptEngine.java:194)
	at com.kms.katalon.core.main.ScriptEngine.runScriptAsRawText(ScriptEngine.java:119)
	at com.kms.katalon.core.main.TestCaseExecutor.runScript(TestCaseExecutor.java:448)
	at com.kms.katalon.core.main.TestCaseExecutor.doExecute(TestCaseExecutor.java:439)
	at com.kms.katalon.core.main.TestCaseExecutor.processExecutionPhase(TestCaseExecutor.java:418)
	at com.kms.katalon.core.main.TestCaseExecutor.accessMainPhase(TestCaseExecutor.java:410)
	at com.kms.katalon.core.main.TestCaseExecutor.execute(TestCaseExecutor.java:285)
	at com.kms.katalon.core.common.CommonExecutor.accessTestCaseMainPhase(CommonExecutor.java:65)
	at com.kms.katalon.core.main.TestSuiteExecutor.accessTestSuiteMainPhase(TestSuiteExecutor.java:150)
	at com.kms.katalon.core.main.TestSuiteExecutor.execute(TestSuiteExecutor.java:106)
	at com.kms.katalon.core.main.TestCaseMain.startTestSuite(TestCaseMain.java:180)
	at TempTestSuite1728989799265.run(TempTestSuite1728989799265.groovy:35)
	at java.base/jdk.internal.reflect.NativeMethodAccessorImpl.invoke0(Native Method)
	at java.base/jdk.internal.reflect.NativeMethodAccessorImpl.invoke(NativeMethodAccessorImpl.java:77)
	at java.base/jdk.internal.reflect.DelegatingMethodAccessorImpl.invoke(DelegatingMethodAccessorImpl.java:43)]]></system-err>
   </testsuite>
</testsuites>
