<?xml version="1.0" encoding="UTF-8"?>
<testsuites name="loginSuiteCollection" time="117.682" tests="2" failures="0" errors="0">
   <testsuite name="loginSuite2" tests="1" failures="0" errors="0" time="44.335" skipped="0" timestamp="23-09-2024T18:01:55" hostname="ranajit.vadar - CCE0231.accelya.local" id="Test Suites/loginSuite2">
      <properties>
         <property name="deviceName" value=""/>
         <property name="devicePlatform"/>
         <property name="logFolder" value="C:\\Users\\ranjit.vadar\\Katalon Studio\\Mozart Emirates\\Reports\\20240923_180139\\loginSuite2\\20240923_180140"/>
         <property name="logFiles" value="C:\\Users\\ranjit.vadar\\Katalon Studio\\Mozart Emirates\\Reports\\20240923_180139\\loginSuite2\\20240923_180140\\execution0.log"/>
         <property name="attachments" value=""/>
         <property name="hostName" value="ranajit.vadar - CCE0231.accelya.local"/>
         <property name="os" value="Windows 10 64bit"/>
         <property name="katalonVersion" value="9.5.0.217"/>
         <property name="browser" value="Firefox 127.0"/>
         <property name="hostAddress" value="10.50.1.144"/>
         <property name="sessionId" value="c9a7e720-3bca-4a5d-acdf-b679bca79eae"/>
         <property name="seleniumVersion" value="3.141.59"/>
         <property name="proxyInformation" value="ProxyInformation { proxyOption=NO_PROXY, proxyServerType=HTTP, username=, password=********, proxyServerAddress=, proxyServerPort=0, executionList=&quot;&quot;, isApplyToDesiredCapabilities=true }"/>
         <property name="platform" value="Windows 10"/>
      </properties>
      <testcase name="Test Cases/MOZ-99999/login1" time="43.858" classname="Test Cases/MOZ-99999/login1" status="PASSED">
         <system-out><![CDATA[23-09-2024T18:01:56 - [TEST_CASE][PASSED] - Test Cases/MOZ-99999/login1: Test Cases/MOZ-99999/login1

23-09-2024T18:01:56 - [TEST_STEP][PASSED] - mozartLogin.Login.launchBrowser(): mozartLogin.Login.launchBrowser is PASSED

23-09-2024T18:01:57 - [MESSAGE][INFO] - Starting 'Firefox' driver

23-09-2024T18:01:58 - [MESSAGE][INFO] - Action delay is set to 0 milliseconds

23-09-2024T18:02:05 - [MESSAGE][PASSED] - Browser is opened with url: ''

23-09-2024T18:02:05 - [MESSAGE][PASSED] - Delete all cookies successfully

23-09-2024T18:02:06 - [MESSAGE][PASSED] - Current window maximized

23-09-2024T18:02:14 - [MESSAGE][PASSED] - Navigate to 'https://accelyacomtest.accelya.local/MozartTest/AirlinesHub/Index' successfully

23-09-2024T18:02:15 - [MESSAGE][PASSED] - Keys 'supermozart' sent to object: 'Object Repository/EK_Objects/Page_Mozart - AirlinesHub/username_textBox'

23-09-2024T18:02:15 - [MESSAGE][PASSED] - Object: 'Object Repository/EK_Objects/Page_Mozart - AirlinesHub/next_button' is clicked on

23-09-2024T18:02:16 - [MESSAGE][PASSED] - Text ****** has been set on object 'Object Repository/EK_Objects/Page_Mozart - AirlinesHub/password_textBox'

23-09-2024T18:02:16 - [MESSAGE][PASSED] - Object: 'Object Repository/EK_Objects/Page_Mozart - AirlinesHub/signIn_button' is clicked on

23-09-2024T18:02:32 - [MESSAGE][PASSED] - Delayed 15 second(s)

23-09-2024T18:02:32 - [MESSAGE][PASSED] - 14 options of object 'Object Repository/EK_Objects/Page_Mozart - AirlinesHub/pleaseSelect_button_selectTag' counted

23-09-2024T18:02:33 - [MESSAGE][PASSED] - Object: 'Object Repository/EK_Objects/Page_Mozart - AirlinesHub/pleaseSelect_Button' is clicked on

23-09-2024T18:02:33 - [MESSAGE][PASSED] - Text of object '' is: '000 [StandardAirline]'

23-09-2024T18:02:33 - [MESSAGE][PASSED] - Text of object '' is: '027 [Alaska027]'

23-09-2024T18:02:34 - [MESSAGE][PASSED] - Text of object '' is: '030 [Vueling030]'

23-09-2024T18:02:34 - [MESSAGE][PASSED] - Text of object '' is: '081 [Qantas081]'

23-09-2024T18:02:34 - [MESSAGE][PASSED] - Text of object '' is: '082 [Brussels]'

23-09-2024T18:02:34 - [MESSAGE][PASSED] - Text of object '' is: '114 [ElAl]'

23-09-2024T18:02:35 - [MESSAGE][PASSED] - Text of object '' is: '134 [Avianca]'

23-09-2024T18:02:35 - [MESSAGE][PASSED] - Text of object '' is: '173 [Demo]'

23-09-2024T18:02:35 - [MESSAGE][PASSED] - Text of object '' is: '176 [Emirates]'

23-09-2024T18:02:36 - [MESSAGE][PASSED] - Object: '' is clicked on

23-09-2024T18:02:36 - [MESSAGE][PASSED] - Object: 'Object Repository/EK_Objects/Page_Mozart - AirlinesHub/btn_select' is clicked on

23-09-2024T18:02:38 - [MESSAGE][PASSED] - Actual text and expected text of test object 'Object Repository/EK_Objects/Page_Mozart - Dashboard/txt_dashboard' are matched.

23-09-2024T18:02:38 - [MESSAGE][PASSED] - mozartLogin.Login.launchBrowser is PASSED

23-09-2024T18:02:38 - [TEST_STEP][PASSED] - closeBrowser(): Browser is closed

23-09-2024T18:02:40 - [MESSAGE][PASSED] - Browser is closed]]></system-out>
         <system-err><![CDATA[]]></system-err>
      </testcase>
      <system-out><![CDATA[23-09-2024T18:01:55 - [TEST_SUITE][PASSED] - loginSuite2: Test Cases/MOZ-99999/login1]]></system-out>
      <system-err><![CDATA[]]></system-err>
   </testsuite>
   <testsuite name="loginSuite" tests="1" failures="0" errors="0" time="33.952" skipped="0" timestamp="23-09-2024T18:03:00" hostname="ranajit.vadar - CCE0231.accelya.local" id="Test Suites/loginSuite">
      <properties>
         <property name="deviceName" value=""/>
         <property name="devicePlatform"/>
         <property name="logFolder" value="C:\\Users\\ranjit.vadar\\Katalon Studio\\Mozart Emirates\\Reports\\20240923_180139\\loginSuite\\20240923_180142"/>
         <property name="logFiles" value="C:\\Users\\ranjit.vadar\\Katalon Studio\\Mozart Emirates\\Reports\\20240923_180139\\loginSuite\\20240923_180142\\execution0.log"/>
         <property name="attachments" value=""/>
         <property name="hostName" value="ranajit.vadar - CCE0231.accelya.local"/>
         <property name="os" value="Windows 10 64bit"/>
         <property name="katalonVersion" value="9.5.0.217"/>
         <property name="browser" value="Chrome 128.0.0.0"/>
         <property name="hostAddress" value="10.50.1.144"/>
         <property name="sessionId" value="1705456234e3ae23c5fedad0a92ec37b"/>
         <property name="seleniumVersion" value="3.141.59"/>
         <property name="proxyInformation" value="ProxyInformation { proxyOption=NO_PROXY, proxyServerType=HTTP, username=, password=********, proxyServerAddress=, proxyServerPort=0, executionList=&quot;&quot;, isApplyToDesiredCapabilities=true }"/>
         <property name="platform" value="Windows 10"/>
      </properties>
      <testcase name="Test Cases/MOZ-99999/login1" time="33.475" classname="Test Cases/MOZ-99999/login1" status="PASSED">
         <system-out><![CDATA[23-09-2024T18:03:00 - [TEST_CASE][PASSED] - Test Cases/MOZ-99999/login1: Test Cases/MOZ-99999/login1

23-09-2024T18:03:01 - [TEST_STEP][PASSED] - mozartLogin.Login.launchBrowser(): mozartLogin.Login.launchBrowser is PASSED

23-09-2024T18:03:06 - [MESSAGE][PASSED] - Delete all cookies successfully

23-09-2024T18:03:06 - [MESSAGE][PASSED] - Current window maximized

23-09-2024T18:03:14 - [MESSAGE][PASSED] - Navigate to 'https://accelyacomtest.accelya.local/MozartTest/AirlinesHub/Index' successfully

23-09-2024T18:03:14 - [MESSAGE][PASSED] - Keys 'supermozart' sent to object: 'Object Repository/EK_Objects/Page_Mozart - AirlinesHub/username_textBox'

23-09-2024T18:03:14 - [MESSAGE][PASSED] - Object: 'Object Repository/EK_Objects/Page_Mozart - AirlinesHub/next_button' is clicked on

23-09-2024T18:03:15 - [MESSAGE][PASSED] - Text ****** has been set on object 'Object Repository/EK_Objects/Page_Mozart - AirlinesHub/password_textBox'

23-09-2024T18:03:15 - [MESSAGE][PASSED] - Object: 'Object Repository/EK_Objects/Page_Mozart - AirlinesHub/signIn_button' is clicked on

23-09-2024T18:03:30 - [MESSAGE][PASSED] - Delayed 15 second(s)

23-09-2024T18:03:30 - [MESSAGE][PASSED] - 14 options of object 'Object Repository/EK_Objects/Page_Mozart - AirlinesHub/pleaseSelect_button_selectTag' counted

23-09-2024T18:03:30 - [MESSAGE][PASSED] - Object: 'Object Repository/EK_Objects/Page_Mozart - AirlinesHub/pleaseSelect_Button' is clicked on

23-09-2024T18:03:30 - [MESSAGE][PASSED] - Text of object '' is: '000 [StandardAirline]'

23-09-2024T18:03:31 - [MESSAGE][PASSED] - Text of object '' is: '027 [Alaska027]'

23-09-2024T18:03:31 - [MESSAGE][PASSED] - Text of object '' is: '030 [Vueling030]'

23-09-2024T18:03:31 - [MESSAGE][PASSED] - Text of object '' is: '081 [Qantas081]'

23-09-2024T18:03:31 - [MESSAGE][PASSED] - Text of object '' is: '082 [Brussels]'

23-09-2024T18:03:31 - [MESSAGE][PASSED] - Text of object '' is: '114 [ElAl]'

23-09-2024T18:03:31 - [MESSAGE][PASSED] - Text of object '' is: '134 [Avianca]'

23-09-2024T18:03:31 - [MESSAGE][PASSED] - Text of object '' is: '173 [Demo]'

23-09-2024T18:03:31 - [MESSAGE][PASSED] - Text of object '' is: '176 [Emirates]'

23-09-2024T18:03:31 - [MESSAGE][PASSED] - Object: '' is clicked on

23-09-2024T18:03:33 - [MESSAGE][PASSED] - Object: 'Object Repository/EK_Objects/Page_Mozart - AirlinesHub/btn_select' is clicked on

23-09-2024T18:03:33 - [MESSAGE][PASSED] - Actual text and expected text of test object 'Object Repository/EK_Objects/Page_Mozart - Dashboard/txt_dashboard' are matched.

23-09-2024T18:03:33 - [MESSAGE][PASSED] - mozartLogin.Login.launchBrowser is PASSED

23-09-2024T18:03:33 - [TEST_STEP][PASSED] - closeBrowser(): Browser is closed

23-09-2024T18:03:34 - [MESSAGE][PASSED] - Browser is closed]]></system-out>
         <system-err><![CDATA[]]></system-err>
      </testcase>
      <system-out><![CDATA[23-09-2024T18:03:00 - [TEST_SUITE][PASSED] - loginSuite: Test Cases/MOZ-99999/login1]]></system-out>
      <system-err><![CDATA[]]></system-err>
   </testsuite>
</testsuites>
